[0.125s] Invoking command in '/home/weng/work/Foreview_ws/build/data_collection_pkg': CMAKE_PREFIX_PATH=${CMAKE_PREFIX_PATH}:/opt/ros/humble /usr/bin/cmake --build /home/weng/work/Foreview_ws/build/data_collection_pkg -- -j16 -l16
[0.147s] Invoked command in '/home/weng/work/Foreview_ws/build/data_collection_pkg' returned '0': CMAKE_PREFIX_PATH=${CMAKE_PREFIX_PATH}:/opt/ros/humble /usr/bin/cmake --build /home/weng/work/Foreview_ws/build/data_collection_pkg -- -j16 -l16
[0.181s] Invoking command in '/home/weng/work/Foreview_ws/build/data_collection_pkg': CMAKE_PREFIX_PATH=${CMAKE_PREFIX_PATH}:/opt/ros/humble /usr/bin/cmake --install /home/weng/work/Foreview_ws/build/data_collection_pkg
[0.186s] -- Install configuration: ""
[0.186s] -- Up-to-date: /home/weng/work/Foreview_ws/install/data_collection_pkg/share/ament_index/resource_index/package_run_dependencies/data_collection_pkg
[0.186s] -- Up-to-date: /home/weng/work/Foreview_ws/install/data_collection_pkg/share/ament_index/resource_index/parent_prefix_path/data_collection_pkg
[0.186s] -- Up-to-date: /home/weng/work/Foreview_ws/install/data_collection_pkg/share/data_collection_pkg/environment/ament_prefix_path.sh
[0.186s] -- Up-to-date: /home/weng/work/Foreview_ws/install/data_collection_pkg/share/data_collection_pkg/environment/ament_prefix_path.dsv
[0.186s] -- Up-to-date: /home/weng/work/Foreview_ws/install/data_collection_pkg/share/data_collection_pkg/environment/path.sh
[0.186s] -- Up-to-date: /home/weng/work/Foreview_ws/install/data_collection_pkg/share/data_collection_pkg/environment/path.dsv
[0.186s] -- Up-to-date: /home/weng/work/Foreview_ws/install/data_collection_pkg/share/data_collection_pkg/local_setup.bash
[0.186s] -- Up-to-date: /home/weng/work/Foreview_ws/install/data_collection_pkg/share/data_collection_pkg/local_setup.sh
[0.186s] -- Up-to-date: /home/weng/work/Foreview_ws/install/data_collection_pkg/share/data_collection_pkg/local_setup.zsh
[0.187s] -- Up-to-date: /home/weng/work/Foreview_ws/install/data_collection_pkg/share/data_collection_pkg/local_setup.dsv
[0.187s] -- Installing: /home/weng/work/Foreview_ws/install/data_collection_pkg/share/data_collection_pkg/package.dsv
[0.187s] -- Up-to-date: /home/weng/work/Foreview_ws/install/data_collection_pkg/share/ament_index/resource_index/packages/data_collection_pkg
[0.187s] -- Up-to-date: /home/weng/work/Foreview_ws/install/data_collection_pkg/share/data_collection_pkg/cmake/data_collection_pkgConfig.cmake
[0.187s] -- Up-to-date: /home/weng/work/Foreview_ws/install/data_collection_pkg/share/data_collection_pkg/cmake/data_collection_pkgConfig-version.cmake
[0.187s] -- Up-to-date: /home/weng/work/Foreview_ws/install/data_collection_pkg/share/data_collection_pkg/package.xml
[0.191s] Invoked command in '/home/weng/work/Foreview_ws/build/data_collection_pkg' returned '0': CMAKE_PREFIX_PATH=${CMAKE_PREFIX_PATH}:/opt/ros/humble /usr/bin/cmake --install /home/weng/work/Foreview_ws/build/data_collection_pkg
