[0.067s] Invoking command in '/home/weng/work/Foreview_ws/build/remote_controller_pkg': CMAKE_PREFIX_PATH=${CMAKE_PREFIX_PATH}:/opt/ros/humble /usr/bin/cmake --build /home/weng/work/Foreview_ws/build/remote_controller_pkg -- -j16 -l16
[0.097s] [  9%] Built target remote_controller_pkg__rosidl_generator_c
[0.098s] [ 12%] Built target remote_controller_pkg__cpp
[0.105s] [ 12%] Built target ament_cmake_python_copy_remote_controller_pkg
[0.118s] [ 25%] Built target remote_controller_pkg__rosidl_typesupport_introspection_c
[0.118s] [ 32%] Built target remote_controller_pkg__rosidl_typesupport_fastrtps_c
[0.120s] [ 41%] Built target remote_controller_pkg__rosidl_typesupport_c
[0.120s] [ 54%] Built target remote_controller_pkg__rosidl_typesupport_cpp
[0.121s] [ 61%] Built target remote_controller_pkg__rosidl_typesupport_fastrtps_cpp
[0.122s] [ 70%] Built target remote_controller_pkg__rosidl_typesupport_introspection_cpp
[0.131s] [ 70%] Built target remote_controller_pkg
[0.144s] [ 74%] Built target remote_controller_pkg__py
[0.158s] [ 80%] Built target remote_controller_pkg__rosidl_generator_py
[0.173s] [ 93%] Built target remote_controller_pkg__rosidl_typesupport_fastrtps_c__pyext
[0.173s] [ 93%] Built target remote_controller_pkg__rosidl_typesupport_c__pyext
[0.173s] [100%] Built target remote_controller_pkg__rosidl_typesupport_introspection_c__pyext
[0.279s] running egg_info
[0.280s] writing remote_controller_pkg.egg-info/PKG-INFO
[0.280s] writing dependency_links to remote_controller_pkg.egg-info/dependency_links.txt
[0.280s] writing top-level names to remote_controller_pkg.egg-info/top_level.txt
[0.281s] reading manifest file 'remote_controller_pkg.egg-info/SOURCES.txt'
[0.281s] writing manifest file 'remote_controller_pkg.egg-info/SOURCES.txt'
[0.299s] [100%] Built target ament_cmake_python_build_remote_controller_pkg_egg
[0.306s] Invoked command in '/home/weng/work/Foreview_ws/build/remote_controller_pkg' returned '0': CMAKE_PREFIX_PATH=${CMAKE_PREFIX_PATH}:/opt/ros/humble /usr/bin/cmake --build /home/weng/work/Foreview_ws/build/remote_controller_pkg -- -j16 -l16
[0.344s] Invoking command in '/home/weng/work/Foreview_ws/build/remote_controller_pkg': CMAKE_PREFIX_PATH=${CMAKE_PREFIX_PATH}:/opt/ros/humble /usr/bin/cmake --install /home/weng/work/Foreview_ws/build/remote_controller_pkg
[0.349s] -- Install configuration: ""
[0.349s] -- Up-to-date: /home/weng/work/Foreview_ws/install/remote_controller_pkg/share/ament_index/resource_index/rosidl_interfaces/remote_controller_pkg
[0.349s] -- Up-to-date: /home/weng/work/Foreview_ws/install/remote_controller_pkg/include/remote_controller_pkg/remote_controller_pkg
[0.349s] -- Up-to-date: /home/weng/work/Foreview_ws/install/remote_controller_pkg/include/remote_controller_pkg/remote_controller_pkg/msg
[0.349s] -- Up-to-date: /home/weng/work/Foreview_ws/install/remote_controller_pkg/include/remote_controller_pkg/remote_controller_pkg/msg/detail
[0.349s] -- Up-to-date: /home/weng/work/Foreview_ws/install/remote_controller_pkg/include/remote_controller_pkg/remote_controller_pkg/msg/detail/motor_speeds__functions.h
[0.349s] -- Up-to-date: /home/weng/work/Foreview_ws/install/remote_controller_pkg/include/remote_controller_pkg/remote_controller_pkg/msg/detail/motor_speeds__type_support.h
[0.349s] -- Up-to-date: /home/weng/work/Foreview_ws/install/remote_controller_pkg/include/remote_controller_pkg/remote_controller_pkg/msg/detail/motor_speeds__functions.c
[0.350s] -- Up-to-date: /home/weng/work/Foreview_ws/install/remote_controller_pkg/include/remote_controller_pkg/remote_controller_pkg/msg/detail/motor_speeds__struct.h
[0.350s] -- Up-to-date: /home/weng/work/Foreview_ws/install/remote_controller_pkg/include/remote_controller_pkg/remote_controller_pkg/msg/rosidl_generator_c__visibility_control.h
[0.350s] -- Up-to-date: /home/weng/work/Foreview_ws/install/remote_controller_pkg/include/remote_controller_pkg/remote_controller_pkg/msg/motor_speeds.h
[0.350s] -- Up-to-date: /home/weng/work/Foreview_ws/install/remote_controller_pkg/share/remote_controller_pkg/environment/library_path.sh
[0.350s] -- Up-to-date: /home/weng/work/Foreview_ws/install/remote_controller_pkg/share/remote_controller_pkg/environment/library_path.dsv
[0.350s] -- Up-to-date: /home/weng/work/Foreview_ws/install/remote_controller_pkg/lib/libremote_controller_pkg__rosidl_generator_c.so
[0.350s] -- Up-to-date: /home/weng/work/Foreview_ws/install/remote_controller_pkg/include/remote_controller_pkg/remote_controller_pkg
[0.350s] -- Up-to-date: /home/weng/work/Foreview_ws/install/remote_controller_pkg/include/remote_controller_pkg/remote_controller_pkg/msg
[0.350s] -- Up-to-date: /home/weng/work/Foreview_ws/install/remote_controller_pkg/include/remote_controller_pkg/remote_controller_pkg/msg/detail
[0.350s] -- Up-to-date: /home/weng/work/Foreview_ws/install/remote_controller_pkg/include/remote_controller_pkg/remote_controller_pkg/msg/detail/motor_speeds__rosidl_typesupport_fastrtps_c.h
[0.350s] -- Up-to-date: /home/weng/work/Foreview_ws/install/remote_controller_pkg/include/remote_controller_pkg/remote_controller_pkg/msg/rosidl_typesupport_fastrtps_c__visibility_control.h
[0.350s] -- Up-to-date: /home/weng/work/Foreview_ws/install/remote_controller_pkg/lib/libremote_controller_pkg__rosidl_typesupport_fastrtps_c.so
[0.350s] -- Up-to-date: /home/weng/work/Foreview_ws/install/remote_controller_pkg/include/remote_controller_pkg/remote_controller_pkg
[0.350s] -- Up-to-date: /home/weng/work/Foreview_ws/install/remote_controller_pkg/include/remote_controller_pkg/remote_controller_pkg/msg
[0.350s] -- Up-to-date: /home/weng/work/Foreview_ws/install/remote_controller_pkg/include/remote_controller_pkg/remote_controller_pkg/msg/detail
[0.351s] -- Up-to-date: /home/weng/work/Foreview_ws/install/remote_controller_pkg/include/remote_controller_pkg/remote_controller_pkg/msg/detail/motor_speeds__struct.hpp
[0.351s] -- Up-to-date: /home/weng/work/Foreview_ws/install/remote_controller_pkg/include/remote_controller_pkg/remote_controller_pkg/msg/detail/motor_speeds__builder.hpp
[0.351s] -- Up-to-date: /home/weng/work/Foreview_ws/install/remote_controller_pkg/include/remote_controller_pkg/remote_controller_pkg/msg/detail/motor_speeds__traits.hpp
[0.351s] -- Up-to-date: /home/weng/work/Foreview_ws/install/remote_controller_pkg/include/remote_controller_pkg/remote_controller_pkg/msg/motor_speeds.hpp
[0.351s] -- Up-to-date: /home/weng/work/Foreview_ws/install/remote_controller_pkg/include/remote_controller_pkg/remote_controller_pkg
[0.351s] -- Up-to-date: /home/weng/work/Foreview_ws/install/remote_controller_pkg/include/remote_controller_pkg/remote_controller_pkg/msg
[0.351s] -- Up-to-date: /home/weng/work/Foreview_ws/install/remote_controller_pkg/include/remote_controller_pkg/remote_controller_pkg/msg/detail
[0.351s] -- Up-to-date: /home/weng/work/Foreview_ws/install/remote_controller_pkg/include/remote_controller_pkg/remote_controller_pkg/msg/detail/dds_fastrtps
[0.351s] -- Up-to-date: /home/weng/work/Foreview_ws/install/remote_controller_pkg/include/remote_controller_pkg/remote_controller_pkg/msg/detail/motor_speeds__rosidl_typesupport_fastrtps_cpp.hpp
[0.351s] -- Up-to-date: /home/weng/work/Foreview_ws/install/remote_controller_pkg/include/remote_controller_pkg/remote_controller_pkg/msg/rosidl_typesupport_fastrtps_cpp__visibility_control.h
[0.351s] -- Up-to-date: /home/weng/work/Foreview_ws/install/remote_controller_pkg/lib/libremote_controller_pkg__rosidl_typesupport_fastrtps_cpp.so
[0.352s] -- Up-to-date: /home/weng/work/Foreview_ws/install/remote_controller_pkg/include/remote_controller_pkg/remote_controller_pkg
[0.352s] -- Up-to-date: /home/weng/work/Foreview_ws/install/remote_controller_pkg/include/remote_controller_pkg/remote_controller_pkg/msg
[0.352s] -- Up-to-date: /home/weng/work/Foreview_ws/install/remote_controller_pkg/include/remote_controller_pkg/remote_controller_pkg/msg/detail
[0.352s] -- Up-to-date: /home/weng/work/Foreview_ws/install/remote_controller_pkg/include/remote_controller_pkg/remote_controller_pkg/msg/detail/motor_speeds__rosidl_typesupport_introspection_c.h
[0.352s] -- Up-to-date: /home/weng/work/Foreview_ws/install/remote_controller_pkg/include/remote_controller_pkg/remote_controller_pkg/msg/detail/motor_speeds__type_support.c
[0.352s] -- Up-to-date: /home/weng/work/Foreview_ws/install/remote_controller_pkg/include/remote_controller_pkg/remote_controller_pkg/msg/rosidl_typesupport_introspection_c__visibility_control.h
[0.352s] -- Up-to-date: /home/weng/work/Foreview_ws/install/remote_controller_pkg/lib/libremote_controller_pkg__rosidl_typesupport_introspection_c.so
[0.352s] -- Up-to-date: /home/weng/work/Foreview_ws/install/remote_controller_pkg/lib/libremote_controller_pkg__rosidl_typesupport_c.so
[0.352s] -- Up-to-date: /home/weng/work/Foreview_ws/install/remote_controller_pkg/include/remote_controller_pkg/remote_controller_pkg
[0.353s] -- Up-to-date: /home/weng/work/Foreview_ws/install/remote_controller_pkg/include/remote_controller_pkg/remote_controller_pkg/msg
[0.353s] -- Up-to-date: /home/weng/work/Foreview_ws/install/remote_controller_pkg/include/remote_controller_pkg/remote_controller_pkg/msg/detail
[0.353s] -- Up-to-date: /home/weng/work/Foreview_ws/install/remote_controller_pkg/include/remote_controller_pkg/remote_controller_pkg/msg/detail/motor_speeds__rosidl_typesupport_introspection_cpp.hpp
[0.353s] -- Up-to-date: /home/weng/work/Foreview_ws/install/remote_controller_pkg/include/remote_controller_pkg/remote_controller_pkg/msg/detail/motor_speeds__type_support.cpp
[0.353s] -- Up-to-date: /home/weng/work/Foreview_ws/install/remote_controller_pkg/lib/libremote_controller_pkg__rosidl_typesupport_introspection_cpp.so
[0.353s] -- Up-to-date: /home/weng/work/Foreview_ws/install/remote_controller_pkg/lib/libremote_controller_pkg__rosidl_typesupport_cpp.so
[0.353s] -- Up-to-date: /home/weng/work/Foreview_ws/install/remote_controller_pkg/share/remote_controller_pkg/environment/pythonpath.sh
[0.353s] -- Up-to-date: /home/weng/work/Foreview_ws/install/remote_controller_pkg/share/remote_controller_pkg/environment/pythonpath.dsv
[0.354s] -- Up-to-date: /home/weng/work/Foreview_ws/install/remote_controller_pkg/local/lib/python3.10/dist-packages/remote_controller_pkg-0.0.0-py3.10.egg-info
[0.354s] -- Installing: /home/weng/work/Foreview_ws/install/remote_controller_pkg/local/lib/python3.10/dist-packages/remote_controller_pkg-0.0.0-py3.10.egg-info/top_level.txt
[0.354s] -- Installing: /home/weng/work/Foreview_ws/install/remote_controller_pkg/local/lib/python3.10/dist-packages/remote_controller_pkg-0.0.0-py3.10.egg-info/SOURCES.txt
[0.354s] -- Installing: /home/weng/work/Foreview_ws/install/remote_controller_pkg/local/lib/python3.10/dist-packages/remote_controller_pkg-0.0.0-py3.10.egg-info/dependency_links.txt
[0.354s] -- Installing: /home/weng/work/Foreview_ws/install/remote_controller_pkg/local/lib/python3.10/dist-packages/remote_controller_pkg-0.0.0-py3.10.egg-info/PKG-INFO
[0.354s] -- Up-to-date: /home/weng/work/Foreview_ws/install/remote_controller_pkg/local/lib/python3.10/dist-packages/remote_controller_pkg
[0.354s] -- Up-to-date: /home/weng/work/Foreview_ws/install/remote_controller_pkg/local/lib/python3.10/dist-packages/remote_controller_pkg/remote_controller_pkg_s__rosidl_typesupport_fastrtps_c.cpython-310-x86_64-linux-gnu.so
[0.354s] -- Up-to-date: /home/weng/work/Foreview_ws/install/remote_controller_pkg/local/lib/python3.10/dist-packages/remote_controller_pkg/msg
[0.354s] -- Up-to-date: /home/weng/work/Foreview_ws/install/remote_controller_pkg/local/lib/python3.10/dist-packages/remote_controller_pkg/msg/_motor_speeds.py
[0.354s] -- Up-to-date: /home/weng/work/Foreview_ws/install/remote_controller_pkg/local/lib/python3.10/dist-packages/remote_controller_pkg/msg/_motor_speeds_s.c
[0.354s] -- Up-to-date: /home/weng/work/Foreview_ws/install/remote_controller_pkg/local/lib/python3.10/dist-packages/remote_controller_pkg/msg/__init__.py
[0.355s] -- Up-to-date: /home/weng/work/Foreview_ws/install/remote_controller_pkg/local/lib/python3.10/dist-packages/remote_controller_pkg/remote_controller_pkg_s__rosidl_typesupport_introspection_c.cpython-310-x86_64-linux-gnu.so
[0.355s] -- Up-to-date: /home/weng/work/Foreview_ws/install/remote_controller_pkg/local/lib/python3.10/dist-packages/remote_controller_pkg/libremote_controller_pkg__rosidl_generator_py.so
[0.355s] -- Up-to-date: /home/weng/work/Foreview_ws/install/remote_controller_pkg/local/lib/python3.10/dist-packages/remote_controller_pkg/_remote_controller_pkg_s.ep.rosidl_typesupport_c.c
[0.355s] -- Up-to-date: /home/weng/work/Foreview_ws/install/remote_controller_pkg/local/lib/python3.10/dist-packages/remote_controller_pkg/_remote_controller_pkg_s.ep.rosidl_typesupport_fastrtps_c.c
[0.355s] -- Up-to-date: /home/weng/work/Foreview_ws/install/remote_controller_pkg/local/lib/python3.10/dist-packages/remote_controller_pkg/__init__.py
[0.355s] -- Up-to-date: /home/weng/work/Foreview_ws/install/remote_controller_pkg/local/lib/python3.10/dist-packages/remote_controller_pkg/_remote_controller_pkg_s.ep.rosidl_typesupport_introspection_c.c
[0.355s] -- Up-to-date: /home/weng/work/Foreview_ws/install/remote_controller_pkg/local/lib/python3.10/dist-packages/remote_controller_pkg/remote_controller_pkg_s__rosidl_typesupport_c.cpython-310-x86_64-linux-gnu.so
[0.371s] Listing '/home/weng/work/Foreview_ws/install/remote_controller_pkg/local/lib/python3.10/dist-packages/remote_controller_pkg'...
[0.371s] Listing '/home/weng/work/Foreview_ws/install/remote_controller_pkg/local/lib/python3.10/dist-packages/remote_controller_pkg/msg'...
[0.374s] -- Up-to-date: /home/weng/work/Foreview_ws/install/remote_controller_pkg/local/lib/python3.10/dist-packages/remote_controller_pkg/remote_controller_pkg_s__rosidl_typesupport_fastrtps_c.cpython-310-x86_64-linux-gnu.so
[0.374s] -- Up-to-date: /home/weng/work/Foreview_ws/install/remote_controller_pkg/local/lib/python3.10/dist-packages/remote_controller_pkg/remote_controller_pkg_s__rosidl_typesupport_introspection_c.cpython-310-x86_64-linux-gnu.so
[0.374s] -- Up-to-date: /home/weng/work/Foreview_ws/install/remote_controller_pkg/local/lib/python3.10/dist-packages/remote_controller_pkg/remote_controller_pkg_s__rosidl_typesupport_c.cpython-310-x86_64-linux-gnu.so
[0.375s] -- Up-to-date: /home/weng/work/Foreview_ws/install/remote_controller_pkg/lib/libremote_controller_pkg__rosidl_generator_py.so
[0.375s] -- Up-to-date: /home/weng/work/Foreview_ws/install/remote_controller_pkg/share/remote_controller_pkg/msg/MotorSpeeds.idl
[0.375s] -- Up-to-date: /home/weng/work/Foreview_ws/install/remote_controller_pkg/share/remote_controller_pkg/msg/MotorSpeeds.msg
[0.375s] -- Up-to-date: /home/weng/work/Foreview_ws/install/remote_controller_pkg/share/ament_index/resource_index/package_run_dependencies/remote_controller_pkg
[0.375s] -- Up-to-date: /home/weng/work/Foreview_ws/install/remote_controller_pkg/share/ament_index/resource_index/parent_prefix_path/remote_controller_pkg
[0.375s] -- Up-to-date: /home/weng/work/Foreview_ws/install/remote_controller_pkg/share/remote_controller_pkg/environment/ament_prefix_path.sh
[0.375s] -- Up-to-date: /home/weng/work/Foreview_ws/install/remote_controller_pkg/share/remote_controller_pkg/environment/ament_prefix_path.dsv
[0.375s] -- Up-to-date: /home/weng/work/Foreview_ws/install/remote_controller_pkg/share/remote_controller_pkg/environment/path.sh
[0.375s] -- Up-to-date: /home/weng/work/Foreview_ws/install/remote_controller_pkg/share/remote_controller_pkg/environment/path.dsv
[0.375s] -- Up-to-date: /home/weng/work/Foreview_ws/install/remote_controller_pkg/share/remote_controller_pkg/local_setup.bash
[0.375s] -- Up-to-date: /home/weng/work/Foreview_ws/install/remote_controller_pkg/share/remote_controller_pkg/local_setup.sh
[0.375s] -- Up-to-date: /home/weng/work/Foreview_ws/install/remote_controller_pkg/share/remote_controller_pkg/local_setup.zsh
[0.375s] -- Up-to-date: /home/weng/work/Foreview_ws/install/remote_controller_pkg/share/remote_controller_pkg/local_setup.dsv
[0.375s] -- Installing: /home/weng/work/Foreview_ws/install/remote_controller_pkg/share/remote_controller_pkg/package.dsv
[0.375s] -- Up-to-date: /home/weng/work/Foreview_ws/install/remote_controller_pkg/share/ament_index/resource_index/packages/remote_controller_pkg
[0.375s] -- Up-to-date: /home/weng/work/Foreview_ws/install/remote_controller_pkg/share/remote_controller_pkg/cmake/export_remote_controller_pkg__rosidl_generator_cExport.cmake
[0.375s] -- Up-to-date: /home/weng/work/Foreview_ws/install/remote_controller_pkg/share/remote_controller_pkg/cmake/export_remote_controller_pkg__rosidl_generator_cExport-noconfig.cmake
[0.375s] -- Up-to-date: /home/weng/work/Foreview_ws/install/remote_controller_pkg/share/remote_controller_pkg/cmake/export_remote_controller_pkg__rosidl_typesupport_fastrtps_cExport.cmake
[0.375s] -- Up-to-date: /home/weng/work/Foreview_ws/install/remote_controller_pkg/share/remote_controller_pkg/cmake/export_remote_controller_pkg__rosidl_typesupport_fastrtps_cExport-noconfig.cmake
[0.375s] -- Up-to-date: /home/weng/work/Foreview_ws/install/remote_controller_pkg/share/remote_controller_pkg/cmake/export_remote_controller_pkg__rosidl_generator_cppExport.cmake
[0.375s] -- Up-to-date: /home/weng/work/Foreview_ws/install/remote_controller_pkg/share/remote_controller_pkg/cmake/export_remote_controller_pkg__rosidl_typesupport_fastrtps_cppExport.cmake
[0.375s] -- Up-to-date: /home/weng/work/Foreview_ws/install/remote_controller_pkg/share/remote_controller_pkg/cmake/export_remote_controller_pkg__rosidl_typesupport_fastrtps_cppExport-noconfig.cmake
[0.376s] -- Up-to-date: /home/weng/work/Foreview_ws/install/remote_controller_pkg/share/remote_controller_pkg/cmake/remote_controller_pkg__rosidl_typesupport_introspection_cExport.cmake
[0.376s] -- Up-to-date: /home/weng/work/Foreview_ws/install/remote_controller_pkg/share/remote_controller_pkg/cmake/remote_controller_pkg__rosidl_typesupport_introspection_cExport-noconfig.cmake
[0.376s] -- Up-to-date: /home/weng/work/Foreview_ws/install/remote_controller_pkg/share/remote_controller_pkg/cmake/remote_controller_pkg__rosidl_typesupport_cExport.cmake
[0.376s] -- Up-to-date: /home/weng/work/Foreview_ws/install/remote_controller_pkg/share/remote_controller_pkg/cmake/remote_controller_pkg__rosidl_typesupport_cExport-noconfig.cmake
[0.376s] -- Up-to-date: /home/weng/work/Foreview_ws/install/remote_controller_pkg/share/remote_controller_pkg/cmake/remote_controller_pkg__rosidl_typesupport_introspection_cppExport.cmake
[0.376s] -- Up-to-date: /home/weng/work/Foreview_ws/install/remote_controller_pkg/share/remote_controller_pkg/cmake/remote_controller_pkg__rosidl_typesupport_introspection_cppExport-noconfig.cmake
[0.376s] -- Up-to-date: /home/weng/work/Foreview_ws/install/remote_controller_pkg/share/remote_controller_pkg/cmake/remote_controller_pkg__rosidl_typesupport_cppExport.cmake
[0.376s] -- Up-to-date: /home/weng/work/Foreview_ws/install/remote_controller_pkg/share/remote_controller_pkg/cmake/remote_controller_pkg__rosidl_typesupport_cppExport-noconfig.cmake
[0.376s] -- Up-to-date: /home/weng/work/Foreview_ws/install/remote_controller_pkg/share/remote_controller_pkg/cmake/export_remote_controller_pkg__rosidl_generator_pyExport.cmake
[0.376s] -- Up-to-date: /home/weng/work/Foreview_ws/install/remote_controller_pkg/share/remote_controller_pkg/cmake/export_remote_controller_pkg__rosidl_generator_pyExport-noconfig.cmake
[0.376s] -- Up-to-date: /home/weng/work/Foreview_ws/install/remote_controller_pkg/share/remote_controller_pkg/cmake/rosidl_cmake-extras.cmake
[0.376s] -- Up-to-date: /home/weng/work/Foreview_ws/install/remote_controller_pkg/share/remote_controller_pkg/cmake/ament_cmake_export_dependencies-extras.cmake
[0.376s] -- Up-to-date: /home/weng/work/Foreview_ws/install/remote_controller_pkg/share/remote_controller_pkg/cmake/ament_cmake_export_include_directories-extras.cmake
[0.376s] -- Up-to-date: /home/weng/work/Foreview_ws/install/remote_controller_pkg/share/remote_controller_pkg/cmake/ament_cmake_export_libraries-extras.cmake
[0.376s] -- Up-to-date: /home/weng/work/Foreview_ws/install/remote_controller_pkg/share/remote_controller_pkg/cmake/ament_cmake_export_targets-extras.cmake
[0.376s] -- Up-to-date: /home/weng/work/Foreview_ws/install/remote_controller_pkg/share/remote_controller_pkg/cmake/rosidl_cmake_export_typesupport_targets-extras.cmake
[0.376s] -- Up-to-date: /home/weng/work/Foreview_ws/install/remote_controller_pkg/share/remote_controller_pkg/cmake/rosidl_cmake_export_typesupport_libraries-extras.cmake
[0.376s] -- Up-to-date: /home/weng/work/Foreview_ws/install/remote_controller_pkg/share/remote_controller_pkg/cmake/remote_controller_pkgConfig.cmake
[0.376s] -- Up-to-date: /home/weng/work/Foreview_ws/install/remote_controller_pkg/share/remote_controller_pkg/cmake/remote_controller_pkgConfig-version.cmake
[0.376s] -- Up-to-date: /home/weng/work/Foreview_ws/install/remote_controller_pkg/share/remote_controller_pkg/package.xml
[0.379s] Invoked command in '/home/weng/work/Foreview_ws/build/remote_controller_pkg' returned '0': CMAKE_PREFIX_PATH=${CMAKE_PREFIX_PATH}:/opt/ros/humble /usr/bin/cmake --install /home/weng/work/Foreview_ws/build/remote_controller_pkg
