[0.081s] Invoking command in '/home/orin/work/Foreview_ws/build/remote_controller_pkg': /usr/local/bin/cmake --build /home/orin/work/Foreview_ws/build/remote_controller_pkg -- -j12 -l12
[0.154s] -- Found ament_cmake: 1.3.5 (/opt/ros/humble/install/share/ament_cmake/cmake)
[0.719s] -- Found geometry_msgs: 4.2.3 (/opt/ros/humble/install/share/geometry_msgs/cmake)
[0.772s] -- Found rosidl_generator_c: 3.1.5 (/opt/ros/humble/install/share/rosidl_generator_c/cmake)
[0.777s] -- Found rosidl_adapter: 3.1.5 (/opt/ros/humble/install/share/rosidl_adapter/cmake)
[0.791s] -- Found rosidl_generator_cpp: 3.1.5 (/opt/ros/humble/install/share/rosidl_generator_cpp/cmake)
[0.820s] -- Using all available rosidl_typesupport_c: rosidl_typesupport_fastrtps_c;rosidl_typesupport_introspection_c
[0.863s] -- Using all available rosidl_typesupport_cpp: rosidl_typesupport_fastrtps_cpp;rosidl_typesupport_introspection_cpp
[1.097s] -- Found rosidl_default_generators: 1.2.0 (/opt/ros/humble/install/share/rosidl_default_generators/cmake)
[2.125s] -- Found ament_cmake_ros: 0.10.0 (/opt/ros/humble/install/share/ament_cmake_ros/cmake)
[4.359s] -- Using all available rosidl_typesupport_c: rosidl_typesupport_fastrtps_c;rosidl_typesupport_introspection_c
[5.239s] -- Using all available rosidl_typesupport_cpp: rosidl_typesupport_fastrtps_cpp;rosidl_typesupport_introspection_cpp
[5.248s] [33mCMake Warning (dev) at /opt/ros/humble/install/share/rosidl_generator_py/cmake/rosidl_generator_py_generate_interfaces.cmake:20 (find_package):
[5.248s]   Policy CMP0148 is not set: The FindPythonInterp and FindPythonLibs modules
[5.248s]   are removed.  Run "cmake --help-policy CMP0148" for policy details.  Use
[5.249s]   the cmake_policy command to set the policy and suppress this warning.
[5.249s] 
[5.249s] Call Stack (most recent call first):
[5.249s]   /opt/ros/humble/install/share/ament_cmake_core/cmake/core/ament_execute_extensions.cmake:48 (include)
[5.250s]   /opt/ros/humble/install/share/rosidl_cmake/cmake/rosidl_generate_interfaces.cmake:286 (ament_execute_extensions)
[5.250s]   CMakeLists.txt:17 (rosidl_generate_interfaces)
[5.250s] This warning is for project developers.  Use -Wno-dev to suppress it.
[5.251s] [0m
[5.283s] -- Found python_cmake_module: 0.10.0 (/opt/ros/humble/install/share/python_cmake_module/cmake)
[5.284s] [33mCMake Warning (dev) at /opt/ros/humble/install/share/python_cmake_module/cmake/Modules/FindPythonExtra.cmake:52 (find_package):
[5.284s]   Policy CMP0148 is not set: The FindPythonInterp and FindPythonLibs modules
[5.284s]   are removed.  Run "cmake --help-policy CMP0148" for policy details.  Use
[5.285s]   the cmake_policy command to set the policy and suppress this warning.
[5.285s] 
[5.285s] Call Stack (most recent call first):
[5.285s]   /opt/ros/humble/install/share/rosidl_generator_py/cmake/rosidl_generator_py_generate_interfaces.cmake:23 (find_package)
[5.285s]   /opt/ros/humble/install/share/ament_cmake_core/cmake/core/ament_execute_extensions.cmake:48 (include)
[5.285s]   /opt/ros/humble/install/share/rosidl_cmake/cmake/rosidl_generate_interfaces.cmake:286 (ament_execute_extensions)
[5.285s]   CMakeLists.txt:17 (rosidl_generate_interfaces)
[5.285s] This warning is for project developers.  Use -Wno-dev to suppress it.
[5.285s] [0m
[5.318s] [33mCMake Warning (dev) at /opt/ros/humble/install/share/python_cmake_module/cmake/Modules/FindPythonExtra.cmake:140 (find_package):
[5.318s]   Policy CMP0148 is not set: The FindPythonInterp and FindPythonLibs modules
[5.318s]   are removed.  Run "cmake --help-policy CMP0148" for policy details.  Use
[5.318s]   the cmake_policy command to set the policy and suppress this warning.
[5.319s] 
[5.319s] Call Stack (most recent call first):
[5.319s]   /opt/ros/humble/install/share/rosidl_generator_py/cmake/rosidl_generator_py_generate_interfaces.cmake:23 (find_package)
[5.319s]   /opt/ros/humble/install/share/ament_cmake_core/cmake/core/ament_execute_extensions.cmake:48 (include)
[5.319s]   /opt/ros/humble/install/share/rosidl_cmake/cmake/rosidl_generate_interfaces.cmake:286 (ament_execute_extensions)
[5.320s]   CMakeLists.txt:17 (rosidl_generate_interfaces)
[5.320s] This warning is for project developers.  Use -Wno-dev to suppress it.
[5.320s] [0m
[5.327s] -- Using PYTHON_EXECUTABLE: /usr/bin/python3
[5.327s] -- Using PYTHON_INCLUDE_DIRS: /usr/include/python3.8
[5.327s] -- Using PYTHON_LIBRARIES: /usr/lib/aarch64-linux-gnu/libpython3.8.so
[5.586s] -- Using numpy include directory: /usr/local/lib/python3.8/dist-packages/numpy/core/include
[5.601s] -- Found ament_lint_auto: 0.12.7 (/opt/ros/humble/install/share/ament_lint_auto/cmake)
[5.620s] -- Added test 'flake8' to check Python code syntax and style conventions
[5.621s] -- Added test 'lint_cmake' to check CMake code style
[5.622s] -- Added test 'pep257' to check Python code against some of the docstring style conventions in PEP 257
[5.623s] -- Added test 'xmllint' to check XML markup files
[5.626s] -- Configuring done (5.5s)
[5.693s] -- Generating done (0.1s)
[5.700s] -- Build files have been written to: /home/orin/work/Foreview_ws/build/remote_controller_pkg
[5.744s] [  3%] Built target remote_controller_pkg__cpp
[5.745s] [  6%] [32mBuilding C object CMakeFiles/remote_controller_pkg__rosidl_generator_c.dir/rosidl_generator_c/remote_controller_pkg/msg/detail/motor_speeds__functions.c.o[0m
[5.749s] [  6%] Built target ament_cmake_python_copy_remote_controller_pkg
[5.766s] [  9%] [32mBuilding CXX object CMakeFiles/remote_controller_pkg__rosidl_typesupport_cpp.dir/rosidl_typesupport_cpp/remote_controller_pkg/msg/motor_speeds__type_support.cpp.o[0m
[5.767s] [ 12%] [32mBuilding CXX object CMakeFiles/remote_controller_pkg__rosidl_typesupport_introspection_cpp.dir/rosidl_typesupport_introspection_cpp/remote_controller_pkg/msg/detail/motor_speeds__type_support.cpp.o[0m
[5.768s] [ 16%] [32mBuilding CXX object CMakeFiles/remote_controller_pkg__rosidl_typesupport_fastrtps_cpp.dir/rosidl_typesupport_fastrtps_cpp/remote_controller_pkg/msg/detail/dds_fastrtps/motor_speeds__type_support.cpp.o[0m
[5.965s] [ 19%] [32m[1mLinking C shared library libremote_controller_pkg__rosidl_generator_c.so[0m
[6.029s] [ 22%] Built target remote_controller_pkg__rosidl_generator_c
[6.076s] [ 25%] [32mBuilding C object CMakeFiles/remote_controller_pkg__rosidl_typesupport_introspection_c.dir/rosidl_typesupport_introspection_c/remote_controller_pkg/msg/detail/motor_speeds__type_support.c.o[0m
[6.079s] [ 29%] [32mBuilding CXX object CMakeFiles/remote_controller_pkg__rosidl_typesupport_fastrtps_c.dir/rosidl_typesupport_fastrtps_c/remote_controller_pkg/msg/detail/motor_speeds__type_support_c.cpp.o[0m
[6.117s] [ 32%] [32mBuilding CXX object CMakeFiles/remote_controller_pkg__rosidl_typesupport_c.dir/rosidl_typesupport_c/remote_controller_pkg/msg/motor_speeds__type_support.cpp.o[0m
[6.141s] running egg_info
[6.180s] writing remote_controller_pkg.egg-info/PKG-INFO
[6.181s] writing dependency_links to remote_controller_pkg.egg-info/dependency_links.txt
[6.181s] writing top-level names to remote_controller_pkg.egg-info/top_level.txt
[6.231s] [ 35%] [32m[1mLinking CXX shared library libremote_controller_pkg__rosidl_typesupport_c.so[0m
[6.248s] [ 38%] [32m[1mLinking C shared library libremote_controller_pkg__rosidl_typesupport_introspection_c.so[0m
[6.282s] reading manifest file 'remote_controller_pkg.egg-info/SOURCES.txt'
[6.283s] writing manifest file 'remote_controller_pkg.egg-info/SOURCES.txt'
[6.314s] [ 41%] Built target remote_controller_pkg__rosidl_typesupport_c
[6.314s] [ 45%] Built target remote_controller_pkg__rosidl_typesupport_introspection_c
[6.355s] [ 45%] Built target ament_cmake_python_build_remote_controller_pkg_egg
[6.562s] [ 48%] [32m[1mLinking CXX shared library libremote_controller_pkg__rosidl_typesupport_cpp.so[0m
[6.609s] [ 51%] Built target remote_controller_pkg__rosidl_typesupport_cpp
[6.818s] [ 54%] [32m[1mLinking CXX shared library libremote_controller_pkg__rosidl_typesupport_introspection_cpp.so[0m
[6.860s] [ 58%] [32m[1mLinking CXX shared library libremote_controller_pkg__rosidl_typesupport_fastrtps_cpp.so[0m
[6.862s] [ 61%] Built target remote_controller_pkg__rosidl_typesupport_introspection_cpp
[6.865s] [ 64%] [32m[1mLinking CXX shared library libremote_controller_pkg__rosidl_typesupport_fastrtps_c.so[0m
[6.972s] [ 67%] Built target remote_controller_pkg__rosidl_typesupport_fastrtps_cpp
[6.980s] [ 70%] Built target remote_controller_pkg__rosidl_typesupport_fastrtps_c
[6.996s] [ 70%] Built target remote_controller_pkg
[7.012s] [ 74%] Built target remote_controller_pkg__py
[7.032s] [ 77%] [32mBuilding C object CMakeFiles/remote_controller_pkg__rosidl_generator_py.dir/rosidl_generator_py/remote_controller_pkg/msg/_motor_speeds_s.c.o[0m
[7.246s] [ 80%] [32m[1mLinking C shared library rosidl_generator_py/remote_controller_pkg/libremote_controller_pkg__rosidl_generator_py.so[0m
[7.292s] [ 80%] Built target remote_controller_pkg__rosidl_generator_py
[7.319s] [ 90%] [32mBuilding C object CMakeFiles/remote_controller_pkg__rosidl_typesupport_fastrtps_c__pyext.dir/rosidl_generator_py/remote_controller_pkg/_remote_controller_pkg_s.ep.rosidl_typesupport_fastrtps_c.c.o[0m
[7.319s] [ 90%] [32mBuilding C object CMakeFiles/remote_controller_pkg__rosidl_typesupport_introspection_c__pyext.dir/rosidl_generator_py/remote_controller_pkg/_remote_controller_pkg_s.ep.rosidl_typesupport_introspection_c.c.o[0m
[7.319s] [ 90%] [32mBuilding C object CMakeFiles/remote_controller_pkg__rosidl_typesupport_c__pyext.dir/rosidl_generator_py/remote_controller_pkg/_remote_controller_pkg_s.ep.rosidl_typesupport_c.c.o[0m
[7.663s] [ 93%] [32m[1mLinking C shared library rosidl_generator_py/remote_controller_pkg/remote_controller_pkg_s__rosidl_typesupport_c.cpython-38-aarch64-linux-gnu.so[0m
[7.672s] [100%] [32m[1mLinking C shared library rosidl_generator_py/remote_controller_pkg/remote_controller_pkg_s__rosidl_typesupport_fastrtps_c.cpython-38-aarch64-linux-gnu.so[0m
[7.672s] [100%] [32m[1mLinking C shared library rosidl_generator_py/remote_controller_pkg/remote_controller_pkg_s__rosidl_typesupport_introspection_c.cpython-38-aarch64-linux-gnu.so[0m
[7.715s] [100%] Built target remote_controller_pkg__rosidl_typesupport_c__pyext
[7.731s] [100%] Built target remote_controller_pkg__rosidl_typesupport_fastrtps_c__pyext
[7.731s] [100%] Built target remote_controller_pkg__rosidl_typesupport_introspection_c__pyext
[7.749s] Invoked command in '/home/orin/work/Foreview_ws/build/remote_controller_pkg' returned '0': /usr/local/bin/cmake --build /home/orin/work/Foreview_ws/build/remote_controller_pkg -- -j12 -l12
[7.871s] Invoking command in '/home/orin/work/Foreview_ws/build/remote_controller_pkg': /usr/local/bin/cmake --install /home/orin/work/Foreview_ws/build/remote_controller_pkg
[7.917s] -- Install configuration: ""
[7.917s] -- Up-to-date: /home/orin/work/Foreview_ws/install/remote_controller_pkg/share/ament_index/resource_index/rosidl_interfaces/remote_controller_pkg
[7.918s] -- Up-to-date: /home/orin/work/Foreview_ws/install/remote_controller_pkg/include/remote_controller_pkg/remote_controller_pkg
[7.918s] -- Up-to-date: /home/orin/work/Foreview_ws/install/remote_controller_pkg/include/remote_controller_pkg/remote_controller_pkg/msg
[7.918s] -- Up-to-date: /home/orin/work/Foreview_ws/install/remote_controller_pkg/include/remote_controller_pkg/remote_controller_pkg/msg/rosidl_generator_c__visibility_control.h
[7.918s] -- Up-to-date: /home/orin/work/Foreview_ws/install/remote_controller_pkg/include/remote_controller_pkg/remote_controller_pkg/msg/detail
[7.918s] -- Up-to-date: /home/orin/work/Foreview_ws/install/remote_controller_pkg/include/remote_controller_pkg/remote_controller_pkg/msg/detail/motor_speeds__functions.h
[7.918s] -- Up-to-date: /home/orin/work/Foreview_ws/install/remote_controller_pkg/include/remote_controller_pkg/remote_controller_pkg/msg/detail/motor_speeds__type_support.h
[7.918s] -- Up-to-date: /home/orin/work/Foreview_ws/install/remote_controller_pkg/include/remote_controller_pkg/remote_controller_pkg/msg/detail/motor_speeds__functions.c
[7.918s] -- Up-to-date: /home/orin/work/Foreview_ws/install/remote_controller_pkg/include/remote_controller_pkg/remote_controller_pkg/msg/detail/motor_speeds__struct.h
[7.918s] -- Up-to-date: /home/orin/work/Foreview_ws/install/remote_controller_pkg/include/remote_controller_pkg/remote_controller_pkg/msg/motor_speeds.h
[7.919s] -- Installing: /home/orin/work/Foreview_ws/install/remote_controller_pkg/share/remote_controller_pkg/environment/library_path.sh
[7.919s] -- Installing: /home/orin/work/Foreview_ws/install/remote_controller_pkg/share/remote_controller_pkg/environment/library_path.dsv
[7.919s] -- Installing: /home/orin/work/Foreview_ws/install/remote_controller_pkg/lib/libremote_controller_pkg__rosidl_generator_c.so
[7.919s] -- Set runtime path of "/home/orin/work/Foreview_ws/install/remote_controller_pkg/lib/libremote_controller_pkg__rosidl_generator_c.so" to ""
[7.919s] -- Up-to-date: /home/orin/work/Foreview_ws/install/remote_controller_pkg/include/remote_controller_pkg/remote_controller_pkg
[7.919s] -- Up-to-date: /home/orin/work/Foreview_ws/install/remote_controller_pkg/include/remote_controller_pkg/remote_controller_pkg/msg
[7.919s] -- Up-to-date: /home/orin/work/Foreview_ws/install/remote_controller_pkg/include/remote_controller_pkg/remote_controller_pkg/msg/detail
[7.919s] -- Up-to-date: /home/orin/work/Foreview_ws/install/remote_controller_pkg/include/remote_controller_pkg/remote_controller_pkg/msg/detail/motor_speeds__rosidl_typesupport_fastrtps_c.h
[7.919s] -- Up-to-date: /home/orin/work/Foreview_ws/install/remote_controller_pkg/include/remote_controller_pkg/remote_controller_pkg/msg/rosidl_typesupport_fastrtps_c__visibility_control.h
[7.920s] -- Installing: /home/orin/work/Foreview_ws/install/remote_controller_pkg/lib/libremote_controller_pkg__rosidl_typesupport_fastrtps_c.so
[7.920s] -- Set runtime path of "/home/orin/work/Foreview_ws/install/remote_controller_pkg/lib/libremote_controller_pkg__rosidl_typesupport_fastrtps_c.so" to ""
[7.920s] -- Up-to-date: /home/orin/work/Foreview_ws/install/remote_controller_pkg/include/remote_controller_pkg/remote_controller_pkg
[7.920s] -- Up-to-date: /home/orin/work/Foreview_ws/install/remote_controller_pkg/include/remote_controller_pkg/remote_controller_pkg/msg
[7.920s] -- Up-to-date: /home/orin/work/Foreview_ws/install/remote_controller_pkg/include/remote_controller_pkg/remote_controller_pkg/msg/detail
[7.920s] -- Up-to-date: /home/orin/work/Foreview_ws/install/remote_controller_pkg/include/remote_controller_pkg/remote_controller_pkg/msg/detail/motor_speeds__traits.hpp
[7.920s] -- Up-to-date: /home/orin/work/Foreview_ws/install/remote_controller_pkg/include/remote_controller_pkg/remote_controller_pkg/msg/detail/motor_speeds__struct.hpp
[7.920s] -- Up-to-date: /home/orin/work/Foreview_ws/install/remote_controller_pkg/include/remote_controller_pkg/remote_controller_pkg/msg/detail/motor_speeds__builder.hpp
[7.921s] -- Up-to-date: /home/orin/work/Foreview_ws/install/remote_controller_pkg/include/remote_controller_pkg/remote_controller_pkg/msg/motor_speeds.hpp
[7.921s] -- Up-to-date: /home/orin/work/Foreview_ws/install/remote_controller_pkg/include/remote_controller_pkg/remote_controller_pkg
[7.921s] -- Up-to-date: /home/orin/work/Foreview_ws/install/remote_controller_pkg/include/remote_controller_pkg/remote_controller_pkg/msg
[7.921s] -- Up-to-date: /home/orin/work/Foreview_ws/install/remote_controller_pkg/include/remote_controller_pkg/remote_controller_pkg/msg/detail
[7.921s] -- Installing: /home/orin/work/Foreview_ws/install/remote_controller_pkg/include/remote_controller_pkg/remote_controller_pkg/msg/detail/dds_fastrtps
[7.921s] -- Up-to-date: /home/orin/work/Foreview_ws/install/remote_controller_pkg/include/remote_controller_pkg/remote_controller_pkg/msg/detail/motor_speeds__rosidl_typesupport_fastrtps_cpp.hpp
[7.921s] -- Up-to-date: /home/orin/work/Foreview_ws/install/remote_controller_pkg/include/remote_controller_pkg/remote_controller_pkg/msg/rosidl_typesupport_fastrtps_cpp__visibility_control.h
[7.921s] -- Installing: /home/orin/work/Foreview_ws/install/remote_controller_pkg/lib/libremote_controller_pkg__rosidl_typesupport_fastrtps_cpp.so
[7.921s] -- Set runtime path of "/home/orin/work/Foreview_ws/install/remote_controller_pkg/lib/libremote_controller_pkg__rosidl_typesupport_fastrtps_cpp.so" to ""
[7.922s] -- Up-to-date: /home/orin/work/Foreview_ws/install/remote_controller_pkg/include/remote_controller_pkg/remote_controller_pkg
[7.922s] -- Up-to-date: /home/orin/work/Foreview_ws/install/remote_controller_pkg/include/remote_controller_pkg/remote_controller_pkg/msg
[7.922s] -- Up-to-date: /home/orin/work/Foreview_ws/install/remote_controller_pkg/include/remote_controller_pkg/remote_controller_pkg/msg/detail
[7.922s] -- Up-to-date: /home/orin/work/Foreview_ws/install/remote_controller_pkg/include/remote_controller_pkg/remote_controller_pkg/msg/detail/motor_speeds__rosidl_typesupport_introspection_c.h
[7.922s] -- Up-to-date: /home/orin/work/Foreview_ws/install/remote_controller_pkg/include/remote_controller_pkg/remote_controller_pkg/msg/detail/motor_speeds__type_support.c
[7.922s] -- Up-to-date: /home/orin/work/Foreview_ws/install/remote_controller_pkg/include/remote_controller_pkg/remote_controller_pkg/msg/rosidl_typesupport_introspection_c__visibility_control.h
[7.922s] -- Installing: /home/orin/work/Foreview_ws/install/remote_controller_pkg/lib/libremote_controller_pkg__rosidl_typesupport_introspection_c.so
[7.922s] -- Set runtime path of "/home/orin/work/Foreview_ws/install/remote_controller_pkg/lib/libremote_controller_pkg__rosidl_typesupport_introspection_c.so" to ""
[7.922s] -- Installing: /home/orin/work/Foreview_ws/install/remote_controller_pkg/lib/libremote_controller_pkg__rosidl_typesupport_c.so
[7.923s] -- Set runtime path of "/home/orin/work/Foreview_ws/install/remote_controller_pkg/lib/libremote_controller_pkg__rosidl_typesupport_c.so" to ""
[7.923s] -- Up-to-date: /home/orin/work/Foreview_ws/install/remote_controller_pkg/include/remote_controller_pkg/remote_controller_pkg
[7.923s] -- Up-to-date: /home/orin/work/Foreview_ws/install/remote_controller_pkg/include/remote_controller_pkg/remote_controller_pkg/msg
[7.923s] -- Up-to-date: /home/orin/work/Foreview_ws/install/remote_controller_pkg/include/remote_controller_pkg/remote_controller_pkg/msg/detail
[7.923s] -- Up-to-date: /home/orin/work/Foreview_ws/install/remote_controller_pkg/include/remote_controller_pkg/remote_controller_pkg/msg/detail/motor_speeds__type_support.cpp
[7.923s] -- Up-to-date: /home/orin/work/Foreview_ws/install/remote_controller_pkg/include/remote_controller_pkg/remote_controller_pkg/msg/detail/motor_speeds__rosidl_typesupport_introspection_cpp.hpp
[7.924s] -- Installing: /home/orin/work/Foreview_ws/install/remote_controller_pkg/lib/libremote_controller_pkg__rosidl_typesupport_introspection_cpp.so
[7.924s] -- Set runtime path of "/home/orin/work/Foreview_ws/install/remote_controller_pkg/lib/libremote_controller_pkg__rosidl_typesupport_introspection_cpp.so" to ""
[7.924s] -- Installing: /home/orin/work/Foreview_ws/install/remote_controller_pkg/lib/libremote_controller_pkg__rosidl_typesupport_cpp.so
[7.924s] -- Set runtime path of "/home/orin/work/Foreview_ws/install/remote_controller_pkg/lib/libremote_controller_pkg__rosidl_typesupport_cpp.so" to ""
[7.925s] -- Up-to-date: /home/orin/work/Foreview_ws/install/remote_controller_pkg/share/remote_controller_pkg/environment/pythonpath.sh
[7.925s] -- Installing: /home/orin/work/Foreview_ws/install/remote_controller_pkg/share/remote_controller_pkg/environment/pythonpath.dsv
[7.925s] -- Up-to-date: /home/orin/work/Foreview_ws/install/remote_controller_pkg/lib/python3.8/site-packages/remote_controller_pkg-0.0.0-py3.8.egg-info
[7.926s] -- Installing: /home/orin/work/Foreview_ws/install/remote_controller_pkg/lib/python3.8/site-packages/remote_controller_pkg-0.0.0-py3.8.egg-info/PKG-INFO
[7.926s] -- Installing: /home/orin/work/Foreview_ws/install/remote_controller_pkg/lib/python3.8/site-packages/remote_controller_pkg-0.0.0-py3.8.egg-info/top_level.txt
[7.926s] -- Installing: /home/orin/work/Foreview_ws/install/remote_controller_pkg/lib/python3.8/site-packages/remote_controller_pkg-0.0.0-py3.8.egg-info/SOURCES.txt
[7.926s] -- Installing: /home/orin/work/Foreview_ws/install/remote_controller_pkg/lib/python3.8/site-packages/remote_controller_pkg-0.0.0-py3.8.egg-info/dependency_links.txt
[7.927s] -- Up-to-date: /home/orin/work/Foreview_ws/install/remote_controller_pkg/lib/python3.8/site-packages/remote_controller_pkg
[7.927s] -- Installing: /home/orin/work/Foreview_ws/install/remote_controller_pkg/lib/python3.8/site-packages/remote_controller_pkg/remote_controller_pkg_s__rosidl_typesupport_introspection_c.cpython-38-aarch64-linux-gnu.so
[7.927s] -- Installing: /home/orin/work/Foreview_ws/install/remote_controller_pkg/lib/python3.8/site-packages/remote_controller_pkg/__init__.py
[7.927s] -- Installing: /home/orin/work/Foreview_ws/install/remote_controller_pkg/lib/python3.8/site-packages/remote_controller_pkg/remote_controller_pkg_s__rosidl_typesupport_fastrtps_c.cpython-38-aarch64-linux-gnu.so
[7.928s] -- Up-to-date: /home/orin/work/Foreview_ws/install/remote_controller_pkg/lib/python3.8/site-packages/remote_controller_pkg/_remote_controller_pkg_s.ep.rosidl_typesupport_fastrtps_c.c
[7.928s] -- Installing: /home/orin/work/Foreview_ws/install/remote_controller_pkg/lib/python3.8/site-packages/remote_controller_pkg/remote_controller_pkg_s__rosidl_typesupport_c.cpython-38-aarch64-linux-gnu.so
[7.928s] -- Up-to-date: /home/orin/work/Foreview_ws/install/remote_controller_pkg/lib/python3.8/site-packages/remote_controller_pkg/_remote_controller_pkg_s.ep.rosidl_typesupport_introspection_c.c
[7.928s] -- Up-to-date: /home/orin/work/Foreview_ws/install/remote_controller_pkg/lib/python3.8/site-packages/remote_controller_pkg/msg
[7.928s] -- Up-to-date: /home/orin/work/Foreview_ws/install/remote_controller_pkg/lib/python3.8/site-packages/remote_controller_pkg/msg/__init__.py
[7.928s] -- Up-to-date: /home/orin/work/Foreview_ws/install/remote_controller_pkg/lib/python3.8/site-packages/remote_controller_pkg/msg/_motor_speeds.py
[7.929s] -- Up-to-date: /home/orin/work/Foreview_ws/install/remote_controller_pkg/lib/python3.8/site-packages/remote_controller_pkg/msg/_motor_speeds_s.c
[7.929s] -- Installing: /home/orin/work/Foreview_ws/install/remote_controller_pkg/lib/python3.8/site-packages/remote_controller_pkg/libremote_controller_pkg__rosidl_generator_py.so
[7.929s] -- Up-to-date: /home/orin/work/Foreview_ws/install/remote_controller_pkg/lib/python3.8/site-packages/remote_controller_pkg/_remote_controller_pkg_s.ep.rosidl_typesupport_c.c
[7.975s] Listing '/home/orin/work/Foreview_ws/install/remote_controller_pkg/lib/python3.8/site-packages/remote_controller_pkg'...
[7.975s] Compiling '/home/orin/work/Foreview_ws/install/remote_controller_pkg/lib/python3.8/site-packages/remote_controller_pkg/__init__.py'...
[7.976s] Listing '/home/orin/work/Foreview_ws/install/remote_controller_pkg/lib/python3.8/site-packages/remote_controller_pkg/msg'...
[7.976s] Compiling '/home/orin/work/Foreview_ws/install/remote_controller_pkg/lib/python3.8/site-packages/remote_controller_pkg/msg/__init__.py'...
[7.976s] Compiling '/home/orin/work/Foreview_ws/install/remote_controller_pkg/lib/python3.8/site-packages/remote_controller_pkg/msg/_motor_speeds.py'...
[7.984s] -- Installing: /home/orin/work/Foreview_ws/install/remote_controller_pkg/lib/python3.8/site-packages/remote_controller_pkg/remote_controller_pkg_s__rosidl_typesupport_fastrtps_c.cpython-38-aarch64-linux-gnu.so
[7.984s] -- Set runtime path of "/home/orin/work/Foreview_ws/install/remote_controller_pkg/lib/python3.8/site-packages/remote_controller_pkg/remote_controller_pkg_s__rosidl_typesupport_fastrtps_c.cpython-38-aarch64-linux-gnu.so" to ""
[7.985s] -- Installing: /home/orin/work/Foreview_ws/install/remote_controller_pkg/lib/python3.8/site-packages/remote_controller_pkg/remote_controller_pkg_s__rosidl_typesupport_introspection_c.cpython-38-aarch64-linux-gnu.so
[7.985s] -- Set runtime path of "/home/orin/work/Foreview_ws/install/remote_controller_pkg/lib/python3.8/site-packages/remote_controller_pkg/remote_controller_pkg_s__rosidl_typesupport_introspection_c.cpython-38-aarch64-linux-gnu.so" to ""
[7.985s] -- Installing: /home/orin/work/Foreview_ws/install/remote_controller_pkg/lib/python3.8/site-packages/remote_controller_pkg/remote_controller_pkg_s__rosidl_typesupport_c.cpython-38-aarch64-linux-gnu.so
[7.986s] -- Set runtime path of "/home/orin/work/Foreview_ws/install/remote_controller_pkg/lib/python3.8/site-packages/remote_controller_pkg/remote_controller_pkg_s__rosidl_typesupport_c.cpython-38-aarch64-linux-gnu.so" to ""
[7.986s] -- Installing: /home/orin/work/Foreview_ws/install/remote_controller_pkg/lib/libremote_controller_pkg__rosidl_generator_py.so
[7.986s] -- Set runtime path of "/home/orin/work/Foreview_ws/install/remote_controller_pkg/lib/libremote_controller_pkg__rosidl_generator_py.so" to ""
[7.987s] -- Up-to-date: /home/orin/work/Foreview_ws/install/remote_controller_pkg/share/remote_controller_pkg/msg/MotorSpeeds.idl
[7.987s] -- Up-to-date: /home/orin/work/Foreview_ws/install/remote_controller_pkg/share/remote_controller_pkg/msg/MotorSpeeds.msg
[7.987s] -- Up-to-date: /home/orin/work/Foreview_ws/install/remote_controller_pkg/share/ament_index/resource_index/package_run_dependencies/remote_controller_pkg
[7.987s] -- Up-to-date: /home/orin/work/Foreview_ws/install/remote_controller_pkg/share/ament_index/resource_index/parent_prefix_path/remote_controller_pkg
[7.987s] -- Installing: /home/orin/work/Foreview_ws/install/remote_controller_pkg/share/remote_controller_pkg/environment/ament_prefix_path.sh
[7.987s] -- Installing: /home/orin/work/Foreview_ws/install/remote_controller_pkg/share/remote_controller_pkg/environment/ament_prefix_path.dsv
[7.987s] -- Installing: /home/orin/work/Foreview_ws/install/remote_controller_pkg/share/remote_controller_pkg/environment/path.sh
[7.988s] -- Installing: /home/orin/work/Foreview_ws/install/remote_controller_pkg/share/remote_controller_pkg/environment/path.dsv
[7.988s] -- Up-to-date: /home/orin/work/Foreview_ws/install/remote_controller_pkg/share/remote_controller_pkg/local_setup.bash
[7.988s] -- Up-to-date: /home/orin/work/Foreview_ws/install/remote_controller_pkg/share/remote_controller_pkg/local_setup.sh
[7.988s] -- Up-to-date: /home/orin/work/Foreview_ws/install/remote_controller_pkg/share/remote_controller_pkg/local_setup.zsh
[7.988s] -- Installing: /home/orin/work/Foreview_ws/install/remote_controller_pkg/share/remote_controller_pkg/local_setup.dsv
[7.988s] -- Installing: /home/orin/work/Foreview_ws/install/remote_controller_pkg/share/remote_controller_pkg/package.dsv
[7.989s] -- Up-to-date: /home/orin/work/Foreview_ws/install/remote_controller_pkg/share/ament_index/resource_index/packages/remote_controller_pkg
[7.989s] -- Up-to-date: /home/orin/work/Foreview_ws/install/remote_controller_pkg/share/remote_controller_pkg/cmake/export_remote_controller_pkg__rosidl_generator_cExport.cmake
[7.989s] -- Up-to-date: /home/orin/work/Foreview_ws/install/remote_controller_pkg/share/remote_controller_pkg/cmake/export_remote_controller_pkg__rosidl_generator_cExport-noconfig.cmake
[7.989s] -- Up-to-date: /home/orin/work/Foreview_ws/install/remote_controller_pkg/share/remote_controller_pkg/cmake/export_remote_controller_pkg__rosidl_typesupport_fastrtps_cExport.cmake
[7.990s] -- Up-to-date: /home/orin/work/Foreview_ws/install/remote_controller_pkg/share/remote_controller_pkg/cmake/export_remote_controller_pkg__rosidl_typesupport_fastrtps_cExport-noconfig.cmake
[7.990s] -- Up-to-date: /home/orin/work/Foreview_ws/install/remote_controller_pkg/share/remote_controller_pkg/cmake/export_remote_controller_pkg__rosidl_generator_cppExport.cmake
[7.990s] -- Up-to-date: /home/orin/work/Foreview_ws/install/remote_controller_pkg/share/remote_controller_pkg/cmake/export_remote_controller_pkg__rosidl_typesupport_fastrtps_cppExport.cmake
[7.990s] -- Up-to-date: /home/orin/work/Foreview_ws/install/remote_controller_pkg/share/remote_controller_pkg/cmake/export_remote_controller_pkg__rosidl_typesupport_fastrtps_cppExport-noconfig.cmake
[7.991s] -- Up-to-date: /home/orin/work/Foreview_ws/install/remote_controller_pkg/share/remote_controller_pkg/cmake/remote_controller_pkg__rosidl_typesupport_introspection_cExport.cmake
[7.991s] -- Up-to-date: /home/orin/work/Foreview_ws/install/remote_controller_pkg/share/remote_controller_pkg/cmake/remote_controller_pkg__rosidl_typesupport_introspection_cExport-noconfig.cmake
[7.991s] -- Up-to-date: /home/orin/work/Foreview_ws/install/remote_controller_pkg/share/remote_controller_pkg/cmake/remote_controller_pkg__rosidl_typesupport_cExport.cmake
[7.992s] -- Up-to-date: /home/orin/work/Foreview_ws/install/remote_controller_pkg/share/remote_controller_pkg/cmake/remote_controller_pkg__rosidl_typesupport_cExport-noconfig.cmake
[7.992s] -- Up-to-date: /home/orin/work/Foreview_ws/install/remote_controller_pkg/share/remote_controller_pkg/cmake/remote_controller_pkg__rosidl_typesupport_introspection_cppExport.cmake
[7.992s] -- Up-to-date: /home/orin/work/Foreview_ws/install/remote_controller_pkg/share/remote_controller_pkg/cmake/remote_controller_pkg__rosidl_typesupport_introspection_cppExport-noconfig.cmake
[7.992s] -- Up-to-date: /home/orin/work/Foreview_ws/install/remote_controller_pkg/share/remote_controller_pkg/cmake/remote_controller_pkg__rosidl_typesupport_cppExport.cmake
[7.993s] -- Up-to-date: /home/orin/work/Foreview_ws/install/remote_controller_pkg/share/remote_controller_pkg/cmake/remote_controller_pkg__rosidl_typesupport_cppExport-noconfig.cmake
[7.993s] -- Up-to-date: /home/orin/work/Foreview_ws/install/remote_controller_pkg/share/remote_controller_pkg/cmake/export_remote_controller_pkg__rosidl_generator_pyExport.cmake
[7.993s] -- Up-to-date: /home/orin/work/Foreview_ws/install/remote_controller_pkg/share/remote_controller_pkg/cmake/export_remote_controller_pkg__rosidl_generator_pyExport-noconfig.cmake
[7.993s] -- Up-to-date: /home/orin/work/Foreview_ws/install/remote_controller_pkg/share/remote_controller_pkg/cmake/rosidl_cmake-extras.cmake
[7.993s] -- Up-to-date: /home/orin/work/Foreview_ws/install/remote_controller_pkg/share/remote_controller_pkg/cmake/ament_cmake_export_dependencies-extras.cmake
[7.994s] -- Up-to-date: /home/orin/work/Foreview_ws/install/remote_controller_pkg/share/remote_controller_pkg/cmake/ament_cmake_export_include_directories-extras.cmake
[7.994s] -- Up-to-date: /home/orin/work/Foreview_ws/install/remote_controller_pkg/share/remote_controller_pkg/cmake/ament_cmake_export_libraries-extras.cmake
[7.994s] -- Up-to-date: /home/orin/work/Foreview_ws/install/remote_controller_pkg/share/remote_controller_pkg/cmake/ament_cmake_export_targets-extras.cmake
[7.994s] -- Up-to-date: /home/orin/work/Foreview_ws/install/remote_controller_pkg/share/remote_controller_pkg/cmake/rosidl_cmake_export_typesupport_targets-extras.cmake
[7.995s] -- Up-to-date: /home/orin/work/Foreview_ws/install/remote_controller_pkg/share/remote_controller_pkg/cmake/rosidl_cmake_export_typesupport_libraries-extras.cmake
[7.995s] -- Up-to-date: /home/orin/work/Foreview_ws/install/remote_controller_pkg/share/remote_controller_pkg/cmake/remote_controller_pkgConfig.cmake
[7.995s] -- Up-to-date: /home/orin/work/Foreview_ws/install/remote_controller_pkg/share/remote_controller_pkg/cmake/remote_controller_pkgConfig-version.cmake
[7.995s] -- Up-to-date: /home/orin/work/Foreview_ws/install/remote_controller_pkg/share/remote_controller_pkg/package.xml
[8.013s] Invoked command in '/home/orin/work/Foreview_ws/build/remote_controller_pkg' returned '0': /usr/local/bin/cmake --install /home/orin/work/Foreview_ws/build/remote_controller_pkg
