[0.485s] DEBUG:colcon:Command line arguments: ['/usr/bin/colcon', 'build']
[0.485s] DEBUG:colcon:Parsed command line arguments: Namespace(log_base=None, log_level=None, verb_name='build', build_base='build', install_base='install', merge_install=False, symlink_install=False, test_result_base=None, continue_on_error=False, executor='parallel', parallel_workers=16, event_handlers=None, ignore_user_meta=False, metas=['./colcon.meta'], base_paths=['.'], packages_ignore=None, packages_ignore_regex=None, paths=None, packages_up_to=None, packages_up_to_regex=None, packages_above=None, packages_above_and_dependencies=None, packages_above_depth=None, packages_select_by_dep=None, packages_skip_by_dep=None, packages_skip_up_to=None, packages_select_build_failed=False, packages_skip_build_finished=False, packages_select_test_failures=False, packages_skip_test_passed=False, packages_select=None, packages_skip=None, packages_select_regex=None, packages_skip_regex=None, packages_start=None, packages_end=None, allow_overriding=[], cmake_args=None, cmake_target=None, cmake_target_skip_unavailable=False, cmake_clean_cache=False, cmake_clean_first=False, cmake_force_configure=False, ament_cmake_args=None, catkin_cmake_args=None, catkin_skip_building_tests=False, verb_parser=<colcon_defaults.argument_parser.defaults.DefaultArgumentsDecorator object at 0x7fc7d657ff40>, verb_extension=<colcon_core.verb.build.BuildVerb object at 0x7fc7d657e9b0>, main=<bound method BuildVerb.main of <colcon_core.verb.build.BuildVerb object at 0x7fc7d657e9b0>>)
[0.509s] Level 1:colcon.colcon_core.package_discovery:discover_packages(colcon_meta) check parameters
[0.509s] Level 1:colcon.colcon_core.package_discovery:discover_packages(recursive) check parameters
[0.509s] Level 1:colcon.colcon_core.package_discovery:discover_packages(ignore) check parameters
[0.509s] Level 1:colcon.colcon_core.package_discovery:discover_packages(path) check parameters
[0.509s] Level 1:colcon.colcon_core.package_discovery:discover_packages(colcon_meta) discover
[0.509s] Level 1:colcon.colcon_core.package_discovery:discover_packages(recursive) discover
[0.509s] INFO:colcon.colcon_core.package_discovery:Crawling recursively for packages in '/home/weng/work/Foreview_ws'
[0.509s] Level 1:colcon.colcon_core.package_identification:_identify(.) by extensions ['ignore', 'ignore_ament_install']
[0.510s] Level 1:colcon.colcon_core.package_identification:_identify(.) by extension 'ignore'
[0.510s] Level 1:colcon.colcon_core.package_identification:_identify(.) by extension 'ignore_ament_install'
[0.510s] Level 1:colcon.colcon_core.package_identification:_identify(.) by extensions ['colcon_pkg']
[0.510s] Level 1:colcon.colcon_core.package_identification:_identify(.) by extension 'colcon_pkg'
[0.510s] Level 1:colcon.colcon_core.package_identification:_identify(.) by extensions ['colcon_meta']
[0.510s] Level 1:colcon.colcon_core.package_identification:_identify(.) by extension 'colcon_meta'
[0.510s] Level 1:colcon.colcon_core.package_identification:_identify(.) by extensions ['ros']
[0.510s] Level 1:colcon.colcon_core.package_identification:_identify(.) by extension 'ros'
[0.516s] Level 1:colcon.colcon_core.package_identification:_identify(.) by extensions ['cmake', 'python']
[0.516s] Level 1:colcon.colcon_core.package_identification:_identify(.) by extension 'cmake'
[0.516s] Level 1:colcon.colcon_core.package_identification:_identify(.) by extension 'python'
[0.516s] Level 1:colcon.colcon_core.package_identification:_identify(.) by extensions ['python_setup_py']
[0.516s] Level 1:colcon.colcon_core.package_identification:_identify(.) by extension 'python_setup_py'
[0.516s] Level 1:colcon.colcon_core.package_identification:_identify(20231206_1752) by extensions ['ignore', 'ignore_ament_install']
[0.516s] Level 1:colcon.colcon_core.package_identification:_identify(20231206_1752) by extension 'ignore'
[0.516s] Level 1:colcon.colcon_core.package_identification:_identify(20231206_1752) by extension 'ignore_ament_install'
[0.516s] Level 1:colcon.colcon_core.package_identification:_identify(20231206_1752) by extensions ['colcon_pkg']
[0.517s] Level 1:colcon.colcon_core.package_identification:_identify(20231206_1752) by extension 'colcon_pkg'
[0.517s] Level 1:colcon.colcon_core.package_identification:_identify(20231206_1752) by extensions ['colcon_meta']
[0.517s] Level 1:colcon.colcon_core.package_identification:_identify(20231206_1752) by extension 'colcon_meta'
[0.517s] Level 1:colcon.colcon_core.package_identification:_identify(20231206_1752) by extensions ['ros']
[0.517s] Level 1:colcon.colcon_core.package_identification:_identify(20231206_1752) by extension 'ros'
[0.517s] Level 1:colcon.colcon_core.package_identification:_identify(20231206_1752) by extensions ['cmake', 'python']
[0.517s] Level 1:colcon.colcon_core.package_identification:_identify(20231206_1752) by extension 'cmake'
[0.517s] Level 1:colcon.colcon_core.package_identification:_identify(20231206_1752) by extension 'python'
[0.517s] Level 1:colcon.colcon_core.package_identification:_identify(20231206_1752) by extensions ['python_setup_py']
[0.517s] Level 1:colcon.colcon_core.package_identification:_identify(20231206_1752) by extension 'python_setup_py'
[0.517s] Level 1:colcon.colcon_core.package_identification:_identify(20231206_1754) by extensions ['ignore', 'ignore_ament_install']
[0.517s] Level 1:colcon.colcon_core.package_identification:_identify(20231206_1754) by extension 'ignore'
[0.517s] Level 1:colcon.colcon_core.package_identification:_identify(20231206_1754) by extension 'ignore_ament_install'
[0.517s] Level 1:colcon.colcon_core.package_identification:_identify(20231206_1754) by extensions ['colcon_pkg']
[0.517s] Level 1:colcon.colcon_core.package_identification:_identify(20231206_1754) by extension 'colcon_pkg'
[0.517s] Level 1:colcon.colcon_core.package_identification:_identify(20231206_1754) by extensions ['colcon_meta']
[0.517s] Level 1:colcon.colcon_core.package_identification:_identify(20231206_1754) by extension 'colcon_meta'
[0.517s] Level 1:colcon.colcon_core.package_identification:_identify(20231206_1754) by extensions ['ros']
[0.517s] Level 1:colcon.colcon_core.package_identification:_identify(20231206_1754) by extension 'ros'
[0.517s] Level 1:colcon.colcon_core.package_identification:_identify(20231206_1754) by extensions ['cmake', 'python']
[0.517s] Level 1:colcon.colcon_core.package_identification:_identify(20231206_1754) by extension 'cmake'
[0.517s] Level 1:colcon.colcon_core.package_identification:_identify(20231206_1754) by extension 'python'
[0.517s] Level 1:colcon.colcon_core.package_identification:_identify(20231206_1754) by extensions ['python_setup_py']
[0.517s] Level 1:colcon.colcon_core.package_identification:_identify(20231206_1754) by extension 'python_setup_py'
[0.517s] Level 1:colcon.colcon_core.package_identification:_identify(20231206_1801) by extensions ['ignore', 'ignore_ament_install']
[0.517s] Level 1:colcon.colcon_core.package_identification:_identify(20231206_1801) by extension 'ignore'
[0.517s] Level 1:colcon.colcon_core.package_identification:_identify(20231206_1801) by extension 'ignore_ament_install'
[0.517s] Level 1:colcon.colcon_core.package_identification:_identify(20231206_1801) by extensions ['colcon_pkg']
[0.517s] Level 1:colcon.colcon_core.package_identification:_identify(20231206_1801) by extension 'colcon_pkg'
[0.517s] Level 1:colcon.colcon_core.package_identification:_identify(20231206_1801) by extensions ['colcon_meta']
[0.518s] Level 1:colcon.colcon_core.package_identification:_identify(20231206_1801) by extension 'colcon_meta'
[0.518s] Level 1:colcon.colcon_core.package_identification:_identify(20231206_1801) by extensions ['ros']
[0.518s] Level 1:colcon.colcon_core.package_identification:_identify(20231206_1801) by extension 'ros'
[0.518s] Level 1:colcon.colcon_core.package_identification:_identify(20231206_1801) by extensions ['cmake', 'python']
[0.518s] Level 1:colcon.colcon_core.package_identification:_identify(20231206_1801) by extension 'cmake'
[0.518s] Level 1:colcon.colcon_core.package_identification:_identify(20231206_1801) by extension 'python'
[0.518s] Level 1:colcon.colcon_core.package_identification:_identify(20231206_1801) by extensions ['python_setup_py']
[0.518s] Level 1:colcon.colcon_core.package_identification:_identify(20231206_1801) by extension 'python_setup_py'
[0.518s] Level 1:colcon.colcon_core.package_identification:_identify(20231206_1802) by extensions ['ignore', 'ignore_ament_install']
[0.518s] Level 1:colcon.colcon_core.package_identification:_identify(20231206_1802) by extension 'ignore'
[0.518s] Level 1:colcon.colcon_core.package_identification:_identify(20231206_1802) by extension 'ignore_ament_install'
[0.518s] Level 1:colcon.colcon_core.package_identification:_identify(20231206_1802) by extensions ['colcon_pkg']
[0.518s] Level 1:colcon.colcon_core.package_identification:_identify(20231206_1802) by extension 'colcon_pkg'
[0.518s] Level 1:colcon.colcon_core.package_identification:_identify(20231206_1802) by extensions ['colcon_meta']
[0.518s] Level 1:colcon.colcon_core.package_identification:_identify(20231206_1802) by extension 'colcon_meta'
[0.518s] Level 1:colcon.colcon_core.package_identification:_identify(20231206_1802) by extensions ['ros']
[0.518s] Level 1:colcon.colcon_core.package_identification:_identify(20231206_1802) by extension 'ros'
[0.518s] Level 1:colcon.colcon_core.package_identification:_identify(20231206_1802) by extensions ['cmake', 'python']
[0.518s] Level 1:colcon.colcon_core.package_identification:_identify(20231206_1802) by extension 'cmake'
[0.518s] Level 1:colcon.colcon_core.package_identification:_identify(20231206_1802) by extension 'python'
[0.518s] Level 1:colcon.colcon_core.package_identification:_identify(20231206_1802) by extensions ['python_setup_py']
[0.518s] Level 1:colcon.colcon_core.package_identification:_identify(20231206_1802) by extension 'python_setup_py'
[0.518s] Level 1:colcon.colcon_core.package_identification:_identify(20231206_1803) by extensions ['ignore', 'ignore_ament_install']
[0.518s] Level 1:colcon.colcon_core.package_identification:_identify(20231206_1803) by extension 'ignore'
[0.518s] Level 1:colcon.colcon_core.package_identification:_identify(20231206_1803) by extension 'ignore_ament_install'
[0.518s] Level 1:colcon.colcon_core.package_identification:_identify(20231206_1803) by extensions ['colcon_pkg']
[0.518s] Level 1:colcon.colcon_core.package_identification:_identify(20231206_1803) by extension 'colcon_pkg'
[0.518s] Level 1:colcon.colcon_core.package_identification:_identify(20231206_1803) by extensions ['colcon_meta']
[0.518s] Level 1:colcon.colcon_core.package_identification:_identify(20231206_1803) by extension 'colcon_meta'
[0.518s] Level 1:colcon.colcon_core.package_identification:_identify(20231206_1803) by extensions ['ros']
[0.518s] Level 1:colcon.colcon_core.package_identification:_identify(20231206_1803) by extension 'ros'
[0.518s] Level 1:colcon.colcon_core.package_identification:_identify(20231206_1803) by extensions ['cmake', 'python']
[0.518s] Level 1:colcon.colcon_core.package_identification:_identify(20231206_1803) by extension 'cmake'
[0.518s] Level 1:colcon.colcon_core.package_identification:_identify(20231206_1803) by extension 'python'
[0.518s] Level 1:colcon.colcon_core.package_identification:_identify(20231206_1803) by extensions ['python_setup_py']
[0.518s] Level 1:colcon.colcon_core.package_identification:_identify(20231206_1803) by extension 'python_setup_py'
[0.519s] Level 1:colcon.colcon_core.package_identification:_identify(20231206_1804) by extensions ['ignore', 'ignore_ament_install']
[0.519s] Level 1:colcon.colcon_core.package_identification:_identify(20231206_1804) by extension 'ignore'
[0.519s] Level 1:colcon.colcon_core.package_identification:_identify(20231206_1804) by extension 'ignore_ament_install'
[0.519s] Level 1:colcon.colcon_core.package_identification:_identify(20231206_1804) by extensions ['colcon_pkg']
[0.519s] Level 1:colcon.colcon_core.package_identification:_identify(20231206_1804) by extension 'colcon_pkg'
[0.519s] Level 1:colcon.colcon_core.package_identification:_identify(20231206_1804) by extensions ['colcon_meta']
[0.519s] Level 1:colcon.colcon_core.package_identification:_identify(20231206_1804) by extension 'colcon_meta'
[0.519s] Level 1:colcon.colcon_core.package_identification:_identify(20231206_1804) by extensions ['ros']
[0.519s] Level 1:colcon.colcon_core.package_identification:_identify(20231206_1804) by extension 'ros'
[0.519s] Level 1:colcon.colcon_core.package_identification:_identify(20231206_1804) by extensions ['cmake', 'python']
[0.519s] Level 1:colcon.colcon_core.package_identification:_identify(20231206_1804) by extension 'cmake'
[0.519s] Level 1:colcon.colcon_core.package_identification:_identify(20231206_1804) by extension 'python'
[0.519s] Level 1:colcon.colcon_core.package_identification:_identify(20231206_1804) by extensions ['python_setup_py']
[0.519s] Level 1:colcon.colcon_core.package_identification:_identify(20231206_1804) by extension 'python_setup_py'
[0.519s] Level 1:colcon.colcon_core.package_identification:_identify(20231206_1805) by extensions ['ignore', 'ignore_ament_install']
[0.519s] Level 1:colcon.colcon_core.package_identification:_identify(20231206_1805) by extension 'ignore'
[0.519s] Level 1:colcon.colcon_core.package_identification:_identify(20231206_1805) by extension 'ignore_ament_install'
[0.519s] Level 1:colcon.colcon_core.package_identification:_identify(20231206_1805) by extensions ['colcon_pkg']
[0.519s] Level 1:colcon.colcon_core.package_identification:_identify(20231206_1805) by extension 'colcon_pkg'
[0.519s] Level 1:colcon.colcon_core.package_identification:_identify(20231206_1805) by extensions ['colcon_meta']
[0.519s] Level 1:colcon.colcon_core.package_identification:_identify(20231206_1805) by extension 'colcon_meta'
[0.519s] Level 1:colcon.colcon_core.package_identification:_identify(20231206_1805) by extensions ['ros']
[0.519s] Level 1:colcon.colcon_core.package_identification:_identify(20231206_1805) by extension 'ros'
[0.519s] Level 1:colcon.colcon_core.package_identification:_identify(20231206_1805) by extensions ['cmake', 'python']
[0.519s] Level 1:colcon.colcon_core.package_identification:_identify(20231206_1805) by extension 'cmake'
[0.519s] Level 1:colcon.colcon_core.package_identification:_identify(20231206_1805) by extension 'python'
[0.519s] Level 1:colcon.colcon_core.package_identification:_identify(20231206_1805) by extensions ['python_setup_py']
[0.519s] Level 1:colcon.colcon_core.package_identification:_identify(20231206_1805) by extension 'python_setup_py'
[0.519s] Level 1:colcon.colcon_core.package_identification:_identify(build) by extensions ['ignore', 'ignore_ament_install']
[0.519s] Level 1:colcon.colcon_core.package_identification:_identify(build) by extension 'ignore'
[0.520s] Level 1:colcon.colcon_core.package_identification:_identify(build) ignored
[0.520s] Level 1:colcon.colcon_core.package_identification:_identify(install) by extensions ['ignore', 'ignore_ament_install']
[0.520s] Level 1:colcon.colcon_core.package_identification:_identify(install) by extension 'ignore'
[0.520s] Level 1:colcon.colcon_core.package_identification:_identify(install) ignored
[0.520s] Level 1:colcon.colcon_core.package_identification:_identify(log) by extensions ['ignore', 'ignore_ament_install']
[0.520s] Level 1:colcon.colcon_core.package_identification:_identify(log) by extension 'ignore'
[0.520s] Level 1:colcon.colcon_core.package_identification:_identify(log) ignored
[0.520s] Level 1:colcon.colcon_core.package_identification:_identify(src) by extensions ['ignore', 'ignore_ament_install']
[0.520s] Level 1:colcon.colcon_core.package_identification:_identify(src) by extension 'ignore'
[0.520s] Level 1:colcon.colcon_core.package_identification:_identify(src) by extension 'ignore_ament_install'
[0.520s] Level 1:colcon.colcon_core.package_identification:_identify(src) by extensions ['colcon_pkg']
[0.520s] Level 1:colcon.colcon_core.package_identification:_identify(src) by extension 'colcon_pkg'
[0.520s] Level 1:colcon.colcon_core.package_identification:_identify(src) by extensions ['colcon_meta']
[0.520s] Level 1:colcon.colcon_core.package_identification:_identify(src) by extension 'colcon_meta'
[0.520s] Level 1:colcon.colcon_core.package_identification:_identify(src) by extensions ['ros']
[0.520s] Level 1:colcon.colcon_core.package_identification:_identify(src) by extension 'ros'
[0.520s] Level 1:colcon.colcon_core.package_identification:_identify(src) by extensions ['cmake', 'python']
[0.520s] Level 1:colcon.colcon_core.package_identification:_identify(src) by extension 'cmake'
[0.520s] Level 1:colcon.colcon_core.package_identification:_identify(src) by extension 'python'
[0.520s] Level 1:colcon.colcon_core.package_identification:_identify(src) by extensions ['python_setup_py']
[0.520s] Level 1:colcon.colcon_core.package_identification:_identify(src) by extension 'python_setup_py'
[0.520s] Level 1:colcon.colcon_core.package_identification:_identify(src/data_collection_pkg) by extensions ['ignore', 'ignore_ament_install']
[0.520s] Level 1:colcon.colcon_core.package_identification:_identify(src/data_collection_pkg) by extension 'ignore'
[0.520s] Level 1:colcon.colcon_core.package_identification:_identify(src/data_collection_pkg) by extension 'ignore_ament_install'
[0.520s] Level 1:colcon.colcon_core.package_identification:_identify(src/data_collection_pkg) by extensions ['colcon_pkg']
[0.520s] Level 1:colcon.colcon_core.package_identification:_identify(src/data_collection_pkg) by extension 'colcon_pkg'
[0.520s] Level 1:colcon.colcon_core.package_identification:_identify(src/data_collection_pkg) by extensions ['colcon_meta']
[0.520s] Level 1:colcon.colcon_core.package_identification:_identify(src/data_collection_pkg) by extension 'colcon_meta'
[0.521s] Level 1:colcon.colcon_core.package_identification:_identify(src/data_collection_pkg) by extensions ['ros']
[0.521s] Level 1:colcon.colcon_core.package_identification:_identify(src/data_collection_pkg) by extension 'ros'
[0.522s] DEBUG:colcon.colcon_core.package_identification:Package 'src/data_collection_pkg' with type 'ros.ament_cmake' and name 'data_collection_pkg'
[0.522s] Level 1:colcon.colcon_core.package_identification:_identify(src/dynamixel_controller_pkg) by extensions ['ignore', 'ignore_ament_install']
[0.522s] Level 1:colcon.colcon_core.package_identification:_identify(src/dynamixel_controller_pkg) by extension 'ignore'
[0.522s] Level 1:colcon.colcon_core.package_identification:_identify(src/dynamixel_controller_pkg) by extension 'ignore_ament_install'
[0.522s] Level 1:colcon.colcon_core.package_identification:_identify(src/dynamixel_controller_pkg) by extensions ['colcon_pkg']
[0.522s] Level 1:colcon.colcon_core.package_identification:_identify(src/dynamixel_controller_pkg) by extension 'colcon_pkg'
[0.522s] Level 1:colcon.colcon_core.package_identification:_identify(src/dynamixel_controller_pkg) by extensions ['colcon_meta']
[0.522s] Level 1:colcon.colcon_core.package_identification:_identify(src/dynamixel_controller_pkg) by extension 'colcon_meta'
[0.522s] Level 1:colcon.colcon_core.package_identification:_identify(src/dynamixel_controller_pkg) by extensions ['ros']
[0.522s] Level 1:colcon.colcon_core.package_identification:_identify(src/dynamixel_controller_pkg) by extension 'ros'
[0.523s] DEBUG:colcon.colcon_core.package_identification:Package 'src/dynamixel_controller_pkg' with type 'ros.ament_cmake' and name 'dynamixel_controller_pkg'
[0.523s] Level 1:colcon.colcon_core.package_identification:_identify(src/remote_controller_pkg) by extensions ['ignore', 'ignore_ament_install']
[0.523s] Level 1:colcon.colcon_core.package_identification:_identify(src/remote_controller_pkg) by extension 'ignore'
[0.523s] Level 1:colcon.colcon_core.package_identification:_identify(src/remote_controller_pkg) by extension 'ignore_ament_install'
[0.523s] Level 1:colcon.colcon_core.package_identification:_identify(src/remote_controller_pkg) by extensions ['colcon_pkg']
[0.523s] Level 1:colcon.colcon_core.package_identification:_identify(src/remote_controller_pkg) by extension 'colcon_pkg'
[0.523s] Level 1:colcon.colcon_core.package_identification:_identify(src/remote_controller_pkg) by extensions ['colcon_meta']
[0.523s] Level 1:colcon.colcon_core.package_identification:_identify(src/remote_controller_pkg) by extension 'colcon_meta'
[0.523s] Level 1:colcon.colcon_core.package_identification:_identify(src/remote_controller_pkg) by extensions ['ros']
[0.523s] Level 1:colcon.colcon_core.package_identification:_identify(src/remote_controller_pkg) by extension 'ros'
[0.523s] DEBUG:colcon.colcon_core.package_identification:Package 'src/remote_controller_pkg' with type 'ros.ament_cmake' and name 'remote_controller_pkg'
[0.523s] Level 1:colcon.colcon_core.package_identification:_identify(src/simulate_remote_communication_pkg) by extensions ['ignore', 'ignore_ament_install']
[0.523s] Level 1:colcon.colcon_core.package_identification:_identify(src/simulate_remote_communication_pkg) by extension 'ignore'
[0.523s] Level 1:colcon.colcon_core.package_identification:_identify(src/simulate_remote_communication_pkg) by extension 'ignore_ament_install'
[0.523s] Level 1:colcon.colcon_core.package_identification:_identify(src/simulate_remote_communication_pkg) by extensions ['colcon_pkg']
[0.523s] Level 1:colcon.colcon_core.package_identification:_identify(src/simulate_remote_communication_pkg) by extension 'colcon_pkg'
[0.523s] Level 1:colcon.colcon_core.package_identification:_identify(src/simulate_remote_communication_pkg) by extensions ['colcon_meta']
[0.523s] Level 1:colcon.colcon_core.package_identification:_identify(src/simulate_remote_communication_pkg) by extension 'colcon_meta'
[0.523s] Level 1:colcon.colcon_core.package_identification:_identify(src/simulate_remote_communication_pkg) by extensions ['ros']
[0.523s] Level 1:colcon.colcon_core.package_identification:_identify(src/simulate_remote_communication_pkg) by extension 'ros'
[0.524s] DEBUG:colcon.colcon_core.package_identification:Package 'src/simulate_remote_communication_pkg' with type 'ros.ament_cmake' and name 'simulate_remote_communication_pkg'
[0.524s] Level 1:colcon.colcon_core.package_discovery:discover_packages(recursive) using defaults
[0.524s] Level 1:colcon.colcon_core.package_discovery:discover_packages(ignore) discover
[0.524s] Level 1:colcon.colcon_core.package_discovery:discover_packages(ignore) using defaults
[0.524s] Level 1:colcon.colcon_core.package_discovery:discover_packages(path) discover
[0.524s] Level 1:colcon.colcon_core.package_discovery:discover_packages(path) using defaults
[0.570s] Level 1:colcon.colcon_core.package_discovery:discover_packages(prefix_path) check parameters
[0.571s] Level 1:colcon.colcon_core.package_discovery:discover_packages(prefix_path) discover
[0.585s] DEBUG:colcon.colcon_installed_package_information.package_discovery:Found 3 installed packages in /home/weng/work/Foreview_ws/install
[0.593s] DEBUG:colcon.colcon_installed_package_information.package_discovery:Found 270 installed packages in /opt/ros/humble
[0.593s] Level 1:colcon.colcon_core.package_discovery:discover_packages(prefix_path) using defaults
[0.641s] Level 5:colcon.colcon_core.verb:set package 'data_collection_pkg' build argument 'cmake_args' from command line to 'None'
[0.641s] Level 5:colcon.colcon_core.verb:set package 'data_collection_pkg' build argument 'cmake_target' from command line to 'None'
[0.641s] Level 5:colcon.colcon_core.verb:set package 'data_collection_pkg' build argument 'cmake_target_skip_unavailable' from command line to 'False'
[0.641s] Level 5:colcon.colcon_core.verb:set package 'data_collection_pkg' build argument 'cmake_clean_cache' from command line to 'False'
[0.641s] Level 5:colcon.colcon_core.verb:set package 'data_collection_pkg' build argument 'cmake_clean_first' from command line to 'False'
[0.641s] Level 5:colcon.colcon_core.verb:set package 'data_collection_pkg' build argument 'cmake_force_configure' from command line to 'False'
[0.641s] Level 5:colcon.colcon_core.verb:set package 'data_collection_pkg' build argument 'ament_cmake_args' from command line to 'None'
[0.641s] Level 5:colcon.colcon_core.verb:set package 'data_collection_pkg' build argument 'catkin_cmake_args' from command line to 'None'
[0.641s] Level 5:colcon.colcon_core.verb:set package 'data_collection_pkg' build argument 'catkin_skip_building_tests' from command line to 'False'
[0.642s] DEBUG:colcon.colcon_core.verb:Building package 'data_collection_pkg' with the following arguments: {'ament_cmake_args': None, 'build_base': '/home/weng/work/Foreview_ws/build/data_collection_pkg', 'catkin_cmake_args': None, 'catkin_skip_building_tests': False, 'cmake_args': None, 'cmake_clean_cache': False, 'cmake_clean_first': False, 'cmake_force_configure': False, 'cmake_target': None, 'cmake_target_skip_unavailable': False, 'install_base': '/home/weng/work/Foreview_ws/install/data_collection_pkg', 'merge_install': False, 'path': '/home/weng/work/Foreview_ws/src/data_collection_pkg', 'symlink_install': False, 'test_result_base': None}
[0.648s] Level 5:colcon.colcon_core.verb:set package 'dynamixel_controller_pkg' build argument 'cmake_args' from command line to 'None'
[0.648s] Level 5:colcon.colcon_core.verb:set package 'dynamixel_controller_pkg' build argument 'cmake_target' from command line to 'None'
[0.648s] Level 5:colcon.colcon_core.verb:set package 'dynamixel_controller_pkg' build argument 'cmake_target_skip_unavailable' from command line to 'False'
[0.648s] Level 5:colcon.colcon_core.verb:set package 'dynamixel_controller_pkg' build argument 'cmake_clean_cache' from command line to 'False'
[0.648s] Level 5:colcon.colcon_core.verb:set package 'dynamixel_controller_pkg' build argument 'cmake_clean_first' from command line to 'False'
[0.649s] Level 5:colcon.colcon_core.verb:set package 'dynamixel_controller_pkg' build argument 'cmake_force_configure' from command line to 'False'
[0.649s] Level 5:colcon.colcon_core.verb:set package 'dynamixel_controller_pkg' build argument 'ament_cmake_args' from command line to 'None'
[0.649s] Level 5:colcon.colcon_core.verb:set package 'dynamixel_controller_pkg' build argument 'catkin_cmake_args' from command line to 'None'
[0.649s] Level 5:colcon.colcon_core.verb:set package 'dynamixel_controller_pkg' build argument 'catkin_skip_building_tests' from command line to 'False'
[0.649s] DEBUG:colcon.colcon_core.verb:Building package 'dynamixel_controller_pkg' with the following arguments: {'ament_cmake_args': None, 'build_base': '/home/weng/work/Foreview_ws/build/dynamixel_controller_pkg', 'catkin_cmake_args': None, 'catkin_skip_building_tests': False, 'cmake_args': None, 'cmake_clean_cache': False, 'cmake_clean_first': False, 'cmake_force_configure': False, 'cmake_target': None, 'cmake_target_skip_unavailable': False, 'install_base': '/home/weng/work/Foreview_ws/install/dynamixel_controller_pkg', 'merge_install': False, 'path': '/home/weng/work/Foreview_ws/src/dynamixel_controller_pkg', 'symlink_install': False, 'test_result_base': None}
[0.655s] Level 5:colcon.colcon_core.verb:set package 'remote_controller_pkg' build argument 'cmake_args' from command line to 'None'
[0.655s] Level 5:colcon.colcon_core.verb:set package 'remote_controller_pkg' build argument 'cmake_target' from command line to 'None'
[0.655s] Level 5:colcon.colcon_core.verb:set package 'remote_controller_pkg' build argument 'cmake_target_skip_unavailable' from command line to 'False'
[0.655s] Level 5:colcon.colcon_core.verb:set package 'remote_controller_pkg' build argument 'cmake_clean_cache' from command line to 'False'
[0.655s] Level 5:colcon.colcon_core.verb:set package 'remote_controller_pkg' build argument 'cmake_clean_first' from command line to 'False'
[0.655s] Level 5:colcon.colcon_core.verb:set package 'remote_controller_pkg' build argument 'cmake_force_configure' from command line to 'False'
[0.655s] Level 5:colcon.colcon_core.verb:set package 'remote_controller_pkg' build argument 'ament_cmake_args' from command line to 'None'
[0.655s] Level 5:colcon.colcon_core.verb:set package 'remote_controller_pkg' build argument 'catkin_cmake_args' from command line to 'None'
[0.655s] Level 5:colcon.colcon_core.verb:set package 'remote_controller_pkg' build argument 'catkin_skip_building_tests' from command line to 'False'
[0.656s] DEBUG:colcon.colcon_core.verb:Building package 'remote_controller_pkg' with the following arguments: {'ament_cmake_args': None, 'build_base': '/home/weng/work/Foreview_ws/build/remote_controller_pkg', 'catkin_cmake_args': None, 'catkin_skip_building_tests': False, 'cmake_args': None, 'cmake_clean_cache': False, 'cmake_clean_first': False, 'cmake_force_configure': False, 'cmake_target': None, 'cmake_target_skip_unavailable': False, 'install_base': '/home/weng/work/Foreview_ws/install/remote_controller_pkg', 'merge_install': False, 'path': '/home/weng/work/Foreview_ws/src/remote_controller_pkg', 'symlink_install': False, 'test_result_base': None}
[0.662s] Level 5:colcon.colcon_core.verb:set package 'simulate_remote_communication_pkg' build argument 'cmake_args' from command line to 'None'
[0.662s] Level 5:colcon.colcon_core.verb:set package 'simulate_remote_communication_pkg' build argument 'cmake_target' from command line to 'None'
[0.663s] Level 5:colcon.colcon_core.verb:set package 'simulate_remote_communication_pkg' build argument 'cmake_target_skip_unavailable' from command line to 'False'
[0.663s] Level 5:colcon.colcon_core.verb:set package 'simulate_remote_communication_pkg' build argument 'cmake_clean_cache' from command line to 'False'
[0.663s] Level 5:colcon.colcon_core.verb:set package 'simulate_remote_communication_pkg' build argument 'cmake_clean_first' from command line to 'False'
[0.663s] Level 5:colcon.colcon_core.verb:set package 'simulate_remote_communication_pkg' build argument 'cmake_force_configure' from command line to 'False'
[0.663s] Level 5:colcon.colcon_core.verb:set package 'simulate_remote_communication_pkg' build argument 'ament_cmake_args' from command line to 'None'
[0.663s] Level 5:colcon.colcon_core.verb:set package 'simulate_remote_communication_pkg' build argument 'catkin_cmake_args' from command line to 'None'
[0.663s] Level 5:colcon.colcon_core.verb:set package 'simulate_remote_communication_pkg' build argument 'catkin_skip_building_tests' from command line to 'False'
[0.663s] DEBUG:colcon.colcon_core.verb:Building package 'simulate_remote_communication_pkg' with the following arguments: {'ament_cmake_args': None, 'build_base': '/home/weng/work/Foreview_ws/build/simulate_remote_communication_pkg', 'catkin_cmake_args': None, 'catkin_skip_building_tests': False, 'cmake_args': None, 'cmake_clean_cache': False, 'cmake_clean_first': False, 'cmake_force_configure': False, 'cmake_target': None, 'cmake_target_skip_unavailable': False, 'install_base': '/home/weng/work/Foreview_ws/install/simulate_remote_communication_pkg', 'merge_install': False, 'path': '/home/weng/work/Foreview_ws/src/simulate_remote_communication_pkg', 'symlink_install': False, 'test_result_base': None}
[0.669s] INFO:colcon.colcon_core.executor:Executing jobs using 'parallel' executor
[0.677s] DEBUG:colcon.colcon_parallel_executor.executor.parallel:run_until_complete
[0.677s] INFO:colcon.colcon_ros.task.ament_cmake.build:Building ROS package in '/home/weng/work/Foreview_ws/src/data_collection_pkg' with build type 'ament_cmake'
[0.677s] INFO:colcon.colcon_cmake.task.cmake.build:Building CMake package in '/home/weng/work/Foreview_ws/src/data_collection_pkg'
[0.685s] INFO:colcon.colcon_core.plugin_system:Skipping extension 'colcon_core.shell.bat': Not used on non-Windows systems
[0.685s] INFO:colcon.colcon_core.shell:Skip shell extension 'powershell' for command environment: Not usable outside of PowerShell
[0.685s] DEBUG:colcon.colcon_core.shell:Skip shell extension 'dsv' for command environment
[0.708s] INFO:colcon.colcon_ros.task.ament_cmake.build:Building ROS package in '/home/weng/work/Foreview_ws/src/dynamixel_controller_pkg' with build type 'ament_cmake'
[0.708s] INFO:colcon.colcon_cmake.task.cmake.build:Building CMake package in '/home/weng/work/Foreview_ws/src/dynamixel_controller_pkg'
[0.715s] INFO:colcon.colcon_core.shell:Skip shell extension 'powershell' for command environment: Not usable outside of PowerShell
[0.715s] DEBUG:colcon.colcon_core.shell:Skip shell extension 'dsv' for command environment
[0.738s] INFO:colcon.colcon_ros.task.ament_cmake.build:Building ROS package in '/home/weng/work/Foreview_ws/src/remote_controller_pkg' with build type 'ament_cmake'
[0.738s] INFO:colcon.colcon_cmake.task.cmake.build:Building CMake package in '/home/weng/work/Foreview_ws/src/remote_controller_pkg'
[0.745s] INFO:colcon.colcon_core.shell:Skip shell extension 'powershell' for command environment: Not usable outside of PowerShell
[0.745s] DEBUG:colcon.colcon_core.shell:Skip shell extension 'dsv' for command environment
[0.768s] INFO:colcon.colcon_ros.task.ament_cmake.build:Building ROS package in '/home/weng/work/Foreview_ws/src/simulate_remote_communication_pkg' with build type 'ament_cmake'
[0.768s] INFO:colcon.colcon_cmake.task.cmake.build:Building CMake package in '/home/weng/work/Foreview_ws/src/simulate_remote_communication_pkg'
[0.776s] INFO:colcon.colcon_core.shell:Skip shell extension 'powershell' for command environment: Not usable outside of PowerShell
[0.776s] DEBUG:colcon.colcon_core.shell:Skip shell extension 'dsv' for command environment
[0.801s] DEBUG:colcon.colcon_core.event_handler.log_command:Invoking command in '/home/weng/work/Foreview_ws/build/data_collection_pkg': CMAKE_PREFIX_PATH=${CMAKE_PREFIX_PATH}:/opt/ros/humble /usr/bin/cmake --build /home/weng/work/Foreview_ws/build/data_collection_pkg -- -j16 -l16
[0.803s] DEBUG:colcon.colcon_core.event_handler.log_command:Invoking command in '/home/weng/work/Foreview_ws/build/dynamixel_controller_pkg': CMAKE_PREFIX_PATH=${CMAKE_PREFIX_PATH}:/opt/ros/humble /usr/bin/cmake --build /home/weng/work/Foreview_ws/build/dynamixel_controller_pkg -- -j16 -l16
[0.805s] DEBUG:colcon.colcon_core.event_handler.log_command:Invoking command in '/home/weng/work/Foreview_ws/build/remote_controller_pkg': CMAKE_PREFIX_PATH=${CMAKE_PREFIX_PATH}:/opt/ros/humble /usr/bin/cmake --build /home/weng/work/Foreview_ws/build/remote_controller_pkg -- -j16 -l16
[0.808s] DEBUG:colcon.colcon_core.event_handler.log_command:Invoking command in '/home/weng/work/Foreview_ws/build/simulate_remote_communication_pkg': CMAKE_PREFIX_PATH=${CMAKE_PREFIX_PATH}:/opt/ros/humble /usr/bin/cmake /home/weng/work/Foreview_ws/src/simulate_remote_communication_pkg -DCMAKE_INSTALL_PREFIX=/home/weng/work/Foreview_ws/install/simulate_remote_communication_pkg
[0.824s] DEBUG:colcon.colcon_core.event_handler.log_command:Invoked command in '/home/weng/work/Foreview_ws/build/data_collection_pkg' returned '0': CMAKE_PREFIX_PATH=${CMAKE_PREFIX_PATH}:/opt/ros/humble /usr/bin/cmake --build /home/weng/work/Foreview_ws/build/data_collection_pkg -- -j16 -l16
[0.850s] DEBUG:colcon.colcon_core.event_handler.log_command:Invoking command in '/home/weng/work/Foreview_ws/build/data_collection_pkg': CMAKE_PREFIX_PATH=${CMAKE_PREFIX_PATH}:/opt/ros/humble /usr/bin/cmake --install /home/weng/work/Foreview_ws/build/data_collection_pkg
[0.858s] Level 1:colcon.colcon_core.environment:create_environment_scripts_only(data_collection_pkg)
[0.860s] DEBUG:colcon.colcon_core.event_handler.log_command:Invoked command in '/home/weng/work/Foreview_ws/build/data_collection_pkg' returned '0': CMAKE_PREFIX_PATH=${CMAKE_PREFIX_PATH}:/opt/ros/humble /usr/bin/cmake --install /home/weng/work/Foreview_ws/build/data_collection_pkg
[0.872s] Level 1:colcon.colcon_core.environment:checking '/home/weng/work/Foreview_ws/install/data_collection_pkg' for CMake module files
[0.872s] Level 1:colcon.colcon_core.environment:checking '/home/weng/work/Foreview_ws/install/data_collection_pkg' for CMake config files
[0.873s] Level 1:colcon.colcon_core.shell:create_environment_hook('data_collection_pkg', 'cmake_prefix_path')
[0.882s] INFO:colcon.colcon_core.shell:Creating environment hook '/home/weng/work/Foreview_ws/install/data_collection_pkg/share/data_collection_pkg/hook/cmake_prefix_path.ps1'
[0.883s] INFO:colcon.colcon_core.shell:Creating environment descriptor '/home/weng/work/Foreview_ws/install/data_collection_pkg/share/data_collection_pkg/hook/cmake_prefix_path.dsv'
[0.883s] INFO:colcon.colcon_core.shell:Creating environment hook '/home/weng/work/Foreview_ws/install/data_collection_pkg/share/data_collection_pkg/hook/cmake_prefix_path.sh'
[0.884s] Level 1:colcon.colcon_core.environment:checking '/home/weng/work/Foreview_ws/install/data_collection_pkg/bin'
[0.884s] Level 1:colcon.colcon_core.environment:checking '/home/weng/work/Foreview_ws/install/data_collection_pkg/lib/pkgconfig/data_collection_pkg.pc'
[0.884s] Level 1:colcon.colcon_core.environment:checking '/home/weng/work/Foreview_ws/install/data_collection_pkg/lib/python3.10/site-packages'
[0.884s] Level 1:colcon.colcon_core.environment:checking '/home/weng/work/Foreview_ws/install/data_collection_pkg/bin'
[0.893s] INFO:colcon.colcon_core.shell:Creating package script '/home/weng/work/Foreview_ws/install/data_collection_pkg/share/data_collection_pkg/package.ps1'
[0.894s] INFO:colcon.colcon_core.shell:Creating package descriptor '/home/weng/work/Foreview_ws/install/data_collection_pkg/share/data_collection_pkg/package.dsv'
[0.894s] INFO:colcon.colcon_core.shell:Creating package script '/home/weng/work/Foreview_ws/install/data_collection_pkg/share/data_collection_pkg/package.sh'
[0.895s] INFO:colcon.colcon_core.shell:Creating package script '/home/weng/work/Foreview_ws/install/data_collection_pkg/share/data_collection_pkg/package.bash'
[0.895s] INFO:colcon.colcon_core.shell:Creating package script '/home/weng/work/Foreview_ws/install/data_collection_pkg/share/data_collection_pkg/package.zsh'
[0.895s] Level 1:colcon.colcon_core.environment:create_file_with_runtime_dependencies(/home/weng/work/Foreview_ws/install/data_collection_pkg/share/colcon-core/packages/data_collection_pkg)
[0.921s] Level 1:colcon.colcon_core.environment:create_environment_scripts_only(data_collection_pkg)
[0.931s] Level 1:colcon.colcon_core.environment:checking '/home/weng/work/Foreview_ws/install/data_collection_pkg' for CMake module files
[0.931s] Level 1:colcon.colcon_core.environment:checking '/home/weng/work/Foreview_ws/install/data_collection_pkg' for CMake config files
[0.932s] Level 1:colcon.colcon_core.shell:create_environment_hook('data_collection_pkg', 'cmake_prefix_path')
[0.939s] INFO:colcon.colcon_core.shell:Creating environment hook '/home/weng/work/Foreview_ws/install/data_collection_pkg/share/data_collection_pkg/hook/cmake_prefix_path.ps1'
[0.940s] INFO:colcon.colcon_core.shell:Creating environment descriptor '/home/weng/work/Foreview_ws/install/data_collection_pkg/share/data_collection_pkg/hook/cmake_prefix_path.dsv'
[0.940s] INFO:colcon.colcon_core.shell:Creating environment hook '/home/weng/work/Foreview_ws/install/data_collection_pkg/share/data_collection_pkg/hook/cmake_prefix_path.sh'
[0.940s] Level 1:colcon.colcon_core.environment:checking '/home/weng/work/Foreview_ws/install/data_collection_pkg/bin'
[0.940s] Level 1:colcon.colcon_core.environment:checking '/home/weng/work/Foreview_ws/install/data_collection_pkg/lib/pkgconfig/data_collection_pkg.pc'
[0.940s] Level 1:colcon.colcon_core.environment:checking '/home/weng/work/Foreview_ws/install/data_collection_pkg/lib/python3.10/site-packages'
[0.941s] Level 1:colcon.colcon_core.environment:checking '/home/weng/work/Foreview_ws/install/data_collection_pkg/bin'
[0.949s] INFO:colcon.colcon_core.shell:Creating package script '/home/weng/work/Foreview_ws/install/data_collection_pkg/share/data_collection_pkg/package.ps1'
[0.950s] INFO:colcon.colcon_core.shell:Creating package descriptor '/home/weng/work/Foreview_ws/install/data_collection_pkg/share/data_collection_pkg/package.dsv'
[0.950s] INFO:colcon.colcon_core.shell:Creating package script '/home/weng/work/Foreview_ws/install/data_collection_pkg/share/data_collection_pkg/package.sh'
[0.950s] INFO:colcon.colcon_core.shell:Creating package script '/home/weng/work/Foreview_ws/install/data_collection_pkg/share/data_collection_pkg/package.bash'
[0.951s] INFO:colcon.colcon_core.shell:Creating package script '/home/weng/work/Foreview_ws/install/data_collection_pkg/share/data_collection_pkg/package.zsh'
[0.951s] Level 1:colcon.colcon_core.environment:create_file_with_runtime_dependencies(/home/weng/work/Foreview_ws/install/data_collection_pkg/share/colcon-core/packages/data_collection_pkg)
[1.026s] DEBUG:colcon.colcon_core.event_handler.log_command:Invoked command in '/home/weng/work/Foreview_ws/build/dynamixel_controller_pkg' returned '0': CMAKE_PREFIX_PATH=${CMAKE_PREFIX_PATH}:/opt/ros/humble /usr/bin/cmake --build /home/weng/work/Foreview_ws/build/dynamixel_controller_pkg -- -j16 -l16
[1.027s] DEBUG:colcon.colcon_core.event_handler.log_command:Invoked command in '/home/weng/work/Foreview_ws/build/remote_controller_pkg' returned '0': CMAKE_PREFIX_PATH=${CMAKE_PREFIX_PATH}:/opt/ros/humble /usr/bin/cmake --build /home/weng/work/Foreview_ws/build/remote_controller_pkg -- -j16 -l16
[1.066s] DEBUG:colcon.colcon_core.event_handler.log_command:Invoking command in '/home/weng/work/Foreview_ws/build/remote_controller_pkg': CMAKE_PREFIX_PATH=${CMAKE_PREFIX_PATH}:/opt/ros/humble /usr/bin/cmake --install /home/weng/work/Foreview_ws/build/remote_controller_pkg
[1.067s] DEBUG:colcon.colcon_core.event_handler.log_command:Invoking command in '/home/weng/work/Foreview_ws/build/dynamixel_controller_pkg': CMAKE_PREFIX_PATH=${CMAKE_PREFIX_PATH}:/opt/ros/humble /usr/bin/cmake --install /home/weng/work/Foreview_ws/build/dynamixel_controller_pkg
[1.101s] Level 1:colcon.colcon_core.environment:create_environment_scripts_only(dynamixel_controller_pkg)
[1.102s] DEBUG:colcon.colcon_core.event_handler.log_command:Invoked command in '/home/weng/work/Foreview_ws/build/dynamixel_controller_pkg' returned '0': CMAKE_PREFIX_PATH=${CMAKE_PREFIX_PATH}:/opt/ros/humble /usr/bin/cmake --install /home/weng/work/Foreview_ws/build/dynamixel_controller_pkg
[1.110s] Level 1:colcon.colcon_core.environment:checking '/home/weng/work/Foreview_ws/install/dynamixel_controller_pkg' for CMake module files
[1.111s] Level 1:colcon.colcon_core.environment:checking '/home/weng/work/Foreview_ws/install/dynamixel_controller_pkg' for CMake config files
[1.111s] Level 1:colcon.colcon_core.shell:create_environment_hook('dynamixel_controller_pkg', 'cmake_prefix_path')
[1.119s] INFO:colcon.colcon_core.shell:Creating environment hook '/home/weng/work/Foreview_ws/install/dynamixel_controller_pkg/share/dynamixel_controller_pkg/hook/cmake_prefix_path.ps1'
[1.119s] INFO:colcon.colcon_core.shell:Creating environment descriptor '/home/weng/work/Foreview_ws/install/dynamixel_controller_pkg/share/dynamixel_controller_pkg/hook/cmake_prefix_path.dsv'
[1.120s] INFO:colcon.colcon_core.shell:Creating environment hook '/home/weng/work/Foreview_ws/install/dynamixel_controller_pkg/share/dynamixel_controller_pkg/hook/cmake_prefix_path.sh'
[1.120s] Level 1:colcon.colcon_core.environment:checking '/home/weng/work/Foreview_ws/install/dynamixel_controller_pkg/lib'
[1.120s] Level 1:colcon.colcon_core.shell:create_environment_hook('dynamixel_controller_pkg', 'ld_library_path_lib')
[1.135s] INFO:colcon.colcon_core.shell:Creating environment hook '/home/weng/work/Foreview_ws/install/dynamixel_controller_pkg/share/dynamixel_controller_pkg/hook/ld_library_path_lib.ps1'
[1.135s] INFO:colcon.colcon_core.shell:Creating environment descriptor '/home/weng/work/Foreview_ws/install/dynamixel_controller_pkg/share/dynamixel_controller_pkg/hook/ld_library_path_lib.dsv'
[1.135s] INFO:colcon.colcon_core.shell:Creating environment hook '/home/weng/work/Foreview_ws/install/dynamixel_controller_pkg/share/dynamixel_controller_pkg/hook/ld_library_path_lib.sh'
[1.135s] Level 1:colcon.colcon_core.environment:checking '/home/weng/work/Foreview_ws/install/dynamixel_controller_pkg/bin'
[1.136s] Level 1:colcon.colcon_core.environment:checking '/home/weng/work/Foreview_ws/install/dynamixel_controller_pkg/lib/pkgconfig/dynamixel_controller_pkg.pc'
[1.136s] Level 1:colcon.colcon_core.environment:checking '/home/weng/work/Foreview_ws/install/dynamixel_controller_pkg/lib/python3.10/site-packages'
[1.136s] Level 1:colcon.colcon_core.environment:checking '/home/weng/work/Foreview_ws/install/dynamixel_controller_pkg/bin'
[1.144s] INFO:colcon.colcon_core.shell:Creating package script '/home/weng/work/Foreview_ws/install/dynamixel_controller_pkg/share/dynamixel_controller_pkg/package.ps1'
[1.144s] INFO:colcon.colcon_core.shell:Creating package descriptor '/home/weng/work/Foreview_ws/install/dynamixel_controller_pkg/share/dynamixel_controller_pkg/package.dsv'
[1.144s] INFO:colcon.colcon_core.shell:Creating package script '/home/weng/work/Foreview_ws/install/dynamixel_controller_pkg/share/dynamixel_controller_pkg/package.sh'
[1.145s] INFO:colcon.colcon_core.shell:Creating package script '/home/weng/work/Foreview_ws/install/dynamixel_controller_pkg/share/dynamixel_controller_pkg/package.bash'
[1.145s] INFO:colcon.colcon_core.shell:Creating package script '/home/weng/work/Foreview_ws/install/dynamixel_controller_pkg/share/dynamixel_controller_pkg/package.zsh'
[1.145s] Level 1:colcon.colcon_core.environment:create_file_with_runtime_dependencies(/home/weng/work/Foreview_ws/install/dynamixel_controller_pkg/share/colcon-core/packages/dynamixel_controller_pkg)
[1.146s] Level 1:colcon.colcon_core.environment:create_environment_scripts_only(remote_controller_pkg)
[1.146s] DEBUG:colcon.colcon_core.event_handler.log_command:Invoked command in '/home/weng/work/Foreview_ws/build/remote_controller_pkg' returned '0': CMAKE_PREFIX_PATH=${CMAKE_PREFIX_PATH}:/opt/ros/humble /usr/bin/cmake --install /home/weng/work/Foreview_ws/build/remote_controller_pkg
[1.155s] Level 1:colcon.colcon_core.environment:checking '/home/weng/work/Foreview_ws/install/remote_controller_pkg' for CMake module files
[1.155s] Level 1:colcon.colcon_core.environment:checking '/home/weng/work/Foreview_ws/install/remote_controller_pkg' for CMake config files
[1.155s] Level 1:colcon.colcon_core.shell:create_environment_hook('remote_controller_pkg', 'cmake_prefix_path')
[1.163s] INFO:colcon.colcon_core.shell:Creating environment hook '/home/weng/work/Foreview_ws/install/remote_controller_pkg/share/remote_controller_pkg/hook/cmake_prefix_path.ps1'
[1.163s] INFO:colcon.colcon_core.shell:Creating environment descriptor '/home/weng/work/Foreview_ws/install/remote_controller_pkg/share/remote_controller_pkg/hook/cmake_prefix_path.dsv'
[1.163s] INFO:colcon.colcon_core.shell:Creating environment hook '/home/weng/work/Foreview_ws/install/remote_controller_pkg/share/remote_controller_pkg/hook/cmake_prefix_path.sh'
[1.164s] Level 1:colcon.colcon_core.environment:checking '/home/weng/work/Foreview_ws/install/remote_controller_pkg/lib'
[1.164s] Level 1:colcon.colcon_core.shell:create_environment_hook('remote_controller_pkg', 'ld_library_path_lib')
[1.172s] INFO:colcon.colcon_core.shell:Creating environment hook '/home/weng/work/Foreview_ws/install/remote_controller_pkg/share/remote_controller_pkg/hook/ld_library_path_lib.ps1'
[1.172s] INFO:colcon.colcon_core.shell:Creating environment descriptor '/home/weng/work/Foreview_ws/install/remote_controller_pkg/share/remote_controller_pkg/hook/ld_library_path_lib.dsv'
[1.173s] INFO:colcon.colcon_core.shell:Creating environment hook '/home/weng/work/Foreview_ws/install/remote_controller_pkg/share/remote_controller_pkg/hook/ld_library_path_lib.sh'
[1.173s] Level 1:colcon.colcon_core.environment:checking '/home/weng/work/Foreview_ws/install/remote_controller_pkg/bin'
[1.173s] Level 1:colcon.colcon_core.environment:checking '/home/weng/work/Foreview_ws/install/remote_controller_pkg/lib/pkgconfig/remote_controller_pkg.pc'
[1.173s] Level 1:colcon.colcon_core.environment:checking '/home/weng/work/Foreview_ws/install/remote_controller_pkg/lib/python3.10/site-packages'
[1.173s] Level 1:colcon.colcon_core.environment:checking '/home/weng/work/Foreview_ws/install/remote_controller_pkg/bin'
[1.181s] INFO:colcon.colcon_core.shell:Creating package script '/home/weng/work/Foreview_ws/install/remote_controller_pkg/share/remote_controller_pkg/package.ps1'
[1.182s] INFO:colcon.colcon_core.shell:Creating package descriptor '/home/weng/work/Foreview_ws/install/remote_controller_pkg/share/remote_controller_pkg/package.dsv'
[1.182s] INFO:colcon.colcon_core.shell:Creating package script '/home/weng/work/Foreview_ws/install/remote_controller_pkg/share/remote_controller_pkg/package.sh'
[1.182s] INFO:colcon.colcon_core.shell:Creating package script '/home/weng/work/Foreview_ws/install/remote_controller_pkg/share/remote_controller_pkg/package.bash'
[1.182s] INFO:colcon.colcon_core.shell:Creating package script '/home/weng/work/Foreview_ws/install/remote_controller_pkg/share/remote_controller_pkg/package.zsh'
[1.183s] Level 1:colcon.colcon_core.environment:create_file_with_runtime_dependencies(/home/weng/work/Foreview_ws/install/remote_controller_pkg/share/colcon-core/packages/remote_controller_pkg)
[1.192s] Level 1:colcon.colcon_core.environment:create_environment_scripts_only(dynamixel_controller_pkg)
[1.200s] Level 1:colcon.colcon_core.environment:checking '/home/weng/work/Foreview_ws/install/dynamixel_controller_pkg' for CMake module files
[1.200s] Level 1:colcon.colcon_core.environment:checking '/home/weng/work/Foreview_ws/install/dynamixel_controller_pkg' for CMake config files
[1.201s] Level 1:colcon.colcon_core.shell:create_environment_hook('dynamixel_controller_pkg', 'cmake_prefix_path')
[1.209s] INFO:colcon.colcon_core.shell:Creating environment hook '/home/weng/work/Foreview_ws/install/dynamixel_controller_pkg/share/dynamixel_controller_pkg/hook/cmake_prefix_path.ps1'
[1.210s] INFO:colcon.colcon_core.shell:Creating environment descriptor '/home/weng/work/Foreview_ws/install/dynamixel_controller_pkg/share/dynamixel_controller_pkg/hook/cmake_prefix_path.dsv'
[1.210s] INFO:colcon.colcon_core.shell:Creating environment hook '/home/weng/work/Foreview_ws/install/dynamixel_controller_pkg/share/dynamixel_controller_pkg/hook/cmake_prefix_path.sh'
[1.210s] Level 1:colcon.colcon_core.environment:checking '/home/weng/work/Foreview_ws/install/dynamixel_controller_pkg/lib'
[1.210s] Level 1:colcon.colcon_core.shell:create_environment_hook('dynamixel_controller_pkg', 'ld_library_path_lib')
[1.218s] INFO:colcon.colcon_core.shell:Creating environment hook '/home/weng/work/Foreview_ws/install/dynamixel_controller_pkg/share/dynamixel_controller_pkg/hook/ld_library_path_lib.ps1'
[1.219s] INFO:colcon.colcon_core.shell:Creating environment descriptor '/home/weng/work/Foreview_ws/install/dynamixel_controller_pkg/share/dynamixel_controller_pkg/hook/ld_library_path_lib.dsv'
[1.219s] INFO:colcon.colcon_core.shell:Creating environment hook '/home/weng/work/Foreview_ws/install/dynamixel_controller_pkg/share/dynamixel_controller_pkg/hook/ld_library_path_lib.sh'
[1.219s] Level 1:colcon.colcon_core.environment:checking '/home/weng/work/Foreview_ws/install/dynamixel_controller_pkg/bin'
[1.219s] Level 1:colcon.colcon_core.environment:checking '/home/weng/work/Foreview_ws/install/dynamixel_controller_pkg/lib/pkgconfig/dynamixel_controller_pkg.pc'
[1.219s] Level 1:colcon.colcon_core.environment:checking '/home/weng/work/Foreview_ws/install/dynamixel_controller_pkg/lib/python3.10/site-packages'
[1.219s] Level 1:colcon.colcon_core.environment:checking '/home/weng/work/Foreview_ws/install/dynamixel_controller_pkg/bin'
[1.228s] INFO:colcon.colcon_core.shell:Creating package script '/home/weng/work/Foreview_ws/install/dynamixel_controller_pkg/share/dynamixel_controller_pkg/package.ps1'
[1.228s] INFO:colcon.colcon_core.shell:Creating package descriptor '/home/weng/work/Foreview_ws/install/dynamixel_controller_pkg/share/dynamixel_controller_pkg/package.dsv'
[1.229s] INFO:colcon.colcon_core.shell:Creating package script '/home/weng/work/Foreview_ws/install/dynamixel_controller_pkg/share/dynamixel_controller_pkg/package.sh'
[1.229s] INFO:colcon.colcon_core.shell:Creating package script '/home/weng/work/Foreview_ws/install/dynamixel_controller_pkg/share/dynamixel_controller_pkg/package.bash'
[1.229s] INFO:colcon.colcon_core.shell:Creating package script '/home/weng/work/Foreview_ws/install/dynamixel_controller_pkg/share/dynamixel_controller_pkg/package.zsh'
[1.230s] Level 1:colcon.colcon_core.environment:create_file_with_runtime_dependencies(/home/weng/work/Foreview_ws/install/dynamixel_controller_pkg/share/colcon-core/packages/dynamixel_controller_pkg)
[1.238s] Level 1:colcon.colcon_core.environment:create_environment_scripts_only(remote_controller_pkg)
[1.245s] Level 1:colcon.colcon_core.environment:checking '/home/weng/work/Foreview_ws/install/remote_controller_pkg' for CMake module files
[1.246s] Level 1:colcon.colcon_core.environment:checking '/home/weng/work/Foreview_ws/install/remote_controller_pkg' for CMake config files
[1.246s] Level 1:colcon.colcon_core.shell:create_environment_hook('remote_controller_pkg', 'cmake_prefix_path')
[1.253s] INFO:colcon.colcon_core.shell:Creating environment hook '/home/weng/work/Foreview_ws/install/remote_controller_pkg/share/remote_controller_pkg/hook/cmake_prefix_path.ps1'
[1.254s] INFO:colcon.colcon_core.shell:Creating environment descriptor '/home/weng/work/Foreview_ws/install/remote_controller_pkg/share/remote_controller_pkg/hook/cmake_prefix_path.dsv'
[1.254s] INFO:colcon.colcon_core.shell:Creating environment hook '/home/weng/work/Foreview_ws/install/remote_controller_pkg/share/remote_controller_pkg/hook/cmake_prefix_path.sh'
[1.254s] Level 1:colcon.colcon_core.environment:checking '/home/weng/work/Foreview_ws/install/remote_controller_pkg/lib'
[1.254s] Level 1:colcon.colcon_core.shell:create_environment_hook('remote_controller_pkg', 'ld_library_path_lib')
[1.261s] INFO:colcon.colcon_core.shell:Creating environment hook '/home/weng/work/Foreview_ws/install/remote_controller_pkg/share/remote_controller_pkg/hook/ld_library_path_lib.ps1'
[1.262s] INFO:colcon.colcon_core.shell:Creating environment descriptor '/home/weng/work/Foreview_ws/install/remote_controller_pkg/share/remote_controller_pkg/hook/ld_library_path_lib.dsv'
[1.262s] INFO:colcon.colcon_core.shell:Creating environment hook '/home/weng/work/Foreview_ws/install/remote_controller_pkg/share/remote_controller_pkg/hook/ld_library_path_lib.sh'
[1.262s] Level 1:colcon.colcon_core.environment:checking '/home/weng/work/Foreview_ws/install/remote_controller_pkg/bin'
[1.262s] Level 1:colcon.colcon_core.environment:checking '/home/weng/work/Foreview_ws/install/remote_controller_pkg/lib/pkgconfig/remote_controller_pkg.pc'
[1.262s] Level 1:colcon.colcon_core.environment:checking '/home/weng/work/Foreview_ws/install/remote_controller_pkg/lib/python3.10/site-packages'
[1.262s] Level 1:colcon.colcon_core.environment:checking '/home/weng/work/Foreview_ws/install/remote_controller_pkg/bin'
[1.270s] INFO:colcon.colcon_core.shell:Creating package script '/home/weng/work/Foreview_ws/install/remote_controller_pkg/share/remote_controller_pkg/package.ps1'
[1.270s] INFO:colcon.colcon_core.shell:Creating package descriptor '/home/weng/work/Foreview_ws/install/remote_controller_pkg/share/remote_controller_pkg/package.dsv'
[1.270s] INFO:colcon.colcon_core.shell:Creating package script '/home/weng/work/Foreview_ws/install/remote_controller_pkg/share/remote_controller_pkg/package.sh'
[1.270s] INFO:colcon.colcon_core.shell:Creating package script '/home/weng/work/Foreview_ws/install/remote_controller_pkg/share/remote_controller_pkg/package.bash'
[1.271s] INFO:colcon.colcon_core.shell:Creating package script '/home/weng/work/Foreview_ws/install/remote_controller_pkg/share/remote_controller_pkg/package.zsh'
[1.271s] Level 1:colcon.colcon_core.environment:create_file_with_runtime_dependencies(/home/weng/work/Foreview_ws/install/remote_controller_pkg/share/colcon-core/packages/remote_controller_pkg)
[1.272s] DEBUG:colcon.colcon_core.event_handler.log_command:Invoked command in '/home/weng/work/Foreview_ws/build/simulate_remote_communication_pkg' returned '0': CMAKE_PREFIX_PATH=${CMAKE_PREFIX_PATH}:/opt/ros/humble /usr/bin/cmake /home/weng/work/Foreview_ws/src/simulate_remote_communication_pkg -DCMAKE_INSTALL_PREFIX=/home/weng/work/Foreview_ws/install/simulate_remote_communication_pkg
[1.273s] DEBUG:colcon.colcon_core.event_handler.log_command:Invoking command in '/home/weng/work/Foreview_ws/build/simulate_remote_communication_pkg': CMAKE_PREFIX_PATH=${CMAKE_PREFIX_PATH}:/opt/ros/humble /usr/bin/cmake --build /home/weng/work/Foreview_ws/build/simulate_remote_communication_pkg -- -j16 -l16
[1.295s] DEBUG:colcon.colcon_core.event_handler.log_command:Invoked command in '/home/weng/work/Foreview_ws/build/simulate_remote_communication_pkg' returned '0': CMAKE_PREFIX_PATH=${CMAKE_PREFIX_PATH}:/opt/ros/humble /usr/bin/cmake --build /home/weng/work/Foreview_ws/build/simulate_remote_communication_pkg -- -j16 -l16
[1.312s] DEBUG:colcon.colcon_core.event_handler.log_command:Invoking command in '/home/weng/work/Foreview_ws/build/simulate_remote_communication_pkg': CMAKE_PREFIX_PATH=${CMAKE_PREFIX_PATH}:/opt/ros/humble /usr/bin/cmake --install /home/weng/work/Foreview_ws/build/simulate_remote_communication_pkg
[1.326s] Level 1:colcon.colcon_core.environment:create_environment_scripts_only(simulate_remote_communication_pkg)
[1.326s] DEBUG:colcon.colcon_core.event_handler.log_command:Invoked command in '/home/weng/work/Foreview_ws/build/simulate_remote_communication_pkg' returned '0': CMAKE_PREFIX_PATH=${CMAKE_PREFIX_PATH}:/opt/ros/humble /usr/bin/cmake --install /home/weng/work/Foreview_ws/build/simulate_remote_communication_pkg
[1.339s] Level 1:colcon.colcon_core.environment:checking '/home/weng/work/Foreview_ws/install/simulate_remote_communication_pkg' for CMake module files
[1.340s] Level 1:colcon.colcon_core.environment:checking '/home/weng/work/Foreview_ws/install/simulate_remote_communication_pkg' for CMake config files
[1.340s] Level 1:colcon.colcon_core.shell:create_environment_hook('simulate_remote_communication_pkg', 'cmake_prefix_path')
[1.348s] INFO:colcon.colcon_core.shell:Creating environment hook '/home/weng/work/Foreview_ws/install/simulate_remote_communication_pkg/share/simulate_remote_communication_pkg/hook/cmake_prefix_path.ps1'
[1.348s] INFO:colcon.colcon_core.shell:Creating environment descriptor '/home/weng/work/Foreview_ws/install/simulate_remote_communication_pkg/share/simulate_remote_communication_pkg/hook/cmake_prefix_path.dsv'
[1.348s] INFO:colcon.colcon_core.shell:Creating environment hook '/home/weng/work/Foreview_ws/install/simulate_remote_communication_pkg/share/simulate_remote_communication_pkg/hook/cmake_prefix_path.sh'
[1.349s] Level 1:colcon.colcon_core.environment:checking '/home/weng/work/Foreview_ws/install/simulate_remote_communication_pkg/bin'
[1.349s] Level 1:colcon.colcon_core.environment:checking '/home/weng/work/Foreview_ws/install/simulate_remote_communication_pkg/lib/pkgconfig/simulate_remote_communication_pkg.pc'
[1.349s] Level 1:colcon.colcon_core.environment:checking '/home/weng/work/Foreview_ws/install/simulate_remote_communication_pkg/lib/python3.10/site-packages'
[1.349s] Level 1:colcon.colcon_core.environment:checking '/home/weng/work/Foreview_ws/install/simulate_remote_communication_pkg/bin'
[1.356s] INFO:colcon.colcon_core.shell:Creating package script '/home/weng/work/Foreview_ws/install/simulate_remote_communication_pkg/share/simulate_remote_communication_pkg/package.ps1'
[1.356s] INFO:colcon.colcon_core.shell:Creating package descriptor '/home/weng/work/Foreview_ws/install/simulate_remote_communication_pkg/share/simulate_remote_communication_pkg/package.dsv'
[1.357s] INFO:colcon.colcon_core.shell:Creating package script '/home/weng/work/Foreview_ws/install/simulate_remote_communication_pkg/share/simulate_remote_communication_pkg/package.sh'
[1.357s] INFO:colcon.colcon_core.shell:Creating package script '/home/weng/work/Foreview_ws/install/simulate_remote_communication_pkg/share/simulate_remote_communication_pkg/package.bash'
[1.357s] INFO:colcon.colcon_core.shell:Creating package script '/home/weng/work/Foreview_ws/install/simulate_remote_communication_pkg/share/simulate_remote_communication_pkg/package.zsh'
[1.357s] Level 1:colcon.colcon_core.environment:create_file_with_runtime_dependencies(/home/weng/work/Foreview_ws/install/simulate_remote_communication_pkg/share/colcon-core/packages/simulate_remote_communication_pkg)
[1.377s] Level 1:colcon.colcon_core.environment:create_environment_scripts_only(simulate_remote_communication_pkg)
[1.385s] Level 1:colcon.colcon_core.environment:checking '/home/weng/work/Foreview_ws/install/simulate_remote_communication_pkg' for CMake module files
[1.385s] Level 1:colcon.colcon_core.environment:checking '/home/weng/work/Foreview_ws/install/simulate_remote_communication_pkg' for CMake config files
[1.385s] Level 1:colcon.colcon_core.shell:create_environment_hook('simulate_remote_communication_pkg', 'cmake_prefix_path')
[1.393s] INFO:colcon.colcon_core.shell:Creating environment hook '/home/weng/work/Foreview_ws/install/simulate_remote_communication_pkg/share/simulate_remote_communication_pkg/hook/cmake_prefix_path.ps1'
[1.393s] INFO:colcon.colcon_core.shell:Creating environment descriptor '/home/weng/work/Foreview_ws/install/simulate_remote_communication_pkg/share/simulate_remote_communication_pkg/hook/cmake_prefix_path.dsv'
[1.393s] INFO:colcon.colcon_core.shell:Creating environment hook '/home/weng/work/Foreview_ws/install/simulate_remote_communication_pkg/share/simulate_remote_communication_pkg/hook/cmake_prefix_path.sh'
[1.394s] Level 1:colcon.colcon_core.environment:checking '/home/weng/work/Foreview_ws/install/simulate_remote_communication_pkg/bin'
[1.394s] Level 1:colcon.colcon_core.environment:checking '/home/weng/work/Foreview_ws/install/simulate_remote_communication_pkg/lib/pkgconfig/simulate_remote_communication_pkg.pc'
[1.394s] Level 1:colcon.colcon_core.environment:checking '/home/weng/work/Foreview_ws/install/simulate_remote_communication_pkg/lib/python3.10/site-packages'
[1.394s] Level 1:colcon.colcon_core.environment:checking '/home/weng/work/Foreview_ws/install/simulate_remote_communication_pkg/bin'
[1.401s] INFO:colcon.colcon_core.shell:Creating package script '/home/weng/work/Foreview_ws/install/simulate_remote_communication_pkg/share/simulate_remote_communication_pkg/package.ps1'
[1.401s] INFO:colcon.colcon_core.shell:Creating package descriptor '/home/weng/work/Foreview_ws/install/simulate_remote_communication_pkg/share/simulate_remote_communication_pkg/package.dsv'
[1.402s] INFO:colcon.colcon_core.shell:Creating package script '/home/weng/work/Foreview_ws/install/simulate_remote_communication_pkg/share/simulate_remote_communication_pkg/package.sh'
[1.402s] INFO:colcon.colcon_core.shell:Creating package script '/home/weng/work/Foreview_ws/install/simulate_remote_communication_pkg/share/simulate_remote_communication_pkg/package.bash'
[1.402s] INFO:colcon.colcon_core.shell:Creating package script '/home/weng/work/Foreview_ws/install/simulate_remote_communication_pkg/share/simulate_remote_communication_pkg/package.zsh'
[1.402s] Level 1:colcon.colcon_core.environment:create_file_with_runtime_dependencies(/home/weng/work/Foreview_ws/install/simulate_remote_communication_pkg/share/colcon-core/packages/simulate_remote_communication_pkg)
[1.402s] DEBUG:colcon.colcon_parallel_executor.executor.parallel:closing loop
[1.403s] DEBUG:colcon.colcon_parallel_executor.executor.parallel:loop closed
[1.403s] DEBUG:colcon.colcon_parallel_executor.executor.parallel:run_until_complete finished with '0'
[1.403s] DEBUG:colcon.colcon_core.event_reactor:joining thread
[1.417s] INFO:colcon.colcon_core.plugin_system:Skipping extension 'colcon_notification.desktop_notification.notify_send': Could not find 'notify-send'
[1.417s] INFO:colcon.colcon_core.plugin_system:Skipping extension 'colcon_notification.desktop_notification.terminal_notifier': Not used on non-Darwin systems
[1.417s] INFO:colcon.colcon_core.plugin_system:Skipping extension 'colcon_notification.desktop_notification.win32': Not used on non-Windows systems
[1.417s] INFO:colcon.colcon_notification.desktop_notification:Sending desktop notification using 'notify2'
[1.424s] DEBUG:colcon.colcon_core.event_reactor:joined thread
[1.435s] INFO:colcon.colcon_core.shell:Creating prefix script '/home/weng/work/Foreview_ws/install/local_setup.ps1'
[1.436s] INFO:colcon.colcon_core.shell:Creating prefix util module '/home/weng/work/Foreview_ws/install/_local_setup_util_ps1.py'
[1.437s] INFO:colcon.colcon_core.shell:Creating prefix chain script '/home/weng/work/Foreview_ws/install/setup.ps1'
[1.445s] INFO:colcon.colcon_core.shell:Creating prefix script '/home/weng/work/Foreview_ws/install/local_setup.sh'
[1.445s] INFO:colcon.colcon_core.shell:Creating prefix util module '/home/weng/work/Foreview_ws/install/_local_setup_util_sh.py'
[1.445s] INFO:colcon.colcon_core.shell:Creating prefix chain script '/home/weng/work/Foreview_ws/install/setup.sh'
[1.453s] INFO:colcon.colcon_core.shell:Creating prefix script '/home/weng/work/Foreview_ws/install/local_setup.bash'
[1.454s] INFO:colcon.colcon_core.shell:Creating prefix chain script '/home/weng/work/Foreview_ws/install/setup.bash'
[1.462s] INFO:colcon.colcon_core.shell:Creating prefix script '/home/weng/work/Foreview_ws/install/local_setup.zsh'
[1.462s] INFO:colcon.colcon_core.shell:Creating prefix chain script '/home/weng/work/Foreview_ws/install/setup.zsh'
