[0.111s] Invoking command in '/home/orin/work/Foreview_ws/build/dynamixel_controller_pkg': /usr/local/bin/cmake --build /home/orin/work/Foreview_ws/build/dynamixel_controller_pkg -- -j12 -l12
[0.193s] [  3%] Built target dynamixel_controller_pkg__cpp
[0.194s] [ 12%] Built target dynamixel_controller_pkg__rosidl_generator_c
[0.202s] [ 12%] Built target ament_cmake_python_copy_dynamixel_controller_pkg
[0.221s] [ 22%] Built target dynamixel_controller_pkg__rosidl_typesupport_introspection_cpp
[0.227s] [ 32%] Built target dynamixel_controller_pkg__rosidl_typesupport_c
[0.228s] [ 41%] Built target dynamixel_controller_pkg__rosidl_typesupport_introspection_c
[0.228s] [ 51%] Built target dynamixel_controller_pkg__rosidl_typesupport_cpp
[0.228s] [ 61%] Built target dynamixel_controller_pkg__rosidl_typesupport_fastrtps_cpp
[0.231s] [ 70%] Built target dynamixel_controller_pkg__rosidl_typesupport_fastrtps_c
[0.253s] [ 70%] Built target dynamixel_controller_pkg
[0.269s] [ 74%] Built target dynamixel_controller_pkg__py
[0.288s] [ 80%] Built target dynamixel_controller_pkg__rosidl_generator_py
[0.310s] [ 93%] Built target dynamixel_controller_pkg__rosidl_typesupport_introspection_c__pyext
[0.311s] [ 93%] Built target dynamixel_controller_pkg__rosidl_typesupport_fastrtps_c__pyext
[0.311s] [100%] Built target dynamixel_controller_pkg__rosidl_typesupport_c__pyext
[0.554s] running egg_info
[0.584s] writing dynamixel_controller_pkg.egg-info/PKG-INFO
[0.585s] writing dependency_links to dynamixel_controller_pkg.egg-info/dependency_links.txt
[0.585s] writing top-level names to dynamixel_controller_pkg.egg-info/top_level.txt
[0.668s] reading manifest file 'dynamixel_controller_pkg.egg-info/SOURCES.txt'
[0.669s] writing manifest file 'dynamixel_controller_pkg.egg-info/SOURCES.txt'
[0.718s] [100%] Built target ament_cmake_python_build_dynamixel_controller_pkg_egg
[0.735s] Invoked command in '/home/orin/work/Foreview_ws/build/dynamixel_controller_pkg' returned '0': /usr/local/bin/cmake --build /home/orin/work/Foreview_ws/build/dynamixel_controller_pkg -- -j12 -l12
[0.859s] Invoking command in '/home/orin/work/Foreview_ws/build/dynamixel_controller_pkg': /usr/local/bin/cmake --install /home/orin/work/Foreview_ws/build/dynamixel_controller_pkg
[0.907s] -- Install configuration: ""
[0.907s] -- Up-to-date: /home/orin/work/Foreview_ws/install/dynamixel_controller_pkg/share/ament_index/resource_index/rosidl_interfaces/dynamixel_controller_pkg
[0.907s] -- Up-to-date: /home/orin/work/Foreview_ws/install/dynamixel_controller_pkg/include/dynamixel_controller_pkg/dynamixel_controller_pkg
[0.907s] -- Up-to-date: /home/orin/work/Foreview_ws/install/dynamixel_controller_pkg/include/dynamixel_controller_pkg/dynamixel_controller_pkg/msg
[0.907s] -- Up-to-date: /home/orin/work/Foreview_ws/install/dynamixel_controller_pkg/include/dynamixel_controller_pkg/dynamixel_controller_pkg/msg/rosidl_generator_c__visibility_control.h
[0.907s] -- Up-to-date: /home/orin/work/Foreview_ws/install/dynamixel_controller_pkg/include/dynamixel_controller_pkg/dynamixel_controller_pkg/msg/detail
[0.908s] -- Up-to-date: /home/orin/work/Foreview_ws/install/dynamixel_controller_pkg/include/dynamixel_controller_pkg/dynamixel_controller_pkg/msg/detail/motor_speeds__functions.h
[0.908s] -- Up-to-date: /home/orin/work/Foreview_ws/install/dynamixel_controller_pkg/include/dynamixel_controller_pkg/dynamixel_controller_pkg/msg/detail/motor_speeds__type_support.h
[0.908s] -- Up-to-date: /home/orin/work/Foreview_ws/install/dynamixel_controller_pkg/include/dynamixel_controller_pkg/dynamixel_controller_pkg/msg/detail/motor_speeds__functions.c
[0.908s] -- Up-to-date: /home/orin/work/Foreview_ws/install/dynamixel_controller_pkg/include/dynamixel_controller_pkg/dynamixel_controller_pkg/msg/detail/motor_speeds__struct.h
[0.908s] -- Up-to-date: /home/orin/work/Foreview_ws/install/dynamixel_controller_pkg/include/dynamixel_controller_pkg/dynamixel_controller_pkg/msg/motor_speeds.h
[0.908s] -- Up-to-date: /home/orin/work/Foreview_ws/install/dynamixel_controller_pkg/share/dynamixel_controller_pkg/environment/library_path.sh
[0.908s] -- Up-to-date: /home/orin/work/Foreview_ws/install/dynamixel_controller_pkg/share/dynamixel_controller_pkg/environment/library_path.dsv
[0.908s] -- Up-to-date: /home/orin/work/Foreview_ws/install/dynamixel_controller_pkg/lib/libdynamixel_controller_pkg__rosidl_generator_c.so
[0.909s] -- Up-to-date: /home/orin/work/Foreview_ws/install/dynamixel_controller_pkg/include/dynamixel_controller_pkg/dynamixel_controller_pkg
[0.909s] -- Up-to-date: /home/orin/work/Foreview_ws/install/dynamixel_controller_pkg/include/dynamixel_controller_pkg/dynamixel_controller_pkg/msg
[0.909s] -- Up-to-date: /home/orin/work/Foreview_ws/install/dynamixel_controller_pkg/include/dynamixel_controller_pkg/dynamixel_controller_pkg/msg/detail
[0.909s] -- Up-to-date: /home/orin/work/Foreview_ws/install/dynamixel_controller_pkg/include/dynamixel_controller_pkg/dynamixel_controller_pkg/msg/detail/motor_speeds__rosidl_typesupport_fastrtps_c.h
[0.909s] -- Up-to-date: /home/orin/work/Foreview_ws/install/dynamixel_controller_pkg/include/dynamixel_controller_pkg/dynamixel_controller_pkg/msg/rosidl_typesupport_fastrtps_c__visibility_control.h
[0.909s] -- Up-to-date: /home/orin/work/Foreview_ws/install/dynamixel_controller_pkg/lib/libdynamixel_controller_pkg__rosidl_typesupport_fastrtps_c.so
[0.909s] -- Up-to-date: /home/orin/work/Foreview_ws/install/dynamixel_controller_pkg/include/dynamixel_controller_pkg/dynamixel_controller_pkg
[0.910s] -- Up-to-date: /home/orin/work/Foreview_ws/install/dynamixel_controller_pkg/include/dynamixel_controller_pkg/dynamixel_controller_pkg/msg
[0.910s] -- Up-to-date: /home/orin/work/Foreview_ws/install/dynamixel_controller_pkg/include/dynamixel_controller_pkg/dynamixel_controller_pkg/msg/detail
[0.910s] -- Up-to-date: /home/orin/work/Foreview_ws/install/dynamixel_controller_pkg/include/dynamixel_controller_pkg/dynamixel_controller_pkg/msg/detail/motor_speeds__traits.hpp
[0.910s] -- Up-to-date: /home/orin/work/Foreview_ws/install/dynamixel_controller_pkg/include/dynamixel_controller_pkg/dynamixel_controller_pkg/msg/detail/motor_speeds__struct.hpp
[0.910s] -- Up-to-date: /home/orin/work/Foreview_ws/install/dynamixel_controller_pkg/include/dynamixel_controller_pkg/dynamixel_controller_pkg/msg/detail/motor_speeds__builder.hpp
[0.910s] -- Up-to-date: /home/orin/work/Foreview_ws/install/dynamixel_controller_pkg/include/dynamixel_controller_pkg/dynamixel_controller_pkg/msg/motor_speeds.hpp
[0.910s] -- Up-to-date: /home/orin/work/Foreview_ws/install/dynamixel_controller_pkg/include/dynamixel_controller_pkg/dynamixel_controller_pkg
[0.910s] -- Up-to-date: /home/orin/work/Foreview_ws/install/dynamixel_controller_pkg/include/dynamixel_controller_pkg/dynamixel_controller_pkg/msg
[0.911s] -- Up-to-date: /home/orin/work/Foreview_ws/install/dynamixel_controller_pkg/include/dynamixel_controller_pkg/dynamixel_controller_pkg/msg/detail
[0.911s] -- Up-to-date: /home/orin/work/Foreview_ws/install/dynamixel_controller_pkg/include/dynamixel_controller_pkg/dynamixel_controller_pkg/msg/detail/dds_fastrtps
[0.911s] -- Up-to-date: /home/orin/work/Foreview_ws/install/dynamixel_controller_pkg/include/dynamixel_controller_pkg/dynamixel_controller_pkg/msg/detail/motor_speeds__rosidl_typesupport_fastrtps_cpp.hpp
[0.911s] -- Up-to-date: /home/orin/work/Foreview_ws/install/dynamixel_controller_pkg/include/dynamixel_controller_pkg/dynamixel_controller_pkg/msg/rosidl_typesupport_fastrtps_cpp__visibility_control.h
[0.911s] -- Up-to-date: /home/orin/work/Foreview_ws/install/dynamixel_controller_pkg/lib/libdynamixel_controller_pkg__rosidl_typesupport_fastrtps_cpp.so
[0.911s] -- Up-to-date: /home/orin/work/Foreview_ws/install/dynamixel_controller_pkg/include/dynamixel_controller_pkg/dynamixel_controller_pkg
[0.911s] -- Up-to-date: /home/orin/work/Foreview_ws/install/dynamixel_controller_pkg/include/dynamixel_controller_pkg/dynamixel_controller_pkg/msg
[0.911s] -- Up-to-date: /home/orin/work/Foreview_ws/install/dynamixel_controller_pkg/include/dynamixel_controller_pkg/dynamixel_controller_pkg/msg/detail
[0.911s] -- Up-to-date: /home/orin/work/Foreview_ws/install/dynamixel_controller_pkg/include/dynamixel_controller_pkg/dynamixel_controller_pkg/msg/detail/motor_speeds__rosidl_typesupport_introspection_c.h
[0.911s] -- Up-to-date: /home/orin/work/Foreview_ws/install/dynamixel_controller_pkg/include/dynamixel_controller_pkg/dynamixel_controller_pkg/msg/detail/motor_speeds__type_support.c
[0.912s] -- Up-to-date: /home/orin/work/Foreview_ws/install/dynamixel_controller_pkg/include/dynamixel_controller_pkg/dynamixel_controller_pkg/msg/rosidl_typesupport_introspection_c__visibility_control.h
[0.912s] -- Up-to-date: /home/orin/work/Foreview_ws/install/dynamixel_controller_pkg/lib/libdynamixel_controller_pkg__rosidl_typesupport_introspection_c.so
[0.914s] -- Up-to-date: /home/orin/work/Foreview_ws/install/dynamixel_controller_pkg/lib/libdynamixel_controller_pkg__rosidl_typesupport_c.so
[0.914s] -- Up-to-date: /home/orin/work/Foreview_ws/install/dynamixel_controller_pkg/include/dynamixel_controller_pkg/dynamixel_controller_pkg
[0.914s] -- Up-to-date: /home/orin/work/Foreview_ws/install/dynamixel_controller_pkg/include/dynamixel_controller_pkg/dynamixel_controller_pkg/msg
[0.915s] -- Up-to-date: /home/orin/work/Foreview_ws/install/dynamixel_controller_pkg/include/dynamixel_controller_pkg/dynamixel_controller_pkg/msg/detail
[0.915s] -- Up-to-date: /home/orin/work/Foreview_ws/install/dynamixel_controller_pkg/include/dynamixel_controller_pkg/dynamixel_controller_pkg/msg/detail/motor_speeds__type_support.cpp
[0.915s] -- Up-to-date: /home/orin/work/Foreview_ws/install/dynamixel_controller_pkg/include/dynamixel_controller_pkg/dynamixel_controller_pkg/msg/detail/motor_speeds__rosidl_typesupport_introspection_cpp.hpp
[0.915s] -- Up-to-date: /home/orin/work/Foreview_ws/install/dynamixel_controller_pkg/lib/libdynamixel_controller_pkg__rosidl_typesupport_introspection_cpp.so
[0.915s] -- Up-to-date: /home/orin/work/Foreview_ws/install/dynamixel_controller_pkg/lib/libdynamixel_controller_pkg__rosidl_typesupport_cpp.so
[0.915s] -- Up-to-date: /home/orin/work/Foreview_ws/install/dynamixel_controller_pkg/share/dynamixel_controller_pkg/environment/pythonpath.sh
[0.915s] -- Up-to-date: /home/orin/work/Foreview_ws/install/dynamixel_controller_pkg/share/dynamixel_controller_pkg/environment/pythonpath.dsv
[0.915s] -- Up-to-date: /home/orin/work/Foreview_ws/install/dynamixel_controller_pkg/lib/python3.8/site-packages/dynamixel_controller_pkg-0.0.0-py3.8.egg-info
[0.915s] -- Installing: /home/orin/work/Foreview_ws/install/dynamixel_controller_pkg/lib/python3.8/site-packages/dynamixel_controller_pkg-0.0.0-py3.8.egg-info/PKG-INFO
[0.916s] -- Installing: /home/orin/work/Foreview_ws/install/dynamixel_controller_pkg/lib/python3.8/site-packages/dynamixel_controller_pkg-0.0.0-py3.8.egg-info/top_level.txt
[0.916s] -- Installing: /home/orin/work/Foreview_ws/install/dynamixel_controller_pkg/lib/python3.8/site-packages/dynamixel_controller_pkg-0.0.0-py3.8.egg-info/SOURCES.txt
[0.916s] -- Installing: /home/orin/work/Foreview_ws/install/dynamixel_controller_pkg/lib/python3.8/site-packages/dynamixel_controller_pkg-0.0.0-py3.8.egg-info/dependency_links.txt
[0.916s] -- Up-to-date: /home/orin/work/Foreview_ws/install/dynamixel_controller_pkg/lib/python3.8/site-packages/dynamixel_controller_pkg
[0.916s] -- Up-to-date: /home/orin/work/Foreview_ws/install/dynamixel_controller_pkg/lib/python3.8/site-packages/dynamixel_controller_pkg/__init__.py
[0.916s] -- Up-to-date: /home/orin/work/Foreview_ws/install/dynamixel_controller_pkg/lib/python3.8/site-packages/dynamixel_controller_pkg/dynamixel_controller_pkg_s__rosidl_typesupport_fastrtps_c.cpython-38-aarch64-linux-gnu.so
[0.916s] -- Up-to-date: /home/orin/work/Foreview_ws/install/dynamixel_controller_pkg/lib/python3.8/site-packages/dynamixel_controller_pkg/dynamixel_controller_pkg_s__rosidl_typesupport_introspection_c.cpython-38-aarch64-linux-gnu.so
[0.916s] -- Up-to-date: /home/orin/work/Foreview_ws/install/dynamixel_controller_pkg/lib/python3.8/site-packages/dynamixel_controller_pkg/dynamixel_controller_pkg_s__rosidl_typesupport_c.cpython-38-aarch64-linux-gnu.so
[0.916s] -- Up-to-date: /home/orin/work/Foreview_ws/install/dynamixel_controller_pkg/lib/python3.8/site-packages/dynamixel_controller_pkg/libdynamixel_controller_pkg__rosidl_generator_py.so
[0.916s] -- Up-to-date: /home/orin/work/Foreview_ws/install/dynamixel_controller_pkg/lib/python3.8/site-packages/dynamixel_controller_pkg/msg
[0.917s] -- Up-to-date: /home/orin/work/Foreview_ws/install/dynamixel_controller_pkg/lib/python3.8/site-packages/dynamixel_controller_pkg/msg/__init__.py
[0.917s] -- Up-to-date: /home/orin/work/Foreview_ws/install/dynamixel_controller_pkg/lib/python3.8/site-packages/dynamixel_controller_pkg/msg/_motor_speeds.py
[0.917s] -- Up-to-date: /home/orin/work/Foreview_ws/install/dynamixel_controller_pkg/lib/python3.8/site-packages/dynamixel_controller_pkg/msg/_motor_speeds_s.c
[0.917s] -- Up-to-date: /home/orin/work/Foreview_ws/install/dynamixel_controller_pkg/lib/python3.8/site-packages/dynamixel_controller_pkg/_dynamixel_controller_pkg_s.ep.rosidl_typesupport_c.c
[0.917s] -- Up-to-date: /home/orin/work/Foreview_ws/install/dynamixel_controller_pkg/lib/python3.8/site-packages/dynamixel_controller_pkg/_dynamixel_controller_pkg_s.ep.rosidl_typesupport_fastrtps_c.c
[0.917s] -- Up-to-date: /home/orin/work/Foreview_ws/install/dynamixel_controller_pkg/lib/python3.8/site-packages/dynamixel_controller_pkg/_dynamixel_controller_pkg_s.ep.rosidl_typesupport_introspection_c.c
[0.962s] Listing '/home/orin/work/Foreview_ws/install/dynamixel_controller_pkg/lib/python3.8/site-packages/dynamixel_controller_pkg'...
[0.963s] Listing '/home/orin/work/Foreview_ws/install/dynamixel_controller_pkg/lib/python3.8/site-packages/dynamixel_controller_pkg/msg'...
[0.972s] -- Up-to-date: /home/orin/work/Foreview_ws/install/dynamixel_controller_pkg/lib/python3.8/site-packages/dynamixel_controller_pkg/dynamixel_controller_pkg_s__rosidl_typesupport_fastrtps_c.cpython-38-aarch64-linux-gnu.so
[0.972s] -- Up-to-date: /home/orin/work/Foreview_ws/install/dynamixel_controller_pkg/lib/python3.8/site-packages/dynamixel_controller_pkg/dynamixel_controller_pkg_s__rosidl_typesupport_introspection_c.cpython-38-aarch64-linux-gnu.so
[0.972s] -- Up-to-date: /home/orin/work/Foreview_ws/install/dynamixel_controller_pkg/lib/python3.8/site-packages/dynamixel_controller_pkg/dynamixel_controller_pkg_s__rosidl_typesupport_c.cpython-38-aarch64-linux-gnu.so
[0.973s] -- Up-to-date: /home/orin/work/Foreview_ws/install/dynamixel_controller_pkg/lib/libdynamixel_controller_pkg__rosidl_generator_py.so
[0.973s] -- Up-to-date: /home/orin/work/Foreview_ws/install/dynamixel_controller_pkg/share/dynamixel_controller_pkg/msg/MotorSpeeds.idl
[0.973s] -- Up-to-date: /home/orin/work/Foreview_ws/install/dynamixel_controller_pkg/share/dynamixel_controller_pkg/msg/MotorSpeeds.msg
[0.973s] -- Up-to-date: /home/orin/work/Foreview_ws/install/dynamixel_controller_pkg/share/ament_index/resource_index/package_run_dependencies/dynamixel_controller_pkg
[0.973s] -- Up-to-date: /home/orin/work/Foreview_ws/install/dynamixel_controller_pkg/share/ament_index/resource_index/parent_prefix_path/dynamixel_controller_pkg
[0.974s] -- Up-to-date: /home/orin/work/Foreview_ws/install/dynamixel_controller_pkg/share/dynamixel_controller_pkg/environment/ament_prefix_path.sh
[0.974s] -- Up-to-date: /home/orin/work/Foreview_ws/install/dynamixel_controller_pkg/share/dynamixel_controller_pkg/environment/ament_prefix_path.dsv
[0.974s] -- Up-to-date: /home/orin/work/Foreview_ws/install/dynamixel_controller_pkg/share/dynamixel_controller_pkg/environment/path.sh
[0.974s] -- Up-to-date: /home/orin/work/Foreview_ws/install/dynamixel_controller_pkg/share/dynamixel_controller_pkg/environment/path.dsv
[0.974s] -- Up-to-date: /home/orin/work/Foreview_ws/install/dynamixel_controller_pkg/share/dynamixel_controller_pkg/local_setup.bash
[0.974s] -- Up-to-date: /home/orin/work/Foreview_ws/install/dynamixel_controller_pkg/share/dynamixel_controller_pkg/local_setup.sh
[0.975s] -- Up-to-date: /home/orin/work/Foreview_ws/install/dynamixel_controller_pkg/share/dynamixel_controller_pkg/local_setup.zsh
[0.975s] -- Up-to-date: /home/orin/work/Foreview_ws/install/dynamixel_controller_pkg/share/dynamixel_controller_pkg/local_setup.dsv
[0.975s] -- Installing: /home/orin/work/Foreview_ws/install/dynamixel_controller_pkg/share/dynamixel_controller_pkg/package.dsv
[0.975s] -- Up-to-date: /home/orin/work/Foreview_ws/install/dynamixel_controller_pkg/share/ament_index/resource_index/packages/dynamixel_controller_pkg
[0.975s] -- Up-to-date: /home/orin/work/Foreview_ws/install/dynamixel_controller_pkg/share/dynamixel_controller_pkg/cmake/export_dynamixel_controller_pkg__rosidl_generator_cExport.cmake
[0.975s] -- Up-to-date: /home/orin/work/Foreview_ws/install/dynamixel_controller_pkg/share/dynamixel_controller_pkg/cmake/export_dynamixel_controller_pkg__rosidl_generator_cExport-noconfig.cmake
[0.975s] -- Up-to-date: /home/orin/work/Foreview_ws/install/dynamixel_controller_pkg/share/dynamixel_controller_pkg/cmake/export_dynamixel_controller_pkg__rosidl_typesupport_fastrtps_cExport.cmake
[0.975s] -- Up-to-date: /home/orin/work/Foreview_ws/install/dynamixel_controller_pkg/share/dynamixel_controller_pkg/cmake/export_dynamixel_controller_pkg__rosidl_typesupport_fastrtps_cExport-noconfig.cmake
[0.976s] -- Up-to-date: /home/orin/work/Foreview_ws/install/dynamixel_controller_pkg/share/dynamixel_controller_pkg/cmake/export_dynamixel_controller_pkg__rosidl_generator_cppExport.cmake
[0.976s] -- Up-to-date: /home/orin/work/Foreview_ws/install/dynamixel_controller_pkg/share/dynamixel_controller_pkg/cmake/export_dynamixel_controller_pkg__rosidl_typesupport_fastrtps_cppExport.cmake
[0.976s] -- Up-to-date: /home/orin/work/Foreview_ws/install/dynamixel_controller_pkg/share/dynamixel_controller_pkg/cmake/export_dynamixel_controller_pkg__rosidl_typesupport_fastrtps_cppExport-noconfig.cmake
[0.976s] -- Up-to-date: /home/orin/work/Foreview_ws/install/dynamixel_controller_pkg/share/dynamixel_controller_pkg/cmake/dynamixel_controller_pkg__rosidl_typesupport_introspection_cExport.cmake
[0.976s] -- Up-to-date: /home/orin/work/Foreview_ws/install/dynamixel_controller_pkg/share/dynamixel_controller_pkg/cmake/dynamixel_controller_pkg__rosidl_typesupport_introspection_cExport-noconfig.cmake
[0.977s] -- Up-to-date: /home/orin/work/Foreview_ws/install/dynamixel_controller_pkg/share/dynamixel_controller_pkg/cmake/dynamixel_controller_pkg__rosidl_typesupport_cExport.cmake
[0.977s] -- Up-to-date: /home/orin/work/Foreview_ws/install/dynamixel_controller_pkg/share/dynamixel_controller_pkg/cmake/dynamixel_controller_pkg__rosidl_typesupport_cExport-noconfig.cmake
[0.977s] -- Up-to-date: /home/orin/work/Foreview_ws/install/dynamixel_controller_pkg/share/dynamixel_controller_pkg/cmake/dynamixel_controller_pkg__rosidl_typesupport_introspection_cppExport.cmake
[0.977s] -- Up-to-date: /home/orin/work/Foreview_ws/install/dynamixel_controller_pkg/share/dynamixel_controller_pkg/cmake/dynamixel_controller_pkg__rosidl_typesupport_introspection_cppExport-noconfig.cmake
[0.977s] -- Up-to-date: /home/orin/work/Foreview_ws/install/dynamixel_controller_pkg/share/dynamixel_controller_pkg/cmake/dynamixel_controller_pkg__rosidl_typesupport_cppExport.cmake
[0.977s] -- Up-to-date: /home/orin/work/Foreview_ws/install/dynamixel_controller_pkg/share/dynamixel_controller_pkg/cmake/dynamixel_controller_pkg__rosidl_typesupport_cppExport-noconfig.cmake
[0.977s] -- Up-to-date: /home/orin/work/Foreview_ws/install/dynamixel_controller_pkg/share/dynamixel_controller_pkg/cmake/export_dynamixel_controller_pkg__rosidl_generator_pyExport.cmake
[0.977s] -- Up-to-date: /home/orin/work/Foreview_ws/install/dynamixel_controller_pkg/share/dynamixel_controller_pkg/cmake/export_dynamixel_controller_pkg__rosidl_generator_pyExport-noconfig.cmake
[0.978s] -- Up-to-date: /home/orin/work/Foreview_ws/install/dynamixel_controller_pkg/share/dynamixel_controller_pkg/cmake/rosidl_cmake-extras.cmake
[0.978s] -- Up-to-date: /home/orin/work/Foreview_ws/install/dynamixel_controller_pkg/share/dynamixel_controller_pkg/cmake/ament_cmake_export_dependencies-extras.cmake
[0.978s] -- Up-to-date: /home/orin/work/Foreview_ws/install/dynamixel_controller_pkg/share/dynamixel_controller_pkg/cmake/ament_cmake_export_include_directories-extras.cmake
[0.978s] -- Up-to-date: /home/orin/work/Foreview_ws/install/dynamixel_controller_pkg/share/dynamixel_controller_pkg/cmake/ament_cmake_export_libraries-extras.cmake
[0.978s] -- Up-to-date: /home/orin/work/Foreview_ws/install/dynamixel_controller_pkg/share/dynamixel_controller_pkg/cmake/ament_cmake_export_targets-extras.cmake
[0.978s] -- Up-to-date: /home/orin/work/Foreview_ws/install/dynamixel_controller_pkg/share/dynamixel_controller_pkg/cmake/rosidl_cmake_export_typesupport_targets-extras.cmake
[0.978s] -- Up-to-date: /home/orin/work/Foreview_ws/install/dynamixel_controller_pkg/share/dynamixel_controller_pkg/cmake/rosidl_cmake_export_typesupport_libraries-extras.cmake
[0.978s] -- Up-to-date: /home/orin/work/Foreview_ws/install/dynamixel_controller_pkg/share/dynamixel_controller_pkg/cmake/dynamixel_controller_pkgConfig.cmake
[0.979s] -- Up-to-date: /home/orin/work/Foreview_ws/install/dynamixel_controller_pkg/share/dynamixel_controller_pkg/cmake/dynamixel_controller_pkgConfig-version.cmake
[0.979s] -- Up-to-date: /home/orin/work/Foreview_ws/install/dynamixel_controller_pkg/share/dynamixel_controller_pkg/package.xml
[0.996s] Invoked command in '/home/orin/work/Foreview_ws/build/dynamixel_controller_pkg' returned '0': /usr/local/bin/cmake --install /home/orin/work/Foreview_ws/build/dynamixel_controller_pkg
