[0.082s] Invoking command in '/home/orin/work/Foreview_ws/build/remote_controller_pkg': /usr/local/bin/cmake --build /home/orin/work/Foreview_ws/build/remote_controller_pkg -- -j12 -l12
[0.204s] [  3%] Built target remote_controller_pkg__cpp
[0.212s] [  3%] Built target ament_cmake_python_copy_remote_controller_pkg
[0.221s] [ 12%] Built target remote_controller_pkg__rosidl_generator_c
[0.247s] [ 22%] Built target remote_controller_pkg__rosidl_typesupport_fastrtps_cpp
[0.250s] [ 32%] Built target remote_controller_pkg__rosidl_typesupport_introspection_cpp
[0.253s] [ 41%] Built target remote_controller_pkg__rosidl_typesupport_cpp
[0.256s] [ 51%] Built target remote_controller_pkg__rosidl_typesupport_introspection_c
[0.264s] [ 61%] Built target remote_controller_pkg__rosidl_typesupport_fastrtps_c
[0.267s] [ 70%] Built target remote_controller_pkg__rosidl_typesupport_c
[0.287s] [ 70%] Built target remote_controller_pkg
[0.304s] [ 74%] Built target remote_controller_pkg__py
[0.331s] [ 80%] Built target remote_controller_pkg__rosidl_generator_py
[0.363s] [ 87%] Built target remote_controller_pkg__rosidl_typesupport_fastrtps_c__pyext
[0.363s] [100%] Built target remote_controller_pkg__rosidl_typesupport_introspection_c__pyext
[0.363s] [100%] Built target remote_controller_pkg__rosidl_typesupport_c__pyext
[0.573s] running egg_info
[0.602s] writing remote_controller_pkg.egg-info/PKG-INFO
[0.602s] writing dependency_links to remote_controller_pkg.egg-info/dependency_links.txt
[0.602s] writing top-level names to remote_controller_pkg.egg-info/top_level.txt
[0.686s] reading manifest file 'remote_controller_pkg.egg-info/SOURCES.txt'
[0.687s] writing manifest file 'remote_controller_pkg.egg-info/SOURCES.txt'
[0.737s] [100%] Built target ament_cmake_python_build_remote_controller_pkg_egg
[0.765s] Invoked command in '/home/orin/work/Foreview_ws/build/remote_controller_pkg' returned '0': /usr/local/bin/cmake --build /home/orin/work/Foreview_ws/build/remote_controller_pkg -- -j12 -l12
[0.891s] Invoking command in '/home/orin/work/Foreview_ws/build/remote_controller_pkg': /usr/local/bin/cmake --install /home/orin/work/Foreview_ws/build/remote_controller_pkg
[0.933s] -- Install configuration: ""
[0.934s] -- Up-to-date: /home/orin/work/Foreview_ws/install/remote_controller_pkg/share/ament_index/resource_index/rosidl_interfaces/remote_controller_pkg
[0.934s] -- Up-to-date: /home/orin/work/Foreview_ws/install/remote_controller_pkg/include/remote_controller_pkg/remote_controller_pkg
[0.935s] -- Up-to-date: /home/orin/work/Foreview_ws/install/remote_controller_pkg/include/remote_controller_pkg/remote_controller_pkg/msg
[0.935s] -- Up-to-date: /home/orin/work/Foreview_ws/install/remote_controller_pkg/include/remote_controller_pkg/remote_controller_pkg/msg/rosidl_generator_c__visibility_control.h
[0.935s] -- Up-to-date: /home/orin/work/Foreview_ws/install/remote_controller_pkg/include/remote_controller_pkg/remote_controller_pkg/msg/detail
[0.935s] -- Up-to-date: /home/orin/work/Foreview_ws/install/remote_controller_pkg/include/remote_controller_pkg/remote_controller_pkg/msg/detail/motor_speeds__functions.h
[0.935s] -- Up-to-date: /home/orin/work/Foreview_ws/install/remote_controller_pkg/include/remote_controller_pkg/remote_controller_pkg/msg/detail/motor_speeds__type_support.h
[0.936s] -- Up-to-date: /home/orin/work/Foreview_ws/install/remote_controller_pkg/include/remote_controller_pkg/remote_controller_pkg/msg/detail/motor_speeds__functions.c
[0.936s] -- Up-to-date: /home/orin/work/Foreview_ws/install/remote_controller_pkg/include/remote_controller_pkg/remote_controller_pkg/msg/detail/motor_speeds__struct.h
[0.936s] -- Up-to-date: /home/orin/work/Foreview_ws/install/remote_controller_pkg/include/remote_controller_pkg/remote_controller_pkg/msg/motor_speeds.h
[0.936s] -- Up-to-date: /home/orin/work/Foreview_ws/install/remote_controller_pkg/share/remote_controller_pkg/environment/library_path.sh
[0.936s] -- Up-to-date: /home/orin/work/Foreview_ws/install/remote_controller_pkg/share/remote_controller_pkg/environment/library_path.dsv
[0.937s] -- Up-to-date: /home/orin/work/Foreview_ws/install/remote_controller_pkg/lib/libremote_controller_pkg__rosidl_generator_c.so
[0.937s] -- Up-to-date: /home/orin/work/Foreview_ws/install/remote_controller_pkg/include/remote_controller_pkg/remote_controller_pkg
[0.937s] -- Up-to-date: /home/orin/work/Foreview_ws/install/remote_controller_pkg/include/remote_controller_pkg/remote_controller_pkg/msg
[0.937s] -- Up-to-date: /home/orin/work/Foreview_ws/install/remote_controller_pkg/include/remote_controller_pkg/remote_controller_pkg/msg/detail
[0.937s] -- Up-to-date: /home/orin/work/Foreview_ws/install/remote_controller_pkg/include/remote_controller_pkg/remote_controller_pkg/msg/detail/motor_speeds__rosidl_typesupport_fastrtps_c.h
[0.937s] -- Up-to-date: /home/orin/work/Foreview_ws/install/remote_controller_pkg/include/remote_controller_pkg/remote_controller_pkg/msg/rosidl_typesupport_fastrtps_c__visibility_control.h
[0.938s] -- Up-to-date: /home/orin/work/Foreview_ws/install/remote_controller_pkg/lib/libremote_controller_pkg__rosidl_typesupport_fastrtps_c.so
[0.938s] -- Up-to-date: /home/orin/work/Foreview_ws/install/remote_controller_pkg/include/remote_controller_pkg/remote_controller_pkg
[0.939s] -- Up-to-date: /home/orin/work/Foreview_ws/install/remote_controller_pkg/include/remote_controller_pkg/remote_controller_pkg/msg
[0.939s] -- Up-to-date: /home/orin/work/Foreview_ws/install/remote_controller_pkg/include/remote_controller_pkg/remote_controller_pkg/msg/detail
[0.939s] -- Up-to-date: /home/orin/work/Foreview_ws/install/remote_controller_pkg/include/remote_controller_pkg/remote_controller_pkg/msg/detail/motor_speeds__traits.hpp
[0.939s] -- Up-to-date: /home/orin/work/Foreview_ws/install/remote_controller_pkg/include/remote_controller_pkg/remote_controller_pkg/msg/detail/motor_speeds__struct.hpp
[0.939s] -- Up-to-date: /home/orin/work/Foreview_ws/install/remote_controller_pkg/include/remote_controller_pkg/remote_controller_pkg/msg/detail/motor_speeds__builder.hpp
[0.939s] -- Up-to-date: /home/orin/work/Foreview_ws/install/remote_controller_pkg/include/remote_controller_pkg/remote_controller_pkg/msg/motor_speeds.hpp
[0.940s] -- Up-to-date: /home/orin/work/Foreview_ws/install/remote_controller_pkg/include/remote_controller_pkg/remote_controller_pkg
[0.940s] -- Up-to-date: /home/orin/work/Foreview_ws/install/remote_controller_pkg/include/remote_controller_pkg/remote_controller_pkg/msg
[0.940s] -- Up-to-date: /home/orin/work/Foreview_ws/install/remote_controller_pkg/include/remote_controller_pkg/remote_controller_pkg/msg/detail
[0.941s] -- Up-to-date: /home/orin/work/Foreview_ws/install/remote_controller_pkg/include/remote_controller_pkg/remote_controller_pkg/msg/detail/dds_fastrtps
[0.941s] -- Up-to-date: /home/orin/work/Foreview_ws/install/remote_controller_pkg/include/remote_controller_pkg/remote_controller_pkg/msg/detail/motor_speeds__rosidl_typesupport_fastrtps_cpp.hpp
[0.941s] -- Up-to-date: /home/orin/work/Foreview_ws/install/remote_controller_pkg/include/remote_controller_pkg/remote_controller_pkg/msg/rosidl_typesupport_fastrtps_cpp__visibility_control.h
[0.941s] -- Up-to-date: /home/orin/work/Foreview_ws/install/remote_controller_pkg/lib/libremote_controller_pkg__rosidl_typesupport_fastrtps_cpp.so
[0.941s] -- Up-to-date: /home/orin/work/Foreview_ws/install/remote_controller_pkg/include/remote_controller_pkg/remote_controller_pkg
[0.941s] -- Up-to-date: /home/orin/work/Foreview_ws/install/remote_controller_pkg/include/remote_controller_pkg/remote_controller_pkg/msg
[0.942s] -- Up-to-date: /home/orin/work/Foreview_ws/install/remote_controller_pkg/include/remote_controller_pkg/remote_controller_pkg/msg/detail
[0.942s] -- Up-to-date: /home/orin/work/Foreview_ws/install/remote_controller_pkg/include/remote_controller_pkg/remote_controller_pkg/msg/detail/motor_speeds__rosidl_typesupport_introspection_c.h
[0.942s] -- Up-to-date: /home/orin/work/Foreview_ws/install/remote_controller_pkg/include/remote_controller_pkg/remote_controller_pkg/msg/detail/motor_speeds__type_support.c
[0.942s] -- Up-to-date: /home/orin/work/Foreview_ws/install/remote_controller_pkg/include/remote_controller_pkg/remote_controller_pkg/msg/rosidl_typesupport_introspection_c__visibility_control.h
[0.942s] -- Up-to-date: /home/orin/work/Foreview_ws/install/remote_controller_pkg/lib/libremote_controller_pkg__rosidl_typesupport_introspection_c.so
[0.943s] -- Up-to-date: /home/orin/work/Foreview_ws/install/remote_controller_pkg/lib/libremote_controller_pkg__rosidl_typesupport_c.so
[0.943s] -- Up-to-date: /home/orin/work/Foreview_ws/install/remote_controller_pkg/include/remote_controller_pkg/remote_controller_pkg
[0.943s] -- Up-to-date: /home/orin/work/Foreview_ws/install/remote_controller_pkg/include/remote_controller_pkg/remote_controller_pkg/msg
[0.943s] -- Up-to-date: /home/orin/work/Foreview_ws/install/remote_controller_pkg/include/remote_controller_pkg/remote_controller_pkg/msg/detail
[0.943s] -- Up-to-date: /home/orin/work/Foreview_ws/install/remote_controller_pkg/include/remote_controller_pkg/remote_controller_pkg/msg/detail/motor_speeds__type_support.cpp
[0.943s] -- Up-to-date: /home/orin/work/Foreview_ws/install/remote_controller_pkg/include/remote_controller_pkg/remote_controller_pkg/msg/detail/motor_speeds__rosidl_typesupport_introspection_cpp.hpp
[0.943s] -- Up-to-date: /home/orin/work/Foreview_ws/install/remote_controller_pkg/lib/libremote_controller_pkg__rosidl_typesupport_introspection_cpp.so
[0.943s] -- Up-to-date: /home/orin/work/Foreview_ws/install/remote_controller_pkg/lib/libremote_controller_pkg__rosidl_typesupport_cpp.so
[0.943s] -- Up-to-date: /home/orin/work/Foreview_ws/install/remote_controller_pkg/share/remote_controller_pkg/environment/pythonpath.sh
[0.944s] -- Up-to-date: /home/orin/work/Foreview_ws/install/remote_controller_pkg/share/remote_controller_pkg/environment/pythonpath.dsv
[0.944s] -- Up-to-date: /home/orin/work/Foreview_ws/install/remote_controller_pkg/lib/python3.8/site-packages/remote_controller_pkg-0.0.0-py3.8.egg-info
[0.944s] -- Installing: /home/orin/work/Foreview_ws/install/remote_controller_pkg/lib/python3.8/site-packages/remote_controller_pkg-0.0.0-py3.8.egg-info/PKG-INFO
[0.944s] -- Installing: /home/orin/work/Foreview_ws/install/remote_controller_pkg/lib/python3.8/site-packages/remote_controller_pkg-0.0.0-py3.8.egg-info/top_level.txt
[0.944s] -- Installing: /home/orin/work/Foreview_ws/install/remote_controller_pkg/lib/python3.8/site-packages/remote_controller_pkg-0.0.0-py3.8.egg-info/SOURCES.txt
[0.944s] -- Installing: /home/orin/work/Foreview_ws/install/remote_controller_pkg/lib/python3.8/site-packages/remote_controller_pkg-0.0.0-py3.8.egg-info/dependency_links.txt
[0.944s] -- Up-to-date: /home/orin/work/Foreview_ws/install/remote_controller_pkg/lib/python3.8/site-packages/remote_controller_pkg
[0.945s] -- Up-to-date: /home/orin/work/Foreview_ws/install/remote_controller_pkg/lib/python3.8/site-packages/remote_controller_pkg/remote_controller_pkg_s__rosidl_typesupport_introspection_c.cpython-38-aarch64-linux-gnu.so
[0.945s] -- Up-to-date: /home/orin/work/Foreview_ws/install/remote_controller_pkg/lib/python3.8/site-packages/remote_controller_pkg/__init__.py
[0.945s] -- Up-to-date: /home/orin/work/Foreview_ws/install/remote_controller_pkg/lib/python3.8/site-packages/remote_controller_pkg/remote_controller_pkg_s__rosidl_typesupport_fastrtps_c.cpython-38-aarch64-linux-gnu.so
[0.945s] -- Up-to-date: /home/orin/work/Foreview_ws/install/remote_controller_pkg/lib/python3.8/site-packages/remote_controller_pkg/_remote_controller_pkg_s.ep.rosidl_typesupport_fastrtps_c.c
[0.945s] -- Up-to-date: /home/orin/work/Foreview_ws/install/remote_controller_pkg/lib/python3.8/site-packages/remote_controller_pkg/remote_controller_pkg_s__rosidl_typesupport_c.cpython-38-aarch64-linux-gnu.so
[0.945s] -- Up-to-date: /home/orin/work/Foreview_ws/install/remote_controller_pkg/lib/python3.8/site-packages/remote_controller_pkg/_remote_controller_pkg_s.ep.rosidl_typesupport_introspection_c.c
[0.945s] -- Up-to-date: /home/orin/work/Foreview_ws/install/remote_controller_pkg/lib/python3.8/site-packages/remote_controller_pkg/msg
[0.945s] -- Up-to-date: /home/orin/work/Foreview_ws/install/remote_controller_pkg/lib/python3.8/site-packages/remote_controller_pkg/msg/__init__.py
[0.945s] -- Up-to-date: /home/orin/work/Foreview_ws/install/remote_controller_pkg/lib/python3.8/site-packages/remote_controller_pkg/msg/_motor_speeds.py
[0.946s] -- Up-to-date: /home/orin/work/Foreview_ws/install/remote_controller_pkg/lib/python3.8/site-packages/remote_controller_pkg/msg/_motor_speeds_s.c
[0.946s] -- Up-to-date: /home/orin/work/Foreview_ws/install/remote_controller_pkg/lib/python3.8/site-packages/remote_controller_pkg/libremote_controller_pkg__rosidl_generator_py.so
[0.946s] -- Up-to-date: /home/orin/work/Foreview_ws/install/remote_controller_pkg/lib/python3.8/site-packages/remote_controller_pkg/_remote_controller_pkg_s.ep.rosidl_typesupport_c.c
[0.989s] Listing '/home/orin/work/Foreview_ws/install/remote_controller_pkg/lib/python3.8/site-packages/remote_controller_pkg'...
[0.990s] Listing '/home/orin/work/Foreview_ws/install/remote_controller_pkg/lib/python3.8/site-packages/remote_controller_pkg/msg'...
[0.998s] -- Up-to-date: /home/orin/work/Foreview_ws/install/remote_controller_pkg/lib/python3.8/site-packages/remote_controller_pkg/remote_controller_pkg_s__rosidl_typesupport_fastrtps_c.cpython-38-aarch64-linux-gnu.so
[0.999s] -- Up-to-date: /home/orin/work/Foreview_ws/install/remote_controller_pkg/lib/python3.8/site-packages/remote_controller_pkg/remote_controller_pkg_s__rosidl_typesupport_introspection_c.cpython-38-aarch64-linux-gnu.so
[1.000s] -- Up-to-date: /home/orin/work/Foreview_ws/install/remote_controller_pkg/lib/python3.8/site-packages/remote_controller_pkg/remote_controller_pkg_s__rosidl_typesupport_c.cpython-38-aarch64-linux-gnu.so
[1.001s] -- Up-to-date: /home/orin/work/Foreview_ws/install/remote_controller_pkg/lib/libremote_controller_pkg__rosidl_generator_py.so
[1.001s] -- Up-to-date: /home/orin/work/Foreview_ws/install/remote_controller_pkg/share/remote_controller_pkg/msg/MotorSpeeds.idl
[1.001s] -- Up-to-date: /home/orin/work/Foreview_ws/install/remote_controller_pkg/share/remote_controller_pkg/msg/MotorSpeeds.msg
[1.002s] -- Up-to-date: /home/orin/work/Foreview_ws/install/remote_controller_pkg/share/ament_index/resource_index/package_run_dependencies/remote_controller_pkg
[1.002s] -- Up-to-date: /home/orin/work/Foreview_ws/install/remote_controller_pkg/share/ament_index/resource_index/parent_prefix_path/remote_controller_pkg
[1.003s] -- Up-to-date: /home/orin/work/Foreview_ws/install/remote_controller_pkg/share/remote_controller_pkg/environment/ament_prefix_path.sh
[1.003s] -- Up-to-date: /home/orin/work/Foreview_ws/install/remote_controller_pkg/share/remote_controller_pkg/environment/ament_prefix_path.dsv
[1.004s] -- Up-to-date: /home/orin/work/Foreview_ws/install/remote_controller_pkg/share/remote_controller_pkg/environment/path.sh
[1.004s] -- Up-to-date: /home/orin/work/Foreview_ws/install/remote_controller_pkg/share/remote_controller_pkg/environment/path.dsv
[1.004s] -- Up-to-date: /home/orin/work/Foreview_ws/install/remote_controller_pkg/share/remote_controller_pkg/local_setup.bash
[1.005s] -- Up-to-date: /home/orin/work/Foreview_ws/install/remote_controller_pkg/share/remote_controller_pkg/local_setup.sh
[1.005s] -- Up-to-date: /home/orin/work/Foreview_ws/install/remote_controller_pkg/share/remote_controller_pkg/local_setup.zsh
[1.005s] -- Up-to-date: /home/orin/work/Foreview_ws/install/remote_controller_pkg/share/remote_controller_pkg/local_setup.dsv
[1.006s] -- Installing: /home/orin/work/Foreview_ws/install/remote_controller_pkg/share/remote_controller_pkg/package.dsv
[1.007s] -- Up-to-date: /home/orin/work/Foreview_ws/install/remote_controller_pkg/share/ament_index/resource_index/packages/remote_controller_pkg
[1.008s] -- Up-to-date: /home/orin/work/Foreview_ws/install/remote_controller_pkg/share/remote_controller_pkg/cmake/export_remote_controller_pkg__rosidl_generator_cExport.cmake
[1.009s] -- Up-to-date: /home/orin/work/Foreview_ws/install/remote_controller_pkg/share/remote_controller_pkg/cmake/export_remote_controller_pkg__rosidl_generator_cExport-noconfig.cmake
[1.010s] -- Up-to-date: /home/orin/work/Foreview_ws/install/remote_controller_pkg/share/remote_controller_pkg/cmake/export_remote_controller_pkg__rosidl_typesupport_fastrtps_cExport.cmake
[1.010s] -- Up-to-date: /home/orin/work/Foreview_ws/install/remote_controller_pkg/share/remote_controller_pkg/cmake/export_remote_controller_pkg__rosidl_typesupport_fastrtps_cExport-noconfig.cmake
[1.011s] -- Up-to-date: /home/orin/work/Foreview_ws/install/remote_controller_pkg/share/remote_controller_pkg/cmake/export_remote_controller_pkg__rosidl_generator_cppExport.cmake
[1.011s] -- Up-to-date: /home/orin/work/Foreview_ws/install/remote_controller_pkg/share/remote_controller_pkg/cmake/export_remote_controller_pkg__rosidl_typesupport_fastrtps_cppExport.cmake
[1.011s] -- Up-to-date: /home/orin/work/Foreview_ws/install/remote_controller_pkg/share/remote_controller_pkg/cmake/export_remote_controller_pkg__rosidl_typesupport_fastrtps_cppExport-noconfig.cmake
[1.012s] -- Up-to-date: /home/orin/work/Foreview_ws/install/remote_controller_pkg/share/remote_controller_pkg/cmake/remote_controller_pkg__rosidl_typesupport_introspection_cExport.cmake
[1.012s] -- Up-to-date: /home/orin/work/Foreview_ws/install/remote_controller_pkg/share/remote_controller_pkg/cmake/remote_controller_pkg__rosidl_typesupport_introspection_cExport-noconfig.cmake
[1.012s] -- Up-to-date: /home/orin/work/Foreview_ws/install/remote_controller_pkg/share/remote_controller_pkg/cmake/remote_controller_pkg__rosidl_typesupport_cExport.cmake
[1.012s] -- Up-to-date: /home/orin/work/Foreview_ws/install/remote_controller_pkg/share/remote_controller_pkg/cmake/remote_controller_pkg__rosidl_typesupport_cExport-noconfig.cmake
[1.012s] -- Up-to-date: /home/orin/work/Foreview_ws/install/remote_controller_pkg/share/remote_controller_pkg/cmake/remote_controller_pkg__rosidl_typesupport_introspection_cppExport.cmake
[1.013s] -- Up-to-date: /home/orin/work/Foreview_ws/install/remote_controller_pkg/share/remote_controller_pkg/cmake/remote_controller_pkg__rosidl_typesupport_introspection_cppExport-noconfig.cmake
[1.013s] -- Up-to-date: /home/orin/work/Foreview_ws/install/remote_controller_pkg/share/remote_controller_pkg/cmake/remote_controller_pkg__rosidl_typesupport_cppExport.cmake
[1.013s] -- Up-to-date: /home/orin/work/Foreview_ws/install/remote_controller_pkg/share/remote_controller_pkg/cmake/remote_controller_pkg__rosidl_typesupport_cppExport-noconfig.cmake
[1.013s] -- Up-to-date: /home/orin/work/Foreview_ws/install/remote_controller_pkg/share/remote_controller_pkg/cmake/export_remote_controller_pkg__rosidl_generator_pyExport.cmake
[1.013s] -- Up-to-date: /home/orin/work/Foreview_ws/install/remote_controller_pkg/share/remote_controller_pkg/cmake/export_remote_controller_pkg__rosidl_generator_pyExport-noconfig.cmake
[1.013s] -- Up-to-date: /home/orin/work/Foreview_ws/install/remote_controller_pkg/share/remote_controller_pkg/cmake/rosidl_cmake-extras.cmake
[1.014s] -- Up-to-date: /home/orin/work/Foreview_ws/install/remote_controller_pkg/share/remote_controller_pkg/cmake/ament_cmake_export_dependencies-extras.cmake
[1.014s] -- Up-to-date: /home/orin/work/Foreview_ws/install/remote_controller_pkg/share/remote_controller_pkg/cmake/ament_cmake_export_include_directories-extras.cmake
[1.014s] -- Up-to-date: /home/orin/work/Foreview_ws/install/remote_controller_pkg/share/remote_controller_pkg/cmake/ament_cmake_export_libraries-extras.cmake
[1.015s] -- Up-to-date: /home/orin/work/Foreview_ws/install/remote_controller_pkg/share/remote_controller_pkg/cmake/ament_cmake_export_targets-extras.cmake
[1.015s] -- Up-to-date: /home/orin/work/Foreview_ws/install/remote_controller_pkg/share/remote_controller_pkg/cmake/rosidl_cmake_export_typesupport_targets-extras.cmake
[1.015s] -- Up-to-date: /home/orin/work/Foreview_ws/install/remote_controller_pkg/share/remote_controller_pkg/cmake/rosidl_cmake_export_typesupport_libraries-extras.cmake
[1.015s] -- Up-to-date: /home/orin/work/Foreview_ws/install/remote_controller_pkg/share/remote_controller_pkg/cmake/remote_controller_pkgConfig.cmake
[1.015s] -- Up-to-date: /home/orin/work/Foreview_ws/install/remote_controller_pkg/share/remote_controller_pkg/cmake/remote_controller_pkgConfig-version.cmake
[1.016s] -- Up-to-date: /home/orin/work/Foreview_ws/install/remote_controller_pkg/share/remote_controller_pkg/package.xml
[1.090s] Invoked command in '/home/orin/work/Foreview_ws/build/remote_controller_pkg' returned '0': /usr/local/bin/cmake --install /home/orin/work/Foreview_ws/build/remote_controller_pkg
