[  3%] Built target dynamixel_controller_pkg__cpp
[ 12%] Built target dynamixel_controller_pkg__rosidl_generator_c
[ 12%] Built target ament_cmake_python_copy_dynamixel_controller_pkg
[ 29%] Built target dynamixel_controller_pkg__rosidl_typesupport_introspection_cpp
[ 32%] Built target dynamixel_controller_pkg__rosidl_typesupport_cpp
[ 41%] Built target dynamixel_controller_pkg__rosidl_typesupport_fastrtps_cpp
[ 51%] Built target dynamixel_controller_pkg__rosidl_typesupport_fastrtps_c
[ 61%] Built target dynamixel_controller_pkg__rosidl_typesupport_introspection_c
[ 70%] Built target dynamixel_controller_pkg__rosidl_typesupport_c
[ 70%] Built target dynamixel_controller_pkg
[ 74%] Built target dynamixel_controller_pkg__py
[ 80%] Built target dynamixel_controller_pkg__rosidl_generator_py
[100%] Built target dynamixel_controller_pkg__rosidl_typesupport_introspection_c__pyext
[100%] Built target dynamixel_controller_pkg__rosidl_typesupport_c__pyext
[100%] Built target dynamixel_controller_pkg__rosidl_typesupport_fastrtps_c__pyext
running egg_info
writing dynamixel_controller_pkg.egg-info/PKG-INFO
writing dependency_links to dynamixel_controller_pkg.egg-info/dependency_links.txt
writing top-level names to dynamixel_controller_pkg.egg-info/top_level.txt
reading manifest file 'dynamixel_controller_pkg.egg-info/SOURCES.txt'
writing manifest file 'dynamixel_controller_pkg.egg-info/SOURCES.txt'
[100%] Built target ament_cmake_python_build_dynamixel_controller_pkg_egg
-- Install configuration: ""
-- Up-to-date: /home/orin/work/Foreview_ws/install/dynamixel_controller_pkg/share/ament_index/resource_index/rosidl_interfaces/dynamixel_controller_pkg
-- Up-to-date: /home/orin/work/Foreview_ws/install/dynamixel_controller_pkg/include/dynamixel_controller_pkg/dynamixel_controller_pkg
-- Up-to-date: /home/orin/work/Foreview_ws/install/dynamixel_controller_pkg/include/dynamixel_controller_pkg/dynamixel_controller_pkg/msg
-- Up-to-date: /home/orin/work/Foreview_ws/install/dynamixel_controller_pkg/include/dynamixel_controller_pkg/dynamixel_controller_pkg/msg/rosidl_generator_c__visibility_control.h
-- Up-to-date: /home/orin/work/Foreview_ws/install/dynamixel_controller_pkg/include/dynamixel_controller_pkg/dynamixel_controller_pkg/msg/detail
-- Up-to-date: /home/orin/work/Foreview_ws/install/dynamixel_controller_pkg/include/dynamixel_controller_pkg/dynamixel_controller_pkg/msg/detail/motor_speeds__functions.h
-- Up-to-date: /home/orin/work/Foreview_ws/install/dynamixel_controller_pkg/include/dynamixel_controller_pkg/dynamixel_controller_pkg/msg/detail/motor_speeds__type_support.h
-- Up-to-date: /home/orin/work/Foreview_ws/install/dynamixel_controller_pkg/include/dynamixel_controller_pkg/dynamixel_controller_pkg/msg/detail/motor_speeds__functions.c
-- Up-to-date: /home/orin/work/Foreview_ws/install/dynamixel_controller_pkg/include/dynamixel_controller_pkg/dynamixel_controller_pkg/msg/detail/motor_speeds__struct.h
-- Up-to-date: /home/orin/work/Foreview_ws/install/dynamixel_controller_pkg/include/dynamixel_controller_pkg/dynamixel_controller_pkg/msg/motor_speeds.h
-- Up-to-date: /home/orin/work/Foreview_ws/install/dynamixel_controller_pkg/share/dynamixel_controller_pkg/environment/library_path.sh
-- Up-to-date: /home/orin/work/Foreview_ws/install/dynamixel_controller_pkg/share/dynamixel_controller_pkg/environment/library_path.dsv
-- Up-to-date: /home/orin/work/Foreview_ws/install/dynamixel_controller_pkg/lib/libdynamixel_controller_pkg__rosidl_generator_c.so
-- Up-to-date: /home/orin/work/Foreview_ws/install/dynamixel_controller_pkg/include/dynamixel_controller_pkg/dynamixel_controller_pkg
-- Up-to-date: /home/orin/work/Foreview_ws/install/dynamixel_controller_pkg/include/dynamixel_controller_pkg/dynamixel_controller_pkg/msg
-- Up-to-date: /home/orin/work/Foreview_ws/install/dynamixel_controller_pkg/include/dynamixel_controller_pkg/dynamixel_controller_pkg/msg/detail
-- Up-to-date: /home/orin/work/Foreview_ws/install/dynamixel_controller_pkg/include/dynamixel_controller_pkg/dynamixel_controller_pkg/msg/detail/motor_speeds__rosidl_typesupport_fastrtps_c.h
-- Up-to-date: /home/orin/work/Foreview_ws/install/dynamixel_controller_pkg/include/dynamixel_controller_pkg/dynamixel_controller_pkg/msg/rosidl_typesupport_fastrtps_c__visibility_control.h
-- Up-to-date: /home/orin/work/Foreview_ws/install/dynamixel_controller_pkg/lib/libdynamixel_controller_pkg__rosidl_typesupport_fastrtps_c.so
-- Up-to-date: /home/orin/work/Foreview_ws/install/dynamixel_controller_pkg/include/dynamixel_controller_pkg/dynamixel_controller_pkg
-- Up-to-date: /home/orin/work/Foreview_ws/install/dynamixel_controller_pkg/include/dynamixel_controller_pkg/dynamixel_controller_pkg/msg
-- Up-to-date: /home/orin/work/Foreview_ws/install/dynamixel_controller_pkg/include/dynamixel_controller_pkg/dynamixel_controller_pkg/msg/detail
-- Up-to-date: /home/orin/work/Foreview_ws/install/dynamixel_controller_pkg/include/dynamixel_controller_pkg/dynamixel_controller_pkg/msg/detail/motor_speeds__traits.hpp
-- Up-to-date: /home/orin/work/Foreview_ws/install/dynamixel_controller_pkg/include/dynamixel_controller_pkg/dynamixel_controller_pkg/msg/detail/motor_speeds__struct.hpp
-- Up-to-date: /home/orin/work/Foreview_ws/install/dynamixel_controller_pkg/include/dynamixel_controller_pkg/dynamixel_controller_pkg/msg/detail/motor_speeds__builder.hpp
-- Up-to-date: /home/orin/work/Foreview_ws/install/dynamixel_controller_pkg/include/dynamixel_controller_pkg/dynamixel_controller_pkg/msg/motor_speeds.hpp
-- Up-to-date: /home/orin/work/Foreview_ws/install/dynamixel_controller_pkg/include/dynamixel_controller_pkg/dynamixel_controller_pkg
-- Up-to-date: /home/orin/work/Foreview_ws/install/dynamixel_controller_pkg/include/dynamixel_controller_pkg/dynamixel_controller_pkg/msg
-- Up-to-date: /home/orin/work/Foreview_ws/install/dynamixel_controller_pkg/include/dynamixel_controller_pkg/dynamixel_controller_pkg/msg/detail
-- Up-to-date: /home/orin/work/Foreview_ws/install/dynamixel_controller_pkg/include/dynamixel_controller_pkg/dynamixel_controller_pkg/msg/detail/dds_fastrtps
-- Up-to-date: /home/orin/work/Foreview_ws/install/dynamixel_controller_pkg/include/dynamixel_controller_pkg/dynamixel_controller_pkg/msg/detail/motor_speeds__rosidl_typesupport_fastrtps_cpp.hpp
-- Up-to-date: /home/orin/work/Foreview_ws/install/dynamixel_controller_pkg/include/dynamixel_controller_pkg/dynamixel_controller_pkg/msg/rosidl_typesupport_fastrtps_cpp__visibility_control.h
-- Up-to-date: /home/orin/work/Foreview_ws/install/dynamixel_controller_pkg/lib/libdynamixel_controller_pkg__rosidl_typesupport_fastrtps_cpp.so
-- Up-to-date: /home/orin/work/Foreview_ws/install/dynamixel_controller_pkg/include/dynamixel_controller_pkg/dynamixel_controller_pkg
-- Up-to-date: /home/orin/work/Foreview_ws/install/dynamixel_controller_pkg/include/dynamixel_controller_pkg/dynamixel_controller_pkg/msg
-- Up-to-date: /home/orin/work/Foreview_ws/install/dynamixel_controller_pkg/include/dynamixel_controller_pkg/dynamixel_controller_pkg/msg/detail
-- Up-to-date: /home/orin/work/Foreview_ws/install/dynamixel_controller_pkg/include/dynamixel_controller_pkg/dynamixel_controller_pkg/msg/detail/motor_speeds__rosidl_typesupport_introspection_c.h
-- Up-to-date: /home/orin/work/Foreview_ws/install/dynamixel_controller_pkg/include/dynamixel_controller_pkg/dynamixel_controller_pkg/msg/detail/motor_speeds__type_support.c
-- Up-to-date: /home/orin/work/Foreview_ws/install/dynamixel_controller_pkg/include/dynamixel_controller_pkg/dynamixel_controller_pkg/msg/rosidl_typesupport_introspection_c__visibility_control.h
-- Up-to-date: /home/orin/work/Foreview_ws/install/dynamixel_controller_pkg/lib/libdynamixel_controller_pkg__rosidl_typesupport_introspection_c.so
-- Up-to-date: /home/orin/work/Foreview_ws/install/dynamixel_controller_pkg/lib/libdynamixel_controller_pkg__rosidl_typesupport_c.so
-- Up-to-date: /home/orin/work/Foreview_ws/install/dynamixel_controller_pkg/include/dynamixel_controller_pkg/dynamixel_controller_pkg
-- Up-to-date: /home/orin/work/Foreview_ws/install/dynamixel_controller_pkg/include/dynamixel_controller_pkg/dynamixel_controller_pkg/msg
-- Up-to-date: /home/orin/work/Foreview_ws/install/dynamixel_controller_pkg/include/dynamixel_controller_pkg/dynamixel_controller_pkg/msg/detail
-- Up-to-date: /home/orin/work/Foreview_ws/install/dynamixel_controller_pkg/include/dynamixel_controller_pkg/dynamixel_controller_pkg/msg/detail/motor_speeds__type_support.cpp
-- Up-to-date: /home/orin/work/Foreview_ws/install/dynamixel_controller_pkg/include/dynamixel_controller_pkg/dynamixel_controller_pkg/msg/detail/motor_speeds__rosidl_typesupport_introspection_cpp.hpp
-- Up-to-date: /home/orin/work/Foreview_ws/install/dynamixel_controller_pkg/lib/libdynamixel_controller_pkg__rosidl_typesupport_introspection_cpp.so
-- Up-to-date: /home/orin/work/Foreview_ws/install/dynamixel_controller_pkg/lib/libdynamixel_controller_pkg__rosidl_typesupport_cpp.so
-- Up-to-date: /home/orin/work/Foreview_ws/install/dynamixel_controller_pkg/share/dynamixel_controller_pkg/environment/pythonpath.sh
-- Up-to-date: /home/orin/work/Foreview_ws/install/dynamixel_controller_pkg/share/dynamixel_controller_pkg/environment/pythonpath.dsv
-- Up-to-date: /home/orin/work/Foreview_ws/install/dynamixel_controller_pkg/lib/python3.8/site-packages/dynamixel_controller_pkg-0.0.0-py3.8.egg-info
-- Installing: /home/orin/work/Foreview_ws/install/dynamixel_controller_pkg/lib/python3.8/site-packages/dynamixel_controller_pkg-0.0.0-py3.8.egg-info/PKG-INFO
-- Installing: /home/orin/work/Foreview_ws/install/dynamixel_controller_pkg/lib/python3.8/site-packages/dynamixel_controller_pkg-0.0.0-py3.8.egg-info/top_level.txt
-- Installing: /home/orin/work/Foreview_ws/install/dynamixel_controller_pkg/lib/python3.8/site-packages/dynamixel_controller_pkg-0.0.0-py3.8.egg-info/SOURCES.txt
-- Installing: /home/orin/work/Foreview_ws/install/dynamixel_controller_pkg/lib/python3.8/site-packages/dynamixel_controller_pkg-0.0.0-py3.8.egg-info/dependency_links.txt
-- Up-to-date: /home/orin/work/Foreview_ws/install/dynamixel_controller_pkg/lib/python3.8/site-packages/dynamixel_controller_pkg
-- Up-to-date: /home/orin/work/Foreview_ws/install/dynamixel_controller_pkg/lib/python3.8/site-packages/dynamixel_controller_pkg/__init__.py
-- Up-to-date: /home/orin/work/Foreview_ws/install/dynamixel_controller_pkg/lib/python3.8/site-packages/dynamixel_controller_pkg/dynamixel_controller_pkg_s__rosidl_typesupport_fastrtps_c.cpython-38-aarch64-linux-gnu.so
-- Up-to-date: /home/orin/work/Foreview_ws/install/dynamixel_controller_pkg/lib/python3.8/site-packages/dynamixel_controller_pkg/dynamixel_controller_pkg_s__rosidl_typesupport_introspection_c.cpython-38-aarch64-linux-gnu.so
-- Up-to-date: /home/orin/work/Foreview_ws/install/dynamixel_controller_pkg/lib/python3.8/site-packages/dynamixel_controller_pkg/dynamixel_controller_pkg_s__rosidl_typesupport_c.cpython-38-aarch64-linux-gnu.so
-- Up-to-date: /home/orin/work/Foreview_ws/install/dynamixel_controller_pkg/lib/python3.8/site-packages/dynamixel_controller_pkg/libdynamixel_controller_pkg__rosidl_generator_py.so
-- Up-to-date: /home/orin/work/Foreview_ws/install/dynamixel_controller_pkg/lib/python3.8/site-packages/dynamixel_controller_pkg/msg
-- Up-to-date: /home/orin/work/Foreview_ws/install/dynamixel_controller_pkg/lib/python3.8/site-packages/dynamixel_controller_pkg/msg/__init__.py
-- Up-to-date: /home/orin/work/Foreview_ws/install/dynamixel_controller_pkg/lib/python3.8/site-packages/dynamixel_controller_pkg/msg/_motor_speeds.py
-- Up-to-date: /home/orin/work/Foreview_ws/install/dynamixel_controller_pkg/lib/python3.8/site-packages/dynamixel_controller_pkg/msg/_motor_speeds_s.c
-- Up-to-date: /home/orin/work/Foreview_ws/install/dynamixel_controller_pkg/lib/python3.8/site-packages/dynamixel_controller_pkg/_dynamixel_controller_pkg_s.ep.rosidl_typesupport_c.c
-- Up-to-date: /home/orin/work/Foreview_ws/install/dynamixel_controller_pkg/lib/python3.8/site-packages/dynamixel_controller_pkg/_dynamixel_controller_pkg_s.ep.rosidl_typesupport_fastrtps_c.c
-- Up-to-date: /home/orin/work/Foreview_ws/install/dynamixel_controller_pkg/lib/python3.8/site-packages/dynamixel_controller_pkg/_dynamixel_controller_pkg_s.ep.rosidl_typesupport_introspection_c.c
Listing '/home/orin/work/Foreview_ws/install/dynamixel_controller_pkg/lib/python3.8/site-packages/dynamixel_controller_pkg'...
Listing '/home/orin/work/Foreview_ws/install/dynamixel_controller_pkg/lib/python3.8/site-packages/dynamixel_controller_pkg/msg'...
-- Up-to-date: /home/orin/work/Foreview_ws/install/dynamixel_controller_pkg/lib/python3.8/site-packages/dynamixel_controller_pkg/dynamixel_controller_pkg_s__rosidl_typesupport_fastrtps_c.cpython-38-aarch64-linux-gnu.so
-- Up-to-date: /home/orin/work/Foreview_ws/install/dynamixel_controller_pkg/lib/python3.8/site-packages/dynamixel_controller_pkg/dynamixel_controller_pkg_s__rosidl_typesupport_introspection_c.cpython-38-aarch64-linux-gnu.so
-- Up-to-date: /home/orin/work/Foreview_ws/install/dynamixel_controller_pkg/lib/python3.8/site-packages/dynamixel_controller_pkg/dynamixel_controller_pkg_s__rosidl_typesupport_c.cpython-38-aarch64-linux-gnu.so
-- Up-to-date: /home/orin/work/Foreview_ws/install/dynamixel_controller_pkg/lib/libdynamixel_controller_pkg__rosidl_generator_py.so
-- Up-to-date: /home/orin/work/Foreview_ws/install/dynamixel_controller_pkg/share/dynamixel_controller_pkg/msg/MotorSpeeds.idl
-- Up-to-date: /home/orin/work/Foreview_ws/install/dynamixel_controller_pkg/share/dynamixel_controller_pkg/msg/MotorSpeeds.msg
-- Up-to-date: /home/orin/work/Foreview_ws/install/dynamixel_controller_pkg/share/ament_index/resource_index/package_run_dependencies/dynamixel_controller_pkg
-- Up-to-date: /home/orin/work/Foreview_ws/install/dynamixel_controller_pkg/share/ament_index/resource_index/parent_prefix_path/dynamixel_controller_pkg
-- Up-to-date: /home/orin/work/Foreview_ws/install/dynamixel_controller_pkg/share/dynamixel_controller_pkg/environment/ament_prefix_path.sh
-- Up-to-date: /home/orin/work/Foreview_ws/install/dynamixel_controller_pkg/share/dynamixel_controller_pkg/environment/ament_prefix_path.dsv
-- Up-to-date: /home/orin/work/Foreview_ws/install/dynamixel_controller_pkg/share/dynamixel_controller_pkg/environment/path.sh
-- Up-to-date: /home/orin/work/Foreview_ws/install/dynamixel_controller_pkg/share/dynamixel_controller_pkg/environment/path.dsv
-- Up-to-date: /home/orin/work/Foreview_ws/install/dynamixel_controller_pkg/share/dynamixel_controller_pkg/local_setup.bash
-- Up-to-date: /home/orin/work/Foreview_ws/install/dynamixel_controller_pkg/share/dynamixel_controller_pkg/local_setup.sh
-- Up-to-date: /home/orin/work/Foreview_ws/install/dynamixel_controller_pkg/share/dynamixel_controller_pkg/local_setup.zsh
-- Up-to-date: /home/orin/work/Foreview_ws/install/dynamixel_controller_pkg/share/dynamixel_controller_pkg/local_setup.dsv
-- Installing: /home/orin/work/Foreview_ws/install/dynamixel_controller_pkg/share/dynamixel_controller_pkg/package.dsv
-- Up-to-date: /home/orin/work/Foreview_ws/install/dynamixel_controller_pkg/share/ament_index/resource_index/packages/dynamixel_controller_pkg
-- Up-to-date: /home/orin/work/Foreview_ws/install/dynamixel_controller_pkg/share/dynamixel_controller_pkg/cmake/export_dynamixel_controller_pkg__rosidl_generator_cExport.cmake
-- Up-to-date: /home/orin/work/Foreview_ws/install/dynamixel_controller_pkg/share/dynamixel_controller_pkg/cmake/export_dynamixel_controller_pkg__rosidl_generator_cExport-noconfig.cmake
-- Up-to-date: /home/orin/work/Foreview_ws/install/dynamixel_controller_pkg/share/dynamixel_controller_pkg/cmake/export_dynamixel_controller_pkg__rosidl_typesupport_fastrtps_cExport.cmake
-- Up-to-date: /home/orin/work/Foreview_ws/install/dynamixel_controller_pkg/share/dynamixel_controller_pkg/cmake/export_dynamixel_controller_pkg__rosidl_typesupport_fastrtps_cExport-noconfig.cmake
-- Up-to-date: /home/orin/work/Foreview_ws/install/dynamixel_controller_pkg/share/dynamixel_controller_pkg/cmake/export_dynamixel_controller_pkg__rosidl_generator_cppExport.cmake
-- Up-to-date: /home/orin/work/Foreview_ws/install/dynamixel_controller_pkg/share/dynamixel_controller_pkg/cmake/export_dynamixel_controller_pkg__rosidl_typesupport_fastrtps_cppExport.cmake
-- Up-to-date: /home/orin/work/Foreview_ws/install/dynamixel_controller_pkg/share/dynamixel_controller_pkg/cmake/export_dynamixel_controller_pkg__rosidl_typesupport_fastrtps_cppExport-noconfig.cmake
-- Up-to-date: /home/orin/work/Foreview_ws/install/dynamixel_controller_pkg/share/dynamixel_controller_pkg/cmake/dynamixel_controller_pkg__rosidl_typesupport_introspection_cExport.cmake
-- Up-to-date: /home/orin/work/Foreview_ws/install/dynamixel_controller_pkg/share/dynamixel_controller_pkg/cmake/dynamixel_controller_pkg__rosidl_typesupport_introspection_cExport-noconfig.cmake
-- Up-to-date: /home/orin/work/Foreview_ws/install/dynamixel_controller_pkg/share/dynamixel_controller_pkg/cmake/dynamixel_controller_pkg__rosidl_typesupport_cExport.cmake
-- Up-to-date: /home/orin/work/Foreview_ws/install/dynamixel_controller_pkg/share/dynamixel_controller_pkg/cmake/dynamixel_controller_pkg__rosidl_typesupport_cExport-noconfig.cmake
-- Up-to-date: /home/orin/work/Foreview_ws/install/dynamixel_controller_pkg/share/dynamixel_controller_pkg/cmake/dynamixel_controller_pkg__rosidl_typesupport_introspection_cppExport.cmake
-- Up-to-date: /home/orin/work/Foreview_ws/install/dynamixel_controller_pkg/share/dynamixel_controller_pkg/cmake/dynamixel_controller_pkg__rosidl_typesupport_introspection_cppExport-noconfig.cmake
-- Up-to-date: /home/orin/work/Foreview_ws/install/dynamixel_controller_pkg/share/dynamixel_controller_pkg/cmake/dynamixel_controller_pkg__rosidl_typesupport_cppExport.cmake
-- Up-to-date: /home/orin/work/Foreview_ws/install/dynamixel_controller_pkg/share/dynamixel_controller_pkg/cmake/dynamixel_controller_pkg__rosidl_typesupport_cppExport-noconfig.cmake
-- Up-to-date: /home/orin/work/Foreview_ws/install/dynamixel_controller_pkg/share/dynamixel_controller_pkg/cmake/export_dynamixel_controller_pkg__rosidl_generator_pyExport.cmake
-- Up-to-date: /home/orin/work/Foreview_ws/install/dynamixel_controller_pkg/share/dynamixel_controller_pkg/cmake/export_dynamixel_controller_pkg__rosidl_generator_pyExport-noconfig.cmake
-- Up-to-date: /home/orin/work/Foreview_ws/install/dynamixel_controller_pkg/share/dynamixel_controller_pkg/cmake/rosidl_cmake-extras.cmake
-- Up-to-date: /home/orin/work/Foreview_ws/install/dynamixel_controller_pkg/share/dynamixel_controller_pkg/cmake/ament_cmake_export_dependencies-extras.cmake
-- Up-to-date: /home/orin/work/Foreview_ws/install/dynamixel_controller_pkg/share/dynamixel_controller_pkg/cmake/ament_cmake_export_include_directories-extras.cmake
-- Up-to-date: /home/orin/work/Foreview_ws/install/dynamixel_controller_pkg/share/dynamixel_controller_pkg/cmake/ament_cmake_export_libraries-extras.cmake
-- Up-to-date: /home/orin/work/Foreview_ws/install/dynamixel_controller_pkg/share/dynamixel_controller_pkg/cmake/ament_cmake_export_targets-extras.cmake
-- Up-to-date: /home/orin/work/Foreview_ws/install/dynamixel_controller_pkg/share/dynamixel_controller_pkg/cmake/rosidl_cmake_export_typesupport_targets-extras.cmake
-- Up-to-date: /home/orin/work/Foreview_ws/install/dynamixel_controller_pkg/share/dynamixel_controller_pkg/cmake/rosidl_cmake_export_typesupport_libraries-extras.cmake
-- Up-to-date: /home/orin/work/Foreview_ws/install/dynamixel_controller_pkg/share/dynamixel_controller_pkg/cmake/dynamixel_controller_pkgConfig.cmake
-- Up-to-date: /home/orin/work/Foreview_ws/install/dynamixel_controller_pkg/share/dynamixel_controller_pkg/cmake/dynamixel_controller_pkgConfig-version.cmake
-- Up-to-date: /home/orin/work/Foreview_ws/install/dynamixel_controller_pkg/share/dynamixel_controller_pkg/package.xml
