[0.100s] Invoking command in '/home/orin/work/Foreview_ws/build/map_display_pkg': /usr/local/bin/cmake --build /home/orin/work/Foreview_ws/build/map_display_pkg -- -j12 -l12
[0.213s] Invoked command in '/home/orin/work/Foreview_ws/build/map_display_pkg' returned '0': /usr/local/bin/cmake --build /home/orin/work/Foreview_ws/build/map_display_pkg -- -j12 -l12
[0.374s] Invoking command in '/home/orin/work/Foreview_ws/build/map_display_pkg': /usr/local/bin/cmake --install /home/orin/work/Foreview_ws/build/map_display_pkg
[0.423s] -- Install configuration: ""
[0.424s] -- Up-to-date: /home/orin/work/Foreview_ws/install/map_display_pkg/share/ament_index/resource_index/package_run_dependencies/map_display_pkg
[0.424s] -- Up-to-date: /home/orin/work/Foreview_ws/install/map_display_pkg/share/ament_index/resource_index/parent_prefix_path/map_display_pkg
[0.424s] -- Up-to-date: /home/orin/work/Foreview_ws/install/map_display_pkg/share/map_display_pkg/environment/ament_prefix_path.sh
[0.425s] -- Up-to-date: /home/orin/work/Foreview_ws/install/map_display_pkg/share/map_display_pkg/environment/ament_prefix_path.dsv
[0.425s] -- Up-to-date: /home/orin/work/Foreview_ws/install/map_display_pkg/share/map_display_pkg/environment/path.sh
[0.425s] -- Up-to-date: /home/orin/work/Foreview_ws/install/map_display_pkg/share/map_display_pkg/environment/path.dsv
[0.425s] -- Up-to-date: /home/orin/work/Foreview_ws/install/map_display_pkg/share/map_display_pkg/local_setup.bash
[0.425s] -- Up-to-date: /home/orin/work/Foreview_ws/install/map_display_pkg/share/map_display_pkg/local_setup.sh
[0.425s] -- Up-to-date: /home/orin/work/Foreview_ws/install/map_display_pkg/share/map_display_pkg/local_setup.zsh
[0.425s] -- Up-to-date: /home/orin/work/Foreview_ws/install/map_display_pkg/share/map_display_pkg/local_setup.dsv
[0.425s] -- Up-to-date: /home/orin/work/Foreview_ws/install/map_display_pkg/share/map_display_pkg/package.dsv
[0.425s] -- Up-to-date: /home/orin/work/Foreview_ws/install/map_display_pkg/share/ament_index/resource_index/packages/map_display_pkg
[0.426s] -- Up-to-date: /home/orin/work/Foreview_ws/install/map_display_pkg/share/map_display_pkg/cmake/map_display_pkgConfig.cmake
[0.426s] -- Up-to-date: /home/orin/work/Foreview_ws/install/map_display_pkg/share/map_display_pkg/cmake/map_display_pkgConfig-version.cmake
[0.426s] -- Up-to-date: /home/orin/work/Foreview_ws/install/map_display_pkg/share/map_display_pkg/package.xml
[0.438s] Invoked command in '/home/orin/work/Foreview_ws/build/map_display_pkg' returned '0': /usr/local/bin/cmake --install /home/orin/work/Foreview_ws/build/map_display_pkg
