[0.459s] DEBUG:colcon:Command line arguments: ['/usr/bin/colcon', 'build']
[0.459s] DEBUG:colcon:Parsed command line arguments: Namespace(ament_cmake_args=None, base_paths=['.'], build_base='build', catkin_cmake_args=None, catkin_skip_building_tests=False, cmake_args=None, cmake_clean_cache=False, cmake_clean_first=False, cmake_force_configure=False, cmake_target=None, cmake_target_skip_unavailable=False, continue_on_error=False, event_handlers=None, executor='parallel', ignore_user_meta=False, install_base='install', log_base=None, log_level=None, main=<bound method BuildVerb.main of <colcon_core.verb.build.BuildVerb object at 0xffffa9b83130>>, merge_install=False, metas=['./colcon.meta'], packages_above=None, packages_above_and_dependencies=None, packages_above_depth=None, packages_end=None, packages_ignore=None, packages_ignore_regex=None, packages_select=None, packages_select_build_failed=False, packages_select_by_dep=None, packages_select_regex=None, packages_select_test_failures=False, packages_skip=None, packages_skip_build_finished=False, packages_skip_by_dep=None, packages_skip_regex=None, packages_skip_test_passed=False, packages_skip_up_to=None, packages_start=None, packages_up_to=None, packages_up_to_regex=None, parallel_workers=12, paths=None, symlink_install=False, test_result_base=None, verb_extension=<colcon_core.verb.build.BuildVerb object at 0xffffa9b83130>, verb_name='build', verb_parser=<colcon_defaults.argument_parser.defaults.DefaultArgumentsDecorator object at 0xffffa9b56cd0>)
[0.529s] Level 1:colcon.colcon_core.package_discovery:discover_packages(colcon_meta) check parameters
[0.529s] Level 1:colcon.colcon_core.package_discovery:discover_packages(recursive) check parameters
[0.530s] Level 1:colcon.colcon_core.package_discovery:discover_packages(ignore) check parameters
[0.530s] Level 1:colcon.colcon_core.package_discovery:discover_packages(path) check parameters
[0.530s] Level 1:colcon.colcon_core.package_discovery:discover_packages(colcon_meta) discover
[0.530s] Level 1:colcon.colcon_core.package_discovery:discover_packages(recursive) discover
[0.530s] INFO:colcon.colcon_core.package_discovery:Crawling recursively for packages in '/home/orin/work/Foreview_ws'
[0.530s] Level 1:colcon.colcon_core.package_identification:_identify(.) by extensions ['ignore', 'ignore_ament_install']
[0.530s] Level 1:colcon.colcon_core.package_identification:_identify(.) by extension 'ignore'
[0.530s] Level 1:colcon.colcon_core.package_identification:_identify(.) by extension 'ignore_ament_install'
[0.530s] Level 1:colcon.colcon_core.package_identification:_identify(.) by extensions ['colcon_pkg']
[0.530s] Level 1:colcon.colcon_core.package_identification:_identify(.) by extension 'colcon_pkg'
[0.531s] Level 1:colcon.colcon_core.package_identification:_identify(.) by extensions ['colcon_meta']
[0.531s] Level 1:colcon.colcon_core.package_identification:_identify(.) by extension 'colcon_meta'
[0.531s] Level 1:colcon.colcon_core.package_identification:_identify(.) by extensions ['ros']
[0.531s] Level 1:colcon.colcon_core.package_identification:_identify(.) by extension 'ros'
[0.553s] Level 1:colcon.colcon_core.package_identification:_identify(.) by extensions ['cmake', 'python']
[0.553s] Level 1:colcon.colcon_core.package_identification:_identify(.) by extension 'cmake'
[0.553s] Level 1:colcon.colcon_core.package_identification:_identify(.) by extension 'python'
[0.553s] Level 1:colcon.colcon_core.package_identification:_identify(.) by extensions ['python_setup_py']
[0.553s] Level 1:colcon.colcon_core.package_identification:_identify(.) by extension 'python_setup_py'
[0.553s] Level 1:colcon.colcon_core.package_identification:_identify(build) by extensions ['ignore', 'ignore_ament_install']
[0.554s] Level 1:colcon.colcon_core.package_identification:_identify(build) by extension 'ignore'
[0.554s] Level 1:colcon.colcon_core.package_identification:_identify(build) ignored
[0.554s] Level 1:colcon.colcon_core.package_identification:_identify(install) by extensions ['ignore', 'ignore_ament_install']
[0.554s] Level 1:colcon.colcon_core.package_identification:_identify(install) by extension 'ignore'
[0.554s] Level 1:colcon.colcon_core.package_identification:_identify(install) ignored
[0.554s] Level 1:colcon.colcon_core.package_identification:_identify(log) by extensions ['ignore', 'ignore_ament_install']
[0.554s] Level 1:colcon.colcon_core.package_identification:_identify(log) by extension 'ignore'
[0.554s] Level 1:colcon.colcon_core.package_identification:_identify(log) ignored
[0.554s] Level 1:colcon.colcon_core.package_identification:_identify(src) by extensions ['ignore', 'ignore_ament_install']
[0.555s] Level 1:colcon.colcon_core.package_identification:_identify(src) by extension 'ignore'
[0.555s] Level 1:colcon.colcon_core.package_identification:_identify(src) by extension 'ignore_ament_install'
[0.555s] Level 1:colcon.colcon_core.package_identification:_identify(src) by extensions ['colcon_pkg']
[0.555s] Level 1:colcon.colcon_core.package_identification:_identify(src) by extension 'colcon_pkg'
[0.555s] Level 1:colcon.colcon_core.package_identification:_identify(src) by extensions ['colcon_meta']
[0.555s] Level 1:colcon.colcon_core.package_identification:_identify(src) by extension 'colcon_meta'
[0.555s] Level 1:colcon.colcon_core.package_identification:_identify(src) by extensions ['ros']
[0.555s] Level 1:colcon.colcon_core.package_identification:_identify(src) by extension 'ros'
[0.555s] Level 1:colcon.colcon_core.package_identification:_identify(src) by extensions ['cmake', 'python']
[0.555s] Level 1:colcon.colcon_core.package_identification:_identify(src) by extension 'cmake'
[0.555s] Level 1:colcon.colcon_core.package_identification:_identify(src) by extension 'python'
[0.555s] Level 1:colcon.colcon_core.package_identification:_identify(src) by extensions ['python_setup_py']
[0.555s] Level 1:colcon.colcon_core.package_identification:_identify(src) by extension 'python_setup_py'
[0.556s] Level 1:colcon.colcon_core.package_identification:_identify(src/data_collection_pkg) by extensions ['ignore', 'ignore_ament_install']
[0.556s] Level 1:colcon.colcon_core.package_identification:_identify(src/data_collection_pkg) by extension 'ignore'
[0.556s] Level 1:colcon.colcon_core.package_identification:_identify(src/data_collection_pkg) by extension 'ignore_ament_install'
[0.556s] Level 1:colcon.colcon_core.package_identification:_identify(src/data_collection_pkg) by extensions ['colcon_pkg']
[0.556s] Level 1:colcon.colcon_core.package_identification:_identify(src/data_collection_pkg) by extension 'colcon_pkg'
[0.556s] Level 1:colcon.colcon_core.package_identification:_identify(src/data_collection_pkg) by extensions ['colcon_meta']
[0.556s] Level 1:colcon.colcon_core.package_identification:_identify(src/data_collection_pkg) by extension 'colcon_meta'
[0.556s] Level 1:colcon.colcon_core.package_identification:_identify(src/data_collection_pkg) by extensions ['ros']
[0.556s] Level 1:colcon.colcon_core.package_identification:_identify(src/data_collection_pkg) by extension 'ros'
[0.560s] DEBUG:colcon.colcon_core.package_identification:Package 'src/data_collection_pkg' with type 'ros.ament_cmake' and name 'data_collection_pkg'
[0.560s] Level 1:colcon.colcon_core.package_identification:_identify(src/dynamixel_controller_pkg) by extensions ['ignore', 'ignore_ament_install']
[0.560s] Level 1:colcon.colcon_core.package_identification:_identify(src/dynamixel_controller_pkg) by extension 'ignore'
[0.560s] Level 1:colcon.colcon_core.package_identification:_identify(src/dynamixel_controller_pkg) by extension 'ignore_ament_install'
[0.560s] Level 1:colcon.colcon_core.package_identification:_identify(src/dynamixel_controller_pkg) by extensions ['colcon_pkg']
[0.560s] Level 1:colcon.colcon_core.package_identification:_identify(src/dynamixel_controller_pkg) by extension 'colcon_pkg'
[0.561s] Level 1:colcon.colcon_core.package_identification:_identify(src/dynamixel_controller_pkg) by extensions ['colcon_meta']
[0.561s] Level 1:colcon.colcon_core.package_identification:_identify(src/dynamixel_controller_pkg) by extension 'colcon_meta'
[0.561s] Level 1:colcon.colcon_core.package_identification:_identify(src/dynamixel_controller_pkg) by extensions ['ros']
[0.561s] Level 1:colcon.colcon_core.package_identification:_identify(src/dynamixel_controller_pkg) by extension 'ros'
[0.562s] DEBUG:colcon.colcon_core.package_identification:Package 'src/dynamixel_controller_pkg' with type 'ros.ament_cmake' and name 'dynamixel_controller_pkg'
[0.562s] Level 1:colcon.colcon_core.package_identification:_identify(src/remote_controller_pkg) by extensions ['ignore', 'ignore_ament_install']
[0.562s] Level 1:colcon.colcon_core.package_identification:_identify(src/remote_controller_pkg) by extension 'ignore'
[0.562s] Level 1:colcon.colcon_core.package_identification:_identify(src/remote_controller_pkg) by extension 'ignore_ament_install'
[0.562s] Level 1:colcon.colcon_core.package_identification:_identify(src/remote_controller_pkg) by extensions ['colcon_pkg']
[0.562s] Level 1:colcon.colcon_core.package_identification:_identify(src/remote_controller_pkg) by extension 'colcon_pkg'
[0.562s] Level 1:colcon.colcon_core.package_identification:_identify(src/remote_controller_pkg) by extensions ['colcon_meta']
[0.562s] Level 1:colcon.colcon_core.package_identification:_identify(src/remote_controller_pkg) by extension 'colcon_meta'
[0.562s] Level 1:colcon.colcon_core.package_identification:_identify(src/remote_controller_pkg) by extensions ['ros']
[0.562s] Level 1:colcon.colcon_core.package_identification:_identify(src/remote_controller_pkg) by extension 'ros'
[0.563s] DEBUG:colcon.colcon_core.package_identification:Package 'src/remote_controller_pkg' with type 'ros.ament_cmake' and name 'remote_controller_pkg'
[0.563s] Level 1:colcon.colcon_core.package_identification:_identify(src/simulate_remote_communication_pkg) by extensions ['ignore', 'ignore_ament_install']
[0.563s] Level 1:colcon.colcon_core.package_identification:_identify(src/simulate_remote_communication_pkg) by extension 'ignore'
[0.564s] Level 1:colcon.colcon_core.package_identification:_identify(src/simulate_remote_communication_pkg) by extension 'ignore_ament_install'
[0.564s] Level 1:colcon.colcon_core.package_identification:_identify(src/simulate_remote_communication_pkg) by extensions ['colcon_pkg']
[0.564s] Level 1:colcon.colcon_core.package_identification:_identify(src/simulate_remote_communication_pkg) by extension 'colcon_pkg'
[0.564s] Level 1:colcon.colcon_core.package_identification:_identify(src/simulate_remote_communication_pkg) by extensions ['colcon_meta']
[0.564s] Level 1:colcon.colcon_core.package_identification:_identify(src/simulate_remote_communication_pkg) by extension 'colcon_meta'
[0.564s] Level 1:colcon.colcon_core.package_identification:_identify(src/simulate_remote_communication_pkg) by extensions ['ros']
[0.564s] Level 1:colcon.colcon_core.package_identification:_identify(src/simulate_remote_communication_pkg) by extension 'ros'
[0.564s] DEBUG:colcon.colcon_core.package_identification:Package 'src/simulate_remote_communication_pkg' with type 'ros.ament_cmake' and name 'simulate_remote_communication_pkg'
[0.565s] Level 1:colcon.colcon_core.package_discovery:discover_packages(recursive) using defaults
[0.565s] Level 1:colcon.colcon_core.package_discovery:discover_packages(ignore) discover
[0.565s] Level 1:colcon.colcon_core.package_discovery:discover_packages(ignore) using defaults
[0.565s] Level 1:colcon.colcon_core.package_discovery:discover_packages(path) discover
[0.565s] Level 1:colcon.colcon_core.package_discovery:discover_packages(path) using defaults
[0.607s] Level 5:colcon.colcon_core.verb:set package 'data_collection_pkg' build argument 'cmake_args' from command line to 'None'
[0.608s] Level 5:colcon.colcon_core.verb:set package 'data_collection_pkg' build argument 'cmake_target' from command line to 'None'
[0.608s] Level 5:colcon.colcon_core.verb:set package 'data_collection_pkg' build argument 'cmake_target_skip_unavailable' from command line to 'False'
[0.608s] Level 5:colcon.colcon_core.verb:set package 'data_collection_pkg' build argument 'cmake_clean_cache' from command line to 'False'
[0.608s] Level 5:colcon.colcon_core.verb:set package 'data_collection_pkg' build argument 'cmake_clean_first' from command line to 'False'
[0.608s] Level 5:colcon.colcon_core.verb:set package 'data_collection_pkg' build argument 'cmake_force_configure' from command line to 'False'
[0.608s] Level 5:colcon.colcon_core.verb:set package 'data_collection_pkg' build argument 'ament_cmake_args' from command line to 'None'
[0.608s] Level 5:colcon.colcon_core.verb:set package 'data_collection_pkg' build argument 'catkin_cmake_args' from command line to 'None'
[0.608s] Level 5:colcon.colcon_core.verb:set package 'data_collection_pkg' build argument 'catkin_skip_building_tests' from command line to 'False'
[0.608s] DEBUG:colcon.colcon_core.verb:Building package 'data_collection_pkg' with the following arguments: {'ament_cmake_args': None, 'build_base': '/home/orin/work/Foreview_ws/build/data_collection_pkg', 'catkin_cmake_args': None, 'catkin_skip_building_tests': False, 'cmake_args': None, 'cmake_clean_cache': False, 'cmake_clean_first': False, 'cmake_force_configure': False, 'cmake_target': None, 'cmake_target_skip_unavailable': False, 'install_base': '/home/orin/work/Foreview_ws/install/data_collection_pkg', 'merge_install': False, 'path': '/home/orin/work/Foreview_ws/src/data_collection_pkg', 'symlink_install': False, 'test_result_base': None}
[0.610s] Level 5:colcon.colcon_core.verb:set package 'dynamixel_controller_pkg' build argument 'cmake_args' from command line to 'None'
[0.610s] Level 5:colcon.colcon_core.verb:set package 'dynamixel_controller_pkg' build argument 'cmake_target' from command line to 'None'
[0.610s] Level 5:colcon.colcon_core.verb:set package 'dynamixel_controller_pkg' build argument 'cmake_target_skip_unavailable' from command line to 'False'
[0.610s] Level 5:colcon.colcon_core.verb:set package 'dynamixel_controller_pkg' build argument 'cmake_clean_cache' from command line to 'False'
[0.610s] Level 5:colcon.colcon_core.verb:set package 'dynamixel_controller_pkg' build argument 'cmake_clean_first' from command line to 'False'
[0.610s] Level 5:colcon.colcon_core.verb:set package 'dynamixel_controller_pkg' build argument 'cmake_force_configure' from command line to 'False'
[0.610s] Level 5:colcon.colcon_core.verb:set package 'dynamixel_controller_pkg' build argument 'ament_cmake_args' from command line to 'None'
[0.610s] Level 5:colcon.colcon_core.verb:set package 'dynamixel_controller_pkg' build argument 'catkin_cmake_args' from command line to 'None'
[0.610s] Level 5:colcon.colcon_core.verb:set package 'dynamixel_controller_pkg' build argument 'catkin_skip_building_tests' from command line to 'False'
[0.610s] DEBUG:colcon.colcon_core.verb:Building package 'dynamixel_controller_pkg' with the following arguments: {'ament_cmake_args': None, 'build_base': '/home/orin/work/Foreview_ws/build/dynamixel_controller_pkg', 'catkin_cmake_args': None, 'catkin_skip_building_tests': False, 'cmake_args': None, 'cmake_clean_cache': False, 'cmake_clean_first': False, 'cmake_force_configure': False, 'cmake_target': None, 'cmake_target_skip_unavailable': False, 'install_base': '/home/orin/work/Foreview_ws/install/dynamixel_controller_pkg', 'merge_install': False, 'path': '/home/orin/work/Foreview_ws/src/dynamixel_controller_pkg', 'symlink_install': False, 'test_result_base': None}
[0.613s] Level 5:colcon.colcon_core.verb:set package 'remote_controller_pkg' build argument 'cmake_args' from command line to 'None'
[0.613s] Level 5:colcon.colcon_core.verb:set package 'remote_controller_pkg' build argument 'cmake_target' from command line to 'None'
[0.613s] Level 5:colcon.colcon_core.verb:set package 'remote_controller_pkg' build argument 'cmake_target_skip_unavailable' from command line to 'False'
[0.613s] Level 5:colcon.colcon_core.verb:set package 'remote_controller_pkg' build argument 'cmake_clean_cache' from command line to 'False'
[0.613s] Level 5:colcon.colcon_core.verb:set package 'remote_controller_pkg' build argument 'cmake_clean_first' from command line to 'False'
[0.613s] Level 5:colcon.colcon_core.verb:set package 'remote_controller_pkg' build argument 'cmake_force_configure' from command line to 'False'
[0.613s] Level 5:colcon.colcon_core.verb:set package 'remote_controller_pkg' build argument 'ament_cmake_args' from command line to 'None'
[0.613s] Level 5:colcon.colcon_core.verb:set package 'remote_controller_pkg' build argument 'catkin_cmake_args' from command line to 'None'
[0.613s] Level 5:colcon.colcon_core.verb:set package 'remote_controller_pkg' build argument 'catkin_skip_building_tests' from command line to 'False'
[0.613s] DEBUG:colcon.colcon_core.verb:Building package 'remote_controller_pkg' with the following arguments: {'ament_cmake_args': None, 'build_base': '/home/orin/work/Foreview_ws/build/remote_controller_pkg', 'catkin_cmake_args': None, 'catkin_skip_building_tests': False, 'cmake_args': None, 'cmake_clean_cache': False, 'cmake_clean_first': False, 'cmake_force_configure': False, 'cmake_target': None, 'cmake_target_skip_unavailable': False, 'install_base': '/home/orin/work/Foreview_ws/install/remote_controller_pkg', 'merge_install': False, 'path': '/home/orin/work/Foreview_ws/src/remote_controller_pkg', 'symlink_install': False, 'test_result_base': None}
[0.615s] Level 5:colcon.colcon_core.verb:set package 'simulate_remote_communication_pkg' build argument 'cmake_args' from command line to 'None'
[0.615s] Level 5:colcon.colcon_core.verb:set package 'simulate_remote_communication_pkg' build argument 'cmake_target' from command line to 'None'
[0.615s] Level 5:colcon.colcon_core.verb:set package 'simulate_remote_communication_pkg' build argument 'cmake_target_skip_unavailable' from command line to 'False'
[0.615s] Level 5:colcon.colcon_core.verb:set package 'simulate_remote_communication_pkg' build argument 'cmake_clean_cache' from command line to 'False'
[0.615s] Level 5:colcon.colcon_core.verb:set package 'simulate_remote_communication_pkg' build argument 'cmake_clean_first' from command line to 'False'
[0.615s] Level 5:colcon.colcon_core.verb:set package 'simulate_remote_communication_pkg' build argument 'cmake_force_configure' from command line to 'False'
[0.615s] Level 5:colcon.colcon_core.verb:set package 'simulate_remote_communication_pkg' build argument 'ament_cmake_args' from command line to 'None'
[0.615s] Level 5:colcon.colcon_core.verb:set package 'simulate_remote_communication_pkg' build argument 'catkin_cmake_args' from command line to 'None'
[0.615s] Level 5:colcon.colcon_core.verb:set package 'simulate_remote_communication_pkg' build argument 'catkin_skip_building_tests' from command line to 'False'
[0.615s] DEBUG:colcon.colcon_core.verb:Building package 'simulate_remote_communication_pkg' with the following arguments: {'ament_cmake_args': None, 'build_base': '/home/orin/work/Foreview_ws/build/simulate_remote_communication_pkg', 'catkin_cmake_args': None, 'catkin_skip_building_tests': False, 'cmake_args': None, 'cmake_clean_cache': False, 'cmake_clean_first': False, 'cmake_force_configure': False, 'cmake_target': None, 'cmake_target_skip_unavailable': False, 'install_base': '/home/orin/work/Foreview_ws/install/simulate_remote_communication_pkg', 'merge_install': False, 'path': '/home/orin/work/Foreview_ws/src/simulate_remote_communication_pkg', 'symlink_install': False, 'test_result_base': None}
[0.617s] INFO:colcon.colcon_core.executor:Executing jobs using 'parallel' executor
[0.626s] DEBUG:colcon.colcon_parallel_executor.executor.parallel:run_until_complete
[0.627s] INFO:colcon.colcon_ros.task.ament_cmake.build:Building ROS package in '/home/orin/work/Foreview_ws/src/data_collection_pkg' with build type 'ament_cmake'
[0.627s] INFO:colcon.colcon_cmake.task.cmake.build:Building CMake package in '/home/orin/work/Foreview_ws/src/data_collection_pkg'
[0.635s] INFO:colcon.colcon_core.plugin_system:Skipping extension 'colcon_core.shell.bat': Not used on non-Windows systems
[0.635s] INFO:colcon.colcon_core.shell:Skip shell extension 'powershell' for command environment: Not usable outside of PowerShell
[0.635s] DEBUG:colcon.colcon_core.shell:Skip shell extension 'dsv' for command environment
[0.657s] INFO:colcon.colcon_ros.task.ament_cmake.build:Building ROS package in '/home/orin/work/Foreview_ws/src/dynamixel_controller_pkg' with build type 'ament_cmake'
[0.658s] INFO:colcon.colcon_cmake.task.cmake.build:Building CMake package in '/home/orin/work/Foreview_ws/src/dynamixel_controller_pkg'
[0.662s] INFO:colcon.colcon_core.shell:Skip shell extension 'powershell' for command environment: Not usable outside of PowerShell
[0.662s] DEBUG:colcon.colcon_core.shell:Skip shell extension 'dsv' for command environment
[0.682s] INFO:colcon.colcon_ros.task.ament_cmake.build:Building ROS package in '/home/orin/work/Foreview_ws/src/remote_controller_pkg' with build type 'ament_cmake'
[0.683s] INFO:colcon.colcon_cmake.task.cmake.build:Building CMake package in '/home/orin/work/Foreview_ws/src/remote_controller_pkg'
[0.687s] INFO:colcon.colcon_core.shell:Skip shell extension 'powershell' for command environment: Not usable outside of PowerShell
[0.687s] DEBUG:colcon.colcon_core.shell:Skip shell extension 'dsv' for command environment
[0.706s] INFO:colcon.colcon_ros.task.ament_cmake.build:Building ROS package in '/home/orin/work/Foreview_ws/src/simulate_remote_communication_pkg' with build type 'ament_cmake'
[0.707s] INFO:colcon.colcon_cmake.task.cmake.build:Building CMake package in '/home/orin/work/Foreview_ws/src/simulate_remote_communication_pkg'
[0.711s] INFO:colcon.colcon_core.shell:Skip shell extension 'powershell' for command environment: Not usable outside of PowerShell
[0.711s] DEBUG:colcon.colcon_core.shell:Skip shell extension 'dsv' for command environment
[0.735s] DEBUG:colcon.colcon_core.event_handler.log_command:Invoking command in '/home/orin/work/Foreview_ws/build/data_collection_pkg': /usr/local/bin/cmake /home/orin/work/Foreview_ws/src/data_collection_pkg -DCMAKE_INSTALL_PREFIX=/home/orin/work/Foreview_ws/install/data_collection_pkg
[0.746s] DEBUG:colcon.colcon_core.event_handler.log_command:Invoking command in '/home/orin/work/Foreview_ws/build/dynamixel_controller_pkg': /usr/local/bin/cmake /home/orin/work/Foreview_ws/src/dynamixel_controller_pkg -DCMAKE_INSTALL_PREFIX=/home/orin/work/Foreview_ws/install/dynamixel_controller_pkg
[0.752s] DEBUG:colcon.colcon_core.event_handler.log_command:Invoking command in '/home/orin/work/Foreview_ws/build/remote_controller_pkg': /usr/local/bin/cmake /home/orin/work/Foreview_ws/src/remote_controller_pkg -DCMAKE_INSTALL_PREFIX=/home/orin/work/Foreview_ws/install/remote_controller_pkg
[0.764s] DEBUG:colcon.colcon_core.event_handler.log_command:Invoking command in '/home/orin/work/Foreview_ws/build/simulate_remote_communication_pkg': /usr/local/bin/cmake /home/orin/work/Foreview_ws/src/simulate_remote_communication_pkg -DCMAKE_INSTALL_PREFIX=/home/orin/work/Foreview_ws/install/simulate_remote_communication_pkg
[3.455s] DEBUG:colcon.colcon_core.event_handler.log_command:Invoked command in '/home/orin/work/Foreview_ws/build/simulate_remote_communication_pkg' returned '0': /usr/local/bin/cmake /home/orin/work/Foreview_ws/src/simulate_remote_communication_pkg -DCMAKE_INSTALL_PREFIX=/home/orin/work/Foreview_ws/install/simulate_remote_communication_pkg
[3.463s] DEBUG:colcon.colcon_core.event_handler.log_command:Invoking command in '/home/orin/work/Foreview_ws/build/simulate_remote_communication_pkg': /usr/local/bin/cmake --build /home/orin/work/Foreview_ws/build/simulate_remote_communication_pkg -- -j12 -l12
[3.466s] DEBUG:colcon.colcon_core.event_handler.log_command:Invoked command in '/home/orin/work/Foreview_ws/build/data_collection_pkg' returned '0': /usr/local/bin/cmake /home/orin/work/Foreview_ws/src/data_collection_pkg -DCMAKE_INSTALL_PREFIX=/home/orin/work/Foreview_ws/install/data_collection_pkg
[3.469s] DEBUG:colcon.colcon_core.event_handler.log_command:Invoking command in '/home/orin/work/Foreview_ws/build/data_collection_pkg': /usr/local/bin/cmake --build /home/orin/work/Foreview_ws/build/data_collection_pkg -- -j12 -l12
[3.533s] DEBUG:colcon.colcon_core.event_handler.log_command:Invoked command in '/home/orin/work/Foreview_ws/build/simulate_remote_communication_pkg' returned '0': /usr/local/bin/cmake --build /home/orin/work/Foreview_ws/build/simulate_remote_communication_pkg -- -j12 -l12
[3.543s] DEBUG:colcon.colcon_core.event_handler.log_command:Invoked command in '/home/orin/work/Foreview_ws/build/data_collection_pkg' returned '0': /usr/local/bin/cmake --build /home/orin/work/Foreview_ws/build/data_collection_pkg -- -j12 -l12
[3.662s] DEBUG:colcon.colcon_core.event_handler.log_command:Invoking command in '/home/orin/work/Foreview_ws/build/simulate_remote_communication_pkg': /usr/local/bin/cmake --install /home/orin/work/Foreview_ws/build/simulate_remote_communication_pkg
[3.669s] DEBUG:colcon.colcon_core.event_handler.log_command:Invoking command in '/home/orin/work/Foreview_ws/build/data_collection_pkg': /usr/local/bin/cmake --install /home/orin/work/Foreview_ws/build/data_collection_pkg
[3.720s] Level 1:colcon.colcon_core.environment:create_environment_scripts_only(simulate_remote_communication_pkg)
[3.723s] DEBUG:colcon.colcon_core.event_handler.log_command:Invoked command in '/home/orin/work/Foreview_ws/build/simulate_remote_communication_pkg' returned '0': /usr/local/bin/cmake --install /home/orin/work/Foreview_ws/build/simulate_remote_communication_pkg
[3.735s] Level 1:colcon.colcon_core.environment:checking '/home/orin/work/Foreview_ws/install/simulate_remote_communication_pkg' for CMake module files
[3.736s] Level 1:colcon.colcon_core.environment:checking '/home/orin/work/Foreview_ws/install/simulate_remote_communication_pkg' for CMake config files
[3.737s] Level 1:colcon.colcon_core.shell:create_environment_hook('simulate_remote_communication_pkg', 'cmake_prefix_path')
[3.743s] INFO:colcon.colcon_core.shell:Creating environment hook '/home/orin/work/Foreview_ws/install/simulate_remote_communication_pkg/share/simulate_remote_communication_pkg/hook/cmake_prefix_path.ps1'
[3.745s] INFO:colcon.colcon_core.shell:Creating environment descriptor '/home/orin/work/Foreview_ws/install/simulate_remote_communication_pkg/share/simulate_remote_communication_pkg/hook/cmake_prefix_path.dsv'
[3.745s] INFO:colcon.colcon_core.shell:Creating environment hook '/home/orin/work/Foreview_ws/install/simulate_remote_communication_pkg/share/simulate_remote_communication_pkg/hook/cmake_prefix_path.sh'
[3.747s] Level 1:colcon.colcon_core.environment:checking '/home/orin/work/Foreview_ws/install/simulate_remote_communication_pkg/bin'
[3.747s] Level 1:colcon.colcon_core.environment:checking '/home/orin/work/Foreview_ws/install/simulate_remote_communication_pkg/lib/pkgconfig/simulate_remote_communication_pkg.pc'
[3.750s] Level 1:colcon.colcon_core.environment:checking '/home/orin/work/Foreview_ws/install/simulate_remote_communication_pkg/lib/python3.8/site-packages'
[3.750s] Level 1:colcon.colcon_core.environment:checking '/home/orin/work/Foreview_ws/install/simulate_remote_communication_pkg/bin'
[3.756s] INFO:colcon.colcon_core.shell:Creating package script '/home/orin/work/Foreview_ws/install/simulate_remote_communication_pkg/share/simulate_remote_communication_pkg/package.ps1'
[3.757s] INFO:colcon.colcon_core.shell:Creating package descriptor '/home/orin/work/Foreview_ws/install/simulate_remote_communication_pkg/share/simulate_remote_communication_pkg/package.dsv'
[3.758s] INFO:colcon.colcon_core.shell:Creating package script '/home/orin/work/Foreview_ws/install/simulate_remote_communication_pkg/share/simulate_remote_communication_pkg/package.sh'
[3.760s] INFO:colcon.colcon_core.shell:Creating package script '/home/orin/work/Foreview_ws/install/simulate_remote_communication_pkg/share/simulate_remote_communication_pkg/package.bash'
[3.761s] INFO:colcon.colcon_core.shell:Creating package script '/home/orin/work/Foreview_ws/install/simulate_remote_communication_pkg/share/simulate_remote_communication_pkg/package.zsh'
[3.761s] Level 1:colcon.colcon_core.environment:create_file_with_runtime_dependencies(/home/orin/work/Foreview_ws/install/simulate_remote_communication_pkg/share/colcon-core/packages/simulate_remote_communication_pkg)
[3.770s] Level 1:colcon.colcon_core.environment:create_environment_scripts_only(data_collection_pkg)
[3.779s] Level 1:colcon.colcon_core.environment:checking '/home/orin/work/Foreview_ws/install/data_collection_pkg' for CMake module files
[3.780s] DEBUG:colcon.colcon_core.event_handler.log_command:Invoked command in '/home/orin/work/Foreview_ws/build/data_collection_pkg' returned '0': /usr/local/bin/cmake --install /home/orin/work/Foreview_ws/build/data_collection_pkg
[3.780s] Level 1:colcon.colcon_core.environment:checking '/home/orin/work/Foreview_ws/install/data_collection_pkg' for CMake config files
[3.781s] Level 1:colcon.colcon_core.shell:create_environment_hook('data_collection_pkg', 'cmake_prefix_path')
[3.785s] INFO:colcon.colcon_core.shell:Creating environment hook '/home/orin/work/Foreview_ws/install/data_collection_pkg/share/data_collection_pkg/hook/cmake_prefix_path.ps1'
[3.786s] INFO:colcon.colcon_core.shell:Creating environment descriptor '/home/orin/work/Foreview_ws/install/data_collection_pkg/share/data_collection_pkg/hook/cmake_prefix_path.dsv'
[3.787s] INFO:colcon.colcon_core.shell:Creating environment hook '/home/orin/work/Foreview_ws/install/data_collection_pkg/share/data_collection_pkg/hook/cmake_prefix_path.sh'
[3.789s] Level 1:colcon.colcon_core.environment:checking '/home/orin/work/Foreview_ws/install/data_collection_pkg/bin'
[3.789s] Level 1:colcon.colcon_core.environment:checking '/home/orin/work/Foreview_ws/install/data_collection_pkg/lib/pkgconfig/data_collection_pkg.pc'
[3.789s] Level 1:colcon.colcon_core.environment:checking '/home/orin/work/Foreview_ws/install/data_collection_pkg/lib/python3.8/site-packages'
[3.789s] Level 1:colcon.colcon_core.environment:checking '/home/orin/work/Foreview_ws/install/data_collection_pkg/bin'
[3.794s] INFO:colcon.colcon_core.shell:Creating package script '/home/orin/work/Foreview_ws/install/data_collection_pkg/share/data_collection_pkg/package.ps1'
[3.795s] INFO:colcon.colcon_core.shell:Creating package descriptor '/home/orin/work/Foreview_ws/install/data_collection_pkg/share/data_collection_pkg/package.dsv'
[3.796s] INFO:colcon.colcon_core.shell:Creating package script '/home/orin/work/Foreview_ws/install/data_collection_pkg/share/data_collection_pkg/package.sh'
[3.797s] INFO:colcon.colcon_core.shell:Creating package script '/home/orin/work/Foreview_ws/install/data_collection_pkg/share/data_collection_pkg/package.bash'
[3.797s] INFO:colcon.colcon_core.shell:Creating package script '/home/orin/work/Foreview_ws/install/data_collection_pkg/share/data_collection_pkg/package.zsh'
[3.798s] Level 1:colcon.colcon_core.environment:create_file_with_runtime_dependencies(/home/orin/work/Foreview_ws/install/data_collection_pkg/share/colcon-core/packages/data_collection_pkg)
[3.837s] Level 1:colcon.colcon_core.environment:create_environment_scripts_only(simulate_remote_communication_pkg)
[3.843s] Level 1:colcon.colcon_core.environment:checking '/home/orin/work/Foreview_ws/install/simulate_remote_communication_pkg' for CMake module files
[3.844s] Level 1:colcon.colcon_core.environment:checking '/home/orin/work/Foreview_ws/install/simulate_remote_communication_pkg' for CMake config files
[3.845s] Level 1:colcon.colcon_core.shell:create_environment_hook('simulate_remote_communication_pkg', 'cmake_prefix_path')
[3.849s] INFO:colcon.colcon_core.shell:Creating environment hook '/home/orin/work/Foreview_ws/install/simulate_remote_communication_pkg/share/simulate_remote_communication_pkg/hook/cmake_prefix_path.ps1'
[3.850s] INFO:colcon.colcon_core.shell:Creating environment descriptor '/home/orin/work/Foreview_ws/install/simulate_remote_communication_pkg/share/simulate_remote_communication_pkg/hook/cmake_prefix_path.dsv'
[3.851s] INFO:colcon.colcon_core.shell:Creating environment hook '/home/orin/work/Foreview_ws/install/simulate_remote_communication_pkg/share/simulate_remote_communication_pkg/hook/cmake_prefix_path.sh'
[3.852s] Level 1:colcon.colcon_core.environment:checking '/home/orin/work/Foreview_ws/install/simulate_remote_communication_pkg/bin'
[3.852s] Level 1:colcon.colcon_core.environment:checking '/home/orin/work/Foreview_ws/install/simulate_remote_communication_pkg/lib/pkgconfig/simulate_remote_communication_pkg.pc'
[3.852s] Level 1:colcon.colcon_core.environment:checking '/home/orin/work/Foreview_ws/install/simulate_remote_communication_pkg/lib/python3.8/site-packages'
[3.852s] Level 1:colcon.colcon_core.environment:checking '/home/orin/work/Foreview_ws/install/simulate_remote_communication_pkg/bin'
[3.856s] INFO:colcon.colcon_core.shell:Creating package script '/home/orin/work/Foreview_ws/install/simulate_remote_communication_pkg/share/simulate_remote_communication_pkg/package.ps1'
[3.858s] INFO:colcon.colcon_core.shell:Creating package descriptor '/home/orin/work/Foreview_ws/install/simulate_remote_communication_pkg/share/simulate_remote_communication_pkg/package.dsv'
[3.858s] INFO:colcon.colcon_core.shell:Creating package script '/home/orin/work/Foreview_ws/install/simulate_remote_communication_pkg/share/simulate_remote_communication_pkg/package.sh'
[3.859s] INFO:colcon.colcon_core.shell:Creating package script '/home/orin/work/Foreview_ws/install/simulate_remote_communication_pkg/share/simulate_remote_communication_pkg/package.bash'
[3.860s] INFO:colcon.colcon_core.shell:Creating package script '/home/orin/work/Foreview_ws/install/simulate_remote_communication_pkg/share/simulate_remote_communication_pkg/package.zsh'
[3.860s] Level 1:colcon.colcon_core.environment:create_file_with_runtime_dependencies(/home/orin/work/Foreview_ws/install/simulate_remote_communication_pkg/share/colcon-core/packages/simulate_remote_communication_pkg)
[3.877s] Level 1:colcon.colcon_core.environment:create_environment_scripts_only(data_collection_pkg)
[3.883s] Level 1:colcon.colcon_core.environment:checking '/home/orin/work/Foreview_ws/install/data_collection_pkg' for CMake module files
[3.884s] Level 1:colcon.colcon_core.environment:checking '/home/orin/work/Foreview_ws/install/data_collection_pkg' for CMake config files
[3.885s] Level 1:colcon.colcon_core.shell:create_environment_hook('data_collection_pkg', 'cmake_prefix_path')
[3.889s] INFO:colcon.colcon_core.shell:Creating environment hook '/home/orin/work/Foreview_ws/install/data_collection_pkg/share/data_collection_pkg/hook/cmake_prefix_path.ps1'
[3.890s] INFO:colcon.colcon_core.shell:Creating environment descriptor '/home/orin/work/Foreview_ws/install/data_collection_pkg/share/data_collection_pkg/hook/cmake_prefix_path.dsv'
[3.890s] INFO:colcon.colcon_core.shell:Creating environment hook '/home/orin/work/Foreview_ws/install/data_collection_pkg/share/data_collection_pkg/hook/cmake_prefix_path.sh'
[3.891s] Level 1:colcon.colcon_core.environment:checking '/home/orin/work/Foreview_ws/install/data_collection_pkg/bin'
[3.891s] Level 1:colcon.colcon_core.environment:checking '/home/orin/work/Foreview_ws/install/data_collection_pkg/lib/pkgconfig/data_collection_pkg.pc'
[3.892s] Level 1:colcon.colcon_core.environment:checking '/home/orin/work/Foreview_ws/install/data_collection_pkg/lib/python3.8/site-packages'
[3.892s] Level 1:colcon.colcon_core.environment:checking '/home/orin/work/Foreview_ws/install/data_collection_pkg/bin'
[3.896s] INFO:colcon.colcon_core.shell:Creating package script '/home/orin/work/Foreview_ws/install/data_collection_pkg/share/data_collection_pkg/package.ps1'
[3.897s] INFO:colcon.colcon_core.shell:Creating package descriptor '/home/orin/work/Foreview_ws/install/data_collection_pkg/share/data_collection_pkg/package.dsv'
[3.897s] INFO:colcon.colcon_core.shell:Creating package script '/home/orin/work/Foreview_ws/install/data_collection_pkg/share/data_collection_pkg/package.sh'
[3.898s] INFO:colcon.colcon_core.shell:Creating package script '/home/orin/work/Foreview_ws/install/data_collection_pkg/share/data_collection_pkg/package.bash'
[3.899s] INFO:colcon.colcon_core.shell:Creating package script '/home/orin/work/Foreview_ws/install/data_collection_pkg/share/data_collection_pkg/package.zsh'
[3.899s] Level 1:colcon.colcon_core.environment:create_file_with_runtime_dependencies(/home/orin/work/Foreview_ws/install/data_collection_pkg/share/colcon-core/packages/data_collection_pkg)
[8.492s] DEBUG:colcon.colcon_core.event_handler.log_command:Invoked command in '/home/orin/work/Foreview_ws/build/dynamixel_controller_pkg' returned '0': /usr/local/bin/cmake /home/orin/work/Foreview_ws/src/dynamixel_controller_pkg -DCMAKE_INSTALL_PREFIX=/home/orin/work/Foreview_ws/install/dynamixel_controller_pkg
[8.498s] DEBUG:colcon.colcon_core.event_handler.log_command:Invoking command in '/home/orin/work/Foreview_ws/build/dynamixel_controller_pkg': /usr/local/bin/cmake --build /home/orin/work/Foreview_ws/build/dynamixel_controller_pkg -- -j12 -l12
[8.522s] DEBUG:colcon.colcon_core.event_handler.log_command:Invoked command in '/home/orin/work/Foreview_ws/build/remote_controller_pkg' returned '0': /usr/local/bin/cmake /home/orin/work/Foreview_ws/src/remote_controller_pkg -DCMAKE_INSTALL_PREFIX=/home/orin/work/Foreview_ws/install/remote_controller_pkg
[8.527s] DEBUG:colcon.colcon_core.event_handler.log_command:Invoking command in '/home/orin/work/Foreview_ws/build/remote_controller_pkg': /usr/local/bin/cmake --build /home/orin/work/Foreview_ws/build/remote_controller_pkg -- -j12 -l12
[11.372s] DEBUG:colcon.colcon_core.event_handler.log_command:Invoked command in '/home/orin/work/Foreview_ws/build/remote_controller_pkg' returned '0': /usr/local/bin/cmake --build /home/orin/work/Foreview_ws/build/remote_controller_pkg -- -j12 -l12
[11.393s] DEBUG:colcon.colcon_core.event_handler.log_command:Invoked command in '/home/orin/work/Foreview_ws/build/dynamixel_controller_pkg' returned '0': /usr/local/bin/cmake --build /home/orin/work/Foreview_ws/build/dynamixel_controller_pkg -- -j12 -l12
[11.504s] DEBUG:colcon.colcon_core.event_handler.log_command:Invoking command in '/home/orin/work/Foreview_ws/build/remote_controller_pkg': /usr/local/bin/cmake --install /home/orin/work/Foreview_ws/build/remote_controller_pkg
[11.524s] DEBUG:colcon.colcon_core.event_handler.log_command:Invoking command in '/home/orin/work/Foreview_ws/build/dynamixel_controller_pkg': /usr/local/bin/cmake --install /home/orin/work/Foreview_ws/build/dynamixel_controller_pkg
[11.645s] Level 1:colcon.colcon_core.environment:create_environment_scripts_only(remote_controller_pkg)
[11.652s] Level 1:colcon.colcon_core.environment:checking '/home/orin/work/Foreview_ws/install/remote_controller_pkg' for CMake module files
[11.654s] DEBUG:colcon.colcon_core.event_handler.log_command:Invoked command in '/home/orin/work/Foreview_ws/build/remote_controller_pkg' returned '0': /usr/local/bin/cmake --install /home/orin/work/Foreview_ws/build/remote_controller_pkg
[11.656s] Level 1:colcon.colcon_core.environment:checking '/home/orin/work/Foreview_ws/install/remote_controller_pkg' for CMake config files
[11.661s] Level 1:colcon.colcon_core.shell:create_environment_hook('remote_controller_pkg', 'cmake_prefix_path')
[11.668s] INFO:colcon.colcon_core.shell:Creating environment hook '/home/orin/work/Foreview_ws/install/remote_controller_pkg/share/remote_controller_pkg/hook/cmake_prefix_path.ps1'
[11.670s] INFO:colcon.colcon_core.shell:Creating environment descriptor '/home/orin/work/Foreview_ws/install/remote_controller_pkg/share/remote_controller_pkg/hook/cmake_prefix_path.dsv'
[11.671s] INFO:colcon.colcon_core.shell:Creating environment hook '/home/orin/work/Foreview_ws/install/remote_controller_pkg/share/remote_controller_pkg/hook/cmake_prefix_path.sh'
[11.672s] Level 1:colcon.colcon_core.environment:checking '/home/orin/work/Foreview_ws/install/remote_controller_pkg/lib'
[11.673s] Level 1:colcon.colcon_core.shell:create_environment_hook('remote_controller_pkg', 'ld_library_path_lib')
[11.679s] INFO:colcon.colcon_core.shell:Creating environment hook '/home/orin/work/Foreview_ws/install/remote_controller_pkg/share/remote_controller_pkg/hook/ld_library_path_lib.ps1'
[11.681s] INFO:colcon.colcon_core.shell:Creating environment descriptor '/home/orin/work/Foreview_ws/install/remote_controller_pkg/share/remote_controller_pkg/hook/ld_library_path_lib.dsv'
[11.681s] INFO:colcon.colcon_core.shell:Creating environment hook '/home/orin/work/Foreview_ws/install/remote_controller_pkg/share/remote_controller_pkg/hook/ld_library_path_lib.sh'
[11.682s] Level 1:colcon.colcon_core.environment:checking '/home/orin/work/Foreview_ws/install/remote_controller_pkg/bin'
[11.682s] Level 1:colcon.colcon_core.environment:checking '/home/orin/work/Foreview_ws/install/remote_controller_pkg/lib/pkgconfig/remote_controller_pkg.pc'
[11.683s] Level 1:colcon.colcon_core.environment:checking '/home/orin/work/Foreview_ws/install/remote_controller_pkg/lib/python3.8/site-packages'
[11.683s] Level 1:colcon.colcon_core.shell:create_environment_hook('remote_controller_pkg', 'pythonpath')
[11.689s] INFO:colcon.colcon_core.shell:Creating environment hook '/home/orin/work/Foreview_ws/install/remote_controller_pkg/share/remote_controller_pkg/hook/pythonpath.ps1'
[11.690s] INFO:colcon.colcon_core.shell:Creating environment descriptor '/home/orin/work/Foreview_ws/install/remote_controller_pkg/share/remote_controller_pkg/hook/pythonpath.dsv'
[11.690s] INFO:colcon.colcon_core.shell:Creating environment hook '/home/orin/work/Foreview_ws/install/remote_controller_pkg/share/remote_controller_pkg/hook/pythonpath.sh'
[11.691s] Level 1:colcon.colcon_core.environment:checking '/home/orin/work/Foreview_ws/install/remote_controller_pkg/bin'
[11.696s] INFO:colcon.colcon_core.shell:Creating package script '/home/orin/work/Foreview_ws/install/remote_controller_pkg/share/remote_controller_pkg/package.ps1'
[11.697s] INFO:colcon.colcon_core.shell:Creating package descriptor '/home/orin/work/Foreview_ws/install/remote_controller_pkg/share/remote_controller_pkg/package.dsv'
[11.698s] INFO:colcon.colcon_core.shell:Creating package script '/home/orin/work/Foreview_ws/install/remote_controller_pkg/share/remote_controller_pkg/package.sh'
[11.699s] INFO:colcon.colcon_core.shell:Creating package script '/home/orin/work/Foreview_ws/install/remote_controller_pkg/share/remote_controller_pkg/package.bash'
[11.699s] INFO:colcon.colcon_core.shell:Creating package script '/home/orin/work/Foreview_ws/install/remote_controller_pkg/share/remote_controller_pkg/package.zsh'
[11.700s] Level 1:colcon.colcon_core.environment:create_file_with_runtime_dependencies(/home/orin/work/Foreview_ws/install/remote_controller_pkg/share/colcon-core/packages/remote_controller_pkg)
[11.709s] Level 1:colcon.colcon_core.environment:create_environment_scripts_only(dynamixel_controller_pkg)
[11.716s] Level 1:colcon.colcon_core.environment:checking '/home/orin/work/Foreview_ws/install/dynamixel_controller_pkg' for CMake module files
[11.717s] DEBUG:colcon.colcon_core.event_handler.log_command:Invoked command in '/home/orin/work/Foreview_ws/build/dynamixel_controller_pkg' returned '0': /usr/local/bin/cmake --install /home/orin/work/Foreview_ws/build/dynamixel_controller_pkg
[11.718s] Level 1:colcon.colcon_core.environment:checking '/home/orin/work/Foreview_ws/install/dynamixel_controller_pkg' for CMake config files
[11.719s] Level 1:colcon.colcon_core.shell:create_environment_hook('dynamixel_controller_pkg', 'cmake_prefix_path')
[11.722s] INFO:colcon.colcon_core.shell:Creating environment hook '/home/orin/work/Foreview_ws/install/dynamixel_controller_pkg/share/dynamixel_controller_pkg/hook/cmake_prefix_path.ps1'
[11.724s] INFO:colcon.colcon_core.shell:Creating environment descriptor '/home/orin/work/Foreview_ws/install/dynamixel_controller_pkg/share/dynamixel_controller_pkg/hook/cmake_prefix_path.dsv'
[11.724s] INFO:colcon.colcon_core.shell:Creating environment hook '/home/orin/work/Foreview_ws/install/dynamixel_controller_pkg/share/dynamixel_controller_pkg/hook/cmake_prefix_path.sh'
[11.725s] Level 1:colcon.colcon_core.environment:checking '/home/orin/work/Foreview_ws/install/dynamixel_controller_pkg/lib'
[11.725s] Level 1:colcon.colcon_core.shell:create_environment_hook('dynamixel_controller_pkg', 'ld_library_path_lib')
[11.729s] INFO:colcon.colcon_core.shell:Creating environment hook '/home/orin/work/Foreview_ws/install/dynamixel_controller_pkg/share/dynamixel_controller_pkg/hook/ld_library_path_lib.ps1'
[11.729s] INFO:colcon.colcon_core.shell:Creating environment descriptor '/home/orin/work/Foreview_ws/install/dynamixel_controller_pkg/share/dynamixel_controller_pkg/hook/ld_library_path_lib.dsv'
[11.730s] INFO:colcon.colcon_core.shell:Creating environment hook '/home/orin/work/Foreview_ws/install/dynamixel_controller_pkg/share/dynamixel_controller_pkg/hook/ld_library_path_lib.sh'
[11.730s] Level 1:colcon.colcon_core.environment:checking '/home/orin/work/Foreview_ws/install/dynamixel_controller_pkg/bin'
[11.730s] Level 1:colcon.colcon_core.environment:checking '/home/orin/work/Foreview_ws/install/dynamixel_controller_pkg/lib/pkgconfig/dynamixel_controller_pkg.pc'
[11.731s] Level 1:colcon.colcon_core.environment:checking '/home/orin/work/Foreview_ws/install/dynamixel_controller_pkg/lib/python3.8/site-packages'
[11.731s] Level 1:colcon.colcon_core.shell:create_environment_hook('dynamixel_controller_pkg', 'pythonpath')
[11.735s] INFO:colcon.colcon_core.shell:Creating environment hook '/home/orin/work/Foreview_ws/install/dynamixel_controller_pkg/share/dynamixel_controller_pkg/hook/pythonpath.ps1'
[11.735s] INFO:colcon.colcon_core.shell:Creating environment descriptor '/home/orin/work/Foreview_ws/install/dynamixel_controller_pkg/share/dynamixel_controller_pkg/hook/pythonpath.dsv'
[11.736s] INFO:colcon.colcon_core.shell:Creating environment hook '/home/orin/work/Foreview_ws/install/dynamixel_controller_pkg/share/dynamixel_controller_pkg/hook/pythonpath.sh'
[11.736s] Level 1:colcon.colcon_core.environment:checking '/home/orin/work/Foreview_ws/install/dynamixel_controller_pkg/bin'
[11.740s] INFO:colcon.colcon_core.shell:Creating package script '/home/orin/work/Foreview_ws/install/dynamixel_controller_pkg/share/dynamixel_controller_pkg/package.ps1'
[11.741s] INFO:colcon.colcon_core.shell:Creating package descriptor '/home/orin/work/Foreview_ws/install/dynamixel_controller_pkg/share/dynamixel_controller_pkg/package.dsv'
[11.742s] INFO:colcon.colcon_core.shell:Creating package script '/home/orin/work/Foreview_ws/install/dynamixel_controller_pkg/share/dynamixel_controller_pkg/package.sh'
[11.742s] INFO:colcon.colcon_core.shell:Creating package script '/home/orin/work/Foreview_ws/install/dynamixel_controller_pkg/share/dynamixel_controller_pkg/package.bash'
[11.743s] INFO:colcon.colcon_core.shell:Creating package script '/home/orin/work/Foreview_ws/install/dynamixel_controller_pkg/share/dynamixel_controller_pkg/package.zsh'
[11.743s] Level 1:colcon.colcon_core.environment:create_file_with_runtime_dependencies(/home/orin/work/Foreview_ws/install/dynamixel_controller_pkg/share/colcon-core/packages/dynamixel_controller_pkg)
[11.821s] Level 1:colcon.colcon_core.environment:create_environment_scripts_only(remote_controller_pkg)
[11.827s] Level 1:colcon.colcon_core.environment:checking '/home/orin/work/Foreview_ws/install/remote_controller_pkg' for CMake module files
[11.829s] Level 1:colcon.colcon_core.environment:checking '/home/orin/work/Foreview_ws/install/remote_controller_pkg' for CMake config files
[11.830s] Level 1:colcon.colcon_core.shell:create_environment_hook('remote_controller_pkg', 'cmake_prefix_path')
[11.834s] INFO:colcon.colcon_core.shell:Creating environment hook '/home/orin/work/Foreview_ws/install/remote_controller_pkg/share/remote_controller_pkg/hook/cmake_prefix_path.ps1'
[11.835s] INFO:colcon.colcon_core.shell:Creating environment descriptor '/home/orin/work/Foreview_ws/install/remote_controller_pkg/share/remote_controller_pkg/hook/cmake_prefix_path.dsv'
[11.836s] INFO:colcon.colcon_core.shell:Creating environment hook '/home/orin/work/Foreview_ws/install/remote_controller_pkg/share/remote_controller_pkg/hook/cmake_prefix_path.sh'
[11.838s] Level 1:colcon.colcon_core.environment:checking '/home/orin/work/Foreview_ws/install/remote_controller_pkg/lib'
[11.838s] Level 1:colcon.colcon_core.shell:create_environment_hook('remote_controller_pkg', 'ld_library_path_lib')
[11.842s] INFO:colcon.colcon_core.shell:Creating environment hook '/home/orin/work/Foreview_ws/install/remote_controller_pkg/share/remote_controller_pkg/hook/ld_library_path_lib.ps1'
[11.843s] INFO:colcon.colcon_core.shell:Creating environment descriptor '/home/orin/work/Foreview_ws/install/remote_controller_pkg/share/remote_controller_pkg/hook/ld_library_path_lib.dsv'
[11.843s] INFO:colcon.colcon_core.shell:Creating environment hook '/home/orin/work/Foreview_ws/install/remote_controller_pkg/share/remote_controller_pkg/hook/ld_library_path_lib.sh'
[11.844s] Level 1:colcon.colcon_core.environment:checking '/home/orin/work/Foreview_ws/install/remote_controller_pkg/bin'
[11.844s] Level 1:colcon.colcon_core.environment:checking '/home/orin/work/Foreview_ws/install/remote_controller_pkg/lib/pkgconfig/remote_controller_pkg.pc'
[11.844s] Level 1:colcon.colcon_core.environment:checking '/home/orin/work/Foreview_ws/install/remote_controller_pkg/lib/python3.8/site-packages'
[11.844s] Level 1:colcon.colcon_core.shell:create_environment_hook('remote_controller_pkg', 'pythonpath')
[11.848s] INFO:colcon.colcon_core.shell:Creating environment hook '/home/orin/work/Foreview_ws/install/remote_controller_pkg/share/remote_controller_pkg/hook/pythonpath.ps1'
[11.849s] INFO:colcon.colcon_core.shell:Creating environment descriptor '/home/orin/work/Foreview_ws/install/remote_controller_pkg/share/remote_controller_pkg/hook/pythonpath.dsv'
[11.849s] INFO:colcon.colcon_core.shell:Creating environment hook '/home/orin/work/Foreview_ws/install/remote_controller_pkg/share/remote_controller_pkg/hook/pythonpath.sh'
[11.850s] Level 1:colcon.colcon_core.environment:checking '/home/orin/work/Foreview_ws/install/remote_controller_pkg/bin'
[11.854s] INFO:colcon.colcon_core.shell:Creating package script '/home/orin/work/Foreview_ws/install/remote_controller_pkg/share/remote_controller_pkg/package.ps1'
[11.855s] INFO:colcon.colcon_core.shell:Creating package descriptor '/home/orin/work/Foreview_ws/install/remote_controller_pkg/share/remote_controller_pkg/package.dsv'
[11.856s] INFO:colcon.colcon_core.shell:Creating package script '/home/orin/work/Foreview_ws/install/remote_controller_pkg/share/remote_controller_pkg/package.sh'
[11.857s] INFO:colcon.colcon_core.shell:Creating package script '/home/orin/work/Foreview_ws/install/remote_controller_pkg/share/remote_controller_pkg/package.bash'
[11.857s] INFO:colcon.colcon_core.shell:Creating package script '/home/orin/work/Foreview_ws/install/remote_controller_pkg/share/remote_controller_pkg/package.zsh'
[11.858s] Level 1:colcon.colcon_core.environment:create_file_with_runtime_dependencies(/home/orin/work/Foreview_ws/install/remote_controller_pkg/share/colcon-core/packages/remote_controller_pkg)
[11.864s] Level 1:colcon.colcon_core.environment:create_environment_scripts_only(dynamixel_controller_pkg)
[11.870s] Level 1:colcon.colcon_core.environment:checking '/home/orin/work/Foreview_ws/install/dynamixel_controller_pkg' for CMake module files
[11.871s] Level 1:colcon.colcon_core.environment:checking '/home/orin/work/Foreview_ws/install/dynamixel_controller_pkg' for CMake config files
[11.872s] Level 1:colcon.colcon_core.shell:create_environment_hook('dynamixel_controller_pkg', 'cmake_prefix_path')
[11.876s] INFO:colcon.colcon_core.shell:Creating environment hook '/home/orin/work/Foreview_ws/install/dynamixel_controller_pkg/share/dynamixel_controller_pkg/hook/cmake_prefix_path.ps1'
[11.877s] INFO:colcon.colcon_core.shell:Creating environment descriptor '/home/orin/work/Foreview_ws/install/dynamixel_controller_pkg/share/dynamixel_controller_pkg/hook/cmake_prefix_path.dsv'
[11.877s] INFO:colcon.colcon_core.shell:Creating environment hook '/home/orin/work/Foreview_ws/install/dynamixel_controller_pkg/share/dynamixel_controller_pkg/hook/cmake_prefix_path.sh'
[11.878s] Level 1:colcon.colcon_core.environment:checking '/home/orin/work/Foreview_ws/install/dynamixel_controller_pkg/lib'
[11.878s] Level 1:colcon.colcon_core.shell:create_environment_hook('dynamixel_controller_pkg', 'ld_library_path_lib')
[11.882s] INFO:colcon.colcon_core.shell:Creating environment hook '/home/orin/work/Foreview_ws/install/dynamixel_controller_pkg/share/dynamixel_controller_pkg/hook/ld_library_path_lib.ps1'
[11.883s] INFO:colcon.colcon_core.shell:Creating environment descriptor '/home/orin/work/Foreview_ws/install/dynamixel_controller_pkg/share/dynamixel_controller_pkg/hook/ld_library_path_lib.dsv'
[11.883s] INFO:colcon.colcon_core.shell:Creating environment hook '/home/orin/work/Foreview_ws/install/dynamixel_controller_pkg/share/dynamixel_controller_pkg/hook/ld_library_path_lib.sh'
[11.884s] Level 1:colcon.colcon_core.environment:checking '/home/orin/work/Foreview_ws/install/dynamixel_controller_pkg/bin'
[11.884s] Level 1:colcon.colcon_core.environment:checking '/home/orin/work/Foreview_ws/install/dynamixel_controller_pkg/lib/pkgconfig/dynamixel_controller_pkg.pc'
[11.884s] Level 1:colcon.colcon_core.environment:checking '/home/orin/work/Foreview_ws/install/dynamixel_controller_pkg/lib/python3.8/site-packages'
[11.884s] Level 1:colcon.colcon_core.shell:create_environment_hook('dynamixel_controller_pkg', 'pythonpath')
[11.888s] INFO:colcon.colcon_core.shell:Creating environment hook '/home/orin/work/Foreview_ws/install/dynamixel_controller_pkg/share/dynamixel_controller_pkg/hook/pythonpath.ps1'
[11.889s] INFO:colcon.colcon_core.shell:Creating environment descriptor '/home/orin/work/Foreview_ws/install/dynamixel_controller_pkg/share/dynamixel_controller_pkg/hook/pythonpath.dsv'
[11.889s] INFO:colcon.colcon_core.shell:Creating environment hook '/home/orin/work/Foreview_ws/install/dynamixel_controller_pkg/share/dynamixel_controller_pkg/hook/pythonpath.sh'
[11.890s] Level 1:colcon.colcon_core.environment:checking '/home/orin/work/Foreview_ws/install/dynamixel_controller_pkg/bin'
[11.894s] INFO:colcon.colcon_core.shell:Creating package script '/home/orin/work/Foreview_ws/install/dynamixel_controller_pkg/share/dynamixel_controller_pkg/package.ps1'
[11.895s] INFO:colcon.colcon_core.shell:Creating package descriptor '/home/orin/work/Foreview_ws/install/dynamixel_controller_pkg/share/dynamixel_controller_pkg/package.dsv'
[11.896s] INFO:colcon.colcon_core.shell:Creating package script '/home/orin/work/Foreview_ws/install/dynamixel_controller_pkg/share/dynamixel_controller_pkg/package.sh'
[11.896s] INFO:colcon.colcon_core.shell:Creating package script '/home/orin/work/Foreview_ws/install/dynamixel_controller_pkg/share/dynamixel_controller_pkg/package.bash'
[11.897s] INFO:colcon.colcon_core.shell:Creating package script '/home/orin/work/Foreview_ws/install/dynamixel_controller_pkg/share/dynamixel_controller_pkg/package.zsh'
[11.898s] Level 1:colcon.colcon_core.environment:create_file_with_runtime_dependencies(/home/orin/work/Foreview_ws/install/dynamixel_controller_pkg/share/colcon-core/packages/dynamixel_controller_pkg)
[11.898s] DEBUG:colcon.colcon_parallel_executor.executor.parallel:closing loop
[11.899s] DEBUG:colcon.colcon_parallel_executor.executor.parallel:loop closed
[11.899s] DEBUG:colcon.colcon_parallel_executor.executor.parallel:run_until_complete finished with '0'
[11.899s] DEBUG:colcon.colcon_core.event_reactor:joining thread
[11.955s] INFO:colcon.colcon_core.plugin_system:Skipping extension 'colcon_notification.desktop_notification.notify_send': Could not find 'notify-send'
[11.955s] INFO:colcon.colcon_core.plugin_system:Skipping extension 'colcon_notification.desktop_notification.terminal_notifier': Not used on non-Darwin systems
[11.955s] INFO:colcon.colcon_core.plugin_system:Skipping extension 'colcon_notification.desktop_notification.win32': Not used on non-Windows systems
[11.955s] INFO:colcon.colcon_notification.desktop_notification:Sending desktop notification using 'notify2'
[11.985s] DEBUG:colcon.colcon_core.event_reactor:joined thread
[11.989s] INFO:colcon.colcon_core.shell:Creating prefix script '/home/orin/work/Foreview_ws/install/local_setup.ps1'
[11.991s] INFO:colcon.colcon_core.shell:Creating prefix util module '/home/orin/work/Foreview_ws/install/_local_setup_util_ps1.py'
[11.993s] INFO:colcon.colcon_core.shell:Creating prefix chain script '/home/orin/work/Foreview_ws/install/setup.ps1'
[11.995s] INFO:colcon.colcon_core.shell:Creating prefix script '/home/orin/work/Foreview_ws/install/local_setup.sh'
[11.996s] INFO:colcon.colcon_core.shell:Creating prefix util module '/home/orin/work/Foreview_ws/install/_local_setup_util_sh.py'
[11.997s] INFO:colcon.colcon_core.shell:Creating prefix chain script '/home/orin/work/Foreview_ws/install/setup.sh'
[11.999s] INFO:colcon.colcon_core.shell:Creating prefix script '/home/orin/work/Foreview_ws/install/local_setup.bash'
[11.999s] INFO:colcon.colcon_core.shell:Creating prefix chain script '/home/orin/work/Foreview_ws/install/setup.bash'
[12.001s] INFO:colcon.colcon_core.shell:Creating prefix script '/home/orin/work/Foreview_ws/install/local_setup.zsh'
[12.002s] INFO:colcon.colcon_core.shell:Creating prefix chain script '/home/orin/work/Foreview_ws/install/setup.zsh'
