[0.094s] Invoking command in '/home/weng/work/Foreview_ws/build/dynamixel_controller_pkg': CMAKE_PREFIX_PATH=${CMAKE_PREFIX_PATH}:/opt/ros/humble /usr/bin/cmake --build /home/weng/work/Foreview_ws/build/dynamixel_controller_pkg -- -j16 -l16
[0.126s] [ 12%] Built target dynamixel_controller_pkg__cpp
[0.126s] [ 12%] Built target dynamixel_controller_pkg__rosidl_generator_c
[0.135s] [ 12%] Built target ament_cmake_python_copy_dynamixel_controller_pkg
[0.145s] [ 22%] Built target dynamixel_controller_pkg__rosidl_typesupport_introspection_c
[0.146s] [ 32%] Built target dynamixel_controller_pkg__rosidl_typesupport_c
[0.147s] [ 41%] Built target dynamixel_controller_pkg__rosidl_typesupport_fastrtps_c
[0.150s] [ 51%] Built target dynamixel_controller_pkg__rosidl_typesupport_introspection_cpp
[0.154s] [ 61%] Built target dynamixel_controller_pkg__rosidl_typesupport_cpp
[0.154s] [ 70%] Built target dynamixel_controller_pkg__rosidl_typesupport_fastrtps_cpp
[0.167s] [ 70%] Built target dynamixel_controller_pkg
[0.180s] [ 74%] Built target dynamixel_controller_pkg__py
[0.195s] [ 80%] Built target dynamixel_controller_pkg__rosidl_generator_py
[0.210s] [100%] Built target dynamixel_controller_pkg__rosidl_typesupport_introspection_c__pyext
[0.210s] [100%] Built target dynamixel_controller_pkg__rosidl_typesupport_c__pyext
[0.210s] [100%] Built target dynamixel_controller_pkg__rosidl_typesupport_fastrtps_c__pyext
[0.309s] running egg_info
[0.309s] writing dynamixel_controller_pkg.egg-info/PKG-INFO
[0.309s] writing dependency_links to dynamixel_controller_pkg.egg-info/dependency_links.txt
[0.309s] writing top-level names to dynamixel_controller_pkg.egg-info/top_level.txt
[0.310s] reading manifest file 'dynamixel_controller_pkg.egg-info/SOURCES.txt'
[0.311s] writing manifest file 'dynamixel_controller_pkg.egg-info/SOURCES.txt'
[0.329s] [100%] Built target ament_cmake_python_build_dynamixel_controller_pkg_egg
[0.335s] Invoked command in '/home/weng/work/Foreview_ws/build/dynamixel_controller_pkg' returned '0': CMAKE_PREFIX_PATH=${CMAKE_PREFIX_PATH}:/opt/ros/humble /usr/bin/cmake --build /home/weng/work/Foreview_ws/build/dynamixel_controller_pkg -- -j16 -l16
[0.375s] Invoking command in '/home/weng/work/Foreview_ws/build/dynamixel_controller_pkg': CMAKE_PREFIX_PATH=${CMAKE_PREFIX_PATH}:/opt/ros/humble /usr/bin/cmake --install /home/weng/work/Foreview_ws/build/dynamixel_controller_pkg
[0.380s] -- Install configuration: ""
[0.380s] -- Up-to-date: /home/weng/work/Foreview_ws/install/dynamixel_controller_pkg/share/ament_index/resource_index/rosidl_interfaces/dynamixel_controller_pkg
[0.381s] -- Up-to-date: /home/weng/work/Foreview_ws/install/dynamixel_controller_pkg/include/dynamixel_controller_pkg/dynamixel_controller_pkg
[0.381s] -- Up-to-date: /home/weng/work/Foreview_ws/install/dynamixel_controller_pkg/include/dynamixel_controller_pkg/dynamixel_controller_pkg/msg
[0.381s] -- Up-to-date: /home/weng/work/Foreview_ws/install/dynamixel_controller_pkg/include/dynamixel_controller_pkg/dynamixel_controller_pkg/msg/detail
[0.381s] -- Up-to-date: /home/weng/work/Foreview_ws/install/dynamixel_controller_pkg/include/dynamixel_controller_pkg/dynamixel_controller_pkg/msg/detail/motor_speeds__functions.h
[0.381s] -- Up-to-date: /home/weng/work/Foreview_ws/install/dynamixel_controller_pkg/include/dynamixel_controller_pkg/dynamixel_controller_pkg/msg/detail/motor_speeds__type_support.h
[0.381s] -- Up-to-date: /home/weng/work/Foreview_ws/install/dynamixel_controller_pkg/include/dynamixel_controller_pkg/dynamixel_controller_pkg/msg/detail/motor_speeds__functions.c
[0.381s] -- Up-to-date: /home/weng/work/Foreview_ws/install/dynamixel_controller_pkg/include/dynamixel_controller_pkg/dynamixel_controller_pkg/msg/detail/motor_speeds__struct.h
[0.382s] -- Up-to-date: /home/weng/work/Foreview_ws/install/dynamixel_controller_pkg/include/dynamixel_controller_pkg/dynamixel_controller_pkg/msg/rosidl_generator_c__visibility_control.h
[0.382s] -- Up-to-date: /home/weng/work/Foreview_ws/install/dynamixel_controller_pkg/include/dynamixel_controller_pkg/dynamixel_controller_pkg/msg/motor_speeds.h
[0.382s] -- Up-to-date: /home/weng/work/Foreview_ws/install/dynamixel_controller_pkg/share/dynamixel_controller_pkg/environment/library_path.sh
[0.382s] -- Up-to-date: /home/weng/work/Foreview_ws/install/dynamixel_controller_pkg/share/dynamixel_controller_pkg/environment/library_path.dsv
[0.382s] -- Up-to-date: /home/weng/work/Foreview_ws/install/dynamixel_controller_pkg/lib/libdynamixel_controller_pkg__rosidl_generator_c.so
[0.382s] -- Up-to-date: /home/weng/work/Foreview_ws/install/dynamixel_controller_pkg/include/dynamixel_controller_pkg/dynamixel_controller_pkg
[0.382s] -- Up-to-date: /home/weng/work/Foreview_ws/install/dynamixel_controller_pkg/include/dynamixel_controller_pkg/dynamixel_controller_pkg/msg
[0.382s] -- Up-to-date: /home/weng/work/Foreview_ws/install/dynamixel_controller_pkg/include/dynamixel_controller_pkg/dynamixel_controller_pkg/msg/detail
[0.382s] -- Up-to-date: /home/weng/work/Foreview_ws/install/dynamixel_controller_pkg/include/dynamixel_controller_pkg/dynamixel_controller_pkg/msg/detail/motor_speeds__rosidl_typesupport_fastrtps_c.h
[0.382s] -- Up-to-date: /home/weng/work/Foreview_ws/install/dynamixel_controller_pkg/include/dynamixel_controller_pkg/dynamixel_controller_pkg/msg/rosidl_typesupport_fastrtps_c__visibility_control.h
[0.382s] -- Up-to-date: /home/weng/work/Foreview_ws/install/dynamixel_controller_pkg/lib/libdynamixel_controller_pkg__rosidl_typesupport_fastrtps_c.so
[0.382s] -- Up-to-date: /home/weng/work/Foreview_ws/install/dynamixel_controller_pkg/include/dynamixel_controller_pkg/dynamixel_controller_pkg
[0.383s] -- Up-to-date: /home/weng/work/Foreview_ws/install/dynamixel_controller_pkg/include/dynamixel_controller_pkg/dynamixel_controller_pkg/msg
[0.383s] -- Up-to-date: /home/weng/work/Foreview_ws/install/dynamixel_controller_pkg/include/dynamixel_controller_pkg/dynamixel_controller_pkg/msg/detail
[0.383s] -- Up-to-date: /home/weng/work/Foreview_ws/install/dynamixel_controller_pkg/include/dynamixel_controller_pkg/dynamixel_controller_pkg/msg/detail/motor_speeds__struct.hpp
[0.383s] -- Up-to-date: /home/weng/work/Foreview_ws/install/dynamixel_controller_pkg/include/dynamixel_controller_pkg/dynamixel_controller_pkg/msg/detail/motor_speeds__builder.hpp
[0.383s] -- Up-to-date: /home/weng/work/Foreview_ws/install/dynamixel_controller_pkg/include/dynamixel_controller_pkg/dynamixel_controller_pkg/msg/detail/motor_speeds__traits.hpp
[0.383s] -- Up-to-date: /home/weng/work/Foreview_ws/install/dynamixel_controller_pkg/include/dynamixel_controller_pkg/dynamixel_controller_pkg/msg/motor_speeds.hpp
[0.383s] -- Up-to-date: /home/weng/work/Foreview_ws/install/dynamixel_controller_pkg/include/dynamixel_controller_pkg/dynamixel_controller_pkg
[0.383s] -- Up-to-date: /home/weng/work/Foreview_ws/install/dynamixel_controller_pkg/include/dynamixel_controller_pkg/dynamixel_controller_pkg/msg
[0.383s] -- Up-to-date: /home/weng/work/Foreview_ws/install/dynamixel_controller_pkg/include/dynamixel_controller_pkg/dynamixel_controller_pkg/msg/detail
[0.383s] -- Up-to-date: /home/weng/work/Foreview_ws/install/dynamixel_controller_pkg/include/dynamixel_controller_pkg/dynamixel_controller_pkg/msg/detail/dds_fastrtps
[0.383s] -- Up-to-date: /home/weng/work/Foreview_ws/install/dynamixel_controller_pkg/include/dynamixel_controller_pkg/dynamixel_controller_pkg/msg/detail/motor_speeds__rosidl_typesupport_fastrtps_cpp.hpp
[0.383s] -- Up-to-date: /home/weng/work/Foreview_ws/install/dynamixel_controller_pkg/include/dynamixel_controller_pkg/dynamixel_controller_pkg/msg/rosidl_typesupport_fastrtps_cpp__visibility_control.h
[0.384s] -- Up-to-date: /home/weng/work/Foreview_ws/install/dynamixel_controller_pkg/lib/libdynamixel_controller_pkg__rosidl_typesupport_fastrtps_cpp.so
[0.384s] -- Up-to-date: /home/weng/work/Foreview_ws/install/dynamixel_controller_pkg/include/dynamixel_controller_pkg/dynamixel_controller_pkg
[0.384s] -- Up-to-date: /home/weng/work/Foreview_ws/install/dynamixel_controller_pkg/include/dynamixel_controller_pkg/dynamixel_controller_pkg/msg
[0.384s] -- Up-to-date: /home/weng/work/Foreview_ws/install/dynamixel_controller_pkg/include/dynamixel_controller_pkg/dynamixel_controller_pkg/msg/detail
[0.384s] -- Up-to-date: /home/weng/work/Foreview_ws/install/dynamixel_controller_pkg/include/dynamixel_controller_pkg/dynamixel_controller_pkg/msg/detail/motor_speeds__rosidl_typesupport_introspection_c.h
[0.384s] -- Up-to-date: /home/weng/work/Foreview_ws/install/dynamixel_controller_pkg/include/dynamixel_controller_pkg/dynamixel_controller_pkg/msg/detail/motor_speeds__type_support.c
[0.384s] -- Up-to-date: /home/weng/work/Foreview_ws/install/dynamixel_controller_pkg/include/dynamixel_controller_pkg/dynamixel_controller_pkg/msg/rosidl_typesupport_introspection_c__visibility_control.h
[0.384s] -- Up-to-date: /home/weng/work/Foreview_ws/install/dynamixel_controller_pkg/lib/libdynamixel_controller_pkg__rosidl_typesupport_introspection_c.so
[0.384s] -- Up-to-date: /home/weng/work/Foreview_ws/install/dynamixel_controller_pkg/lib/libdynamixel_controller_pkg__rosidl_typesupport_c.so
[0.384s] -- Up-to-date: /home/weng/work/Foreview_ws/install/dynamixel_controller_pkg/include/dynamixel_controller_pkg/dynamixel_controller_pkg
[0.384s] -- Up-to-date: /home/weng/work/Foreview_ws/install/dynamixel_controller_pkg/include/dynamixel_controller_pkg/dynamixel_controller_pkg/msg
[0.384s] -- Up-to-date: /home/weng/work/Foreview_ws/install/dynamixel_controller_pkg/include/dynamixel_controller_pkg/dynamixel_controller_pkg/msg/detail
[0.384s] -- Up-to-date: /home/weng/work/Foreview_ws/install/dynamixel_controller_pkg/include/dynamixel_controller_pkg/dynamixel_controller_pkg/msg/detail/motor_speeds__rosidl_typesupport_introspection_cpp.hpp
[0.384s] -- Up-to-date: /home/weng/work/Foreview_ws/install/dynamixel_controller_pkg/include/dynamixel_controller_pkg/dynamixel_controller_pkg/msg/detail/motor_speeds__type_support.cpp
[0.384s] -- Up-to-date: /home/weng/work/Foreview_ws/install/dynamixel_controller_pkg/lib/libdynamixel_controller_pkg__rosidl_typesupport_introspection_cpp.so
[0.384s] -- Up-to-date: /home/weng/work/Foreview_ws/install/dynamixel_controller_pkg/lib/libdynamixel_controller_pkg__rosidl_typesupport_cpp.so
[0.385s] -- Up-to-date: /home/weng/work/Foreview_ws/install/dynamixel_controller_pkg/share/dynamixel_controller_pkg/environment/pythonpath.sh
[0.385s] -- Up-to-date: /home/weng/work/Foreview_ws/install/dynamixel_controller_pkg/share/dynamixel_controller_pkg/environment/pythonpath.dsv
[0.385s] -- Up-to-date: /home/weng/work/Foreview_ws/install/dynamixel_controller_pkg/local/lib/python3.10/dist-packages/dynamixel_controller_pkg-0.0.0-py3.10.egg-info
[0.385s] -- Installing: /home/weng/work/Foreview_ws/install/dynamixel_controller_pkg/local/lib/python3.10/dist-packages/dynamixel_controller_pkg-0.0.0-py3.10.egg-info/top_level.txt
[0.385s] -- Installing: /home/weng/work/Foreview_ws/install/dynamixel_controller_pkg/local/lib/python3.10/dist-packages/dynamixel_controller_pkg-0.0.0-py3.10.egg-info/SOURCES.txt
[0.385s] -- Installing: /home/weng/work/Foreview_ws/install/dynamixel_controller_pkg/local/lib/python3.10/dist-packages/dynamixel_controller_pkg-0.0.0-py3.10.egg-info/dependency_links.txt
[0.385s] -- Installing: /home/weng/work/Foreview_ws/install/dynamixel_controller_pkg/local/lib/python3.10/dist-packages/dynamixel_controller_pkg-0.0.0-py3.10.egg-info/PKG-INFO
[0.385s] -- Up-to-date: /home/weng/work/Foreview_ws/install/dynamixel_controller_pkg/local/lib/python3.10/dist-packages/dynamixel_controller_pkg
[0.385s] -- Up-to-date: /home/weng/work/Foreview_ws/install/dynamixel_controller_pkg/local/lib/python3.10/dist-packages/dynamixel_controller_pkg/_dynamixel_controller_pkg_s.ep.rosidl_typesupport_fastrtps_c.c
[0.385s] -- Up-to-date: /home/weng/work/Foreview_ws/install/dynamixel_controller_pkg/local/lib/python3.10/dist-packages/dynamixel_controller_pkg/_dynamixel_controller_pkg_s.ep.rosidl_typesupport_introspection_c.c
[0.385s] -- Up-to-date: /home/weng/work/Foreview_ws/install/dynamixel_controller_pkg/local/lib/python3.10/dist-packages/dynamixel_controller_pkg/msg
[0.385s] -- Up-to-date: /home/weng/work/Foreview_ws/install/dynamixel_controller_pkg/local/lib/python3.10/dist-packages/dynamixel_controller_pkg/msg/_motor_speeds.py
[0.385s] -- Up-to-date: /home/weng/work/Foreview_ws/install/dynamixel_controller_pkg/local/lib/python3.10/dist-packages/dynamixel_controller_pkg/msg/_motor_speeds_s.c
[0.385s] -- Up-to-date: /home/weng/work/Foreview_ws/install/dynamixel_controller_pkg/local/lib/python3.10/dist-packages/dynamixel_controller_pkg/msg/__init__.py
[0.385s] -- Up-to-date: /home/weng/work/Foreview_ws/install/dynamixel_controller_pkg/local/lib/python3.10/dist-packages/dynamixel_controller_pkg/dynamixel_controller_pkg_s__rosidl_typesupport_fastrtps_c.cpython-310-x86_64-linux-gnu.so
[0.385s] -- Up-to-date: /home/weng/work/Foreview_ws/install/dynamixel_controller_pkg/local/lib/python3.10/dist-packages/dynamixel_controller_pkg/dynamixel_controller_pkg_s__rosidl_typesupport_introspection_c.cpython-310-x86_64-linux-gnu.so
[0.385s] -- Up-to-date: /home/weng/work/Foreview_ws/install/dynamixel_controller_pkg/local/lib/python3.10/dist-packages/dynamixel_controller_pkg/libdynamixel_controller_pkg__rosidl_generator_py.so
[0.385s] -- Up-to-date: /home/weng/work/Foreview_ws/install/dynamixel_controller_pkg/local/lib/python3.10/dist-packages/dynamixel_controller_pkg/__init__.py
[0.385s] -- Up-to-date: /home/weng/work/Foreview_ws/install/dynamixel_controller_pkg/local/lib/python3.10/dist-packages/dynamixel_controller_pkg/dynamixel_controller_pkg_s__rosidl_typesupport_c.cpython-310-x86_64-linux-gnu.so
[0.385s] -- Up-to-date: /home/weng/work/Foreview_ws/install/dynamixel_controller_pkg/local/lib/python3.10/dist-packages/dynamixel_controller_pkg/_dynamixel_controller_pkg_s.ep.rosidl_typesupport_c.c
[0.402s] Listing '/home/weng/work/Foreview_ws/install/dynamixel_controller_pkg/local/lib/python3.10/dist-packages/dynamixel_controller_pkg'...
[0.402s] Listing '/home/weng/work/Foreview_ws/install/dynamixel_controller_pkg/local/lib/python3.10/dist-packages/dynamixel_controller_pkg/msg'...
[0.406s] -- Up-to-date: /home/weng/work/Foreview_ws/install/dynamixel_controller_pkg/local/lib/python3.10/dist-packages/dynamixel_controller_pkg/dynamixel_controller_pkg_s__rosidl_typesupport_fastrtps_c.cpython-310-x86_64-linux-gnu.so
[0.406s] -- Up-to-date: /home/weng/work/Foreview_ws/install/dynamixel_controller_pkg/local/lib/python3.10/dist-packages/dynamixel_controller_pkg/dynamixel_controller_pkg_s__rosidl_typesupport_introspection_c.cpython-310-x86_64-linux-gnu.so
[0.406s] -- Up-to-date: /home/weng/work/Foreview_ws/install/dynamixel_controller_pkg/local/lib/python3.10/dist-packages/dynamixel_controller_pkg/dynamixel_controller_pkg_s__rosidl_typesupport_c.cpython-310-x86_64-linux-gnu.so
[0.406s] -- Up-to-date: /home/weng/work/Foreview_ws/install/dynamixel_controller_pkg/lib/libdynamixel_controller_pkg__rosidl_generator_py.so
[0.406s] -- Up-to-date: /home/weng/work/Foreview_ws/install/dynamixel_controller_pkg/share/dynamixel_controller_pkg/msg/MotorSpeeds.idl
[0.406s] -- Up-to-date: /home/weng/work/Foreview_ws/install/dynamixel_controller_pkg/share/dynamixel_controller_pkg/msg/MotorSpeeds.msg
[0.407s] -- Up-to-date: /home/weng/work/Foreview_ws/install/dynamixel_controller_pkg/share/ament_index/resource_index/package_run_dependencies/dynamixel_controller_pkg
[0.407s] -- Up-to-date: /home/weng/work/Foreview_ws/install/dynamixel_controller_pkg/share/ament_index/resource_index/parent_prefix_path/dynamixel_controller_pkg
[0.407s] -- Up-to-date: /home/weng/work/Foreview_ws/install/dynamixel_controller_pkg/share/dynamixel_controller_pkg/environment/ament_prefix_path.sh
[0.407s] -- Up-to-date: /home/weng/work/Foreview_ws/install/dynamixel_controller_pkg/share/dynamixel_controller_pkg/environment/ament_prefix_path.dsv
[0.407s] -- Up-to-date: /home/weng/work/Foreview_ws/install/dynamixel_controller_pkg/share/dynamixel_controller_pkg/environment/path.sh
[0.407s] -- Up-to-date: /home/weng/work/Foreview_ws/install/dynamixel_controller_pkg/share/dynamixel_controller_pkg/environment/path.dsv
[0.407s] -- Up-to-date: /home/weng/work/Foreview_ws/install/dynamixel_controller_pkg/share/dynamixel_controller_pkg/local_setup.bash
[0.407s] -- Up-to-date: /home/weng/work/Foreview_ws/install/dynamixel_controller_pkg/share/dynamixel_controller_pkg/local_setup.sh
[0.407s] -- Up-to-date: /home/weng/work/Foreview_ws/install/dynamixel_controller_pkg/share/dynamixel_controller_pkg/local_setup.zsh
[0.408s] -- Up-to-date: /home/weng/work/Foreview_ws/install/dynamixel_controller_pkg/share/dynamixel_controller_pkg/local_setup.dsv
[0.408s] -- Installing: /home/weng/work/Foreview_ws/install/dynamixel_controller_pkg/share/dynamixel_controller_pkg/package.dsv
[0.408s] -- Up-to-date: /home/weng/work/Foreview_ws/install/dynamixel_controller_pkg/share/ament_index/resource_index/packages/dynamixel_controller_pkg
[0.408s] -- Up-to-date: /home/weng/work/Foreview_ws/install/dynamixel_controller_pkg/share/dynamixel_controller_pkg/cmake/export_dynamixel_controller_pkg__rosidl_generator_cExport.cmake
[0.408s] -- Up-to-date: /home/weng/work/Foreview_ws/install/dynamixel_controller_pkg/share/dynamixel_controller_pkg/cmake/export_dynamixel_controller_pkg__rosidl_generator_cExport-noconfig.cmake
[0.408s] -- Up-to-date: /home/weng/work/Foreview_ws/install/dynamixel_controller_pkg/share/dynamixel_controller_pkg/cmake/export_dynamixel_controller_pkg__rosidl_typesupport_fastrtps_cExport.cmake
[0.408s] -- Up-to-date: /home/weng/work/Foreview_ws/install/dynamixel_controller_pkg/share/dynamixel_controller_pkg/cmake/export_dynamixel_controller_pkg__rosidl_typesupport_fastrtps_cExport-noconfig.cmake
[0.408s] -- Up-to-date: /home/weng/work/Foreview_ws/install/dynamixel_controller_pkg/share/dynamixel_controller_pkg/cmake/export_dynamixel_controller_pkg__rosidl_generator_cppExport.cmake
[0.408s] -- Up-to-date: /home/weng/work/Foreview_ws/install/dynamixel_controller_pkg/share/dynamixel_controller_pkg/cmake/export_dynamixel_controller_pkg__rosidl_typesupport_fastrtps_cppExport.cmake
[0.408s] -- Up-to-date: /home/weng/work/Foreview_ws/install/dynamixel_controller_pkg/share/dynamixel_controller_pkg/cmake/export_dynamixel_controller_pkg__rosidl_typesupport_fastrtps_cppExport-noconfig.cmake
[0.408s] -- Up-to-date: /home/weng/work/Foreview_ws/install/dynamixel_controller_pkg/share/dynamixel_controller_pkg/cmake/dynamixel_controller_pkg__rosidl_typesupport_introspection_cExport.cmake
[0.408s] -- Up-to-date: /home/weng/work/Foreview_ws/install/dynamixel_controller_pkg/share/dynamixel_controller_pkg/cmake/dynamixel_controller_pkg__rosidl_typesupport_introspection_cExport-noconfig.cmake
[0.408s] -- Up-to-date: /home/weng/work/Foreview_ws/install/dynamixel_controller_pkg/share/dynamixel_controller_pkg/cmake/dynamixel_controller_pkg__rosidl_typesupport_cExport.cmake
[0.408s] -- Up-to-date: /home/weng/work/Foreview_ws/install/dynamixel_controller_pkg/share/dynamixel_controller_pkg/cmake/dynamixel_controller_pkg__rosidl_typesupport_cExport-noconfig.cmake
[0.408s] -- Up-to-date: /home/weng/work/Foreview_ws/install/dynamixel_controller_pkg/share/dynamixel_controller_pkg/cmake/dynamixel_controller_pkg__rosidl_typesupport_introspection_cppExport.cmake
[0.409s] -- Up-to-date: /home/weng/work/Foreview_ws/install/dynamixel_controller_pkg/share/dynamixel_controller_pkg/cmake/dynamixel_controller_pkg__rosidl_typesupport_introspection_cppExport-noconfig.cmake
[0.409s] -- Up-to-date: /home/weng/work/Foreview_ws/install/dynamixel_controller_pkg/share/dynamixel_controller_pkg/cmake/dynamixel_controller_pkg__rosidl_typesupport_cppExport.cmake
[0.409s] -- Up-to-date: /home/weng/work/Foreview_ws/install/dynamixel_controller_pkg/share/dynamixel_controller_pkg/cmake/dynamixel_controller_pkg__rosidl_typesupport_cppExport-noconfig.cmake
[0.409s] -- Up-to-date: /home/weng/work/Foreview_ws/install/dynamixel_controller_pkg/share/dynamixel_controller_pkg/cmake/export_dynamixel_controller_pkg__rosidl_generator_pyExport.cmake
[0.409s] -- Up-to-date: /home/weng/work/Foreview_ws/install/dynamixel_controller_pkg/share/dynamixel_controller_pkg/cmake/export_dynamixel_controller_pkg__rosidl_generator_pyExport-noconfig.cmake
[0.409s] -- Up-to-date: /home/weng/work/Foreview_ws/install/dynamixel_controller_pkg/share/dynamixel_controller_pkg/cmake/rosidl_cmake-extras.cmake
[0.409s] -- Up-to-date: /home/weng/work/Foreview_ws/install/dynamixel_controller_pkg/share/dynamixel_controller_pkg/cmake/ament_cmake_export_dependencies-extras.cmake
[0.409s] -- Up-to-date: /home/weng/work/Foreview_ws/install/dynamixel_controller_pkg/share/dynamixel_controller_pkg/cmake/ament_cmake_export_include_directories-extras.cmake
[0.409s] -- Up-to-date: /home/weng/work/Foreview_ws/install/dynamixel_controller_pkg/share/dynamixel_controller_pkg/cmake/ament_cmake_export_libraries-extras.cmake
[0.409s] -- Up-to-date: /home/weng/work/Foreview_ws/install/dynamixel_controller_pkg/share/dynamixel_controller_pkg/cmake/ament_cmake_export_targets-extras.cmake
[0.409s] -- Up-to-date: /home/weng/work/Foreview_ws/install/dynamixel_controller_pkg/share/dynamixel_controller_pkg/cmake/rosidl_cmake_export_typesupport_targets-extras.cmake
[0.409s] -- Up-to-date: /home/weng/work/Foreview_ws/install/dynamixel_controller_pkg/share/dynamixel_controller_pkg/cmake/rosidl_cmake_export_typesupport_libraries-extras.cmake
[0.409s] -- Up-to-date: /home/weng/work/Foreview_ws/install/dynamixel_controller_pkg/share/dynamixel_controller_pkg/cmake/dynamixel_controller_pkgConfig.cmake
[0.409s] -- Up-to-date: /home/weng/work/Foreview_ws/install/dynamixel_controller_pkg/share/dynamixel_controller_pkg/cmake/dynamixel_controller_pkgConfig-version.cmake
[0.409s] -- Up-to-date: /home/weng/work/Foreview_ws/install/dynamixel_controller_pkg/share/dynamixel_controller_pkg/package.xml
[0.443s] Invoked command in '/home/weng/work/Foreview_ws/build/dynamixel_controller_pkg' returned '0': CMAKE_PREFIX_PATH=${CMAKE_PREFIX_PATH}:/opt/ros/humble /usr/bin/cmake --install /home/weng/work/Foreview_ws/build/dynamixel_controller_pkg
