[0.064s] Invoking command in '/home/orin/work/Foreview_ws/build/simulate_remote_communication_pkg': /usr/local/bin/cmake --build /home/orin/work/Foreview_ws/build/simulate_remote_communication_pkg -- -j12 -l12
[0.168s] Invoked command in '/home/orin/work/Foreview_ws/build/simulate_remote_communication_pkg' returned '0': /usr/local/bin/cmake --build /home/orin/work/Foreview_ws/build/simulate_remote_communication_pkg -- -j12 -l12
[0.321s] Invoking command in '/home/orin/work/Foreview_ws/build/simulate_remote_communication_pkg': /usr/local/bin/cmake --install /home/orin/work/Foreview_ws/build/simulate_remote_communication_pkg
[0.373s] -- Install configuration: ""
[0.373s] -- Up-to-date: /home/orin/work/Foreview_ws/install/simulate_remote_communication_pkg/share/ament_index/resource_index/package_run_dependencies/simulate_remote_communication_pkg
[0.373s] -- Up-to-date: /home/orin/work/Foreview_ws/install/simulate_remote_communication_pkg/share/ament_index/resource_index/parent_prefix_path/simulate_remote_communication_pkg
[0.374s] -- Up-to-date: /home/orin/work/Foreview_ws/install/simulate_remote_communication_pkg/share/simulate_remote_communication_pkg/environment/ament_prefix_path.sh
[0.374s] -- Up-to-date: /home/orin/work/Foreview_ws/install/simulate_remote_communication_pkg/share/simulate_remote_communication_pkg/environment/ament_prefix_path.dsv
[0.374s] -- Up-to-date: /home/orin/work/Foreview_ws/install/simulate_remote_communication_pkg/share/simulate_remote_communication_pkg/environment/path.sh
[0.374s] -- Up-to-date: /home/orin/work/Foreview_ws/install/simulate_remote_communication_pkg/share/simulate_remote_communication_pkg/environment/path.dsv
[0.374s] -- Up-to-date: /home/orin/work/Foreview_ws/install/simulate_remote_communication_pkg/share/simulate_remote_communication_pkg/local_setup.bash
[0.374s] -- Up-to-date: /home/orin/work/Foreview_ws/install/simulate_remote_communication_pkg/share/simulate_remote_communication_pkg/local_setup.sh
[0.374s] -- Up-to-date: /home/orin/work/Foreview_ws/install/simulate_remote_communication_pkg/share/simulate_remote_communication_pkg/local_setup.zsh
[0.374s] -- Up-to-date: /home/orin/work/Foreview_ws/install/simulate_remote_communication_pkg/share/simulate_remote_communication_pkg/local_setup.dsv
[0.374s] -- Installing: /home/orin/work/Foreview_ws/install/simulate_remote_communication_pkg/share/simulate_remote_communication_pkg/package.dsv
[0.375s] -- Up-to-date: /home/orin/work/Foreview_ws/install/simulate_remote_communication_pkg/share/ament_index/resource_index/packages/simulate_remote_communication_pkg
[0.375s] -- Up-to-date: /home/orin/work/Foreview_ws/install/simulate_remote_communication_pkg/share/simulate_remote_communication_pkg/cmake/simulate_remote_communication_pkgConfig.cmake
[0.376s] -- Up-to-date: /home/orin/work/Foreview_ws/install/simulate_remote_communication_pkg/share/simulate_remote_communication_pkg/cmake/simulate_remote_communication_pkgConfig-version.cmake
[0.376s] -- Up-to-date: /home/orin/work/Foreview_ws/install/simulate_remote_communication_pkg/share/simulate_remote_communication_pkg/package.xml
[0.433s] Invoked command in '/home/orin/work/Foreview_ws/build/simulate_remote_communication_pkg' returned '0': /usr/local/bin/cmake --install /home/orin/work/Foreview_ws/build/simulate_remote_communication_pkg
