[0.120s] Invoking command in '/home/orin/work/Foreview_ws/build/data_collection_pkg': /usr/local/bin/cmake --build /home/orin/work/Foreview_ws/build/data_collection_pkg -- -j12 -l12
[0.247s] Invoked command in '/home/orin/work/Foreview_ws/build/data_collection_pkg' returned '0': /usr/local/bin/cmake --build /home/orin/work/Foreview_ws/build/data_collection_pkg -- -j12 -l12
[0.402s] Invoking command in '/home/orin/work/Foreview_ws/build/data_collection_pkg': /usr/local/bin/cmake --install /home/orin/work/Foreview_ws/build/data_collection_pkg
[0.450s] -- Install configuration: ""
[0.451s] -- Up-to-date: /home/orin/work/Foreview_ws/install/data_collection_pkg/share/ament_index/resource_index/package_run_dependencies/data_collection_pkg
[0.451s] -- Up-to-date: /home/orin/work/Foreview_ws/install/data_collection_pkg/share/ament_index/resource_index/parent_prefix_path/data_collection_pkg
[0.451s] -- Up-to-date: /home/orin/work/Foreview_ws/install/data_collection_pkg/share/data_collection_pkg/environment/ament_prefix_path.sh
[0.452s] -- Up-to-date: /home/orin/work/Foreview_ws/install/data_collection_pkg/share/data_collection_pkg/environment/ament_prefix_path.dsv
[0.452s] -- Up-to-date: /home/orin/work/Foreview_ws/install/data_collection_pkg/share/data_collection_pkg/environment/path.sh
[0.452s] -- Up-to-date: /home/orin/work/Foreview_ws/install/data_collection_pkg/share/data_collection_pkg/environment/path.dsv
[0.452s] -- Up-to-date: /home/orin/work/Foreview_ws/install/data_collection_pkg/share/data_collection_pkg/local_setup.bash
[0.452s] -- Up-to-date: /home/orin/work/Foreview_ws/install/data_collection_pkg/share/data_collection_pkg/local_setup.sh
[0.453s] -- Up-to-date: /home/orin/work/Foreview_ws/install/data_collection_pkg/share/data_collection_pkg/local_setup.zsh
[0.453s] -- Up-to-date: /home/orin/work/Foreview_ws/install/data_collection_pkg/share/data_collection_pkg/local_setup.dsv
[0.453s] -- Installing: /home/orin/work/Foreview_ws/install/data_collection_pkg/share/data_collection_pkg/package.dsv
[0.453s] -- Up-to-date: /home/orin/work/Foreview_ws/install/data_collection_pkg/share/ament_index/resource_index/packages/data_collection_pkg
[0.453s] -- Up-to-date: /home/orin/work/Foreview_ws/install/data_collection_pkg/share/data_collection_pkg/cmake/data_collection_pkgConfig.cmake
[0.453s] -- Up-to-date: /home/orin/work/Foreview_ws/install/data_collection_pkg/share/data_collection_pkg/cmake/data_collection_pkgConfig-version.cmake
[0.454s] -- Up-to-date: /home/orin/work/Foreview_ws/install/data_collection_pkg/share/data_collection_pkg/package.xml
[0.466s] Invoked command in '/home/orin/work/Foreview_ws/build/data_collection_pkg' returned '0': /usr/local/bin/cmake --install /home/orin/work/Foreview_ws/build/data_collection_pkg
