[0.079s] Invoking command in '/home/orin/work/Foreview_ws/build/remote_controller_pkg': /usr/local/bin/cmake --build /home/orin/work/Foreview_ws/build/remote_controller_pkg -- -j12 -l12
[0.180s] [  3%] Built target remote_controller_pkg__cpp
[0.182s] [ 12%] Built target remote_controller_pkg__rosidl_generator_c
[0.183s] [ 12%] Built target ament_cmake_python_copy_remote_controller_pkg
[0.202s] [ 22%] Built target remote_controller_pkg__rosidl_typesupport_cpp
[0.205s] [ 35%] Built target remote_controller_pkg__rosidl_typesupport_introspection_cpp
[0.205s] [ 41%] Built target remote_controller_pkg__rosidl_typesupport_fastrtps_cpp
[0.208s] [ 51%] Built target remote_controller_pkg__rosidl_typesupport_introspection_c
[0.209s] [ 61%] Built target remote_controller_pkg__rosidl_typesupport_c
[0.210s] [ 70%] Built target remote_controller_pkg__rosidl_typesupport_fastrtps_c
[0.224s] [ 70%] Built target remote_controller_pkg
[0.241s] [ 74%] Built target remote_controller_pkg__py
[0.262s] [ 80%] Built target remote_controller_pkg__rosidl_generator_py
[0.284s] [100%] Built target remote_controller_pkg__rosidl_typesupport_fastrtps_c__pyext
[0.285s] [100%] Built target remote_controller_pkg__rosidl_typesupport_introspection_c__pyext
[0.285s] [100%] Built target remote_controller_pkg__rosidl_typesupport_c__pyext
[0.538s] running egg_info
[0.568s] writing remote_controller_pkg.egg-info/PKG-INFO
[0.568s] writing dependency_links to remote_controller_pkg.egg-info/dependency_links.txt
[0.569s] writing top-level names to remote_controller_pkg.egg-info/top_level.txt
[0.650s] reading manifest file 'remote_controller_pkg.egg-info/SOURCES.txt'
[0.651s] writing manifest file 'remote_controller_pkg.egg-info/SOURCES.txt'
[0.703s] [100%] Built target ament_cmake_python_build_remote_controller_pkg_egg
[0.719s] Invoked command in '/home/orin/work/Foreview_ws/build/remote_controller_pkg' returned '0': /usr/local/bin/cmake --build /home/orin/work/Foreview_ws/build/remote_controller_pkg -- -j12 -l12
[0.842s] Invoking command in '/home/orin/work/Foreview_ws/build/remote_controller_pkg': /usr/local/bin/cmake --install /home/orin/work/Foreview_ws/build/remote_controller_pkg
[0.896s] -- Install configuration: ""
[0.896s] -- Up-to-date: /home/orin/work/Foreview_ws/install/remote_controller_pkg/share/ament_index/resource_index/rosidl_interfaces/remote_controller_pkg
[0.896s] -- Up-to-date: /home/orin/work/Foreview_ws/install/remote_controller_pkg/include/remote_controller_pkg/remote_controller_pkg
[0.896s] -- Up-to-date: /home/orin/work/Foreview_ws/install/remote_controller_pkg/include/remote_controller_pkg/remote_controller_pkg/msg
[0.896s] -- Up-to-date: /home/orin/work/Foreview_ws/install/remote_controller_pkg/include/remote_controller_pkg/remote_controller_pkg/msg/rosidl_generator_c__visibility_control.h
[0.897s] -- Up-to-date: /home/orin/work/Foreview_ws/install/remote_controller_pkg/include/remote_controller_pkg/remote_controller_pkg/msg/detail
[0.897s] -- Up-to-date: /home/orin/work/Foreview_ws/install/remote_controller_pkg/include/remote_controller_pkg/remote_controller_pkg/msg/detail/motor_speeds__functions.h
[0.897s] -- Up-to-date: /home/orin/work/Foreview_ws/install/remote_controller_pkg/include/remote_controller_pkg/remote_controller_pkg/msg/detail/motor_speeds__type_support.h
[0.897s] -- Up-to-date: /home/orin/work/Foreview_ws/install/remote_controller_pkg/include/remote_controller_pkg/remote_controller_pkg/msg/detail/motor_speeds__functions.c
[0.897s] -- Up-to-date: /home/orin/work/Foreview_ws/install/remote_controller_pkg/include/remote_controller_pkg/remote_controller_pkg/msg/detail/motor_speeds__struct.h
[0.897s] -- Up-to-date: /home/orin/work/Foreview_ws/install/remote_controller_pkg/include/remote_controller_pkg/remote_controller_pkg/msg/motor_speeds.h
[0.897s] -- Up-to-date: /home/orin/work/Foreview_ws/install/remote_controller_pkg/share/remote_controller_pkg/environment/library_path.sh
[0.897s] -- Up-to-date: /home/orin/work/Foreview_ws/install/remote_controller_pkg/share/remote_controller_pkg/environment/library_path.dsv
[0.898s] -- Up-to-date: /home/orin/work/Foreview_ws/install/remote_controller_pkg/lib/libremote_controller_pkg__rosidl_generator_c.so
[0.898s] -- Up-to-date: /home/orin/work/Foreview_ws/install/remote_controller_pkg/include/remote_controller_pkg/remote_controller_pkg
[0.898s] -- Up-to-date: /home/orin/work/Foreview_ws/install/remote_controller_pkg/include/remote_controller_pkg/remote_controller_pkg/msg
[0.898s] -- Up-to-date: /home/orin/work/Foreview_ws/install/remote_controller_pkg/include/remote_controller_pkg/remote_controller_pkg/msg/detail
[0.898s] -- Up-to-date: /home/orin/work/Foreview_ws/install/remote_controller_pkg/include/remote_controller_pkg/remote_controller_pkg/msg/detail/motor_speeds__rosidl_typesupport_fastrtps_c.h
[0.898s] -- Up-to-date: /home/orin/work/Foreview_ws/install/remote_controller_pkg/include/remote_controller_pkg/remote_controller_pkg/msg/rosidl_typesupport_fastrtps_c__visibility_control.h
[0.898s] -- Up-to-date: /home/orin/work/Foreview_ws/install/remote_controller_pkg/lib/libremote_controller_pkg__rosidl_typesupport_fastrtps_c.so
[0.899s] -- Up-to-date: /home/orin/work/Foreview_ws/install/remote_controller_pkg/include/remote_controller_pkg/remote_controller_pkg
[0.899s] -- Up-to-date: /home/orin/work/Foreview_ws/install/remote_controller_pkg/include/remote_controller_pkg/remote_controller_pkg/msg
[0.899s] -- Up-to-date: /home/orin/work/Foreview_ws/install/remote_controller_pkg/include/remote_controller_pkg/remote_controller_pkg/msg/detail
[0.899s] -- Up-to-date: /home/orin/work/Foreview_ws/install/remote_controller_pkg/include/remote_controller_pkg/remote_controller_pkg/msg/detail/motor_speeds__traits.hpp
[0.899s] -- Up-to-date: /home/orin/work/Foreview_ws/install/remote_controller_pkg/include/remote_controller_pkg/remote_controller_pkg/msg/detail/motor_speeds__struct.hpp
[0.899s] -- Up-to-date: /home/orin/work/Foreview_ws/install/remote_controller_pkg/include/remote_controller_pkg/remote_controller_pkg/msg/detail/motor_speeds__builder.hpp
[0.899s] -- Up-to-date: /home/orin/work/Foreview_ws/install/remote_controller_pkg/include/remote_controller_pkg/remote_controller_pkg/msg/motor_speeds.hpp
[0.899s] -- Up-to-date: /home/orin/work/Foreview_ws/install/remote_controller_pkg/include/remote_controller_pkg/remote_controller_pkg
[0.899s] -- Up-to-date: /home/orin/work/Foreview_ws/install/remote_controller_pkg/include/remote_controller_pkg/remote_controller_pkg/msg
[0.900s] -- Up-to-date: /home/orin/work/Foreview_ws/install/remote_controller_pkg/include/remote_controller_pkg/remote_controller_pkg/msg/detail
[0.900s] -- Up-to-date: /home/orin/work/Foreview_ws/install/remote_controller_pkg/include/remote_controller_pkg/remote_controller_pkg/msg/detail/dds_fastrtps
[0.900s] -- Up-to-date: /home/orin/work/Foreview_ws/install/remote_controller_pkg/include/remote_controller_pkg/remote_controller_pkg/msg/detail/motor_speeds__rosidl_typesupport_fastrtps_cpp.hpp
[0.900s] -- Up-to-date: /home/orin/work/Foreview_ws/install/remote_controller_pkg/include/remote_controller_pkg/remote_controller_pkg/msg/rosidl_typesupport_fastrtps_cpp__visibility_control.h
[0.900s] -- Up-to-date: /home/orin/work/Foreview_ws/install/remote_controller_pkg/lib/libremote_controller_pkg__rosidl_typesupport_fastrtps_cpp.so
[0.900s] -- Up-to-date: /home/orin/work/Foreview_ws/install/remote_controller_pkg/include/remote_controller_pkg/remote_controller_pkg
[0.900s] -- Up-to-date: /home/orin/work/Foreview_ws/install/remote_controller_pkg/include/remote_controller_pkg/remote_controller_pkg/msg
[0.900s] -- Up-to-date: /home/orin/work/Foreview_ws/install/remote_controller_pkg/include/remote_controller_pkg/remote_controller_pkg/msg/detail
[0.901s] -- Up-to-date: /home/orin/work/Foreview_ws/install/remote_controller_pkg/include/remote_controller_pkg/remote_controller_pkg/msg/detail/motor_speeds__rosidl_typesupport_introspection_c.h
[0.901s] -- Up-to-date: /home/orin/work/Foreview_ws/install/remote_controller_pkg/include/remote_controller_pkg/remote_controller_pkg/msg/detail/motor_speeds__type_support.c
[0.901s] -- Up-to-date: /home/orin/work/Foreview_ws/install/remote_controller_pkg/include/remote_controller_pkg/remote_controller_pkg/msg/rosidl_typesupport_introspection_c__visibility_control.h
[0.901s] -- Up-to-date: /home/orin/work/Foreview_ws/install/remote_controller_pkg/lib/libremote_controller_pkg__rosidl_typesupport_introspection_c.so
[0.901s] -- Up-to-date: /home/orin/work/Foreview_ws/install/remote_controller_pkg/lib/libremote_controller_pkg__rosidl_typesupport_c.so
[0.901s] -- Up-to-date: /home/orin/work/Foreview_ws/install/remote_controller_pkg/include/remote_controller_pkg/remote_controller_pkg
[0.901s] -- Up-to-date: /home/orin/work/Foreview_ws/install/remote_controller_pkg/include/remote_controller_pkg/remote_controller_pkg/msg
[0.902s] -- Up-to-date: /home/orin/work/Foreview_ws/install/remote_controller_pkg/include/remote_controller_pkg/remote_controller_pkg/msg/detail
[0.902s] -- Up-to-date: /home/orin/work/Foreview_ws/install/remote_controller_pkg/include/remote_controller_pkg/remote_controller_pkg/msg/detail/motor_speeds__type_support.cpp
[0.902s] -- Up-to-date: /home/orin/work/Foreview_ws/install/remote_controller_pkg/include/remote_controller_pkg/remote_controller_pkg/msg/detail/motor_speeds__rosidl_typesupport_introspection_cpp.hpp
[0.902s] -- Up-to-date: /home/orin/work/Foreview_ws/install/remote_controller_pkg/lib/libremote_controller_pkg__rosidl_typesupport_introspection_cpp.so
[0.902s] -- Up-to-date: /home/orin/work/Foreview_ws/install/remote_controller_pkg/lib/libremote_controller_pkg__rosidl_typesupport_cpp.so
[0.902s] -- Up-to-date: /home/orin/work/Foreview_ws/install/remote_controller_pkg/share/remote_controller_pkg/environment/pythonpath.sh
[0.902s] -- Up-to-date: /home/orin/work/Foreview_ws/install/remote_controller_pkg/share/remote_controller_pkg/environment/pythonpath.dsv
[0.903s] -- Up-to-date: /home/orin/work/Foreview_ws/install/remote_controller_pkg/lib/python3.8/site-packages/remote_controller_pkg-0.0.0-py3.8.egg-info
[0.903s] -- Installing: /home/orin/work/Foreview_ws/install/remote_controller_pkg/lib/python3.8/site-packages/remote_controller_pkg-0.0.0-py3.8.egg-info/PKG-INFO
[0.903s] -- Installing: /home/orin/work/Foreview_ws/install/remote_controller_pkg/lib/python3.8/site-packages/remote_controller_pkg-0.0.0-py3.8.egg-info/top_level.txt
[0.903s] -- Installing: /home/orin/work/Foreview_ws/install/remote_controller_pkg/lib/python3.8/site-packages/remote_controller_pkg-0.0.0-py3.8.egg-info/SOURCES.txt
[0.903s] -- Installing: /home/orin/work/Foreview_ws/install/remote_controller_pkg/lib/python3.8/site-packages/remote_controller_pkg-0.0.0-py3.8.egg-info/dependency_links.txt
[0.903s] -- Up-to-date: /home/orin/work/Foreview_ws/install/remote_controller_pkg/lib/python3.8/site-packages/remote_controller_pkg
[0.903s] -- Up-to-date: /home/orin/work/Foreview_ws/install/remote_controller_pkg/lib/python3.8/site-packages/remote_controller_pkg/remote_controller_pkg_s__rosidl_typesupport_introspection_c.cpython-38-aarch64-linux-gnu.so
[0.904s] -- Up-to-date: /home/orin/work/Foreview_ws/install/remote_controller_pkg/lib/python3.8/site-packages/remote_controller_pkg/__init__.py
[0.904s] -- Up-to-date: /home/orin/work/Foreview_ws/install/remote_controller_pkg/lib/python3.8/site-packages/remote_controller_pkg/remote_controller_pkg_s__rosidl_typesupport_fastrtps_c.cpython-38-aarch64-linux-gnu.so
[0.904s] -- Up-to-date: /home/orin/work/Foreview_ws/install/remote_controller_pkg/lib/python3.8/site-packages/remote_controller_pkg/_remote_controller_pkg_s.ep.rosidl_typesupport_fastrtps_c.c
[0.904s] -- Up-to-date: /home/orin/work/Foreview_ws/install/remote_controller_pkg/lib/python3.8/site-packages/remote_controller_pkg/remote_controller_pkg_s__rosidl_typesupport_c.cpython-38-aarch64-linux-gnu.so
[0.904s] -- Up-to-date: /home/orin/work/Foreview_ws/install/remote_controller_pkg/lib/python3.8/site-packages/remote_controller_pkg/_remote_controller_pkg_s.ep.rosidl_typesupport_introspection_c.c
[0.904s] -- Up-to-date: /home/orin/work/Foreview_ws/install/remote_controller_pkg/lib/python3.8/site-packages/remote_controller_pkg/msg
[0.904s] -- Up-to-date: /home/orin/work/Foreview_ws/install/remote_controller_pkg/lib/python3.8/site-packages/remote_controller_pkg/msg/__init__.py
[0.904s] -- Up-to-date: /home/orin/work/Foreview_ws/install/remote_controller_pkg/lib/python3.8/site-packages/remote_controller_pkg/msg/_motor_speeds.py
[0.904s] -- Up-to-date: /home/orin/work/Foreview_ws/install/remote_controller_pkg/lib/python3.8/site-packages/remote_controller_pkg/msg/_motor_speeds_s.c
[0.904s] -- Up-to-date: /home/orin/work/Foreview_ws/install/remote_controller_pkg/lib/python3.8/site-packages/remote_controller_pkg/libremote_controller_pkg__rosidl_generator_py.so
[0.905s] -- Up-to-date: /home/orin/work/Foreview_ws/install/remote_controller_pkg/lib/python3.8/site-packages/remote_controller_pkg/_remote_controller_pkg_s.ep.rosidl_typesupport_c.c
[0.952s] Listing '/home/orin/work/Foreview_ws/install/remote_controller_pkg/lib/python3.8/site-packages/remote_controller_pkg'...
[0.953s] Listing '/home/orin/work/Foreview_ws/install/remote_controller_pkg/lib/python3.8/site-packages/remote_controller_pkg/msg'...
[0.961s] -- Up-to-date: /home/orin/work/Foreview_ws/install/remote_controller_pkg/lib/python3.8/site-packages/remote_controller_pkg/remote_controller_pkg_s__rosidl_typesupport_fastrtps_c.cpython-38-aarch64-linux-gnu.so
[0.961s] -- Up-to-date: /home/orin/work/Foreview_ws/install/remote_controller_pkg/lib/python3.8/site-packages/remote_controller_pkg/remote_controller_pkg_s__rosidl_typesupport_introspection_c.cpython-38-aarch64-linux-gnu.so
[0.968s] -- Up-to-date: /home/orin/work/Foreview_ws/install/remote_controller_pkg/lib/python3.8/site-packages/remote_controller_pkg/remote_controller_pkg_s__rosidl_typesupport_c.cpython-38-aarch64-linux-gnu.so
[0.969s] -- Up-to-date: /home/orin/work/Foreview_ws/install/remote_controller_pkg/lib/libremote_controller_pkg__rosidl_generator_py.so
[0.969s] -- Up-to-date: /home/orin/work/Foreview_ws/install/remote_controller_pkg/share/remote_controller_pkg/msg/MotorSpeeds.idl
[0.969s] -- Up-to-date: /home/orin/work/Foreview_ws/install/remote_controller_pkg/share/remote_controller_pkg/msg/MotorSpeeds.msg
[0.970s] -- Up-to-date: /home/orin/work/Foreview_ws/install/remote_controller_pkg/share/ament_index/resource_index/package_run_dependencies/remote_controller_pkg
[0.970s] -- Up-to-date: /home/orin/work/Foreview_ws/install/remote_controller_pkg/share/ament_index/resource_index/parent_prefix_path/remote_controller_pkg
[0.970s] -- Up-to-date: /home/orin/work/Foreview_ws/install/remote_controller_pkg/share/remote_controller_pkg/environment/ament_prefix_path.sh
[0.971s] -- Up-to-date: /home/orin/work/Foreview_ws/install/remote_controller_pkg/share/remote_controller_pkg/environment/ament_prefix_path.dsv
[0.971s] -- Up-to-date: /home/orin/work/Foreview_ws/install/remote_controller_pkg/share/remote_controller_pkg/environment/path.sh
[0.972s] -- Up-to-date: /home/orin/work/Foreview_ws/install/remote_controller_pkg/share/remote_controller_pkg/environment/path.dsv
[0.972s] -- Up-to-date: /home/orin/work/Foreview_ws/install/remote_controller_pkg/share/remote_controller_pkg/local_setup.bash
[0.972s] -- Up-to-date: /home/orin/work/Foreview_ws/install/remote_controller_pkg/share/remote_controller_pkg/local_setup.sh
[0.973s] -- Up-to-date: /home/orin/work/Foreview_ws/install/remote_controller_pkg/share/remote_controller_pkg/local_setup.zsh
[0.978s] -- Up-to-date: /home/orin/work/Foreview_ws/install/remote_controller_pkg/share/remote_controller_pkg/local_setup.dsv
[0.979s] -- Installing: /home/orin/work/Foreview_ws/install/remote_controller_pkg/share/remote_controller_pkg/package.dsv
[0.979s] -- Up-to-date: /home/orin/work/Foreview_ws/install/remote_controller_pkg/share/ament_index/resource_index/packages/remote_controller_pkg
[0.979s] -- Up-to-date: /home/orin/work/Foreview_ws/install/remote_controller_pkg/share/remote_controller_pkg/cmake/export_remote_controller_pkg__rosidl_generator_cExport.cmake
[0.980s] -- Up-to-date: /home/orin/work/Foreview_ws/install/remote_controller_pkg/share/remote_controller_pkg/cmake/export_remote_controller_pkg__rosidl_generator_cExport-noconfig.cmake
[0.980s] -- Up-to-date: /home/orin/work/Foreview_ws/install/remote_controller_pkg/share/remote_controller_pkg/cmake/export_remote_controller_pkg__rosidl_typesupport_fastrtps_cExport.cmake
[0.981s] -- Up-to-date: /home/orin/work/Foreview_ws/install/remote_controller_pkg/share/remote_controller_pkg/cmake/export_remote_controller_pkg__rosidl_typesupport_fastrtps_cExport-noconfig.cmake
[0.981s] -- Up-to-date: /home/orin/work/Foreview_ws/install/remote_controller_pkg/share/remote_controller_pkg/cmake/export_remote_controller_pkg__rosidl_generator_cppExport.cmake
[0.981s] -- Up-to-date: /home/orin/work/Foreview_ws/install/remote_controller_pkg/share/remote_controller_pkg/cmake/export_remote_controller_pkg__rosidl_typesupport_fastrtps_cppExport.cmake
[0.986s] -- Up-to-date: /home/orin/work/Foreview_ws/install/remote_controller_pkg/share/remote_controller_pkg/cmake/export_remote_controller_pkg__rosidl_typesupport_fastrtps_cppExport-noconfig.cmake
[0.987s] -- Up-to-date: /home/orin/work/Foreview_ws/install/remote_controller_pkg/share/remote_controller_pkg/cmake/remote_controller_pkg__rosidl_typesupport_introspection_cExport.cmake
[0.987s] -- Up-to-date: /home/orin/work/Foreview_ws/install/remote_controller_pkg/share/remote_controller_pkg/cmake/remote_controller_pkg__rosidl_typesupport_introspection_cExport-noconfig.cmake
[0.988s] -- Up-to-date: /home/orin/work/Foreview_ws/install/remote_controller_pkg/share/remote_controller_pkg/cmake/remote_controller_pkg__rosidl_typesupport_cExport.cmake
[0.988s] -- Up-to-date: /home/orin/work/Foreview_ws/install/remote_controller_pkg/share/remote_controller_pkg/cmake/remote_controller_pkg__rosidl_typesupport_cExport-noconfig.cmake
[0.989s] -- Up-to-date: /home/orin/work/Foreview_ws/install/remote_controller_pkg/share/remote_controller_pkg/cmake/remote_controller_pkg__rosidl_typesupport_introspection_cppExport.cmake
[0.989s] -- Up-to-date: /home/orin/work/Foreview_ws/install/remote_controller_pkg/share/remote_controller_pkg/cmake/remote_controller_pkg__rosidl_typesupport_introspection_cppExport-noconfig.cmake
[0.989s] -- Up-to-date: /home/orin/work/Foreview_ws/install/remote_controller_pkg/share/remote_controller_pkg/cmake/remote_controller_pkg__rosidl_typesupport_cppExport.cmake
[0.990s] -- Up-to-date: /home/orin/work/Foreview_ws/install/remote_controller_pkg/share/remote_controller_pkg/cmake/remote_controller_pkg__rosidl_typesupport_cppExport-noconfig.cmake
[0.990s] -- Up-to-date: /home/orin/work/Foreview_ws/install/remote_controller_pkg/share/remote_controller_pkg/cmake/export_remote_controller_pkg__rosidl_generator_pyExport.cmake
[0.990s] -- Up-to-date: /home/orin/work/Foreview_ws/install/remote_controller_pkg/share/remote_controller_pkg/cmake/export_remote_controller_pkg__rosidl_generator_pyExport-noconfig.cmake
[0.991s] -- Up-to-date: /home/orin/work/Foreview_ws/install/remote_controller_pkg/share/remote_controller_pkg/cmake/rosidl_cmake-extras.cmake
[0.991s] -- Up-to-date: /home/orin/work/Foreview_ws/install/remote_controller_pkg/share/remote_controller_pkg/cmake/ament_cmake_export_dependencies-extras.cmake
[0.991s] -- Up-to-date: /home/orin/work/Foreview_ws/install/remote_controller_pkg/share/remote_controller_pkg/cmake/ament_cmake_export_include_directories-extras.cmake
[0.992s] -- Up-to-date: /home/orin/work/Foreview_ws/install/remote_controller_pkg/share/remote_controller_pkg/cmake/ament_cmake_export_libraries-extras.cmake
[0.992s] -- Up-to-date: /home/orin/work/Foreview_ws/install/remote_controller_pkg/share/remote_controller_pkg/cmake/ament_cmake_export_targets-extras.cmake
[0.993s] -- Up-to-date: /home/orin/work/Foreview_ws/install/remote_controller_pkg/share/remote_controller_pkg/cmake/rosidl_cmake_export_typesupport_targets-extras.cmake
[0.993s] -- Up-to-date: /home/orin/work/Foreview_ws/install/remote_controller_pkg/share/remote_controller_pkg/cmake/rosidl_cmake_export_typesupport_libraries-extras.cmake
[0.993s] -- Up-to-date: /home/orin/work/Foreview_ws/install/remote_controller_pkg/share/remote_controller_pkg/cmake/remote_controller_pkgConfig.cmake
[0.994s] -- Up-to-date: /home/orin/work/Foreview_ws/install/remote_controller_pkg/share/remote_controller_pkg/cmake/remote_controller_pkgConfig-version.cmake
[0.994s] -- Up-to-date: /home/orin/work/Foreview_ws/install/remote_controller_pkg/share/remote_controller_pkg/package.xml
[1.008s] Invoked command in '/home/orin/work/Foreview_ws/build/remote_controller_pkg' returned '0': /usr/local/bin/cmake --install /home/orin/work/Foreview_ws/build/remote_controller_pkg
