[0.091s] Invoking command in '/home/weng/work/Foreview_ws/build/data_collection_pkg': CMAKE_PREFIX_PATH=/opt/ros/humble /usr/bin/cmake /home/weng/work/Foreview_ws/src/data_collection_pkg -DCMAKE_INSTALL_PREFIX=/home/weng/work/Foreview_ws/install/data_collection_pkg
[0.126s] -- The C compiler identification is GNU 11.4.0
[0.168s] -- The CXX compiler identification is GNU 11.4.0
[0.173s] -- Detecting C compiler ABI info
[0.220s] -- Detecting C compiler ABI info - done
[0.225s] -- Check for working C compiler: /usr/bin/cc - skipped
[0.225s] -- Detecting C compile features
[0.225s] -- Detecting C compile features - done
[0.227s] -- Detecting CXX compiler ABI info
[0.275s] -- Detecting CXX compiler ABI info - done
[0.279s] -- Check for working CXX compiler: /usr/bin/c++ - skipped
[0.279s] -- Detecting CXX compile features
[0.280s] -- Detecting CXX compile features - done
[0.281s] -- Found ament_cmake: 1.3.6 (/opt/ros/humble/share/ament_cmake/cmake)
[0.388s] -- Found Python3: /usr/bin/python3.10 (found version "3.10.12") found components: Interpreter 
[0.440s] -- Found ament_lint_auto: 0.12.9 (/opt/ros/humble/share/ament_lint_auto/cmake)
[0.486s] -- Added test 'flake8' to check Python code syntax and style conventions
[0.486s] -- Added test 'lint_cmake' to check CMake code style
[0.486s] -- Added test 'pep257' to check Python code against some of the docstring style conventions in PEP 257
[0.487s] -- Added test 'xmllint' to check XML markup files
[0.487s] -- Configuring done
[0.490s] -- Generating done
[0.490s] -- Build files have been written to: /home/weng/work/Foreview_ws/build/data_collection_pkg
[0.549s] Invoked command in '/home/weng/work/Foreview_ws/build/data_collection_pkg' returned '0': CMAKE_PREFIX_PATH=/opt/ros/humble /usr/bin/cmake /home/weng/work/Foreview_ws/src/data_collection_pkg -DCMAKE_INSTALL_PREFIX=/home/weng/work/Foreview_ws/install/data_collection_pkg
[0.549s] Invoking command in '/home/weng/work/Foreview_ws/build/data_collection_pkg': CMAKE_PREFIX_PATH=/opt/ros/humble /usr/bin/cmake --build /home/weng/work/Foreview_ws/build/data_collection_pkg -- -j16 -l16
[0.571s] Invoked command in '/home/weng/work/Foreview_ws/build/data_collection_pkg' returned '0': CMAKE_PREFIX_PATH=/opt/ros/humble /usr/bin/cmake --build /home/weng/work/Foreview_ws/build/data_collection_pkg -- -j16 -l16
[0.585s] Invoking command in '/home/weng/work/Foreview_ws/build/data_collection_pkg': CMAKE_PREFIX_PATH=/opt/ros/humble /usr/bin/cmake --install /home/weng/work/Foreview_ws/build/data_collection_pkg
[0.589s] -- Install configuration: ""
[0.589s] -- Installing: /home/weng/work/Foreview_ws/install/data_collection_pkg/share/ament_index/resource_index/package_run_dependencies/data_collection_pkg
[0.589s] -- Installing: /home/weng/work/Foreview_ws/install/data_collection_pkg/share/ament_index/resource_index/parent_prefix_path/data_collection_pkg
[0.589s] -- Installing: /home/weng/work/Foreview_ws/install/data_collection_pkg/share/data_collection_pkg/environment/ament_prefix_path.sh
[0.589s] -- Installing: /home/weng/work/Foreview_ws/install/data_collection_pkg/share/data_collection_pkg/environment/ament_prefix_path.dsv
[0.589s] -- Installing: /home/weng/work/Foreview_ws/install/data_collection_pkg/share/data_collection_pkg/environment/path.sh
[0.589s] -- Installing: /home/weng/work/Foreview_ws/install/data_collection_pkg/share/data_collection_pkg/environment/path.dsv
[0.589s] -- Installing: /home/weng/work/Foreview_ws/install/data_collection_pkg/share/data_collection_pkg/local_setup.bash
[0.589s] -- Installing: /home/weng/work/Foreview_ws/install/data_collection_pkg/share/data_collection_pkg/local_setup.sh
[0.590s] -- Installing: /home/weng/work/Foreview_ws/install/data_collection_pkg/share/data_collection_pkg/local_setup.zsh
[0.590s] -- Installing: /home/weng/work/Foreview_ws/install/data_collection_pkg/share/data_collection_pkg/local_setup.dsv
[0.590s] -- Installing: /home/weng/work/Foreview_ws/install/data_collection_pkg/share/data_collection_pkg/package.dsv
[0.590s] -- Installing: /home/weng/work/Foreview_ws/install/data_collection_pkg/share/ament_index/resource_index/packages/data_collection_pkg
[0.590s] -- Installing: /home/weng/work/Foreview_ws/install/data_collection_pkg/share/data_collection_pkg/cmake/data_collection_pkgConfig.cmake
[0.590s] -- Installing: /home/weng/work/Foreview_ws/install/data_collection_pkg/share/data_collection_pkg/cmake/data_collection_pkgConfig-version.cmake
[0.590s] -- Installing: /home/weng/work/Foreview_ws/install/data_collection_pkg/share/data_collection_pkg/package.xml
[0.591s] Invoked command in '/home/weng/work/Foreview_ws/build/data_collection_pkg' returned '0': CMAKE_PREFIX_PATH=/opt/ros/humble /usr/bin/cmake --install /home/weng/work/Foreview_ws/build/data_collection_pkg
