-- The C compiler identification is GNU 11.4.0
-- The CXX compiler identification is GNU 11.4.0
-- Detecting C compiler ABI info
-- Detecting C compiler ABI info - done
-- Check for working C compiler: /usr/bin/cc - skipped
-- Detecting C compile features
-- Detecting C compile features - done
-- Detecting CXX compiler ABI info
-- Detecting CXX compiler ABI info - done
-- Check for working CXX compiler: /usr/bin/c++ - skipped
-- Detecting CXX compile features
-- Detecting CXX compile features - done
-- Found ament_cmake: 1.3.6 (/opt/ros/humble/share/ament_cmake/cmake)
-- Found Python3: /usr/bin/python3.10 (found version "3.10.12") found components: Interpreter 
-- Found geometry_msgs: 4.2.3 (/opt/ros/humble/share/geometry_msgs/cmake)
-- Found rosidl_generator_c: 3.1.5 (/opt/ros/humble/share/rosidl_generator_c/cmake)
-- Found rosidl_adapter: 3.1.5 (/opt/ros/humble/share/rosidl_adapter/cmake)
-- Found rosidl_generator_cpp: 3.1.5 (/opt/ros/humble/share/rosidl_generator_cpp/cmake)
-- Using all available rosidl_typesupport_c: rosidl_typesupport_fastrtps_c;rosidl_typesupport_introspection_c
-- Using all available rosidl_typesupport_cpp: rosidl_typesupport_fastrtps_cpp;rosidl_typesupport_introspection_cpp
-- Found rosidl_default_generators: 1.2.0 (/opt/ros/humble/share/rosidl_default_generators/cmake)
-- Found ament_cmake_ros: 0.10.0 (/opt/ros/humble/share/ament_cmake_ros/cmake)
-- Using all available rosidl_typesupport_c: rosidl_typesupport_fastrtps_c;rosidl_typesupport_introspection_c
-- Using all available rosidl_typesupport_cpp: rosidl_typesupport_fastrtps_cpp;rosidl_typesupport_introspection_cpp
-- Found PythonInterp: /usr/bin/python3 (found suitable version "3.10.12", minimum required is "3.6") 
-- Found python_cmake_module: 0.10.0 (/opt/ros/humble/share/python_cmake_module/cmake)
-- Found PythonLibs: /usr/lib/x86_64-linux-gnu/libpython3.10.so (found suitable version "3.10.12", minimum required is "3.5") 
-- Using PYTHON_EXECUTABLE: /usr/bin/python3
-- Using PYTHON_INCLUDE_DIRS: /usr/include/python3.10
-- Using PYTHON_LIBRARIES: /usr/lib/x86_64-linux-gnu/libpython3.10.so
-- Found PythonExtra: .so  
-- Found ament_lint_auto: 0.12.9 (/opt/ros/humble/share/ament_lint_auto/cmake)
-- Added test 'flake8' to check Python code syntax and style conventions
-- Added test 'lint_cmake' to check CMake code style
-- Added test 'pep257' to check Python code against some of the docstring style conventions in PEP 257
-- Added test 'xmllint' to check XML markup files
-- Configuring done
-- Generating done
-- Build files have been written to: /home/weng/work/Foreview_ws/build/remote_controller_pkg
[  3%] [34m[1mGenerating C code for ROS interfaces[0m
[  6%] [34m[1mGenerating C++ code for ROS interfaces[0m
[  6%] Built target ament_cmake_python_copy_remote_controller_pkg
running egg_info
creating remote_controller_pkg.egg-info
writing remote_controller_pkg.egg-info/PKG-INFO
writing dependency_links to remote_controller_pkg.egg-info/dependency_links.txt
writing top-level names to remote_controller_pkg.egg-info/top_level.txt
writing manifest file 'remote_controller_pkg.egg-info/SOURCES.txt'
reading manifest file 'remote_controller_pkg.egg-info/SOURCES.txt'
writing manifest file 'remote_controller_pkg.egg-info/SOURCES.txt'
[  6%] Built target remote_controller_pkg__cpp
[  9%] [32mBuilding C object CMakeFiles/remote_controller_pkg__rosidl_generator_c.dir/rosidl_generator_c/remote_controller_pkg/msg/detail/motor_speeds__functions.c.o[0m
[ 16%] [34m[1mGenerating C++ introspection for ROS interfaces[0m
[ 16%] [34m[1mGenerating C++ type support dispatch for ROS interfaces[0m
[ 19%] [34m[1mGenerating C++ type support for eProsima Fast-RTPS[0m
[ 19%] Built target ament_cmake_python_build_remote_controller_pkg_egg
[ 22%] [32m[1mLinking C shared library libremote_controller_pkg__rosidl_generator_c.so[0m
[ 22%] Built target remote_controller_pkg__rosidl_generator_c
[ 29%] [34m[1mGenerating C introspection for ROS interfaces[0m
[ 29%] [34m[1mGenerating C type support for eProsima Fast-RTPS[0m
[ 32%] [34m[1mGenerating C type support dispatch for ROS interfaces[0m
[ 35%] [32mBuilding CXX object CMakeFiles/remote_controller_pkg__rosidl_typesupport_fastrtps_cpp.dir/rosidl_typesupport_fastrtps_cpp/remote_controller_pkg/msg/detail/dds_fastrtps/motor_speeds__type_support.cpp.o[0m
[ 38%] [32mBuilding CXX object CMakeFiles/remote_controller_pkg__rosidl_typesupport_fastrtps_c.dir/rosidl_typesupport_fastrtps_c/remote_controller_pkg/msg/detail/motor_speeds__type_support_c.cpp.o[0m
[ 41%] [32mBuilding CXX object CMakeFiles/remote_controller_pkg__rosidl_typesupport_cpp.dir/rosidl_typesupport_cpp/remote_controller_pkg/msg/motor_speeds__type_support.cpp.o[0m
[ 45%] [32mBuilding CXX object CMakeFiles/remote_controller_pkg__rosidl_typesupport_introspection_cpp.dir/rosidl_typesupport_introspection_cpp/remote_controller_pkg/msg/detail/motor_speeds__type_support.cpp.o[0m
[ 48%] [32mBuilding C object CMakeFiles/remote_controller_pkg__rosidl_typesupport_introspection_c.dir/rosidl_typesupport_introspection_c/remote_controller_pkg/msg/detail/motor_speeds__type_support.c.o[0m
[ 51%] [32mBuilding CXX object CMakeFiles/remote_controller_pkg__rosidl_typesupport_c.dir/rosidl_typesupport_c/remote_controller_pkg/msg/motor_speeds__type_support.cpp.o[0m
[ 54%] [32m[1mLinking C shared library libremote_controller_pkg__rosidl_typesupport_introspection_c.so[0m
[ 58%] [32m[1mLinking CXX shared library libremote_controller_pkg__rosidl_typesupport_c.so[0m
[ 58%] Built target remote_controller_pkg__rosidl_typesupport_introspection_c
[ 58%] Built target remote_controller_pkg__rosidl_typesupport_c
[ 61%] [32m[1mLinking CXX shared library libremote_controller_pkg__rosidl_typesupport_cpp.so[0m
[ 61%] Built target remote_controller_pkg__rosidl_typesupport_cpp
[ 64%] [32m[1mLinking CXX shared library libremote_controller_pkg__rosidl_typesupport_fastrtps_c.so[0m
[ 67%] [32m[1mLinking CXX shared library libremote_controller_pkg__rosidl_typesupport_fastrtps_cpp.so[0m
[ 67%] Built target remote_controller_pkg__rosidl_typesupport_fastrtps_c
[ 67%] Built target remote_controller_pkg__rosidl_typesupport_fastrtps_cpp
[ 70%] [32m[1mLinking CXX shared library libremote_controller_pkg__rosidl_typesupport_introspection_cpp.so[0m
[ 70%] Built target remote_controller_pkg__rosidl_typesupport_introspection_cpp
[ 70%] Built target remote_controller_pkg
[ 74%] [34m[1mGenerating Python code for ROS interfaces[0m
[ 74%] Built target remote_controller_pkg__py
[ 77%] [32mBuilding C object CMakeFiles/remote_controller_pkg__rosidl_generator_py.dir/rosidl_generator_py/remote_controller_pkg/msg/_motor_speeds_s.c.o[0m
[ 80%] [32m[1mLinking C shared library rosidl_generator_py/remote_controller_pkg/libremote_controller_pkg__rosidl_generator_py.so[0m
[ 80%] Built target remote_controller_pkg__rosidl_generator_py
[ 87%] [32mBuilding C object CMakeFiles/remote_controller_pkg__rosidl_typesupport_fastrtps_c__pyext.dir/rosidl_generator_py/remote_controller_pkg/_remote_controller_pkg_s.ep.rosidl_typesupport_fastrtps_c.c.o[0m
[ 87%] [32mBuilding C object CMakeFiles/remote_controller_pkg__rosidl_typesupport_introspection_c__pyext.dir/rosidl_generator_py/remote_controller_pkg/_remote_controller_pkg_s.ep.rosidl_typesupport_introspection_c.c.o[0m
[ 90%] [32mBuilding C object CMakeFiles/remote_controller_pkg__rosidl_typesupport_c__pyext.dir/rosidl_generator_py/remote_controller_pkg/_remote_controller_pkg_s.ep.rosidl_typesupport_c.c.o[0m
[ 96%] [32m[1mLinking C shared library rosidl_generator_py/remote_controller_pkg/remote_controller_pkg_s__rosidl_typesupport_introspection_c.cpython-310-x86_64-linux-gnu.so[0m
[ 96%] [32m[1mLinking C shared library rosidl_generator_py/remote_controller_pkg/remote_controller_pkg_s__rosidl_typesupport_c.cpython-310-x86_64-linux-gnu.so[0m
[100%] [32m[1mLinking C shared library rosidl_generator_py/remote_controller_pkg/remote_controller_pkg_s__rosidl_typesupport_fastrtps_c.cpython-310-x86_64-linux-gnu.so[0m
[100%] Built target remote_controller_pkg__rosidl_typesupport_introspection_c__pyext
[100%] Built target remote_controller_pkg__rosidl_typesupport_c__pyext
[100%] Built target remote_controller_pkg__rosidl_typesupport_fastrtps_c__pyext
-- Install configuration: ""
-- Installing: /home/weng/work/Foreview_ws/install/remote_controller_pkg/share/ament_index/resource_index/rosidl_interfaces/remote_controller_pkg
-- Installing: /home/weng/work/Foreview_ws/install/remote_controller_pkg/include/remote_controller_pkg/remote_controller_pkg
-- Installing: /home/weng/work/Foreview_ws/install/remote_controller_pkg/include/remote_controller_pkg/remote_controller_pkg/msg
-- Installing: /home/weng/work/Foreview_ws/install/remote_controller_pkg/include/remote_controller_pkg/remote_controller_pkg/msg/detail
-- Installing: /home/weng/work/Foreview_ws/install/remote_controller_pkg/include/remote_controller_pkg/remote_controller_pkg/msg/detail/motor_speeds__functions.h
-- Installing: /home/weng/work/Foreview_ws/install/remote_controller_pkg/include/remote_controller_pkg/remote_controller_pkg/msg/detail/motor_speeds__type_support.h
-- Installing: /home/weng/work/Foreview_ws/install/remote_controller_pkg/include/remote_controller_pkg/remote_controller_pkg/msg/detail/motor_speeds__functions.c
-- Installing: /home/weng/work/Foreview_ws/install/remote_controller_pkg/include/remote_controller_pkg/remote_controller_pkg/msg/detail/motor_speeds__struct.h
-- Installing: /home/weng/work/Foreview_ws/install/remote_controller_pkg/include/remote_controller_pkg/remote_controller_pkg/msg/rosidl_generator_c__visibility_control.h
-- Installing: /home/weng/work/Foreview_ws/install/remote_controller_pkg/include/remote_controller_pkg/remote_controller_pkg/msg/motor_speeds.h
-- Installing: /home/weng/work/Foreview_ws/install/remote_controller_pkg/share/remote_controller_pkg/environment/library_path.sh
-- Installing: /home/weng/work/Foreview_ws/install/remote_controller_pkg/share/remote_controller_pkg/environment/library_path.dsv
-- Installing: /home/weng/work/Foreview_ws/install/remote_controller_pkg/lib/libremote_controller_pkg__rosidl_generator_c.so
-- Set runtime path of "/home/weng/work/Foreview_ws/install/remote_controller_pkg/lib/libremote_controller_pkg__rosidl_generator_c.so" to ""
-- Up-to-date: /home/weng/work/Foreview_ws/install/remote_controller_pkg/include/remote_controller_pkg/remote_controller_pkg
-- Up-to-date: /home/weng/work/Foreview_ws/install/remote_controller_pkg/include/remote_controller_pkg/remote_controller_pkg/msg
-- Up-to-date: /home/weng/work/Foreview_ws/install/remote_controller_pkg/include/remote_controller_pkg/remote_controller_pkg/msg/detail
-- Installing: /home/weng/work/Foreview_ws/install/remote_controller_pkg/include/remote_controller_pkg/remote_controller_pkg/msg/detail/motor_speeds__rosidl_typesupport_fastrtps_c.h
-- Installing: /home/weng/work/Foreview_ws/install/remote_controller_pkg/include/remote_controller_pkg/remote_controller_pkg/msg/rosidl_typesupport_fastrtps_c__visibility_control.h
-- Installing: /home/weng/work/Foreview_ws/install/remote_controller_pkg/lib/libremote_controller_pkg__rosidl_typesupport_fastrtps_c.so
-- Set runtime path of "/home/weng/work/Foreview_ws/install/remote_controller_pkg/lib/libremote_controller_pkg__rosidl_typesupport_fastrtps_c.so" to ""
-- Up-to-date: /home/weng/work/Foreview_ws/install/remote_controller_pkg/include/remote_controller_pkg/remote_controller_pkg
-- Up-to-date: /home/weng/work/Foreview_ws/install/remote_controller_pkg/include/remote_controller_pkg/remote_controller_pkg/msg
-- Up-to-date: /home/weng/work/Foreview_ws/install/remote_controller_pkg/include/remote_controller_pkg/remote_controller_pkg/msg/detail
-- Installing: /home/weng/work/Foreview_ws/install/remote_controller_pkg/include/remote_controller_pkg/remote_controller_pkg/msg/detail/motor_speeds__struct.hpp
-- Installing: /home/weng/work/Foreview_ws/install/remote_controller_pkg/include/remote_controller_pkg/remote_controller_pkg/msg/detail/motor_speeds__builder.hpp
-- Installing: /home/weng/work/Foreview_ws/install/remote_controller_pkg/include/remote_controller_pkg/remote_controller_pkg/msg/detail/motor_speeds__traits.hpp
-- Installing: /home/weng/work/Foreview_ws/install/remote_controller_pkg/include/remote_controller_pkg/remote_controller_pkg/msg/motor_speeds.hpp
-- Up-to-date: /home/weng/work/Foreview_ws/install/remote_controller_pkg/include/remote_controller_pkg/remote_controller_pkg
-- Up-to-date: /home/weng/work/Foreview_ws/install/remote_controller_pkg/include/remote_controller_pkg/remote_controller_pkg/msg
-- Up-to-date: /home/weng/work/Foreview_ws/install/remote_controller_pkg/include/remote_controller_pkg/remote_controller_pkg/msg/detail
-- Installing: /home/weng/work/Foreview_ws/install/remote_controller_pkg/include/remote_controller_pkg/remote_controller_pkg/msg/detail/dds_fastrtps
-- Installing: /home/weng/work/Foreview_ws/install/remote_controller_pkg/include/remote_controller_pkg/remote_controller_pkg/msg/detail/motor_speeds__rosidl_typesupport_fastrtps_cpp.hpp
-- Installing: /home/weng/work/Foreview_ws/install/remote_controller_pkg/include/remote_controller_pkg/remote_controller_pkg/msg/rosidl_typesupport_fastrtps_cpp__visibility_control.h
-- Installing: /home/weng/work/Foreview_ws/install/remote_controller_pkg/lib/libremote_controller_pkg__rosidl_typesupport_fastrtps_cpp.so
-- Set runtime path of "/home/weng/work/Foreview_ws/install/remote_controller_pkg/lib/libremote_controller_pkg__rosidl_typesupport_fastrtps_cpp.so" to ""
-- Up-to-date: /home/weng/work/Foreview_ws/install/remote_controller_pkg/include/remote_controller_pkg/remote_controller_pkg
-- Up-to-date: /home/weng/work/Foreview_ws/install/remote_controller_pkg/include/remote_controller_pkg/remote_controller_pkg/msg
-- Up-to-date: /home/weng/work/Foreview_ws/install/remote_controller_pkg/include/remote_controller_pkg/remote_controller_pkg/msg/detail
-- Installing: /home/weng/work/Foreview_ws/install/remote_controller_pkg/include/remote_controller_pkg/remote_controller_pkg/msg/detail/motor_speeds__rosidl_typesupport_introspection_c.h
-- Installing: /home/weng/work/Foreview_ws/install/remote_controller_pkg/include/remote_controller_pkg/remote_controller_pkg/msg/detail/motor_speeds__type_support.c
-- Installing: /home/weng/work/Foreview_ws/install/remote_controller_pkg/include/remote_controller_pkg/remote_controller_pkg/msg/rosidl_typesupport_introspection_c__visibility_control.h
-- Installing: /home/weng/work/Foreview_ws/install/remote_controller_pkg/lib/libremote_controller_pkg__rosidl_typesupport_introspection_c.so
-- Set runtime path of "/home/weng/work/Foreview_ws/install/remote_controller_pkg/lib/libremote_controller_pkg__rosidl_typesupport_introspection_c.so" to ""
-- Installing: /home/weng/work/Foreview_ws/install/remote_controller_pkg/lib/libremote_controller_pkg__rosidl_typesupport_c.so
-- Set runtime path of "/home/weng/work/Foreview_ws/install/remote_controller_pkg/lib/libremote_controller_pkg__rosidl_typesupport_c.so" to ""
-- Up-to-date: /home/weng/work/Foreview_ws/install/remote_controller_pkg/include/remote_controller_pkg/remote_controller_pkg
-- Up-to-date: /home/weng/work/Foreview_ws/install/remote_controller_pkg/include/remote_controller_pkg/remote_controller_pkg/msg
-- Up-to-date: /home/weng/work/Foreview_ws/install/remote_controller_pkg/include/remote_controller_pkg/remote_controller_pkg/msg/detail
-- Installing: /home/weng/work/Foreview_ws/install/remote_controller_pkg/include/remote_controller_pkg/remote_controller_pkg/msg/detail/motor_speeds__rosidl_typesupport_introspection_cpp.hpp
-- Installing: /home/weng/work/Foreview_ws/install/remote_controller_pkg/include/remote_controller_pkg/remote_controller_pkg/msg/detail/motor_speeds__type_support.cpp
-- Installing: /home/weng/work/Foreview_ws/install/remote_controller_pkg/lib/libremote_controller_pkg__rosidl_typesupport_introspection_cpp.so
-- Set runtime path of "/home/weng/work/Foreview_ws/install/remote_controller_pkg/lib/libremote_controller_pkg__rosidl_typesupport_introspection_cpp.so" to ""
-- Installing: /home/weng/work/Foreview_ws/install/remote_controller_pkg/lib/libremote_controller_pkg__rosidl_typesupport_cpp.so
-- Set runtime path of "/home/weng/work/Foreview_ws/install/remote_controller_pkg/lib/libremote_controller_pkg__rosidl_typesupport_cpp.so" to ""
-- Installing: /home/weng/work/Foreview_ws/install/remote_controller_pkg/share/remote_controller_pkg/environment/pythonpath.sh
-- Installing: /home/weng/work/Foreview_ws/install/remote_controller_pkg/share/remote_controller_pkg/environment/pythonpath.dsv
-- Installing: /home/weng/work/Foreview_ws/install/remote_controller_pkg/local/lib/python3.10/dist-packages/remote_controller_pkg-0.0.0-py3.10.egg-info
-- Installing: /home/weng/work/Foreview_ws/install/remote_controller_pkg/local/lib/python3.10/dist-packages/remote_controller_pkg-0.0.0-py3.10.egg-info/top_level.txt
-- Installing: /home/weng/work/Foreview_ws/install/remote_controller_pkg/local/lib/python3.10/dist-packages/remote_controller_pkg-0.0.0-py3.10.egg-info/SOURCES.txt
-- Installing: /home/weng/work/Foreview_ws/install/remote_controller_pkg/local/lib/python3.10/dist-packages/remote_controller_pkg-0.0.0-py3.10.egg-info/dependency_links.txt
-- Installing: /home/weng/work/Foreview_ws/install/remote_controller_pkg/local/lib/python3.10/dist-packages/remote_controller_pkg-0.0.0-py3.10.egg-info/PKG-INFO
-- Installing: /home/weng/work/Foreview_ws/install/remote_controller_pkg/local/lib/python3.10/dist-packages/remote_controller_pkg
-- Installing: /home/weng/work/Foreview_ws/install/remote_controller_pkg/local/lib/python3.10/dist-packages/remote_controller_pkg/remote_controller_pkg_s__rosidl_typesupport_fastrtps_c.cpython-310-x86_64-linux-gnu.so
-- Installing: /home/weng/work/Foreview_ws/install/remote_controller_pkg/local/lib/python3.10/dist-packages/remote_controller_pkg/msg
-- Installing: /home/weng/work/Foreview_ws/install/remote_controller_pkg/local/lib/python3.10/dist-packages/remote_controller_pkg/msg/_motor_speeds.py
-- Installing: /home/weng/work/Foreview_ws/install/remote_controller_pkg/local/lib/python3.10/dist-packages/remote_controller_pkg/msg/_motor_speeds_s.c
-- Installing: /home/weng/work/Foreview_ws/install/remote_controller_pkg/local/lib/python3.10/dist-packages/remote_controller_pkg/msg/__init__.py
-- Installing: /home/weng/work/Foreview_ws/install/remote_controller_pkg/local/lib/python3.10/dist-packages/remote_controller_pkg/remote_controller_pkg_s__rosidl_typesupport_introspection_c.cpython-310-x86_64-linux-gnu.so
-- Installing: /home/weng/work/Foreview_ws/install/remote_controller_pkg/local/lib/python3.10/dist-packages/remote_controller_pkg/libremote_controller_pkg__rosidl_generator_py.so
-- Installing: /home/weng/work/Foreview_ws/install/remote_controller_pkg/local/lib/python3.10/dist-packages/remote_controller_pkg/_remote_controller_pkg_s.ep.rosidl_typesupport_c.c
-- Installing: /home/weng/work/Foreview_ws/install/remote_controller_pkg/local/lib/python3.10/dist-packages/remote_controller_pkg/_remote_controller_pkg_s.ep.rosidl_typesupport_fastrtps_c.c
-- Installing: /home/weng/work/Foreview_ws/install/remote_controller_pkg/local/lib/python3.10/dist-packages/remote_controller_pkg/__init__.py
-- Installing: /home/weng/work/Foreview_ws/install/remote_controller_pkg/local/lib/python3.10/dist-packages/remote_controller_pkg/_remote_controller_pkg_s.ep.rosidl_typesupport_introspection_c.c
-- Installing: /home/weng/work/Foreview_ws/install/remote_controller_pkg/local/lib/python3.10/dist-packages/remote_controller_pkg/remote_controller_pkg_s__rosidl_typesupport_c.cpython-310-x86_64-linux-gnu.so
Listing '/home/weng/work/Foreview_ws/install/remote_controller_pkg/local/lib/python3.10/dist-packages/remote_controller_pkg'...
Compiling '/home/weng/work/Foreview_ws/install/remote_controller_pkg/local/lib/python3.10/dist-packages/remote_controller_pkg/__init__.py'...
Listing '/home/weng/work/Foreview_ws/install/remote_controller_pkg/local/lib/python3.10/dist-packages/remote_controller_pkg/msg'...
Compiling '/home/weng/work/Foreview_ws/install/remote_controller_pkg/local/lib/python3.10/dist-packages/remote_controller_pkg/msg/__init__.py'...
Compiling '/home/weng/work/Foreview_ws/install/remote_controller_pkg/local/lib/python3.10/dist-packages/remote_controller_pkg/msg/_motor_speeds.py'...
-- Installing: /home/weng/work/Foreview_ws/install/remote_controller_pkg/local/lib/python3.10/dist-packages/remote_controller_pkg/remote_controller_pkg_s__rosidl_typesupport_fastrtps_c.cpython-310-x86_64-linux-gnu.so
-- Set runtime path of "/home/weng/work/Foreview_ws/install/remote_controller_pkg/local/lib/python3.10/dist-packages/remote_controller_pkg/remote_controller_pkg_s__rosidl_typesupport_fastrtps_c.cpython-310-x86_64-linux-gnu.so" to ""
-- Installing: /home/weng/work/Foreview_ws/install/remote_controller_pkg/local/lib/python3.10/dist-packages/remote_controller_pkg/remote_controller_pkg_s__rosidl_typesupport_introspection_c.cpython-310-x86_64-linux-gnu.so
-- Set runtime path of "/home/weng/work/Foreview_ws/install/remote_controller_pkg/local/lib/python3.10/dist-packages/remote_controller_pkg/remote_controller_pkg_s__rosidl_typesupport_introspection_c.cpython-310-x86_64-linux-gnu.so" to ""
-- Installing: /home/weng/work/Foreview_ws/install/remote_controller_pkg/local/lib/python3.10/dist-packages/remote_controller_pkg/remote_controller_pkg_s__rosidl_typesupport_c.cpython-310-x86_64-linux-gnu.so
-- Set runtime path of "/home/weng/work/Foreview_ws/install/remote_controller_pkg/local/lib/python3.10/dist-packages/remote_controller_pkg/remote_controller_pkg_s__rosidl_typesupport_c.cpython-310-x86_64-linux-gnu.so" to ""
-- Installing: /home/weng/work/Foreview_ws/install/remote_controller_pkg/lib/libremote_controller_pkg__rosidl_generator_py.so
-- Set runtime path of "/home/weng/work/Foreview_ws/install/remote_controller_pkg/lib/libremote_controller_pkg__rosidl_generator_py.so" to ""
-- Installing: /home/weng/work/Foreview_ws/install/remote_controller_pkg/share/remote_controller_pkg/msg/MotorSpeeds.idl
-- Installing: /home/weng/work/Foreview_ws/install/remote_controller_pkg/share/remote_controller_pkg/msg/MotorSpeeds.msg
-- Installing: /home/weng/work/Foreview_ws/install/remote_controller_pkg/share/ament_index/resource_index/package_run_dependencies/remote_controller_pkg
-- Installing: /home/weng/work/Foreview_ws/install/remote_controller_pkg/share/ament_index/resource_index/parent_prefix_path/remote_controller_pkg
-- Installing: /home/weng/work/Foreview_ws/install/remote_controller_pkg/share/remote_controller_pkg/environment/ament_prefix_path.sh
-- Installing: /home/weng/work/Foreview_ws/install/remote_controller_pkg/share/remote_controller_pkg/environment/ament_prefix_path.dsv
-- Installing: /home/weng/work/Foreview_ws/install/remote_controller_pkg/share/remote_controller_pkg/environment/path.sh
-- Installing: /home/weng/work/Foreview_ws/install/remote_controller_pkg/share/remote_controller_pkg/environment/path.dsv
-- Installing: /home/weng/work/Foreview_ws/install/remote_controller_pkg/share/remote_controller_pkg/local_setup.bash
-- Installing: /home/weng/work/Foreview_ws/install/remote_controller_pkg/share/remote_controller_pkg/local_setup.sh
-- Installing: /home/weng/work/Foreview_ws/install/remote_controller_pkg/share/remote_controller_pkg/local_setup.zsh
-- Installing: /home/weng/work/Foreview_ws/install/remote_controller_pkg/share/remote_controller_pkg/local_setup.dsv
-- Installing: /home/weng/work/Foreview_ws/install/remote_controller_pkg/share/remote_controller_pkg/package.dsv
-- Installing: /home/weng/work/Foreview_ws/install/remote_controller_pkg/share/ament_index/resource_index/packages/remote_controller_pkg
-- Installing: /home/weng/work/Foreview_ws/install/remote_controller_pkg/share/remote_controller_pkg/cmake/export_remote_controller_pkg__rosidl_generator_cExport.cmake
-- Installing: /home/weng/work/Foreview_ws/install/remote_controller_pkg/share/remote_controller_pkg/cmake/export_remote_controller_pkg__rosidl_generator_cExport-noconfig.cmake
-- Installing: /home/weng/work/Foreview_ws/install/remote_controller_pkg/share/remote_controller_pkg/cmake/export_remote_controller_pkg__rosidl_typesupport_fastrtps_cExport.cmake
-- Installing: /home/weng/work/Foreview_ws/install/remote_controller_pkg/share/remote_controller_pkg/cmake/export_remote_controller_pkg__rosidl_typesupport_fastrtps_cExport-noconfig.cmake
-- Installing: /home/weng/work/Foreview_ws/install/remote_controller_pkg/share/remote_controller_pkg/cmake/export_remote_controller_pkg__rosidl_generator_cppExport.cmake
-- Installing: /home/weng/work/Foreview_ws/install/remote_controller_pkg/share/remote_controller_pkg/cmake/export_remote_controller_pkg__rosidl_typesupport_fastrtps_cppExport.cmake
-- Installing: /home/weng/work/Foreview_ws/install/remote_controller_pkg/share/remote_controller_pkg/cmake/export_remote_controller_pkg__rosidl_typesupport_fastrtps_cppExport-noconfig.cmake
-- Installing: /home/weng/work/Foreview_ws/install/remote_controller_pkg/share/remote_controller_pkg/cmake/remote_controller_pkg__rosidl_typesupport_introspection_cExport.cmake
-- Installing: /home/weng/work/Foreview_ws/install/remote_controller_pkg/share/remote_controller_pkg/cmake/remote_controller_pkg__rosidl_typesupport_introspection_cExport-noconfig.cmake
-- Installing: /home/weng/work/Foreview_ws/install/remote_controller_pkg/share/remote_controller_pkg/cmake/remote_controller_pkg__rosidl_typesupport_cExport.cmake
-- Installing: /home/weng/work/Foreview_ws/install/remote_controller_pkg/share/remote_controller_pkg/cmake/remote_controller_pkg__rosidl_typesupport_cExport-noconfig.cmake
-- Installing: /home/weng/work/Foreview_ws/install/remote_controller_pkg/share/remote_controller_pkg/cmake/remote_controller_pkg__rosidl_typesupport_introspection_cppExport.cmake
-- Installing: /home/weng/work/Foreview_ws/install/remote_controller_pkg/share/remote_controller_pkg/cmake/remote_controller_pkg__rosidl_typesupport_introspection_cppExport-noconfig.cmake
-- Installing: /home/weng/work/Foreview_ws/install/remote_controller_pkg/share/remote_controller_pkg/cmake/remote_controller_pkg__rosidl_typesupport_cppExport.cmake
-- Installing: /home/weng/work/Foreview_ws/install/remote_controller_pkg/share/remote_controller_pkg/cmake/remote_controller_pkg__rosidl_typesupport_cppExport-noconfig.cmake
-- Installing: /home/weng/work/Foreview_ws/install/remote_controller_pkg/share/remote_controller_pkg/cmake/export_remote_controller_pkg__rosidl_generator_pyExport.cmake
-- Installing: /home/weng/work/Foreview_ws/install/remote_controller_pkg/share/remote_controller_pkg/cmake/export_remote_controller_pkg__rosidl_generator_pyExport-noconfig.cmake
-- Installing: /home/weng/work/Foreview_ws/install/remote_controller_pkg/share/remote_controller_pkg/cmake/rosidl_cmake-extras.cmake
-- Installing: /home/weng/work/Foreview_ws/install/remote_controller_pkg/share/remote_controller_pkg/cmake/ament_cmake_export_dependencies-extras.cmake
-- Installing: /home/weng/work/Foreview_ws/install/remote_controller_pkg/share/remote_controller_pkg/cmake/ament_cmake_export_include_directories-extras.cmake
-- Installing: /home/weng/work/Foreview_ws/install/remote_controller_pkg/share/remote_controller_pkg/cmake/ament_cmake_export_libraries-extras.cmake
-- Installing: /home/weng/work/Foreview_ws/install/remote_controller_pkg/share/remote_controller_pkg/cmake/ament_cmake_export_targets-extras.cmake
-- Installing: /home/weng/work/Foreview_ws/install/remote_controller_pkg/share/remote_controller_pkg/cmake/rosidl_cmake_export_typesupport_targets-extras.cmake
-- Installing: /home/weng/work/Foreview_ws/install/remote_controller_pkg/share/remote_controller_pkg/cmake/rosidl_cmake_export_typesupport_libraries-extras.cmake
-- Installing: /home/weng/work/Foreview_ws/install/remote_controller_pkg/share/remote_controller_pkg/cmake/remote_controller_pkgConfig.cmake
-- Installing: /home/weng/work/Foreview_ws/install/remote_controller_pkg/share/remote_controller_pkg/cmake/remote_controller_pkgConfig-version.cmake
-- Installing: /home/weng/work/Foreview_ws/install/remote_controller_pkg/share/remote_controller_pkg/package.xml
