[0.033s] Invoking command in '/home/weng/work/Foreview_ws/build/remote_controller_pkg': CMAKE_PREFIX_PATH=/opt/ros/humble /usr/bin/cmake /home/weng/work/Foreview_ws/src/remote_controller_pkg -DCMAKE_INSTALL_PREFIX=/home/weng/work/Foreview_ws/install/remote_controller_pkg
[0.063s] -- The C compiler identification is GNU 11.4.0
[0.096s] -- The CXX compiler identification is GNU 11.4.0
[0.101s] -- Detecting C compiler ABI info
[0.140s] -- Detecting C compiler ABI info - done
[0.144s] -- Check for working C compiler: /usr/bin/cc - skipped
[0.144s] -- Detecting C compile features
[0.145s] -- Detecting C compile features - done
[0.146s] -- Detecting CXX compiler ABI info
[0.195s] -- Detecting CXX compiler ABI info - done
[0.199s] -- Check for working CXX compiler: /usr/bin/c++ - skipped
[0.199s] -- Detecting CXX compile features
[0.199s] -- Detecting CXX compile features - done
[0.201s] -- Found ament_cmake: 1.3.6 (/opt/ros/humble/share/ament_cmake/cmake)
[0.300s] -- Found Python3: /usr/bin/python3.10 (found version "3.10.12") found components: Interpreter 
[0.352s] -- Found geometry_msgs: 4.2.3 (/opt/ros/humble/share/geometry_msgs/cmake)
[0.373s] -- Found rosidl_generator_c: 3.1.5 (/opt/ros/humble/share/rosidl_generator_c/cmake)
[0.376s] -- Found rosidl_adapter: 3.1.5 (/opt/ros/humble/share/rosidl_adapter/cmake)
[0.381s] -- Found rosidl_generator_cpp: 3.1.5 (/opt/ros/humble/share/rosidl_generator_cpp/cmake)
[0.389s] -- Using all available rosidl_typesupport_c: rosidl_typesupport_fastrtps_c;rosidl_typesupport_introspection_c
[0.400s] -- Using all available rosidl_typesupport_cpp: rosidl_typesupport_fastrtps_cpp;rosidl_typesupport_introspection_cpp
[0.469s] -- Found rosidl_default_generators: 1.2.0 (/opt/ros/humble/share/rosidl_default_generators/cmake)
[0.630s] -- Found ament_cmake_ros: 0.10.0 (/opt/ros/humble/share/ament_cmake_ros/cmake)
[0.863s] -- Using all available rosidl_typesupport_c: rosidl_typesupport_fastrtps_c;rosidl_typesupport_introspection_c
[0.955s] -- Using all available rosidl_typesupport_cpp: rosidl_typesupport_fastrtps_cpp;rosidl_typesupport_introspection_cpp
[0.968s] -- Found PythonInterp: /usr/bin/python3 (found suitable version "3.10.12", minimum required is "3.6") 
[0.969s] -- Found python_cmake_module: 0.10.0 (/opt/ros/humble/share/python_cmake_module/cmake)
[0.984s] -- Found PythonLibs: /usr/lib/x86_64-linux-gnu/libpython3.10.so (found suitable version "3.10.12", minimum required is "3.5") 
[0.984s] -- Using PYTHON_EXECUTABLE: /usr/bin/python3
[0.984s] -- Using PYTHON_INCLUDE_DIRS: /usr/include/python3.10
[0.984s] -- Using PYTHON_LIBRARIES: /usr/lib/x86_64-linux-gnu/libpython3.10.so
[0.996s] -- Found PythonExtra: .so  
[1.029s] -- Found ament_lint_auto: 0.12.9 (/opt/ros/humble/share/ament_lint_auto/cmake)
[1.040s] -- Added test 'flake8' to check Python code syntax and style conventions
[1.041s] -- Added test 'lint_cmake' to check CMake code style
[1.041s] -- Added test 'pep257' to check Python code against some of the docstring style conventions in PEP 257
[1.043s] -- Added test 'xmllint' to check XML markup files
[1.044s] -- Configuring done
[1.062s] -- Generating done
[1.064s] -- Build files have been written to: /home/weng/work/Foreview_ws/build/remote_controller_pkg
[1.069s] Invoked command in '/home/weng/work/Foreview_ws/build/remote_controller_pkg' returned '0': CMAKE_PREFIX_PATH=/opt/ros/humble /usr/bin/cmake /home/weng/work/Foreview_ws/src/remote_controller_pkg -DCMAKE_INSTALL_PREFIX=/home/weng/work/Foreview_ws/install/remote_controller_pkg
[1.070s] Invoking command in '/home/weng/work/Foreview_ws/build/remote_controller_pkg': CMAKE_PREFIX_PATH=/opt/ros/humble /usr/bin/cmake --build /home/weng/work/Foreview_ws/build/remote_controller_pkg -- -j16 -l16
[1.093s] [  3%] [34m[1mGenerating C code for ROS interfaces[0m
[1.099s] [  6%] [34m[1mGenerating C++ code for ROS interfaces[0m
[1.105s] [  6%] Built target ament_cmake_python_copy_remote_controller_pkg
[1.247s] running egg_info
[1.247s] creating remote_controller_pkg.egg-info
[1.247s] writing remote_controller_pkg.egg-info/PKG-INFO
[1.248s] writing dependency_links to remote_controller_pkg.egg-info/dependency_links.txt
[1.248s] writing top-level names to remote_controller_pkg.egg-info/top_level.txt
[1.248s] writing manifest file 'remote_controller_pkg.egg-info/SOURCES.txt'
[1.250s] reading manifest file 'remote_controller_pkg.egg-info/SOURCES.txt'
[1.251s] writing manifest file 'remote_controller_pkg.egg-info/SOURCES.txt'
[1.255s] [  6%] Built target remote_controller_pkg__cpp
[1.260s] [  9%] [32mBuilding C object CMakeFiles/remote_controller_pkg__rosidl_generator_c.dir/rosidl_generator_c/remote_controller_pkg/msg/detail/motor_speeds__functions.c.o[0m
[1.262s] [ 16%] [34m[1mGenerating C++ introspection for ROS interfaces[0m
[1.263s] [ 16%] [34m[1mGenerating C++ type support dispatch for ROS interfaces[0m
[1.263s] [ 19%] [34m[1mGenerating C++ type support for eProsima Fast-RTPS[0m
[1.273s] [ 19%] Built target ament_cmake_python_build_remote_controller_pkg_egg
[1.292s] [ 22%] [32m[1mLinking C shared library libremote_controller_pkg__rosidl_generator_c.so[0m
[1.316s] [ 22%] Built target remote_controller_pkg__rosidl_generator_c
[1.322s] [ 29%] [34m[1mGenerating C introspection for ROS interfaces[0m
[1.322s] [ 29%] [34m[1mGenerating C type support for eProsima Fast-RTPS[0m
[1.325s] [ 32%] [34m[1mGenerating C type support dispatch for ROS interfaces[0m
[1.443s] [ 35%] [32mBuilding CXX object CMakeFiles/remote_controller_pkg__rosidl_typesupport_fastrtps_cpp.dir/rosidl_typesupport_fastrtps_cpp/remote_controller_pkg/msg/detail/dds_fastrtps/motor_speeds__type_support.cpp.o[0m
[1.497s] [ 38%] [32mBuilding CXX object CMakeFiles/remote_controller_pkg__rosidl_typesupport_fastrtps_c.dir/rosidl_typesupport_fastrtps_c/remote_controller_pkg/msg/detail/motor_speeds__type_support_c.cpp.o[0m
[1.519s] [ 41%] [32mBuilding CXX object CMakeFiles/remote_controller_pkg__rosidl_typesupport_cpp.dir/rosidl_typesupport_cpp/remote_controller_pkg/msg/motor_speeds__type_support.cpp.o[0m
[1.539s] [ 45%] [32mBuilding CXX object CMakeFiles/remote_controller_pkg__rosidl_typesupport_introspection_cpp.dir/rosidl_typesupport_introspection_cpp/remote_controller_pkg/msg/detail/motor_speeds__type_support.cpp.o[0m
[1.558s] [ 48%] [32mBuilding C object CMakeFiles/remote_controller_pkg__rosidl_typesupport_introspection_c.dir/rosidl_typesupport_introspection_c/remote_controller_pkg/msg/detail/motor_speeds__type_support.c.o[0m
[1.576s] [ 51%] [32mBuilding CXX object CMakeFiles/remote_controller_pkg__rosidl_typesupport_c.dir/rosidl_typesupport_c/remote_controller_pkg/msg/motor_speeds__type_support.cpp.o[0m
[1.586s] [ 54%] [32m[1mLinking C shared library libremote_controller_pkg__rosidl_typesupport_introspection_c.so[0m
[1.595s] [ 58%] [32m[1mLinking CXX shared library libremote_controller_pkg__rosidl_typesupport_c.so[0m
[1.607s] [ 58%] Built target remote_controller_pkg__rosidl_typesupport_introspection_c
[1.622s] [ 58%] Built target remote_controller_pkg__rosidl_typesupport_c
[1.697s] [ 61%] [32m[1mLinking CXX shared library libremote_controller_pkg__rosidl_typesupport_cpp.so[0m
[1.724s] [ 61%] Built target remote_controller_pkg__rosidl_typesupport_cpp
[1.729s] [ 64%] [32m[1mLinking CXX shared library libremote_controller_pkg__rosidl_typesupport_fastrtps_c.so[0m
[1.756s] [ 67%] [32m[1mLinking CXX shared library libremote_controller_pkg__rosidl_typesupport_fastrtps_cpp.so[0m
[1.779s] [ 67%] Built target remote_controller_pkg__rosidl_typesupport_fastrtps_c
[1.803s] [ 67%] Built target remote_controller_pkg__rosidl_typesupport_fastrtps_cpp
[1.847s] [ 70%] [32m[1mLinking CXX shared library libremote_controller_pkg__rosidl_typesupport_introspection_cpp.so[0m
[1.872s] [ 70%] Built target remote_controller_pkg__rosidl_typesupport_introspection_cpp
[1.894s] [ 70%] Built target remote_controller_pkg
[1.916s] [ 74%] [34m[1mGenerating Python code for ROS interfaces[0m
[2.077s] [ 74%] Built target remote_controller_pkg__py
[2.088s] [ 77%] [32mBuilding C object CMakeFiles/remote_controller_pkg__rosidl_generator_py.dir/rosidl_generator_py/remote_controller_pkg/msg/_motor_speeds_s.c.o[0m
[2.144s] [ 80%] [32m[1mLinking C shared library rosidl_generator_py/remote_controller_pkg/libremote_controller_pkg__rosidl_generator_py.so[0m
[2.168s] [ 80%] Built target remote_controller_pkg__rosidl_generator_py
[2.181s] [ 87%] [32mBuilding C object CMakeFiles/remote_controller_pkg__rosidl_typesupport_fastrtps_c__pyext.dir/rosidl_generator_py/remote_controller_pkg/_remote_controller_pkg_s.ep.rosidl_typesupport_fastrtps_c.c.o[0m
[2.182s] [ 87%] [32mBuilding C object CMakeFiles/remote_controller_pkg__rosidl_typesupport_introspection_c__pyext.dir/rosidl_generator_py/remote_controller_pkg/_remote_controller_pkg_s.ep.rosidl_typesupport_introspection_c.c.o[0m
[2.182s] [ 90%] [32mBuilding C object CMakeFiles/remote_controller_pkg__rosidl_typesupport_c__pyext.dir/rosidl_generator_py/remote_controller_pkg/_remote_controller_pkg_s.ep.rosidl_typesupport_c.c.o[0m
[2.244s] [ 96%] [32m[1mLinking C shared library rosidl_generator_py/remote_controller_pkg/remote_controller_pkg_s__rosidl_typesupport_introspection_c.cpython-310-x86_64-linux-gnu.so[0m
[2.244s] [ 96%] [32m[1mLinking C shared library rosidl_generator_py/remote_controller_pkg/remote_controller_pkg_s__rosidl_typesupport_c.cpython-310-x86_64-linux-gnu.so[0m
[2.244s] [100%] [32m[1mLinking C shared library rosidl_generator_py/remote_controller_pkg/remote_controller_pkg_s__rosidl_typesupport_fastrtps_c.cpython-310-x86_64-linux-gnu.so[0m
[2.269s] [100%] Built target remote_controller_pkg__rosidl_typesupport_introspection_c__pyext
[2.269s] [100%] Built target remote_controller_pkg__rosidl_typesupport_c__pyext
[2.269s] [100%] Built target remote_controller_pkg__rosidl_typesupport_fastrtps_c__pyext
[2.276s] Invoked command in '/home/weng/work/Foreview_ws/build/remote_controller_pkg' returned '0': CMAKE_PREFIX_PATH=/opt/ros/humble /usr/bin/cmake --build /home/weng/work/Foreview_ws/build/remote_controller_pkg -- -j16 -l16
[2.310s] Invoking command in '/home/weng/work/Foreview_ws/build/remote_controller_pkg': CMAKE_PREFIX_PATH=/opt/ros/humble /usr/bin/cmake --install /home/weng/work/Foreview_ws/build/remote_controller_pkg
[2.315s] -- Install configuration: ""
[2.315s] -- Installing: /home/weng/work/Foreview_ws/install/remote_controller_pkg/share/ament_index/resource_index/rosidl_interfaces/remote_controller_pkg
[2.315s] -- Installing: /home/weng/work/Foreview_ws/install/remote_controller_pkg/include/remote_controller_pkg/remote_controller_pkg
[2.315s] -- Installing: /home/weng/work/Foreview_ws/install/remote_controller_pkg/include/remote_controller_pkg/remote_controller_pkg/msg
[2.315s] -- Installing: /home/weng/work/Foreview_ws/install/remote_controller_pkg/include/remote_controller_pkg/remote_controller_pkg/msg/detail
[2.315s] -- Installing: /home/weng/work/Foreview_ws/install/remote_controller_pkg/include/remote_controller_pkg/remote_controller_pkg/msg/detail/motor_speeds__functions.h
[2.315s] -- Installing: /home/weng/work/Foreview_ws/install/remote_controller_pkg/include/remote_controller_pkg/remote_controller_pkg/msg/detail/motor_speeds__type_support.h
[2.315s] -- Installing: /home/weng/work/Foreview_ws/install/remote_controller_pkg/include/remote_controller_pkg/remote_controller_pkg/msg/detail/motor_speeds__functions.c
[2.315s] -- Installing: /home/weng/work/Foreview_ws/install/remote_controller_pkg/include/remote_controller_pkg/remote_controller_pkg/msg/detail/motor_speeds__struct.h
[2.315s] -- Installing: /home/weng/work/Foreview_ws/install/remote_controller_pkg/include/remote_controller_pkg/remote_controller_pkg/msg/rosidl_generator_c__visibility_control.h
[2.315s] -- Installing: /home/weng/work/Foreview_ws/install/remote_controller_pkg/include/remote_controller_pkg/remote_controller_pkg/msg/motor_speeds.h
[2.315s] -- Installing: /home/weng/work/Foreview_ws/install/remote_controller_pkg/share/remote_controller_pkg/environment/library_path.sh
[2.315s] -- Installing: /home/weng/work/Foreview_ws/install/remote_controller_pkg/share/remote_controller_pkg/environment/library_path.dsv
[2.315s] -- Installing: /home/weng/work/Foreview_ws/install/remote_controller_pkg/lib/libremote_controller_pkg__rosidl_generator_c.so
[2.315s] -- Set runtime path of "/home/weng/work/Foreview_ws/install/remote_controller_pkg/lib/libremote_controller_pkg__rosidl_generator_c.so" to ""
[2.315s] -- Up-to-date: /home/weng/work/Foreview_ws/install/remote_controller_pkg/include/remote_controller_pkg/remote_controller_pkg
[2.316s] -- Up-to-date: /home/weng/work/Foreview_ws/install/remote_controller_pkg/include/remote_controller_pkg/remote_controller_pkg/msg
[2.316s] -- Up-to-date: /home/weng/work/Foreview_ws/install/remote_controller_pkg/include/remote_controller_pkg/remote_controller_pkg/msg/detail
[2.316s] -- Installing: /home/weng/work/Foreview_ws/install/remote_controller_pkg/include/remote_controller_pkg/remote_controller_pkg/msg/detail/motor_speeds__rosidl_typesupport_fastrtps_c.h
[2.316s] -- Installing: /home/weng/work/Foreview_ws/install/remote_controller_pkg/include/remote_controller_pkg/remote_controller_pkg/msg/rosidl_typesupport_fastrtps_c__visibility_control.h
[2.316s] -- Installing: /home/weng/work/Foreview_ws/install/remote_controller_pkg/lib/libremote_controller_pkg__rosidl_typesupport_fastrtps_c.so
[2.316s] -- Set runtime path of "/home/weng/work/Foreview_ws/install/remote_controller_pkg/lib/libremote_controller_pkg__rosidl_typesupport_fastrtps_c.so" to ""
[2.316s] -- Up-to-date: /home/weng/work/Foreview_ws/install/remote_controller_pkg/include/remote_controller_pkg/remote_controller_pkg
[2.316s] -- Up-to-date: /home/weng/work/Foreview_ws/install/remote_controller_pkg/include/remote_controller_pkg/remote_controller_pkg/msg
[2.316s] -- Up-to-date: /home/weng/work/Foreview_ws/install/remote_controller_pkg/include/remote_controller_pkg/remote_controller_pkg/msg/detail
[2.316s] -- Installing: /home/weng/work/Foreview_ws/install/remote_controller_pkg/include/remote_controller_pkg/remote_controller_pkg/msg/detail/motor_speeds__struct.hpp
[2.316s] -- Installing: /home/weng/work/Foreview_ws/install/remote_controller_pkg/include/remote_controller_pkg/remote_controller_pkg/msg/detail/motor_speeds__builder.hpp
[2.316s] -- Installing: /home/weng/work/Foreview_ws/install/remote_controller_pkg/include/remote_controller_pkg/remote_controller_pkg/msg/detail/motor_speeds__traits.hpp
[2.316s] -- Installing: /home/weng/work/Foreview_ws/install/remote_controller_pkg/include/remote_controller_pkg/remote_controller_pkg/msg/motor_speeds.hpp
[2.316s] -- Up-to-date: /home/weng/work/Foreview_ws/install/remote_controller_pkg/include/remote_controller_pkg/remote_controller_pkg
[2.316s] -- Up-to-date: /home/weng/work/Foreview_ws/install/remote_controller_pkg/include/remote_controller_pkg/remote_controller_pkg/msg
[2.316s] -- Up-to-date: /home/weng/work/Foreview_ws/install/remote_controller_pkg/include/remote_controller_pkg/remote_controller_pkg/msg/detail
[2.316s] -- Installing: /home/weng/work/Foreview_ws/install/remote_controller_pkg/include/remote_controller_pkg/remote_controller_pkg/msg/detail/dds_fastrtps
[2.316s] -- Installing: /home/weng/work/Foreview_ws/install/remote_controller_pkg/include/remote_controller_pkg/remote_controller_pkg/msg/detail/motor_speeds__rosidl_typesupport_fastrtps_cpp.hpp
[2.316s] -- Installing: /home/weng/work/Foreview_ws/install/remote_controller_pkg/include/remote_controller_pkg/remote_controller_pkg/msg/rosidl_typesupport_fastrtps_cpp__visibility_control.h
[2.316s] -- Installing: /home/weng/work/Foreview_ws/install/remote_controller_pkg/lib/libremote_controller_pkg__rosidl_typesupport_fastrtps_cpp.so
[2.316s] -- Set runtime path of "/home/weng/work/Foreview_ws/install/remote_controller_pkg/lib/libremote_controller_pkg__rosidl_typesupport_fastrtps_cpp.so" to ""
[2.317s] -- Up-to-date: /home/weng/work/Foreview_ws/install/remote_controller_pkg/include/remote_controller_pkg/remote_controller_pkg
[2.317s] -- Up-to-date: /home/weng/work/Foreview_ws/install/remote_controller_pkg/include/remote_controller_pkg/remote_controller_pkg/msg
[2.317s] -- Up-to-date: /home/weng/work/Foreview_ws/install/remote_controller_pkg/include/remote_controller_pkg/remote_controller_pkg/msg/detail
[2.317s] -- Installing: /home/weng/work/Foreview_ws/install/remote_controller_pkg/include/remote_controller_pkg/remote_controller_pkg/msg/detail/motor_speeds__rosidl_typesupport_introspection_c.h
[2.317s] -- Installing: /home/weng/work/Foreview_ws/install/remote_controller_pkg/include/remote_controller_pkg/remote_controller_pkg/msg/detail/motor_speeds__type_support.c
[2.317s] -- Installing: /home/weng/work/Foreview_ws/install/remote_controller_pkg/include/remote_controller_pkg/remote_controller_pkg/msg/rosidl_typesupport_introspection_c__visibility_control.h
[2.317s] -- Installing: /home/weng/work/Foreview_ws/install/remote_controller_pkg/lib/libremote_controller_pkg__rosidl_typesupport_introspection_c.so
[2.317s] -- Set runtime path of "/home/weng/work/Foreview_ws/install/remote_controller_pkg/lib/libremote_controller_pkg__rosidl_typesupport_introspection_c.so" to ""
[2.317s] -- Installing: /home/weng/work/Foreview_ws/install/remote_controller_pkg/lib/libremote_controller_pkg__rosidl_typesupport_c.so
[2.317s] -- Set runtime path of "/home/weng/work/Foreview_ws/install/remote_controller_pkg/lib/libremote_controller_pkg__rosidl_typesupport_c.so" to ""
[2.317s] -- Up-to-date: /home/weng/work/Foreview_ws/install/remote_controller_pkg/include/remote_controller_pkg/remote_controller_pkg
[2.317s] -- Up-to-date: /home/weng/work/Foreview_ws/install/remote_controller_pkg/include/remote_controller_pkg/remote_controller_pkg/msg
[2.317s] -- Up-to-date: /home/weng/work/Foreview_ws/install/remote_controller_pkg/include/remote_controller_pkg/remote_controller_pkg/msg/detail
[2.317s] -- Installing: /home/weng/work/Foreview_ws/install/remote_controller_pkg/include/remote_controller_pkg/remote_controller_pkg/msg/detail/motor_speeds__rosidl_typesupport_introspection_cpp.hpp
[2.317s] -- Installing: /home/weng/work/Foreview_ws/install/remote_controller_pkg/include/remote_controller_pkg/remote_controller_pkg/msg/detail/motor_speeds__type_support.cpp
[2.317s] -- Installing: /home/weng/work/Foreview_ws/install/remote_controller_pkg/lib/libremote_controller_pkg__rosidl_typesupport_introspection_cpp.so
[2.318s] -- Set runtime path of "/home/weng/work/Foreview_ws/install/remote_controller_pkg/lib/libremote_controller_pkg__rosidl_typesupport_introspection_cpp.so" to ""
[2.318s] -- Installing: /home/weng/work/Foreview_ws/install/remote_controller_pkg/lib/libremote_controller_pkg__rosidl_typesupport_cpp.so
[2.318s] -- Set runtime path of "/home/weng/work/Foreview_ws/install/remote_controller_pkg/lib/libremote_controller_pkg__rosidl_typesupport_cpp.so" to ""
[2.318s] -- Installing: /home/weng/work/Foreview_ws/install/remote_controller_pkg/share/remote_controller_pkg/environment/pythonpath.sh
[2.318s] -- Installing: /home/weng/work/Foreview_ws/install/remote_controller_pkg/share/remote_controller_pkg/environment/pythonpath.dsv
[2.318s] -- Installing: /home/weng/work/Foreview_ws/install/remote_controller_pkg/local/lib/python3.10/dist-packages/remote_controller_pkg-0.0.0-py3.10.egg-info
[2.318s] -- Installing: /home/weng/work/Foreview_ws/install/remote_controller_pkg/local/lib/python3.10/dist-packages/remote_controller_pkg-0.0.0-py3.10.egg-info/top_level.txt
[2.318s] -- Installing: /home/weng/work/Foreview_ws/install/remote_controller_pkg/local/lib/python3.10/dist-packages/remote_controller_pkg-0.0.0-py3.10.egg-info/SOURCES.txt
[2.318s] -- Installing: /home/weng/work/Foreview_ws/install/remote_controller_pkg/local/lib/python3.10/dist-packages/remote_controller_pkg-0.0.0-py3.10.egg-info/dependency_links.txt
[2.318s] -- Installing: /home/weng/work/Foreview_ws/install/remote_controller_pkg/local/lib/python3.10/dist-packages/remote_controller_pkg-0.0.0-py3.10.egg-info/PKG-INFO
[2.318s] -- Installing: /home/weng/work/Foreview_ws/install/remote_controller_pkg/local/lib/python3.10/dist-packages/remote_controller_pkg
[2.318s] -- Installing: /home/weng/work/Foreview_ws/install/remote_controller_pkg/local/lib/python3.10/dist-packages/remote_controller_pkg/remote_controller_pkg_s__rosidl_typesupport_fastrtps_c.cpython-310-x86_64-linux-gnu.so
[2.318s] -- Installing: /home/weng/work/Foreview_ws/install/remote_controller_pkg/local/lib/python3.10/dist-packages/remote_controller_pkg/msg
[2.318s] -- Installing: /home/weng/work/Foreview_ws/install/remote_controller_pkg/local/lib/python3.10/dist-packages/remote_controller_pkg/msg/_motor_speeds.py
[2.318s] -- Installing: /home/weng/work/Foreview_ws/install/remote_controller_pkg/local/lib/python3.10/dist-packages/remote_controller_pkg/msg/_motor_speeds_s.c
[2.318s] -- Installing: /home/weng/work/Foreview_ws/install/remote_controller_pkg/local/lib/python3.10/dist-packages/remote_controller_pkg/msg/__init__.py
[2.318s] -- Installing: /home/weng/work/Foreview_ws/install/remote_controller_pkg/local/lib/python3.10/dist-packages/remote_controller_pkg/remote_controller_pkg_s__rosidl_typesupport_introspection_c.cpython-310-x86_64-linux-gnu.so
[2.318s] -- Installing: /home/weng/work/Foreview_ws/install/remote_controller_pkg/local/lib/python3.10/dist-packages/remote_controller_pkg/libremote_controller_pkg__rosidl_generator_py.so
[2.318s] -- Installing: /home/weng/work/Foreview_ws/install/remote_controller_pkg/local/lib/python3.10/dist-packages/remote_controller_pkg/_remote_controller_pkg_s.ep.rosidl_typesupport_c.c
[2.319s] -- Installing: /home/weng/work/Foreview_ws/install/remote_controller_pkg/local/lib/python3.10/dist-packages/remote_controller_pkg/_remote_controller_pkg_s.ep.rosidl_typesupport_fastrtps_c.c
[2.319s] -- Installing: /home/weng/work/Foreview_ws/install/remote_controller_pkg/local/lib/python3.10/dist-packages/remote_controller_pkg/__init__.py
[2.319s] -- Installing: /home/weng/work/Foreview_ws/install/remote_controller_pkg/local/lib/python3.10/dist-packages/remote_controller_pkg/_remote_controller_pkg_s.ep.rosidl_typesupport_introspection_c.c
[2.319s] -- Installing: /home/weng/work/Foreview_ws/install/remote_controller_pkg/local/lib/python3.10/dist-packages/remote_controller_pkg/remote_controller_pkg_s__rosidl_typesupport_c.cpython-310-x86_64-linux-gnu.so
[2.338s] Listing '/home/weng/work/Foreview_ws/install/remote_controller_pkg/local/lib/python3.10/dist-packages/remote_controller_pkg'...
[2.338s] Compiling '/home/weng/work/Foreview_ws/install/remote_controller_pkg/local/lib/python3.10/dist-packages/remote_controller_pkg/__init__.py'...
[2.338s] Listing '/home/weng/work/Foreview_ws/install/remote_controller_pkg/local/lib/python3.10/dist-packages/remote_controller_pkg/msg'...
[2.338s] Compiling '/home/weng/work/Foreview_ws/install/remote_controller_pkg/local/lib/python3.10/dist-packages/remote_controller_pkg/msg/__init__.py'...
[2.338s] Compiling '/home/weng/work/Foreview_ws/install/remote_controller_pkg/local/lib/python3.10/dist-packages/remote_controller_pkg/msg/_motor_speeds.py'...
[2.341s] -- Installing: /home/weng/work/Foreview_ws/install/remote_controller_pkg/local/lib/python3.10/dist-packages/remote_controller_pkg/remote_controller_pkg_s__rosidl_typesupport_fastrtps_c.cpython-310-x86_64-linux-gnu.so
[2.341s] -- Set runtime path of "/home/weng/work/Foreview_ws/install/remote_controller_pkg/local/lib/python3.10/dist-packages/remote_controller_pkg/remote_controller_pkg_s__rosidl_typesupport_fastrtps_c.cpython-310-x86_64-linux-gnu.so" to ""
[2.341s] -- Installing: /home/weng/work/Foreview_ws/install/remote_controller_pkg/local/lib/python3.10/dist-packages/remote_controller_pkg/remote_controller_pkg_s__rosidl_typesupport_introspection_c.cpython-310-x86_64-linux-gnu.so
[2.341s] -- Set runtime path of "/home/weng/work/Foreview_ws/install/remote_controller_pkg/local/lib/python3.10/dist-packages/remote_controller_pkg/remote_controller_pkg_s__rosidl_typesupport_introspection_c.cpython-310-x86_64-linux-gnu.so" to ""
[2.341s] -- Installing: /home/weng/work/Foreview_ws/install/remote_controller_pkg/local/lib/python3.10/dist-packages/remote_controller_pkg/remote_controller_pkg_s__rosidl_typesupport_c.cpython-310-x86_64-linux-gnu.so
[2.342s] -- Set runtime path of "/home/weng/work/Foreview_ws/install/remote_controller_pkg/local/lib/python3.10/dist-packages/remote_controller_pkg/remote_controller_pkg_s__rosidl_typesupport_c.cpython-310-x86_64-linux-gnu.so" to ""
[2.342s] -- Installing: /home/weng/work/Foreview_ws/install/remote_controller_pkg/lib/libremote_controller_pkg__rosidl_generator_py.so
[2.342s] -- Set runtime path of "/home/weng/work/Foreview_ws/install/remote_controller_pkg/lib/libremote_controller_pkg__rosidl_generator_py.so" to ""
[2.342s] -- Installing: /home/weng/work/Foreview_ws/install/remote_controller_pkg/share/remote_controller_pkg/msg/MotorSpeeds.idl
[2.342s] -- Installing: /home/weng/work/Foreview_ws/install/remote_controller_pkg/share/remote_controller_pkg/msg/MotorSpeeds.msg
[2.342s] -- Installing: /home/weng/work/Foreview_ws/install/remote_controller_pkg/share/ament_index/resource_index/package_run_dependencies/remote_controller_pkg
[2.342s] -- Installing: /home/weng/work/Foreview_ws/install/remote_controller_pkg/share/ament_index/resource_index/parent_prefix_path/remote_controller_pkg
[2.342s] -- Installing: /home/weng/work/Foreview_ws/install/remote_controller_pkg/share/remote_controller_pkg/environment/ament_prefix_path.sh
[2.342s] -- Installing: /home/weng/work/Foreview_ws/install/remote_controller_pkg/share/remote_controller_pkg/environment/ament_prefix_path.dsv
[2.342s] -- Installing: /home/weng/work/Foreview_ws/install/remote_controller_pkg/share/remote_controller_pkg/environment/path.sh
[2.342s] -- Installing: /home/weng/work/Foreview_ws/install/remote_controller_pkg/share/remote_controller_pkg/environment/path.dsv
[2.342s] -- Installing: /home/weng/work/Foreview_ws/install/remote_controller_pkg/share/remote_controller_pkg/local_setup.bash
[2.343s] -- Installing: /home/weng/work/Foreview_ws/install/remote_controller_pkg/share/remote_controller_pkg/local_setup.sh
[2.343s] -- Installing: /home/weng/work/Foreview_ws/install/remote_controller_pkg/share/remote_controller_pkg/local_setup.zsh
[2.343s] -- Installing: /home/weng/work/Foreview_ws/install/remote_controller_pkg/share/remote_controller_pkg/local_setup.dsv
[2.343s] -- Installing: /home/weng/work/Foreview_ws/install/remote_controller_pkg/share/remote_controller_pkg/package.dsv
[2.343s] -- Installing: /home/weng/work/Foreview_ws/install/remote_controller_pkg/share/ament_index/resource_index/packages/remote_controller_pkg
[2.343s] -- Installing: /home/weng/work/Foreview_ws/install/remote_controller_pkg/share/remote_controller_pkg/cmake/export_remote_controller_pkg__rosidl_generator_cExport.cmake
[2.343s] -- Installing: /home/weng/work/Foreview_ws/install/remote_controller_pkg/share/remote_controller_pkg/cmake/export_remote_controller_pkg__rosidl_generator_cExport-noconfig.cmake
[2.343s] -- Installing: /home/weng/work/Foreview_ws/install/remote_controller_pkg/share/remote_controller_pkg/cmake/export_remote_controller_pkg__rosidl_typesupport_fastrtps_cExport.cmake
[2.343s] -- Installing: /home/weng/work/Foreview_ws/install/remote_controller_pkg/share/remote_controller_pkg/cmake/export_remote_controller_pkg__rosidl_typesupport_fastrtps_cExport-noconfig.cmake
[2.344s] -- Installing: /home/weng/work/Foreview_ws/install/remote_controller_pkg/share/remote_controller_pkg/cmake/export_remote_controller_pkg__rosidl_generator_cppExport.cmake
[2.344s] -- Installing: /home/weng/work/Foreview_ws/install/remote_controller_pkg/share/remote_controller_pkg/cmake/export_remote_controller_pkg__rosidl_typesupport_fastrtps_cppExport.cmake
[2.344s] -- Installing: /home/weng/work/Foreview_ws/install/remote_controller_pkg/share/remote_controller_pkg/cmake/export_remote_controller_pkg__rosidl_typesupport_fastrtps_cppExport-noconfig.cmake
[2.344s] -- Installing: /home/weng/work/Foreview_ws/install/remote_controller_pkg/share/remote_controller_pkg/cmake/remote_controller_pkg__rosidl_typesupport_introspection_cExport.cmake
[2.344s] -- Installing: /home/weng/work/Foreview_ws/install/remote_controller_pkg/share/remote_controller_pkg/cmake/remote_controller_pkg__rosidl_typesupport_introspection_cExport-noconfig.cmake
[2.344s] -- Installing: /home/weng/work/Foreview_ws/install/remote_controller_pkg/share/remote_controller_pkg/cmake/remote_controller_pkg__rosidl_typesupport_cExport.cmake
[2.344s] -- Installing: /home/weng/work/Foreview_ws/install/remote_controller_pkg/share/remote_controller_pkg/cmake/remote_controller_pkg__rosidl_typesupport_cExport-noconfig.cmake
[2.344s] -- Installing: /home/weng/work/Foreview_ws/install/remote_controller_pkg/share/remote_controller_pkg/cmake/remote_controller_pkg__rosidl_typesupport_introspection_cppExport.cmake
[2.344s] -- Installing: /home/weng/work/Foreview_ws/install/remote_controller_pkg/share/remote_controller_pkg/cmake/remote_controller_pkg__rosidl_typesupport_introspection_cppExport-noconfig.cmake
[2.344s] -- Installing: /home/weng/work/Foreview_ws/install/remote_controller_pkg/share/remote_controller_pkg/cmake/remote_controller_pkg__rosidl_typesupport_cppExport.cmake
[2.344s] -- Installing: /home/weng/work/Foreview_ws/install/remote_controller_pkg/share/remote_controller_pkg/cmake/remote_controller_pkg__rosidl_typesupport_cppExport-noconfig.cmake
[2.344s] -- Installing: /home/weng/work/Foreview_ws/install/remote_controller_pkg/share/remote_controller_pkg/cmake/export_remote_controller_pkg__rosidl_generator_pyExport.cmake
[2.344s] -- Installing: /home/weng/work/Foreview_ws/install/remote_controller_pkg/share/remote_controller_pkg/cmake/export_remote_controller_pkg__rosidl_generator_pyExport-noconfig.cmake
[2.344s] -- Installing: /home/weng/work/Foreview_ws/install/remote_controller_pkg/share/remote_controller_pkg/cmake/rosidl_cmake-extras.cmake
[2.344s] -- Installing: /home/weng/work/Foreview_ws/install/remote_controller_pkg/share/remote_controller_pkg/cmake/ament_cmake_export_dependencies-extras.cmake
[2.344s] -- Installing: /home/weng/work/Foreview_ws/install/remote_controller_pkg/share/remote_controller_pkg/cmake/ament_cmake_export_include_directories-extras.cmake
[2.344s] -- Installing: /home/weng/work/Foreview_ws/install/remote_controller_pkg/share/remote_controller_pkg/cmake/ament_cmake_export_libraries-extras.cmake
[2.344s] -- Installing: /home/weng/work/Foreview_ws/install/remote_controller_pkg/share/remote_controller_pkg/cmake/ament_cmake_export_targets-extras.cmake
[2.344s] -- Installing: /home/weng/work/Foreview_ws/install/remote_controller_pkg/share/remote_controller_pkg/cmake/rosidl_cmake_export_typesupport_targets-extras.cmake
[2.344s] -- Installing: /home/weng/work/Foreview_ws/install/remote_controller_pkg/share/remote_controller_pkg/cmake/rosidl_cmake_export_typesupport_libraries-extras.cmake
[2.344s] -- Installing: /home/weng/work/Foreview_ws/install/remote_controller_pkg/share/remote_controller_pkg/cmake/remote_controller_pkgConfig.cmake
[2.345s] -- Installing: /home/weng/work/Foreview_ws/install/remote_controller_pkg/share/remote_controller_pkg/cmake/remote_controller_pkgConfig-version.cmake
[2.345s] -- Installing: /home/weng/work/Foreview_ws/install/remote_controller_pkg/share/remote_controller_pkg/package.xml
[2.380s] Invoked command in '/home/weng/work/Foreview_ws/build/remote_controller_pkg' returned '0': CMAKE_PREFIX_PATH=/opt/ros/humble /usr/bin/cmake --install /home/weng/work/Foreview_ws/build/remote_controller_pkg
