[0.040s] Invoking command in '/home/weng/work/Foreview_ws/build/simulate_remote_communication_pkg': CMAKE_PREFIX_PATH=${CMAKE_PREFIX_PATH}:/opt/ros/humble /usr/bin/cmake --build /home/weng/work/Foreview_ws/build/simulate_remote_communication_pkg -- -j16 -l16
[0.061s] Invoked command in '/home/weng/work/Foreview_ws/build/simulate_remote_communication_pkg' returned '0': CMAKE_PREFIX_PATH=${CMAKE_PREFIX_PATH}:/opt/ros/humble /usr/bin/cmake --build /home/weng/work/Foreview_ws/build/simulate_remote_communication_pkg -- -j16 -l16
[0.091s] Invoking command in '/home/weng/work/Foreview_ws/build/simulate_remote_communication_pkg': CMAKE_PREFIX_PATH=${CMAKE_PREFIX_PATH}:/opt/ros/humble /usr/bin/cmake --install /home/weng/work/Foreview_ws/build/simulate_remote_communication_pkg
[0.095s] -- Install configuration: ""
[0.096s] -- Up-to-date: /home/weng/work/Foreview_ws/install/simulate_remote_communication_pkg/share/ament_index/resource_index/package_run_dependencies/simulate_remote_communication_pkg
[0.096s] -- Up-to-date: /home/weng/work/Foreview_ws/install/simulate_remote_communication_pkg/share/ament_index/resource_index/parent_prefix_path/simulate_remote_communication_pkg
[0.096s] -- Up-to-date: /home/weng/work/Foreview_ws/install/simulate_remote_communication_pkg/share/simulate_remote_communication_pkg/environment/ament_prefix_path.sh
[0.097s] -- Up-to-date: /home/weng/work/Foreview_ws/install/simulate_remote_communication_pkg/share/simulate_remote_communication_pkg/environment/ament_prefix_path.dsv
[0.097s] -- Up-to-date: /home/weng/work/Foreview_ws/install/simulate_remote_communication_pkg/share/simulate_remote_communication_pkg/environment/path.sh
[0.097s] -- Up-to-date: /home/weng/work/Foreview_ws/install/simulate_remote_communication_pkg/share/simulate_remote_communication_pkg/environment/path.dsv
[0.097s] -- Up-to-date: /home/weng/work/Foreview_ws/install/simulate_remote_communication_pkg/share/simulate_remote_communication_pkg/local_setup.bash
[0.097s] -- Up-to-date: /home/weng/work/Foreview_ws/install/simulate_remote_communication_pkg/share/simulate_remote_communication_pkg/local_setup.sh
[0.097s] -- Up-to-date: /home/weng/work/Foreview_ws/install/simulate_remote_communication_pkg/share/simulate_remote_communication_pkg/local_setup.zsh
[0.098s] -- Up-to-date: /home/weng/work/Foreview_ws/install/simulate_remote_communication_pkg/share/simulate_remote_communication_pkg/local_setup.dsv
[0.098s] -- Installing: /home/weng/work/Foreview_ws/install/simulate_remote_communication_pkg/share/simulate_remote_communication_pkg/package.dsv
[0.098s] -- Up-to-date: /home/weng/work/Foreview_ws/install/simulate_remote_communication_pkg/share/ament_index/resource_index/packages/simulate_remote_communication_pkg
[0.098s] -- Up-to-date: /home/weng/work/Foreview_ws/install/simulate_remote_communication_pkg/share/simulate_remote_communication_pkg/cmake/simulate_remote_communication_pkgConfig.cmake
[0.098s] -- Up-to-date: /home/weng/work/Foreview_ws/install/simulate_remote_communication_pkg/share/simulate_remote_communication_pkg/cmake/simulate_remote_communication_pkgConfig-version.cmake
[0.098s] -- Up-to-date: /home/weng/work/Foreview_ws/install/simulate_remote_communication_pkg/share/simulate_remote_communication_pkg/package.xml
[0.139s] Invoked command in '/home/weng/work/Foreview_ws/build/simulate_remote_communication_pkg' returned '0': CMAKE_PREFIX_PATH=${CMAKE_PREFIX_PATH}:/opt/ros/humble /usr/bin/cmake --install /home/weng/work/Foreview_ws/build/simulate_remote_communication_pkg
