[0.036s] Invoking command in '/home/weng/work/Foreview_ws/build/remote_controller_pkg': CMAKE_PREFIX_PATH=/opt/ros/humble /usr/bin/cmake --build /home/weng/work/Foreview_ws/build/remote_controller_pkg -- -j16 -l16
[0.059s] [35m[1mConsolidate compiler generated dependencies of target remote_controller_pkg__rosidl_generator_c[0m
[0.065s] [  3%] Built target remote_controller_pkg__cpp
[0.072s] [  3%] Built target ament_cmake_python_copy_remote_controller_pkg
[0.072s] [35m[1mConsolidate compiler generated dependencies of target remote_controller_pkg__rosidl_typesupport_fastrtps_cpp[0m
[0.072s] [ 12%] Built target remote_controller_pkg__rosidl_generator_c
[0.072s] [35m[1mConsolidate compiler generated dependencies of target remote_controller_pkg__rosidl_typesupport_introspection_cpp[0m
[0.073s] [35m[1mConsolidate compiler generated dependencies of target remote_controller_pkg__rosidl_typesupport_cpp[0m
[0.081s] [35m[1mConsolidate compiler generated dependencies of target remote_controller_pkg__rosidl_typesupport_introspection_c[0m
[0.081s] [35m[1mConsolidate compiler generated dependencies of target remote_controller_pkg__rosidl_typesupport_c[0m
[0.081s] [35m[1mConsolidate compiler generated dependencies of target remote_controller_pkg__rosidl_typesupport_fastrtps_c[0m
[0.084s] [ 22%] Built target remote_controller_pkg__rosidl_typesupport_fastrtps_cpp
[0.084s] [ 32%] Built target remote_controller_pkg__rosidl_typesupport_introspection_cpp
[0.084s] [ 41%] Built target remote_controller_pkg__rosidl_typesupport_cpp
[0.089s] [ 51%] Built target remote_controller_pkg__rosidl_typesupport_c
[0.090s] [ 61%] Built target remote_controller_pkg__rosidl_typesupport_introspection_c
[0.091s] [ 70%] Built target remote_controller_pkg__rosidl_typesupport_fastrtps_c
[0.103s] [ 70%] Built target remote_controller_pkg
[0.116s] [ 74%] Built target remote_controller_pkg__py
[0.125s] [35m[1mConsolidate compiler generated dependencies of target remote_controller_pkg__rosidl_generator_py[0m
[0.136s] [ 80%] Built target remote_controller_pkg__rosidl_generator_py
[0.144s] [35m[1mConsolidate compiler generated dependencies of target remote_controller_pkg__rosidl_typesupport_fastrtps_c__pyext[0m
[0.145s] [35m[1mConsolidate compiler generated dependencies of target remote_controller_pkg__rosidl_typesupport_c__pyext[0m
[0.145s] [35m[1mConsolidate compiler generated dependencies of target remote_controller_pkg__rosidl_typesupport_introspection_c__pyext[0m
[0.154s] [ 93%] Built target remote_controller_pkg__rosidl_typesupport_c__pyext
[0.154s] [ 93%] Built target remote_controller_pkg__rosidl_typesupport_introspection_c__pyext
[0.154s] [100%] Built target remote_controller_pkg__rosidl_typesupport_fastrtps_c__pyext
[0.221s] running egg_info
[0.222s] writing remote_controller_pkg.egg-info/PKG-INFO
[0.222s] writing dependency_links to remote_controller_pkg.egg-info/dependency_links.txt
[0.222s] writing top-level names to remote_controller_pkg.egg-info/top_level.txt
[0.223s] reading manifest file 'remote_controller_pkg.egg-info/SOURCES.txt'
[0.224s] writing manifest file 'remote_controller_pkg.egg-info/SOURCES.txt'
[0.240s] [100%] Built target ament_cmake_python_build_remote_controller_pkg_egg
[0.247s] Invoked command in '/home/weng/work/Foreview_ws/build/remote_controller_pkg' returned '0': CMAKE_PREFIX_PATH=/opt/ros/humble /usr/bin/cmake --build /home/weng/work/Foreview_ws/build/remote_controller_pkg -- -j16 -l16
[0.287s] Invoking command in '/home/weng/work/Foreview_ws/build/remote_controller_pkg': CMAKE_PREFIX_PATH=/opt/ros/humble /usr/bin/cmake --install /home/weng/work/Foreview_ws/build/remote_controller_pkg
[0.291s] -- Install configuration: ""
[0.291s] -- Up-to-date: /home/weng/work/Foreview_ws/install/remote_controller_pkg/share/ament_index/resource_index/rosidl_interfaces/remote_controller_pkg
[0.291s] -- Up-to-date: /home/weng/work/Foreview_ws/install/remote_controller_pkg/include/remote_controller_pkg/remote_controller_pkg
[0.291s] -- Up-to-date: /home/weng/work/Foreview_ws/install/remote_controller_pkg/include/remote_controller_pkg/remote_controller_pkg/msg
[0.291s] -- Up-to-date: /home/weng/work/Foreview_ws/install/remote_controller_pkg/include/remote_controller_pkg/remote_controller_pkg/msg/detail
[0.292s] -- Up-to-date: /home/weng/work/Foreview_ws/install/remote_controller_pkg/include/remote_controller_pkg/remote_controller_pkg/msg/detail/motor_speeds__functions.h
[0.292s] -- Up-to-date: /home/weng/work/Foreview_ws/install/remote_controller_pkg/include/remote_controller_pkg/remote_controller_pkg/msg/detail/motor_speeds__type_support.h
[0.292s] -- Up-to-date: /home/weng/work/Foreview_ws/install/remote_controller_pkg/include/remote_controller_pkg/remote_controller_pkg/msg/detail/motor_speeds__functions.c
[0.292s] -- Up-to-date: /home/weng/work/Foreview_ws/install/remote_controller_pkg/include/remote_controller_pkg/remote_controller_pkg/msg/detail/motor_speeds__struct.h
[0.292s] -- Up-to-date: /home/weng/work/Foreview_ws/install/remote_controller_pkg/include/remote_controller_pkg/remote_controller_pkg/msg/rosidl_generator_c__visibility_control.h
[0.292s] -- Up-to-date: /home/weng/work/Foreview_ws/install/remote_controller_pkg/include/remote_controller_pkg/remote_controller_pkg/msg/motor_speeds.h
[0.292s] -- Up-to-date: /home/weng/work/Foreview_ws/install/remote_controller_pkg/share/remote_controller_pkg/environment/library_path.sh
[0.292s] -- Up-to-date: /home/weng/work/Foreview_ws/install/remote_controller_pkg/share/remote_controller_pkg/environment/library_path.dsv
[0.292s] -- Up-to-date: /home/weng/work/Foreview_ws/install/remote_controller_pkg/lib/libremote_controller_pkg__rosidl_generator_c.so
[0.292s] -- Up-to-date: /home/weng/work/Foreview_ws/install/remote_controller_pkg/include/remote_controller_pkg/remote_controller_pkg
[0.292s] -- Up-to-date: /home/weng/work/Foreview_ws/install/remote_controller_pkg/include/remote_controller_pkg/remote_controller_pkg/msg
[0.292s] -- Up-to-date: /home/weng/work/Foreview_ws/install/remote_controller_pkg/include/remote_controller_pkg/remote_controller_pkg/msg/detail
[0.292s] -- Up-to-date: /home/weng/work/Foreview_ws/install/remote_controller_pkg/include/remote_controller_pkg/remote_controller_pkg/msg/detail/motor_speeds__rosidl_typesupport_fastrtps_c.h
[0.292s] -- Up-to-date: /home/weng/work/Foreview_ws/install/remote_controller_pkg/include/remote_controller_pkg/remote_controller_pkg/msg/rosidl_typesupport_fastrtps_c__visibility_control.h
[0.292s] -- Up-to-date: /home/weng/work/Foreview_ws/install/remote_controller_pkg/lib/libremote_controller_pkg__rosidl_typesupport_fastrtps_c.so
[0.292s] -- Up-to-date: /home/weng/work/Foreview_ws/install/remote_controller_pkg/include/remote_controller_pkg/remote_controller_pkg
[0.292s] -- Up-to-date: /home/weng/work/Foreview_ws/install/remote_controller_pkg/include/remote_controller_pkg/remote_controller_pkg/msg
[0.292s] -- Up-to-date: /home/weng/work/Foreview_ws/install/remote_controller_pkg/include/remote_controller_pkg/remote_controller_pkg/msg/detail
[0.292s] -- Up-to-date: /home/weng/work/Foreview_ws/install/remote_controller_pkg/include/remote_controller_pkg/remote_controller_pkg/msg/detail/motor_speeds__struct.hpp
[0.292s] -- Up-to-date: /home/weng/work/Foreview_ws/install/remote_controller_pkg/include/remote_controller_pkg/remote_controller_pkg/msg/detail/motor_speeds__builder.hpp
[0.292s] -- Up-to-date: /home/weng/work/Foreview_ws/install/remote_controller_pkg/include/remote_controller_pkg/remote_controller_pkg/msg/detail/motor_speeds__traits.hpp
[0.292s] -- Up-to-date: /home/weng/work/Foreview_ws/install/remote_controller_pkg/include/remote_controller_pkg/remote_controller_pkg/msg/motor_speeds.hpp
[0.292s] -- Up-to-date: /home/weng/work/Foreview_ws/install/remote_controller_pkg/include/remote_controller_pkg/remote_controller_pkg
[0.293s] -- Up-to-date: /home/weng/work/Foreview_ws/install/remote_controller_pkg/include/remote_controller_pkg/remote_controller_pkg/msg
[0.293s] -- Up-to-date: /home/weng/work/Foreview_ws/install/remote_controller_pkg/include/remote_controller_pkg/remote_controller_pkg/msg/detail
[0.293s] -- Up-to-date: /home/weng/work/Foreview_ws/install/remote_controller_pkg/include/remote_controller_pkg/remote_controller_pkg/msg/detail/dds_fastrtps
[0.293s] -- Up-to-date: /home/weng/work/Foreview_ws/install/remote_controller_pkg/include/remote_controller_pkg/remote_controller_pkg/msg/detail/motor_speeds__rosidl_typesupport_fastrtps_cpp.hpp
[0.293s] -- Up-to-date: /home/weng/work/Foreview_ws/install/remote_controller_pkg/include/remote_controller_pkg/remote_controller_pkg/msg/rosidl_typesupport_fastrtps_cpp__visibility_control.h
[0.293s] -- Up-to-date: /home/weng/work/Foreview_ws/install/remote_controller_pkg/lib/libremote_controller_pkg__rosidl_typesupport_fastrtps_cpp.so
[0.293s] -- Up-to-date: /home/weng/work/Foreview_ws/install/remote_controller_pkg/include/remote_controller_pkg/remote_controller_pkg
[0.293s] -- Up-to-date: /home/weng/work/Foreview_ws/install/remote_controller_pkg/include/remote_controller_pkg/remote_controller_pkg/msg
[0.293s] -- Up-to-date: /home/weng/work/Foreview_ws/install/remote_controller_pkg/include/remote_controller_pkg/remote_controller_pkg/msg/detail
[0.293s] -- Up-to-date: /home/weng/work/Foreview_ws/install/remote_controller_pkg/include/remote_controller_pkg/remote_controller_pkg/msg/detail/motor_speeds__rosidl_typesupport_introspection_c.h
[0.293s] -- Up-to-date: /home/weng/work/Foreview_ws/install/remote_controller_pkg/include/remote_controller_pkg/remote_controller_pkg/msg/detail/motor_speeds__type_support.c
[0.293s] -- Up-to-date: /home/weng/work/Foreview_ws/install/remote_controller_pkg/include/remote_controller_pkg/remote_controller_pkg/msg/rosidl_typesupport_introspection_c__visibility_control.h
[0.293s] -- Up-to-date: /home/weng/work/Foreview_ws/install/remote_controller_pkg/lib/libremote_controller_pkg__rosidl_typesupport_introspection_c.so
[0.293s] -- Up-to-date: /home/weng/work/Foreview_ws/install/remote_controller_pkg/lib/libremote_controller_pkg__rosidl_typesupport_c.so
[0.293s] -- Up-to-date: /home/weng/work/Foreview_ws/install/remote_controller_pkg/include/remote_controller_pkg/remote_controller_pkg
[0.293s] -- Up-to-date: /home/weng/work/Foreview_ws/install/remote_controller_pkg/include/remote_controller_pkg/remote_controller_pkg/msg
[0.293s] -- Up-to-date: /home/weng/work/Foreview_ws/install/remote_controller_pkg/include/remote_controller_pkg/remote_controller_pkg/msg/detail
[0.293s] -- Up-to-date: /home/weng/work/Foreview_ws/install/remote_controller_pkg/include/remote_controller_pkg/remote_controller_pkg/msg/detail/motor_speeds__rosidl_typesupport_introspection_cpp.hpp
[0.293s] -- Up-to-date: /home/weng/work/Foreview_ws/install/remote_controller_pkg/include/remote_controller_pkg/remote_controller_pkg/msg/detail/motor_speeds__type_support.cpp
[0.293s] -- Up-to-date: /home/weng/work/Foreview_ws/install/remote_controller_pkg/lib/libremote_controller_pkg__rosidl_typesupport_introspection_cpp.so
[0.294s] -- Up-to-date: /home/weng/work/Foreview_ws/install/remote_controller_pkg/lib/libremote_controller_pkg__rosidl_typesupport_cpp.so
[0.294s] -- Up-to-date: /home/weng/work/Foreview_ws/install/remote_controller_pkg/share/remote_controller_pkg/environment/pythonpath.sh
[0.294s] -- Up-to-date: /home/weng/work/Foreview_ws/install/remote_controller_pkg/share/remote_controller_pkg/environment/pythonpath.dsv
[0.294s] -- Up-to-date: /home/weng/work/Foreview_ws/install/remote_controller_pkg/local/lib/python3.10/dist-packages/remote_controller_pkg-0.0.0-py3.10.egg-info
[0.294s] -- Installing: /home/weng/work/Foreview_ws/install/remote_controller_pkg/local/lib/python3.10/dist-packages/remote_controller_pkg-0.0.0-py3.10.egg-info/top_level.txt
[0.294s] -- Installing: /home/weng/work/Foreview_ws/install/remote_controller_pkg/local/lib/python3.10/dist-packages/remote_controller_pkg-0.0.0-py3.10.egg-info/SOURCES.txt
[0.294s] -- Installing: /home/weng/work/Foreview_ws/install/remote_controller_pkg/local/lib/python3.10/dist-packages/remote_controller_pkg-0.0.0-py3.10.egg-info/dependency_links.txt
[0.294s] -- Installing: /home/weng/work/Foreview_ws/install/remote_controller_pkg/local/lib/python3.10/dist-packages/remote_controller_pkg-0.0.0-py3.10.egg-info/PKG-INFO
[0.294s] -- Up-to-date: /home/weng/work/Foreview_ws/install/remote_controller_pkg/local/lib/python3.10/dist-packages/remote_controller_pkg
[0.294s] -- Up-to-date: /home/weng/work/Foreview_ws/install/remote_controller_pkg/local/lib/python3.10/dist-packages/remote_controller_pkg/remote_controller_pkg_s__rosidl_typesupport_fastrtps_c.cpython-310-x86_64-linux-gnu.so
[0.294s] -- Up-to-date: /home/weng/work/Foreview_ws/install/remote_controller_pkg/local/lib/python3.10/dist-packages/remote_controller_pkg/msg
[0.294s] -- Up-to-date: /home/weng/work/Foreview_ws/install/remote_controller_pkg/local/lib/python3.10/dist-packages/remote_controller_pkg/msg/_motor_speeds.py
[0.294s] -- Up-to-date: /home/weng/work/Foreview_ws/install/remote_controller_pkg/local/lib/python3.10/dist-packages/remote_controller_pkg/msg/_motor_speeds_s.c
[0.294s] -- Up-to-date: /home/weng/work/Foreview_ws/install/remote_controller_pkg/local/lib/python3.10/dist-packages/remote_controller_pkg/msg/__init__.py
[0.294s] -- Up-to-date: /home/weng/work/Foreview_ws/install/remote_controller_pkg/local/lib/python3.10/dist-packages/remote_controller_pkg/remote_controller_pkg_s__rosidl_typesupport_introspection_c.cpython-310-x86_64-linux-gnu.so
[0.294s] -- Up-to-date: /home/weng/work/Foreview_ws/install/remote_controller_pkg/local/lib/python3.10/dist-packages/remote_controller_pkg/libremote_controller_pkg__rosidl_generator_py.so
[0.294s] -- Up-to-date: /home/weng/work/Foreview_ws/install/remote_controller_pkg/local/lib/python3.10/dist-packages/remote_controller_pkg/_remote_controller_pkg_s.ep.rosidl_typesupport_c.c
[0.294s] -- Up-to-date: /home/weng/work/Foreview_ws/install/remote_controller_pkg/local/lib/python3.10/dist-packages/remote_controller_pkg/_remote_controller_pkg_s.ep.rosidl_typesupport_fastrtps_c.c
[0.294s] -- Up-to-date: /home/weng/work/Foreview_ws/install/remote_controller_pkg/local/lib/python3.10/dist-packages/remote_controller_pkg/__init__.py
[0.294s] -- Up-to-date: /home/weng/work/Foreview_ws/install/remote_controller_pkg/local/lib/python3.10/dist-packages/remote_controller_pkg/_remote_controller_pkg_s.ep.rosidl_typesupport_introspection_c.c
[0.294s] -- Up-to-date: /home/weng/work/Foreview_ws/install/remote_controller_pkg/local/lib/python3.10/dist-packages/remote_controller_pkg/remote_controller_pkg_s__rosidl_typesupport_c.cpython-310-x86_64-linux-gnu.so
[0.313s] Listing '/home/weng/work/Foreview_ws/install/remote_controller_pkg/local/lib/python3.10/dist-packages/remote_controller_pkg'...
[0.313s] Listing '/home/weng/work/Foreview_ws/install/remote_controller_pkg/local/lib/python3.10/dist-packages/remote_controller_pkg/msg'...
[0.315s] -- Up-to-date: /home/weng/work/Foreview_ws/install/remote_controller_pkg/local/lib/python3.10/dist-packages/remote_controller_pkg/remote_controller_pkg_s__rosidl_typesupport_fastrtps_c.cpython-310-x86_64-linux-gnu.so
[0.315s] -- Up-to-date: /home/weng/work/Foreview_ws/install/remote_controller_pkg/local/lib/python3.10/dist-packages/remote_controller_pkg/remote_controller_pkg_s__rosidl_typesupport_introspection_c.cpython-310-x86_64-linux-gnu.so
[0.316s] -- Up-to-date: /home/weng/work/Foreview_ws/install/remote_controller_pkg/local/lib/python3.10/dist-packages/remote_controller_pkg/remote_controller_pkg_s__rosidl_typesupport_c.cpython-310-x86_64-linux-gnu.so
[0.316s] -- Up-to-date: /home/weng/work/Foreview_ws/install/remote_controller_pkg/lib/libremote_controller_pkg__rosidl_generator_py.so
[0.316s] -- Up-to-date: /home/weng/work/Foreview_ws/install/remote_controller_pkg/share/remote_controller_pkg/msg/MotorSpeeds.idl
[0.316s] -- Up-to-date: /home/weng/work/Foreview_ws/install/remote_controller_pkg/share/remote_controller_pkg/msg/MotorSpeeds.msg
[0.316s] -- Up-to-date: /home/weng/work/Foreview_ws/install/remote_controller_pkg/share/ament_index/resource_index/package_run_dependencies/remote_controller_pkg
[0.316s] -- Up-to-date: /home/weng/work/Foreview_ws/install/remote_controller_pkg/share/ament_index/resource_index/parent_prefix_path/remote_controller_pkg
[0.316s] -- Up-to-date: /home/weng/work/Foreview_ws/install/remote_controller_pkg/share/remote_controller_pkg/environment/ament_prefix_path.sh
[0.316s] -- Up-to-date: /home/weng/work/Foreview_ws/install/remote_controller_pkg/share/remote_controller_pkg/environment/ament_prefix_path.dsv
[0.316s] -- Up-to-date: /home/weng/work/Foreview_ws/install/remote_controller_pkg/share/remote_controller_pkg/environment/path.sh
[0.316s] -- Up-to-date: /home/weng/work/Foreview_ws/install/remote_controller_pkg/share/remote_controller_pkg/environment/path.dsv
[0.316s] -- Up-to-date: /home/weng/work/Foreview_ws/install/remote_controller_pkg/share/remote_controller_pkg/local_setup.bash
[0.316s] -- Up-to-date: /home/weng/work/Foreview_ws/install/remote_controller_pkg/share/remote_controller_pkg/local_setup.sh
[0.316s] -- Up-to-date: /home/weng/work/Foreview_ws/install/remote_controller_pkg/share/remote_controller_pkg/local_setup.zsh
[0.316s] -- Up-to-date: /home/weng/work/Foreview_ws/install/remote_controller_pkg/share/remote_controller_pkg/local_setup.dsv
[0.316s] -- Installing: /home/weng/work/Foreview_ws/install/remote_controller_pkg/share/remote_controller_pkg/package.dsv
[0.316s] -- Up-to-date: /home/weng/work/Foreview_ws/install/remote_controller_pkg/share/ament_index/resource_index/packages/remote_controller_pkg
[0.317s] -- Up-to-date: /home/weng/work/Foreview_ws/install/remote_controller_pkg/share/remote_controller_pkg/cmake/export_remote_controller_pkg__rosidl_generator_cExport.cmake
[0.317s] -- Up-to-date: /home/weng/work/Foreview_ws/install/remote_controller_pkg/share/remote_controller_pkg/cmake/export_remote_controller_pkg__rosidl_generator_cExport-noconfig.cmake
[0.317s] -- Up-to-date: /home/weng/work/Foreview_ws/install/remote_controller_pkg/share/remote_controller_pkg/cmake/export_remote_controller_pkg__rosidl_typesupport_fastrtps_cExport.cmake
[0.317s] -- Up-to-date: /home/weng/work/Foreview_ws/install/remote_controller_pkg/share/remote_controller_pkg/cmake/export_remote_controller_pkg__rosidl_typesupport_fastrtps_cExport-noconfig.cmake
[0.317s] -- Up-to-date: /home/weng/work/Foreview_ws/install/remote_controller_pkg/share/remote_controller_pkg/cmake/export_remote_controller_pkg__rosidl_generator_cppExport.cmake
[0.317s] -- Up-to-date: /home/weng/work/Foreview_ws/install/remote_controller_pkg/share/remote_controller_pkg/cmake/export_remote_controller_pkg__rosidl_typesupport_fastrtps_cppExport.cmake
[0.317s] -- Up-to-date: /home/weng/work/Foreview_ws/install/remote_controller_pkg/share/remote_controller_pkg/cmake/export_remote_controller_pkg__rosidl_typesupport_fastrtps_cppExport-noconfig.cmake
[0.317s] -- Up-to-date: /home/weng/work/Foreview_ws/install/remote_controller_pkg/share/remote_controller_pkg/cmake/remote_controller_pkg__rosidl_typesupport_introspection_cExport.cmake
[0.317s] -- Up-to-date: /home/weng/work/Foreview_ws/install/remote_controller_pkg/share/remote_controller_pkg/cmake/remote_controller_pkg__rosidl_typesupport_introspection_cExport-noconfig.cmake
[0.317s] -- Up-to-date: /home/weng/work/Foreview_ws/install/remote_controller_pkg/share/remote_controller_pkg/cmake/remote_controller_pkg__rosidl_typesupport_cExport.cmake
[0.317s] -- Up-to-date: /home/weng/work/Foreview_ws/install/remote_controller_pkg/share/remote_controller_pkg/cmake/remote_controller_pkg__rosidl_typesupport_cExport-noconfig.cmake
[0.317s] -- Up-to-date: /home/weng/work/Foreview_ws/install/remote_controller_pkg/share/remote_controller_pkg/cmake/remote_controller_pkg__rosidl_typesupport_introspection_cppExport.cmake
[0.317s] -- Up-to-date: /home/weng/work/Foreview_ws/install/remote_controller_pkg/share/remote_controller_pkg/cmake/remote_controller_pkg__rosidl_typesupport_introspection_cppExport-noconfig.cmake
[0.317s] -- Up-to-date: /home/weng/work/Foreview_ws/install/remote_controller_pkg/share/remote_controller_pkg/cmake/remote_controller_pkg__rosidl_typesupport_cppExport.cmake
[0.318s] -- Up-to-date: /home/weng/work/Foreview_ws/install/remote_controller_pkg/share/remote_controller_pkg/cmake/remote_controller_pkg__rosidl_typesupport_cppExport-noconfig.cmake
[0.318s] -- Up-to-date: /home/weng/work/Foreview_ws/install/remote_controller_pkg/share/remote_controller_pkg/cmake/export_remote_controller_pkg__rosidl_generator_pyExport.cmake
[0.318s] -- Up-to-date: /home/weng/work/Foreview_ws/install/remote_controller_pkg/share/remote_controller_pkg/cmake/export_remote_controller_pkg__rosidl_generator_pyExport-noconfig.cmake
[0.318s] -- Up-to-date: /home/weng/work/Foreview_ws/install/remote_controller_pkg/share/remote_controller_pkg/cmake/rosidl_cmake-extras.cmake
[0.318s] -- Up-to-date: /home/weng/work/Foreview_ws/install/remote_controller_pkg/share/remote_controller_pkg/cmake/ament_cmake_export_dependencies-extras.cmake
[0.318s] -- Up-to-date: /home/weng/work/Foreview_ws/install/remote_controller_pkg/share/remote_controller_pkg/cmake/ament_cmake_export_include_directories-extras.cmake
[0.318s] -- Up-to-date: /home/weng/work/Foreview_ws/install/remote_controller_pkg/share/remote_controller_pkg/cmake/ament_cmake_export_libraries-extras.cmake
[0.318s] -- Up-to-date: /home/weng/work/Foreview_ws/install/remote_controller_pkg/share/remote_controller_pkg/cmake/ament_cmake_export_targets-extras.cmake
[0.318s] -- Up-to-date: /home/weng/work/Foreview_ws/install/remote_controller_pkg/share/remote_controller_pkg/cmake/rosidl_cmake_export_typesupport_targets-extras.cmake
[0.318s] -- Up-to-date: /home/weng/work/Foreview_ws/install/remote_controller_pkg/share/remote_controller_pkg/cmake/rosidl_cmake_export_typesupport_libraries-extras.cmake
[0.318s] -- Up-to-date: /home/weng/work/Foreview_ws/install/remote_controller_pkg/share/remote_controller_pkg/cmake/remote_controller_pkgConfig.cmake
[0.318s] -- Up-to-date: /home/weng/work/Foreview_ws/install/remote_controller_pkg/share/remote_controller_pkg/cmake/remote_controller_pkgConfig-version.cmake
[0.318s] -- Up-to-date: /home/weng/work/Foreview_ws/install/remote_controller_pkg/share/remote_controller_pkg/package.xml
[0.319s] Invoked command in '/home/weng/work/Foreview_ws/build/remote_controller_pkg' returned '0': CMAKE_PREFIX_PATH=/opt/ros/humble /usr/bin/cmake --install /home/weng/work/Foreview_ws/build/remote_controller_pkg
