[0.095s] Invoking command in '/home/orin/work/Foreview_ws/build/map_display_pkg': /usr/local/bin/cmake /home/orin/work/Foreview_ws/src/map_display_pkg -DCMAKE_INSTALL_PREFIX=/home/orin/work/Foreview_ws/install/map_display_pkg
[0.328s] -- The C compiler identification is GNU 9.4.0
[0.488s] -- The CXX compiler identification is GNU 9.4.0
[0.533s] -- Detecting C compiler ABI info
[0.632s] -- Detecting C compiler ABI info - done
[0.652s] -- Check for working C compiler: /usr/bin/cc - skipped
[0.653s] -- Detecting C compile features
[0.654s] -- Detecting C compile features - done
[0.674s] -- Detecting CXX compiler ABI info
[0.787s] -- Detecting CXX compiler ABI info - done
[0.801s] -- Check for working CXX compiler: /usr/bin/c++ - skipped
[0.802s] -- Detecting CXX compile features
[0.802s] -- Detecting CXX compile features - done
[0.810s] -- Found ament_cmake: 1.3.5 (/opt/ros/humble/install/share/ament_cmake/cmake)
[2.481s] -- Found Python3: /usr/bin/python3.8 (found version "3.8.10") found components: Interpreter 
[2.643s] -- Found ament_lint_auto: 0.12.7 (/opt/ros/humble/install/share/ament_lint_auto/cmake)
[2.766s] -- Added test 'flake8' to check Python code syntax and style conventions
[2.767s] -- Added test 'lint_cmake' to check CMake code style
[2.768s] -- Added test 'pep257' to check Python code against some of the docstring style conventions in PEP 257
[2.770s] -- Added test 'xmllint' to check XML markup files
[2.773s] -- Configuring done (2.6s)
[2.779s] -- Generating done (0.0s)
[2.781s] -- Build files have been written to: /home/orin/work/Foreview_ws/build/map_display_pkg
[2.796s] Invoked command in '/home/orin/work/Foreview_ws/build/map_display_pkg' returned '0': /usr/local/bin/cmake /home/orin/work/Foreview_ws/src/map_display_pkg -DCMAKE_INSTALL_PREFIX=/home/orin/work/Foreview_ws/install/map_display_pkg
[2.802s] Invoking command in '/home/orin/work/Foreview_ws/build/map_display_pkg': /usr/local/bin/cmake --build /home/orin/work/Foreview_ws/build/map_display_pkg -- -j12 -l12
[2.876s] Invoked command in '/home/orin/work/Foreview_ws/build/map_display_pkg' returned '0': /usr/local/bin/cmake --build /home/orin/work/Foreview_ws/build/map_display_pkg -- -j12 -l12
[2.950s] Invoking command in '/home/orin/work/Foreview_ws/build/map_display_pkg': /usr/local/bin/cmake --install /home/orin/work/Foreview_ws/build/map_display_pkg
[2.994s] -- Install configuration: ""
[2.995s] -- Installing: /home/orin/work/Foreview_ws/install/map_display_pkg/share/ament_index/resource_index/package_run_dependencies/map_display_pkg
[2.995s] -- Installing: /home/orin/work/Foreview_ws/install/map_display_pkg/share/ament_index/resource_index/parent_prefix_path/map_display_pkg
[2.995s] -- Installing: /home/orin/work/Foreview_ws/install/map_display_pkg/share/map_display_pkg/environment/ament_prefix_path.sh
[2.996s] -- Installing: /home/orin/work/Foreview_ws/install/map_display_pkg/share/map_display_pkg/environment/ament_prefix_path.dsv
[2.996s] -- Installing: /home/orin/work/Foreview_ws/install/map_display_pkg/share/map_display_pkg/environment/path.sh
[2.996s] -- Installing: /home/orin/work/Foreview_ws/install/map_display_pkg/share/map_display_pkg/environment/path.dsv
[2.996s] -- Installing: /home/orin/work/Foreview_ws/install/map_display_pkg/share/map_display_pkg/local_setup.bash
[2.996s] -- Installing: /home/orin/work/Foreview_ws/install/map_display_pkg/share/map_display_pkg/local_setup.sh
[2.997s] -- Installing: /home/orin/work/Foreview_ws/install/map_display_pkg/share/map_display_pkg/local_setup.zsh
[2.997s] -- Installing: /home/orin/work/Foreview_ws/install/map_display_pkg/share/map_display_pkg/local_setup.dsv
[2.997s] -- Installing: /home/orin/work/Foreview_ws/install/map_display_pkg/share/map_display_pkg/package.dsv
[2.997s] -- Installing: /home/orin/work/Foreview_ws/install/map_display_pkg/share/ament_index/resource_index/packages/map_display_pkg
[2.998s] -- Installing: /home/orin/work/Foreview_ws/install/map_display_pkg/share/map_display_pkg/cmake/map_display_pkgConfig.cmake
[2.998s] -- Installing: /home/orin/work/Foreview_ws/install/map_display_pkg/share/map_display_pkg/cmake/map_display_pkgConfig-version.cmake
[2.998s] -- Installing: /home/orin/work/Foreview_ws/install/map_display_pkg/share/map_display_pkg/package.xml
[3.018s] Invoked command in '/home/orin/work/Foreview_ws/build/map_display_pkg' returned '0': /usr/local/bin/cmake --install /home/orin/work/Foreview_ws/build/map_display_pkg
