[0.099s] Invoking command in '/home/orin/work/Foreview_ws/build/map_display_pkg': /usr/local/bin/cmake --build /home/orin/work/Foreview_ws/build/map_display_pkg -- -j12 -l12
[0.163s] -- Found ament_cmake: 1.3.5 (/opt/ros/humble/install/share/ament_cmake/cmake)
[0.724s] -- Found ament_lint_auto: 0.12.7 (/opt/ros/humble/install/share/ament_lint_auto/cmake)
[0.839s] -- Added test 'flake8' to check Python code syntax and style conventions
[0.840s] -- Added test 'lint_cmake' to check CMake code style
[0.840s] -- Added test 'pep257' to check Python code against some of the docstring style conventions in PEP 257
[0.842s] -- Added test 'xmllint' to check XML markup files
[0.844s] -- Configuring done (0.7s)
[0.855s] -- Generating done (0.0s)
[0.857s] -- Build files have been written to: /home/orin/work/Foreview_ws/build/map_display_pkg
[0.882s] Invoked command in '/home/orin/work/Foreview_ws/build/map_display_pkg' returned '0': /usr/local/bin/cmake --build /home/orin/work/Foreview_ws/build/map_display_pkg -- -j12 -l12
[1.012s] Invoking command in '/home/orin/work/Foreview_ws/build/map_display_pkg': /usr/local/bin/cmake --install /home/orin/work/Foreview_ws/build/map_display_pkg
[1.056s] -- Install configuration: ""
[1.056s] -- Up-to-date: /home/orin/work/Foreview_ws/install/map_display_pkg/share/ament_index/resource_index/package_run_dependencies/map_display_pkg
[1.056s] -- Up-to-date: /home/orin/work/Foreview_ws/install/map_display_pkg/share/ament_index/resource_index/parent_prefix_path/map_display_pkg
[1.057s] -- Installing: /home/orin/work/Foreview_ws/install/map_display_pkg/share/map_display_pkg/environment/ament_prefix_path.sh
[1.057s] -- Installing: /home/orin/work/Foreview_ws/install/map_display_pkg/share/map_display_pkg/environment/ament_prefix_path.dsv
[1.057s] -- Installing: /home/orin/work/Foreview_ws/install/map_display_pkg/share/map_display_pkg/environment/path.sh
[1.057s] -- Installing: /home/orin/work/Foreview_ws/install/map_display_pkg/share/map_display_pkg/environment/path.dsv
[1.058s] -- Up-to-date: /home/orin/work/Foreview_ws/install/map_display_pkg/share/map_display_pkg/local_setup.bash
[1.058s] -- Up-to-date: /home/orin/work/Foreview_ws/install/map_display_pkg/share/map_display_pkg/local_setup.sh
[1.058s] -- Up-to-date: /home/orin/work/Foreview_ws/install/map_display_pkg/share/map_display_pkg/local_setup.zsh
[1.058s] -- Installing: /home/orin/work/Foreview_ws/install/map_display_pkg/share/map_display_pkg/local_setup.dsv
[1.058s] -- Installing: /home/orin/work/Foreview_ws/install/map_display_pkg/share/map_display_pkg/package.dsv
[1.058s] -- Up-to-date: /home/orin/work/Foreview_ws/install/map_display_pkg/share/ament_index/resource_index/packages/map_display_pkg
[1.059s] -- Up-to-date: /home/orin/work/Foreview_ws/install/map_display_pkg/share/map_display_pkg/cmake/map_display_pkgConfig.cmake
[1.059s] -- Up-to-date: /home/orin/work/Foreview_ws/install/map_display_pkg/share/map_display_pkg/cmake/map_display_pkgConfig-version.cmake
[1.059s] -- Up-to-date: /home/orin/work/Foreview_ws/install/map_display_pkg/share/map_display_pkg/package.xml
[1.073s] Invoked command in '/home/orin/work/Foreview_ws/build/map_display_pkg' returned '0': /usr/local/bin/cmake --install /home/orin/work/Foreview_ws/build/map_display_pkg
