[0.065s] Invoking command in '/home/orin/work/Foreview_ws/build/simulate_remote_communication_pkg': /usr/local/bin/cmake --build /home/orin/work/Foreview_ws/build/simulate_remote_communication_pkg -- -j12 -l12
[0.158s] Invoked command in '/home/orin/work/Foreview_ws/build/simulate_remote_communication_pkg' returned '0': /usr/local/bin/cmake --build /home/orin/work/Foreview_ws/build/simulate_remote_communication_pkg -- -j12 -l12
[0.287s] Invoking command in '/home/orin/work/Foreview_ws/build/simulate_remote_communication_pkg': /usr/local/bin/cmake --install /home/orin/work/Foreview_ws/build/simulate_remote_communication_pkg
[0.334s] -- Install configuration: ""
[0.335s] -- Up-to-date: /home/orin/work/Foreview_ws/install/simulate_remote_communication_pkg/share/ament_index/resource_index/package_run_dependencies/simulate_remote_communication_pkg
[0.335s] -- Up-to-date: /home/orin/work/Foreview_ws/install/simulate_remote_communication_pkg/share/ament_index/resource_index/parent_prefix_path/simulate_remote_communication_pkg
[0.338s] -- Up-to-date: /home/orin/work/Foreview_ws/install/simulate_remote_communication_pkg/share/simulate_remote_communication_pkg/environment/ament_prefix_path.sh
[0.338s] -- Up-to-date: /home/orin/work/Foreview_ws/install/simulate_remote_communication_pkg/share/simulate_remote_communication_pkg/environment/ament_prefix_path.dsv
[0.339s] -- Up-to-date: /home/orin/work/Foreview_ws/install/simulate_remote_communication_pkg/share/simulate_remote_communication_pkg/environment/path.sh
[0.339s] -- Up-to-date: /home/orin/work/Foreview_ws/install/simulate_remote_communication_pkg/share/simulate_remote_communication_pkg/environment/path.dsv
[0.339s] -- Up-to-date: /home/orin/work/Foreview_ws/install/simulate_remote_communication_pkg/share/simulate_remote_communication_pkg/local_setup.bash
[0.339s] -- Up-to-date: /home/orin/work/Foreview_ws/install/simulate_remote_communication_pkg/share/simulate_remote_communication_pkg/local_setup.sh
[0.339s] -- Up-to-date: /home/orin/work/Foreview_ws/install/simulate_remote_communication_pkg/share/simulate_remote_communication_pkg/local_setup.zsh
[0.341s] -- Up-to-date: /home/orin/work/Foreview_ws/install/simulate_remote_communication_pkg/share/simulate_remote_communication_pkg/local_setup.dsv
[0.341s] -- Installing: /home/orin/work/Foreview_ws/install/simulate_remote_communication_pkg/share/simulate_remote_communication_pkg/package.dsv
[0.342s] -- Up-to-date: /home/orin/work/Foreview_ws/install/simulate_remote_communication_pkg/share/ament_index/resource_index/packages/simulate_remote_communication_pkg
[0.342s] -- Up-to-date: /home/orin/work/Foreview_ws/install/simulate_remote_communication_pkg/share/simulate_remote_communication_pkg/cmake/simulate_remote_communication_pkgConfig.cmake
[0.343s] -- Up-to-date: /home/orin/work/Foreview_ws/install/simulate_remote_communication_pkg/share/simulate_remote_communication_pkg/cmake/simulate_remote_communication_pkgConfig-version.cmake
[0.344s] -- Up-to-date: /home/orin/work/Foreview_ws/install/simulate_remote_communication_pkg/share/simulate_remote_communication_pkg/package.xml
[0.388s] Invoked command in '/home/orin/work/Foreview_ws/build/simulate_remote_communication_pkg' returned '0': /usr/local/bin/cmake --install /home/orin/work/Foreview_ws/build/simulate_remote_communication_pkg
