[0.704s] DEBUG:colcon:Command line arguments: ['/usr/bin/colcon', 'build']
[0.704s] DEBUG:colcon:Parsed command line arguments: Namespace(ament_cmake_args=None, base_paths=['.'], build_base='build', catkin_cmake_args=None, catkin_skip_building_tests=False, cmake_args=None, cmake_clean_cache=False, cmake_clean_first=False, cmake_force_configure=False, cmake_target=None, cmake_target_skip_unavailable=False, continue_on_error=False, event_handlers=None, executor='parallel', ignore_user_meta=False, install_base='install', log_base=None, log_level=None, main=<bound method BuildVerb.main of <colcon_core.verb.build.BuildVerb object at 0xffffb9594af0>>, merge_install=False, metas=['./colcon.meta'], packages_above=None, packages_above_and_dependencies=None, packages_above_depth=None, packages_end=None, packages_ignore=None, packages_ignore_regex=None, packages_select=None, packages_select_build_failed=False, packages_select_by_dep=None, packages_select_regex=None, packages_select_test_failures=False, packages_skip=None, packages_skip_build_finished=False, packages_skip_by_dep=None, packages_skip_regex=None, packages_skip_test_passed=False, packages_skip_up_to=None, packages_start=None, packages_up_to=None, packages_up_to_regex=None, parallel_workers=12, paths=None, symlink_install=False, test_result_base=None, verb_extension=<colcon_core.verb.build.BuildVerb object at 0xffffb9594af0>, verb_name='build', verb_parser=<colcon_defaults.argument_parser.defaults.DefaultArgumentsDecorator object at 0xffffb9518a30>)
[0.809s] Level 1:colcon.colcon_core.package_discovery:discover_packages(colcon_meta) check parameters
[0.810s] Level 1:colcon.colcon_core.package_discovery:discover_packages(recursive) check parameters
[0.810s] Level 1:colcon.colcon_core.package_discovery:discover_packages(ignore) check parameters
[0.810s] Level 1:colcon.colcon_core.package_discovery:discover_packages(path) check parameters
[0.810s] Level 1:colcon.colcon_core.package_discovery:discover_packages(colcon_meta) discover
[0.810s] Level 1:colcon.colcon_core.package_discovery:discover_packages(recursive) discover
[0.810s] INFO:colcon.colcon_core.package_discovery:Crawling recursively for packages in '/home/orin/work/Foreview_ws'
[0.810s] Level 1:colcon.colcon_core.package_identification:_identify(.) by extensions ['ignore', 'ignore_ament_install']
[0.811s] Level 1:colcon.colcon_core.package_identification:_identify(.) by extension 'ignore'
[0.811s] Level 1:colcon.colcon_core.package_identification:_identify(.) by extension 'ignore_ament_install'
[0.811s] Level 1:colcon.colcon_core.package_identification:_identify(.) by extensions ['colcon_pkg']
[0.811s] Level 1:colcon.colcon_core.package_identification:_identify(.) by extension 'colcon_pkg'
[0.811s] Level 1:colcon.colcon_core.package_identification:_identify(.) by extensions ['colcon_meta']
[0.811s] Level 1:colcon.colcon_core.package_identification:_identify(.) by extension 'colcon_meta'
[0.811s] Level 1:colcon.colcon_core.package_identification:_identify(.) by extensions ['ros']
[0.811s] Level 1:colcon.colcon_core.package_identification:_identify(.) by extension 'ros'
[0.837s] Level 1:colcon.colcon_core.package_identification:_identify(.) by extensions ['cmake', 'python']
[0.837s] Level 1:colcon.colcon_core.package_identification:_identify(.) by extension 'cmake'
[0.837s] Level 1:colcon.colcon_core.package_identification:_identify(.) by extension 'python'
[0.837s] Level 1:colcon.colcon_core.package_identification:_identify(.) by extensions ['python_setup_py']
[0.837s] Level 1:colcon.colcon_core.package_identification:_identify(.) by extension 'python_setup_py'
[0.837s] Level 1:colcon.colcon_core.package_identification:_identify(build) by extensions ['ignore', 'ignore_ament_install']
[0.838s] Level 1:colcon.colcon_core.package_identification:_identify(build) by extension 'ignore'
[0.838s] Level 1:colcon.colcon_core.package_identification:_identify(build) ignored
[0.838s] Level 1:colcon.colcon_core.package_identification:_identify(install) by extensions ['ignore', 'ignore_ament_install']
[0.838s] Level 1:colcon.colcon_core.package_identification:_identify(install) by extension 'ignore'
[0.838s] Level 1:colcon.colcon_core.package_identification:_identify(install) ignored
[0.838s] Level 1:colcon.colcon_core.package_identification:_identify(log) by extensions ['ignore', 'ignore_ament_install']
[0.838s] Level 1:colcon.colcon_core.package_identification:_identify(log) by extension 'ignore'
[0.839s] Level 1:colcon.colcon_core.package_identification:_identify(log) ignored
[0.839s] Level 1:colcon.colcon_core.package_identification:_identify(src) by extensions ['ignore', 'ignore_ament_install']
[0.839s] Level 1:colcon.colcon_core.package_identification:_identify(src) by extension 'ignore'
[0.839s] Level 1:colcon.colcon_core.package_identification:_identify(src) by extension 'ignore_ament_install'
[0.839s] Level 1:colcon.colcon_core.package_identification:_identify(src) by extensions ['colcon_pkg']
[0.839s] Level 1:colcon.colcon_core.package_identification:_identify(src) by extension 'colcon_pkg'
[0.839s] Level 1:colcon.colcon_core.package_identification:_identify(src) by extensions ['colcon_meta']
[0.839s] Level 1:colcon.colcon_core.package_identification:_identify(src) by extension 'colcon_meta'
[0.839s] Level 1:colcon.colcon_core.package_identification:_identify(src) by extensions ['ros']
[0.839s] Level 1:colcon.colcon_core.package_identification:_identify(src) by extension 'ros'
[0.840s] Level 1:colcon.colcon_core.package_identification:_identify(src) by extensions ['cmake', 'python']
[0.840s] Level 1:colcon.colcon_core.package_identification:_identify(src) by extension 'cmake'
[0.840s] Level 1:colcon.colcon_core.package_identification:_identify(src) by extension 'python'
[0.840s] Level 1:colcon.colcon_core.package_identification:_identify(src) by extensions ['python_setup_py']
[0.840s] Level 1:colcon.colcon_core.package_identification:_identify(src) by extension 'python_setup_py'
[0.840s] Level 1:colcon.colcon_core.package_identification:_identify(src/data_collection_pkg) by extensions ['ignore', 'ignore_ament_install']
[0.840s] Level 1:colcon.colcon_core.package_identification:_identify(src/data_collection_pkg) by extension 'ignore'
[0.840s] Level 1:colcon.colcon_core.package_identification:_identify(src/data_collection_pkg) by extension 'ignore_ament_install'
[0.840s] Level 1:colcon.colcon_core.package_identification:_identify(src/data_collection_pkg) by extensions ['colcon_pkg']
[0.840s] Level 1:colcon.colcon_core.package_identification:_identify(src/data_collection_pkg) by extension 'colcon_pkg'
[0.841s] Level 1:colcon.colcon_core.package_identification:_identify(src/data_collection_pkg) by extensions ['colcon_meta']
[0.841s] Level 1:colcon.colcon_core.package_identification:_identify(src/data_collection_pkg) by extension 'colcon_meta'
[0.841s] Level 1:colcon.colcon_core.package_identification:_identify(src/data_collection_pkg) by extensions ['ros']
[0.841s] Level 1:colcon.colcon_core.package_identification:_identify(src/data_collection_pkg) by extension 'ros'
[0.846s] DEBUG:colcon.colcon_core.package_identification:Package 'src/data_collection_pkg' with type 'ros.ament_cmake' and name 'data_collection_pkg'
[0.846s] Level 1:colcon.colcon_core.package_identification:_identify(src/dynamixel_controller_pkg) by extensions ['ignore', 'ignore_ament_install']
[0.846s] Level 1:colcon.colcon_core.package_identification:_identify(src/dynamixel_controller_pkg) by extension 'ignore'
[0.846s] Level 1:colcon.colcon_core.package_identification:_identify(src/dynamixel_controller_pkg) by extension 'ignore_ament_install'
[0.846s] Level 1:colcon.colcon_core.package_identification:_identify(src/dynamixel_controller_pkg) by extensions ['colcon_pkg']
[0.847s] Level 1:colcon.colcon_core.package_identification:_identify(src/dynamixel_controller_pkg) by extension 'colcon_pkg'
[0.847s] Level 1:colcon.colcon_core.package_identification:_identify(src/dynamixel_controller_pkg) by extensions ['colcon_meta']
[0.847s] Level 1:colcon.colcon_core.package_identification:_identify(src/dynamixel_controller_pkg) by extension 'colcon_meta'
[0.847s] Level 1:colcon.colcon_core.package_identification:_identify(src/dynamixel_controller_pkg) by extensions ['ros']
[0.847s] Level 1:colcon.colcon_core.package_identification:_identify(src/dynamixel_controller_pkg) by extension 'ros'
[0.848s] DEBUG:colcon.colcon_core.package_identification:Package 'src/dynamixel_controller_pkg' with type 'ros.ament_cmake' and name 'dynamixel_controller_pkg'
[0.848s] Level 1:colcon.colcon_core.package_identification:_identify(src/remote_controller_pkg) by extensions ['ignore', 'ignore_ament_install']
[0.848s] Level 1:colcon.colcon_core.package_identification:_identify(src/remote_controller_pkg) by extension 'ignore'
[0.849s] Level 1:colcon.colcon_core.package_identification:_identify(src/remote_controller_pkg) by extension 'ignore_ament_install'
[0.849s] Level 1:colcon.colcon_core.package_identification:_identify(src/remote_controller_pkg) by extensions ['colcon_pkg']
[0.849s] Level 1:colcon.colcon_core.package_identification:_identify(src/remote_controller_pkg) by extension 'colcon_pkg'
[0.849s] Level 1:colcon.colcon_core.package_identification:_identify(src/remote_controller_pkg) by extensions ['colcon_meta']
[0.849s] Level 1:colcon.colcon_core.package_identification:_identify(src/remote_controller_pkg) by extension 'colcon_meta'
[0.849s] Level 1:colcon.colcon_core.package_identification:_identify(src/remote_controller_pkg) by extensions ['ros']
[0.849s] Level 1:colcon.colcon_core.package_identification:_identify(src/remote_controller_pkg) by extension 'ros'
[0.850s] DEBUG:colcon.colcon_core.package_identification:Package 'src/remote_controller_pkg' with type 'ros.ament_cmake' and name 'remote_controller_pkg'
[0.850s] Level 1:colcon.colcon_core.package_identification:_identify(src/simulate_remote_communication_pkg) by extensions ['ignore', 'ignore_ament_install']
[0.850s] Level 1:colcon.colcon_core.package_identification:_identify(src/simulate_remote_communication_pkg) by extension 'ignore'
[0.850s] Level 1:colcon.colcon_core.package_identification:_identify(src/simulate_remote_communication_pkg) by extension 'ignore_ament_install'
[0.851s] Level 1:colcon.colcon_core.package_identification:_identify(src/simulate_remote_communication_pkg) by extensions ['colcon_pkg']
[0.851s] Level 1:colcon.colcon_core.package_identification:_identify(src/simulate_remote_communication_pkg) by extension 'colcon_pkg'
[0.851s] Level 1:colcon.colcon_core.package_identification:_identify(src/simulate_remote_communication_pkg) by extensions ['colcon_meta']
[0.851s] Level 1:colcon.colcon_core.package_identification:_identify(src/simulate_remote_communication_pkg) by extension 'colcon_meta'
[0.851s] Level 1:colcon.colcon_core.package_identification:_identify(src/simulate_remote_communication_pkg) by extensions ['ros']
[0.851s] Level 1:colcon.colcon_core.package_identification:_identify(src/simulate_remote_communication_pkg) by extension 'ros'
[0.852s] DEBUG:colcon.colcon_core.package_identification:Package 'src/simulate_remote_communication_pkg' with type 'ros.ament_cmake' and name 'simulate_remote_communication_pkg'
[0.852s] Level 1:colcon.colcon_core.package_discovery:discover_packages(recursive) using defaults
[0.852s] Level 1:colcon.colcon_core.package_discovery:discover_packages(ignore) discover
[0.852s] Level 1:colcon.colcon_core.package_discovery:discover_packages(ignore) using defaults
[0.852s] Level 1:colcon.colcon_core.package_discovery:discover_packages(path) discover
[0.852s] Level 1:colcon.colcon_core.package_discovery:discover_packages(path) using defaults
[0.908s] Level 5:colcon.colcon_core.verb:set package 'data_collection_pkg' build argument 'cmake_args' from command line to 'None'
[0.909s] Level 5:colcon.colcon_core.verb:set package 'data_collection_pkg' build argument 'cmake_target' from command line to 'None'
[0.909s] Level 5:colcon.colcon_core.verb:set package 'data_collection_pkg' build argument 'cmake_target_skip_unavailable' from command line to 'False'
[0.909s] Level 5:colcon.colcon_core.verb:set package 'data_collection_pkg' build argument 'cmake_clean_cache' from command line to 'False'
[0.909s] Level 5:colcon.colcon_core.verb:set package 'data_collection_pkg' build argument 'cmake_clean_first' from command line to 'False'
[0.909s] Level 5:colcon.colcon_core.verb:set package 'data_collection_pkg' build argument 'cmake_force_configure' from command line to 'False'
[0.909s] Level 5:colcon.colcon_core.verb:set package 'data_collection_pkg' build argument 'ament_cmake_args' from command line to 'None'
[0.909s] Level 5:colcon.colcon_core.verb:set package 'data_collection_pkg' build argument 'catkin_cmake_args' from command line to 'None'
[0.909s] Level 5:colcon.colcon_core.verb:set package 'data_collection_pkg' build argument 'catkin_skip_building_tests' from command line to 'False'
[0.909s] DEBUG:colcon.colcon_core.verb:Building package 'data_collection_pkg' with the following arguments: {'ament_cmake_args': None, 'build_base': '/home/orin/work/Foreview_ws/build/data_collection_pkg', 'catkin_cmake_args': None, 'catkin_skip_building_tests': False, 'cmake_args': None, 'cmake_clean_cache': False, 'cmake_clean_first': False, 'cmake_force_configure': False, 'cmake_target': None, 'cmake_target_skip_unavailable': False, 'install_base': '/home/orin/work/Foreview_ws/install/data_collection_pkg', 'merge_install': False, 'path': '/home/orin/work/Foreview_ws/src/data_collection_pkg', 'symlink_install': False, 'test_result_base': None}
[0.911s] Level 5:colcon.colcon_core.verb:set package 'dynamixel_controller_pkg' build argument 'cmake_args' from command line to 'None'
[0.911s] Level 5:colcon.colcon_core.verb:set package 'dynamixel_controller_pkg' build argument 'cmake_target' from command line to 'None'
[0.911s] Level 5:colcon.colcon_core.verb:set package 'dynamixel_controller_pkg' build argument 'cmake_target_skip_unavailable' from command line to 'False'
[0.911s] Level 5:colcon.colcon_core.verb:set package 'dynamixel_controller_pkg' build argument 'cmake_clean_cache' from command line to 'False'
[0.911s] Level 5:colcon.colcon_core.verb:set package 'dynamixel_controller_pkg' build argument 'cmake_clean_first' from command line to 'False'
[0.911s] Level 5:colcon.colcon_core.verb:set package 'dynamixel_controller_pkg' build argument 'cmake_force_configure' from command line to 'False'
[0.911s] Level 5:colcon.colcon_core.verb:set package 'dynamixel_controller_pkg' build argument 'ament_cmake_args' from command line to 'None'
[0.911s] Level 5:colcon.colcon_core.verb:set package 'dynamixel_controller_pkg' build argument 'catkin_cmake_args' from command line to 'None'
[0.912s] Level 5:colcon.colcon_core.verb:set package 'dynamixel_controller_pkg' build argument 'catkin_skip_building_tests' from command line to 'False'
[0.912s] DEBUG:colcon.colcon_core.verb:Building package 'dynamixel_controller_pkg' with the following arguments: {'ament_cmake_args': None, 'build_base': '/home/orin/work/Foreview_ws/build/dynamixel_controller_pkg', 'catkin_cmake_args': None, 'catkin_skip_building_tests': False, 'cmake_args': None, 'cmake_clean_cache': False, 'cmake_clean_first': False, 'cmake_force_configure': False, 'cmake_target': None, 'cmake_target_skip_unavailable': False, 'install_base': '/home/orin/work/Foreview_ws/install/dynamixel_controller_pkg', 'merge_install': False, 'path': '/home/orin/work/Foreview_ws/src/dynamixel_controller_pkg', 'symlink_install': False, 'test_result_base': None}
[0.914s] Level 5:colcon.colcon_core.verb:set package 'remote_controller_pkg' build argument 'cmake_args' from command line to 'None'
[0.914s] Level 5:colcon.colcon_core.verb:set package 'remote_controller_pkg' build argument 'cmake_target' from command line to 'None'
[0.914s] Level 5:colcon.colcon_core.verb:set package 'remote_controller_pkg' build argument 'cmake_target_skip_unavailable' from command line to 'False'
[0.914s] Level 5:colcon.colcon_core.verb:set package 'remote_controller_pkg' build argument 'cmake_clean_cache' from command line to 'False'
[0.914s] Level 5:colcon.colcon_core.verb:set package 'remote_controller_pkg' build argument 'cmake_clean_first' from command line to 'False'
[0.914s] Level 5:colcon.colcon_core.verb:set package 'remote_controller_pkg' build argument 'cmake_force_configure' from command line to 'False'
[0.914s] Level 5:colcon.colcon_core.verb:set package 'remote_controller_pkg' build argument 'ament_cmake_args' from command line to 'None'
[0.914s] Level 5:colcon.colcon_core.verb:set package 'remote_controller_pkg' build argument 'catkin_cmake_args' from command line to 'None'
[0.914s] Level 5:colcon.colcon_core.verb:set package 'remote_controller_pkg' build argument 'catkin_skip_building_tests' from command line to 'False'
[0.914s] DEBUG:colcon.colcon_core.verb:Building package 'remote_controller_pkg' with the following arguments: {'ament_cmake_args': None, 'build_base': '/home/orin/work/Foreview_ws/build/remote_controller_pkg', 'catkin_cmake_args': None, 'catkin_skip_building_tests': False, 'cmake_args': None, 'cmake_clean_cache': False, 'cmake_clean_first': False, 'cmake_force_configure': False, 'cmake_target': None, 'cmake_target_skip_unavailable': False, 'install_base': '/home/orin/work/Foreview_ws/install/remote_controller_pkg', 'merge_install': False, 'path': '/home/orin/work/Foreview_ws/src/remote_controller_pkg', 'symlink_install': False, 'test_result_base': None}
[0.916s] Level 5:colcon.colcon_core.verb:set package 'simulate_remote_communication_pkg' build argument 'cmake_args' from command line to 'None'
[0.916s] Level 5:colcon.colcon_core.verb:set package 'simulate_remote_communication_pkg' build argument 'cmake_target' from command line to 'None'
[0.916s] Level 5:colcon.colcon_core.verb:set package 'simulate_remote_communication_pkg' build argument 'cmake_target_skip_unavailable' from command line to 'False'
[0.916s] Level 5:colcon.colcon_core.verb:set package 'simulate_remote_communication_pkg' build argument 'cmake_clean_cache' from command line to 'False'
[0.916s] Level 5:colcon.colcon_core.verb:set package 'simulate_remote_communication_pkg' build argument 'cmake_clean_first' from command line to 'False'
[0.916s] Level 5:colcon.colcon_core.verb:set package 'simulate_remote_communication_pkg' build argument 'cmake_force_configure' from command line to 'False'
[0.916s] Level 5:colcon.colcon_core.verb:set package 'simulate_remote_communication_pkg' build argument 'ament_cmake_args' from command line to 'None'
[0.916s] Level 5:colcon.colcon_core.verb:set package 'simulate_remote_communication_pkg' build argument 'catkin_cmake_args' from command line to 'None'
[0.916s] Level 5:colcon.colcon_core.verb:set package 'simulate_remote_communication_pkg' build argument 'catkin_skip_building_tests' from command line to 'False'
[0.917s] DEBUG:colcon.colcon_core.verb:Building package 'simulate_remote_communication_pkg' with the following arguments: {'ament_cmake_args': None, 'build_base': '/home/orin/work/Foreview_ws/build/simulate_remote_communication_pkg', 'catkin_cmake_args': None, 'catkin_skip_building_tests': False, 'cmake_args': None, 'cmake_clean_cache': False, 'cmake_clean_first': False, 'cmake_force_configure': False, 'cmake_target': None, 'cmake_target_skip_unavailable': False, 'install_base': '/home/orin/work/Foreview_ws/install/simulate_remote_communication_pkg', 'merge_install': False, 'path': '/home/orin/work/Foreview_ws/src/simulate_remote_communication_pkg', 'symlink_install': False, 'test_result_base': None}
[0.918s] INFO:colcon.colcon_core.executor:Executing jobs using 'parallel' executor
[0.928s] DEBUG:colcon.colcon_parallel_executor.executor.parallel:run_until_complete
[0.928s] INFO:colcon.colcon_ros.task.ament_cmake.build:Building ROS package in '/home/orin/work/Foreview_ws/src/data_collection_pkg' with build type 'ament_cmake'
[0.929s] INFO:colcon.colcon_cmake.task.cmake.build:Building CMake package in '/home/orin/work/Foreview_ws/src/data_collection_pkg'
[0.940s] INFO:colcon.colcon_core.plugin_system:Skipping extension 'colcon_core.shell.bat': Not used on non-Windows systems
[0.941s] INFO:colcon.colcon_core.shell:Skip shell extension 'powershell' for command environment: Not usable outside of PowerShell
[0.941s] DEBUG:colcon.colcon_core.shell:Skip shell extension 'dsv' for command environment
[0.965s] INFO:colcon.colcon_ros.task.ament_cmake.build:Building ROS package in '/home/orin/work/Foreview_ws/src/dynamixel_controller_pkg' with build type 'ament_cmake'
[0.965s] INFO:colcon.colcon_cmake.task.cmake.build:Building CMake package in '/home/orin/work/Foreview_ws/src/dynamixel_controller_pkg'
[0.970s] INFO:colcon.colcon_core.shell:Skip shell extension 'powershell' for command environment: Not usable outside of PowerShell
[0.970s] DEBUG:colcon.colcon_core.shell:Skip shell extension 'dsv' for command environment
[0.989s] INFO:colcon.colcon_ros.task.ament_cmake.build:Building ROS package in '/home/orin/work/Foreview_ws/src/remote_controller_pkg' with build type 'ament_cmake'
[0.990s] INFO:colcon.colcon_cmake.task.cmake.build:Building CMake package in '/home/orin/work/Foreview_ws/src/remote_controller_pkg'
[0.995s] INFO:colcon.colcon_core.shell:Skip shell extension 'powershell' for command environment: Not usable outside of PowerShell
[0.995s] DEBUG:colcon.colcon_core.shell:Skip shell extension 'dsv' for command environment
[1.014s] INFO:colcon.colcon_ros.task.ament_cmake.build:Building ROS package in '/home/orin/work/Foreview_ws/src/simulate_remote_communication_pkg' with build type 'ament_cmake'
[1.015s] INFO:colcon.colcon_cmake.task.cmake.build:Building CMake package in '/home/orin/work/Foreview_ws/src/simulate_remote_communication_pkg'
[1.019s] INFO:colcon.colcon_core.shell:Skip shell extension 'powershell' for command environment: Not usable outside of PowerShell
[1.019s] DEBUG:colcon.colcon_core.shell:Skip shell extension 'dsv' for command environment
[1.050s] DEBUG:colcon.colcon_core.event_handler.log_command:Invoking command in '/home/orin/work/Foreview_ws/build/data_collection_pkg': /usr/local/bin/cmake --build /home/orin/work/Foreview_ws/build/data_collection_pkg -- -j12 -l12
[1.064s] DEBUG:colcon.colcon_core.event_handler.log_command:Invoking command in '/home/orin/work/Foreview_ws/build/dynamixel_controller_pkg': /usr/local/bin/cmake --build /home/orin/work/Foreview_ws/build/dynamixel_controller_pkg -- -j12 -l12
[1.071s] DEBUG:colcon.colcon_core.event_handler.log_command:Invoking command in '/home/orin/work/Foreview_ws/build/remote_controller_pkg': /usr/local/bin/cmake --build /home/orin/work/Foreview_ws/build/remote_controller_pkg -- -j12 -l12
[1.079s] DEBUG:colcon.colcon_core.event_handler.log_command:Invoking command in '/home/orin/work/Foreview_ws/build/simulate_remote_communication_pkg': /usr/local/bin/cmake --build /home/orin/work/Foreview_ws/build/simulate_remote_communication_pkg -- -j12 -l12
[1.177s] DEBUG:colcon.colcon_core.event_handler.log_command:Invoked command in '/home/orin/work/Foreview_ws/build/data_collection_pkg' returned '0': /usr/local/bin/cmake --build /home/orin/work/Foreview_ws/build/data_collection_pkg -- -j12 -l12
[1.183s] DEBUG:colcon.colcon_core.event_handler.log_command:Invoked command in '/home/orin/work/Foreview_ws/build/simulate_remote_communication_pkg' returned '0': /usr/local/bin/cmake --build /home/orin/work/Foreview_ws/build/simulate_remote_communication_pkg -- -j12 -l12
[1.332s] DEBUG:colcon.colcon_core.event_handler.log_command:Invoking command in '/home/orin/work/Foreview_ws/build/data_collection_pkg': /usr/local/bin/cmake --install /home/orin/work/Foreview_ws/build/data_collection_pkg
[1.336s] DEBUG:colcon.colcon_core.event_handler.log_command:Invoking command in '/home/orin/work/Foreview_ws/build/simulate_remote_communication_pkg': /usr/local/bin/cmake --install /home/orin/work/Foreview_ws/build/simulate_remote_communication_pkg
[1.392s] Level 1:colcon.colcon_core.environment:create_environment_scripts_only(data_collection_pkg)
[1.395s] DEBUG:colcon.colcon_core.event_handler.log_command:Invoked command in '/home/orin/work/Foreview_ws/build/data_collection_pkg' returned '0': /usr/local/bin/cmake --install /home/orin/work/Foreview_ws/build/data_collection_pkg
[1.409s] Level 1:colcon.colcon_core.environment:checking '/home/orin/work/Foreview_ws/install/data_collection_pkg' for CMake module files
[1.410s] Level 1:colcon.colcon_core.environment:checking '/home/orin/work/Foreview_ws/install/data_collection_pkg' for CMake config files
[1.410s] Level 1:colcon.colcon_core.shell:create_environment_hook('data_collection_pkg', 'cmake_prefix_path')
[1.414s] INFO:colcon.colcon_core.shell:Creating environment hook '/home/orin/work/Foreview_ws/install/data_collection_pkg/share/data_collection_pkg/hook/cmake_prefix_path.ps1'
[1.416s] INFO:colcon.colcon_core.shell:Creating environment descriptor '/home/orin/work/Foreview_ws/install/data_collection_pkg/share/data_collection_pkg/hook/cmake_prefix_path.dsv'
[1.417s] INFO:colcon.colcon_core.shell:Creating environment hook '/home/orin/work/Foreview_ws/install/data_collection_pkg/share/data_collection_pkg/hook/cmake_prefix_path.sh'
[1.419s] Level 1:colcon.colcon_core.environment:checking '/home/orin/work/Foreview_ws/install/data_collection_pkg/bin'
[1.419s] Level 1:colcon.colcon_core.environment:checking '/home/orin/work/Foreview_ws/install/data_collection_pkg/lib/pkgconfig/data_collection_pkg.pc'
[1.422s] Level 1:colcon.colcon_core.environment:checking '/home/orin/work/Foreview_ws/install/data_collection_pkg/lib/python3.8/site-packages'
[1.422s] Level 1:colcon.colcon_core.environment:checking '/home/orin/work/Foreview_ws/install/data_collection_pkg/bin'
[1.426s] INFO:colcon.colcon_core.shell:Creating package script '/home/orin/work/Foreview_ws/install/data_collection_pkg/share/data_collection_pkg/package.ps1'
[1.428s] INFO:colcon.colcon_core.shell:Creating package descriptor '/home/orin/work/Foreview_ws/install/data_collection_pkg/share/data_collection_pkg/package.dsv'
[1.429s] INFO:colcon.colcon_core.shell:Creating package script '/home/orin/work/Foreview_ws/install/data_collection_pkg/share/data_collection_pkg/package.sh'
[1.430s] INFO:colcon.colcon_core.shell:Creating package script '/home/orin/work/Foreview_ws/install/data_collection_pkg/share/data_collection_pkg/package.bash'
[1.432s] INFO:colcon.colcon_core.shell:Creating package script '/home/orin/work/Foreview_ws/install/data_collection_pkg/share/data_collection_pkg/package.zsh'
[1.433s] Level 1:colcon.colcon_core.environment:create_file_with_runtime_dependencies(/home/orin/work/Foreview_ws/install/data_collection_pkg/share/colcon-core/packages/data_collection_pkg)
[1.440s] Level 1:colcon.colcon_core.environment:create_environment_scripts_only(simulate_remote_communication_pkg)
[1.447s] Level 1:colcon.colcon_core.environment:checking '/home/orin/work/Foreview_ws/install/simulate_remote_communication_pkg' for CMake module files
[1.448s] DEBUG:colcon.colcon_core.event_handler.log_command:Invoked command in '/home/orin/work/Foreview_ws/build/simulate_remote_communication_pkg' returned '0': /usr/local/bin/cmake --install /home/orin/work/Foreview_ws/build/simulate_remote_communication_pkg
[1.449s] Level 1:colcon.colcon_core.environment:checking '/home/orin/work/Foreview_ws/install/simulate_remote_communication_pkg' for CMake config files
[1.449s] Level 1:colcon.colcon_core.shell:create_environment_hook('simulate_remote_communication_pkg', 'cmake_prefix_path')
[1.453s] INFO:colcon.colcon_core.shell:Creating environment hook '/home/orin/work/Foreview_ws/install/simulate_remote_communication_pkg/share/simulate_remote_communication_pkg/hook/cmake_prefix_path.ps1'
[1.455s] INFO:colcon.colcon_core.shell:Creating environment descriptor '/home/orin/work/Foreview_ws/install/simulate_remote_communication_pkg/share/simulate_remote_communication_pkg/hook/cmake_prefix_path.dsv'
[1.455s] INFO:colcon.colcon_core.shell:Creating environment hook '/home/orin/work/Foreview_ws/install/simulate_remote_communication_pkg/share/simulate_remote_communication_pkg/hook/cmake_prefix_path.sh'
[1.456s] Level 1:colcon.colcon_core.environment:checking '/home/orin/work/Foreview_ws/install/simulate_remote_communication_pkg/bin'
[1.456s] Level 1:colcon.colcon_core.environment:checking '/home/orin/work/Foreview_ws/install/simulate_remote_communication_pkg/lib/pkgconfig/simulate_remote_communication_pkg.pc'
[1.457s] Level 1:colcon.colcon_core.environment:checking '/home/orin/work/Foreview_ws/install/simulate_remote_communication_pkg/lib/python3.8/site-packages'
[1.457s] Level 1:colcon.colcon_core.environment:checking '/home/orin/work/Foreview_ws/install/simulate_remote_communication_pkg/bin'
[1.462s] INFO:colcon.colcon_core.shell:Creating package script '/home/orin/work/Foreview_ws/install/simulate_remote_communication_pkg/share/simulate_remote_communication_pkg/package.ps1'
[1.463s] INFO:colcon.colcon_core.shell:Creating package descriptor '/home/orin/work/Foreview_ws/install/simulate_remote_communication_pkg/share/simulate_remote_communication_pkg/package.dsv'
[1.463s] INFO:colcon.colcon_core.shell:Creating package script '/home/orin/work/Foreview_ws/install/simulate_remote_communication_pkg/share/simulate_remote_communication_pkg/package.sh'
[1.464s] INFO:colcon.colcon_core.shell:Creating package script '/home/orin/work/Foreview_ws/install/simulate_remote_communication_pkg/share/simulate_remote_communication_pkg/package.bash'
[1.464s] INFO:colcon.colcon_core.shell:Creating package script '/home/orin/work/Foreview_ws/install/simulate_remote_communication_pkg/share/simulate_remote_communication_pkg/package.zsh'
[1.465s] Level 1:colcon.colcon_core.environment:create_file_with_runtime_dependencies(/home/orin/work/Foreview_ws/install/simulate_remote_communication_pkg/share/colcon-core/packages/simulate_remote_communication_pkg)
[1.507s] Level 1:colcon.colcon_core.environment:create_environment_scripts_only(data_collection_pkg)
[1.513s] Level 1:colcon.colcon_core.environment:checking '/home/orin/work/Foreview_ws/install/data_collection_pkg' for CMake module files
[1.514s] Level 1:colcon.colcon_core.environment:checking '/home/orin/work/Foreview_ws/install/data_collection_pkg' for CMake config files
[1.515s] Level 1:colcon.colcon_core.shell:create_environment_hook('data_collection_pkg', 'cmake_prefix_path')
[1.519s] INFO:colcon.colcon_core.shell:Creating environment hook '/home/orin/work/Foreview_ws/install/data_collection_pkg/share/data_collection_pkg/hook/cmake_prefix_path.ps1'
[1.520s] INFO:colcon.colcon_core.shell:Creating environment descriptor '/home/orin/work/Foreview_ws/install/data_collection_pkg/share/data_collection_pkg/hook/cmake_prefix_path.dsv'
[1.521s] INFO:colcon.colcon_core.shell:Creating environment hook '/home/orin/work/Foreview_ws/install/data_collection_pkg/share/data_collection_pkg/hook/cmake_prefix_path.sh'
[1.522s] Level 1:colcon.colcon_core.environment:checking '/home/orin/work/Foreview_ws/install/data_collection_pkg/bin'
[1.522s] Level 1:colcon.colcon_core.environment:checking '/home/orin/work/Foreview_ws/install/data_collection_pkg/lib/pkgconfig/data_collection_pkg.pc'
[1.523s] Level 1:colcon.colcon_core.environment:checking '/home/orin/work/Foreview_ws/install/data_collection_pkg/lib/python3.8/site-packages'
[1.523s] Level 1:colcon.colcon_core.environment:checking '/home/orin/work/Foreview_ws/install/data_collection_pkg/bin'
[1.527s] INFO:colcon.colcon_core.shell:Creating package script '/home/orin/work/Foreview_ws/install/data_collection_pkg/share/data_collection_pkg/package.ps1'
[1.528s] INFO:colcon.colcon_core.shell:Creating package descriptor '/home/orin/work/Foreview_ws/install/data_collection_pkg/share/data_collection_pkg/package.dsv'
[1.529s] INFO:colcon.colcon_core.shell:Creating package script '/home/orin/work/Foreview_ws/install/data_collection_pkg/share/data_collection_pkg/package.sh'
[1.529s] INFO:colcon.colcon_core.shell:Creating package script '/home/orin/work/Foreview_ws/install/data_collection_pkg/share/data_collection_pkg/package.bash'
[1.530s] INFO:colcon.colcon_core.shell:Creating package script '/home/orin/work/Foreview_ws/install/data_collection_pkg/share/data_collection_pkg/package.zsh'
[1.531s] Level 1:colcon.colcon_core.environment:create_file_with_runtime_dependencies(/home/orin/work/Foreview_ws/install/data_collection_pkg/share/colcon-core/packages/data_collection_pkg)
[1.537s] Level 1:colcon.colcon_core.environment:create_environment_scripts_only(simulate_remote_communication_pkg)
[1.542s] Level 1:colcon.colcon_core.environment:checking '/home/orin/work/Foreview_ws/install/simulate_remote_communication_pkg' for CMake module files
[1.543s] Level 1:colcon.colcon_core.environment:checking '/home/orin/work/Foreview_ws/install/simulate_remote_communication_pkg' for CMake config files
[1.544s] Level 1:colcon.colcon_core.shell:create_environment_hook('simulate_remote_communication_pkg', 'cmake_prefix_path')
[1.547s] INFO:colcon.colcon_core.shell:Creating environment hook '/home/orin/work/Foreview_ws/install/simulate_remote_communication_pkg/share/simulate_remote_communication_pkg/hook/cmake_prefix_path.ps1'
[1.548s] INFO:colcon.colcon_core.shell:Creating environment descriptor '/home/orin/work/Foreview_ws/install/simulate_remote_communication_pkg/share/simulate_remote_communication_pkg/hook/cmake_prefix_path.dsv'
[1.549s] INFO:colcon.colcon_core.shell:Creating environment hook '/home/orin/work/Foreview_ws/install/simulate_remote_communication_pkg/share/simulate_remote_communication_pkg/hook/cmake_prefix_path.sh'
[1.550s] Level 1:colcon.colcon_core.environment:checking '/home/orin/work/Foreview_ws/install/simulate_remote_communication_pkg/bin'
[1.550s] Level 1:colcon.colcon_core.environment:checking '/home/orin/work/Foreview_ws/install/simulate_remote_communication_pkg/lib/pkgconfig/simulate_remote_communication_pkg.pc'
[1.550s] Level 1:colcon.colcon_core.environment:checking '/home/orin/work/Foreview_ws/install/simulate_remote_communication_pkg/lib/python3.8/site-packages'
[1.550s] Level 1:colcon.colcon_core.environment:checking '/home/orin/work/Foreview_ws/install/simulate_remote_communication_pkg/bin'
[1.554s] INFO:colcon.colcon_core.shell:Creating package script '/home/orin/work/Foreview_ws/install/simulate_remote_communication_pkg/share/simulate_remote_communication_pkg/package.ps1'
[1.555s] INFO:colcon.colcon_core.shell:Creating package descriptor '/home/orin/work/Foreview_ws/install/simulate_remote_communication_pkg/share/simulate_remote_communication_pkg/package.dsv'
[1.556s] INFO:colcon.colcon_core.shell:Creating package script '/home/orin/work/Foreview_ws/install/simulate_remote_communication_pkg/share/simulate_remote_communication_pkg/package.sh'
[1.556s] INFO:colcon.colcon_core.shell:Creating package script '/home/orin/work/Foreview_ws/install/simulate_remote_communication_pkg/share/simulate_remote_communication_pkg/package.bash'
[1.557s] INFO:colcon.colcon_core.shell:Creating package script '/home/orin/work/Foreview_ws/install/simulate_remote_communication_pkg/share/simulate_remote_communication_pkg/package.zsh'
[1.557s] Level 1:colcon.colcon_core.environment:create_file_with_runtime_dependencies(/home/orin/work/Foreview_ws/install/simulate_remote_communication_pkg/share/colcon-core/packages/simulate_remote_communication_pkg)
[1.740s] DEBUG:colcon.colcon_core.event_handler.log_command:Invoked command in '/home/orin/work/Foreview_ws/build/dynamixel_controller_pkg' returned '0': /usr/local/bin/cmake --build /home/orin/work/Foreview_ws/build/dynamixel_controller_pkg -- -j12 -l12
[1.755s] DEBUG:colcon.colcon_core.event_handler.log_command:Invoked command in '/home/orin/work/Foreview_ws/build/remote_controller_pkg' returned '0': /usr/local/bin/cmake --build /home/orin/work/Foreview_ws/build/remote_controller_pkg -- -j12 -l12
[1.868s] DEBUG:colcon.colcon_core.event_handler.log_command:Invoking command in '/home/orin/work/Foreview_ws/build/dynamixel_controller_pkg': /usr/local/bin/cmake --install /home/orin/work/Foreview_ws/build/dynamixel_controller_pkg
[1.883s] DEBUG:colcon.colcon_core.event_handler.log_command:Invoking command in '/home/orin/work/Foreview_ws/build/remote_controller_pkg': /usr/local/bin/cmake --install /home/orin/work/Foreview_ws/build/remote_controller_pkg
[2.008s] Level 1:colcon.colcon_core.environment:create_environment_scripts_only(dynamixel_controller_pkg)
[2.015s] Level 1:colcon.colcon_core.environment:checking '/home/orin/work/Foreview_ws/install/dynamixel_controller_pkg' for CMake module files
[2.018s] DEBUG:colcon.colcon_core.event_handler.log_command:Invoked command in '/home/orin/work/Foreview_ws/build/dynamixel_controller_pkg' returned '0': /usr/local/bin/cmake --install /home/orin/work/Foreview_ws/build/dynamixel_controller_pkg
[2.018s] Level 1:colcon.colcon_core.environment:checking '/home/orin/work/Foreview_ws/install/dynamixel_controller_pkg' for CMake config files
[2.020s] Level 1:colcon.colcon_core.shell:create_environment_hook('dynamixel_controller_pkg', 'cmake_prefix_path')
[2.027s] INFO:colcon.colcon_core.shell:Creating environment hook '/home/orin/work/Foreview_ws/install/dynamixel_controller_pkg/share/dynamixel_controller_pkg/hook/cmake_prefix_path.ps1'
[2.029s] INFO:colcon.colcon_core.shell:Creating environment descriptor '/home/orin/work/Foreview_ws/install/dynamixel_controller_pkg/share/dynamixel_controller_pkg/hook/cmake_prefix_path.dsv'
[2.030s] INFO:colcon.colcon_core.shell:Creating environment hook '/home/orin/work/Foreview_ws/install/dynamixel_controller_pkg/share/dynamixel_controller_pkg/hook/cmake_prefix_path.sh'
[2.031s] Level 1:colcon.colcon_core.environment:checking '/home/orin/work/Foreview_ws/install/dynamixel_controller_pkg/lib'
[2.032s] Level 1:colcon.colcon_core.shell:create_environment_hook('dynamixel_controller_pkg', 'ld_library_path_lib')
[2.039s] INFO:colcon.colcon_core.shell:Creating environment hook '/home/orin/work/Foreview_ws/install/dynamixel_controller_pkg/share/dynamixel_controller_pkg/hook/ld_library_path_lib.ps1'
[2.040s] INFO:colcon.colcon_core.shell:Creating environment descriptor '/home/orin/work/Foreview_ws/install/dynamixel_controller_pkg/share/dynamixel_controller_pkg/hook/ld_library_path_lib.dsv'
[2.041s] INFO:colcon.colcon_core.shell:Creating environment hook '/home/orin/work/Foreview_ws/install/dynamixel_controller_pkg/share/dynamixel_controller_pkg/hook/ld_library_path_lib.sh'
[2.041s] Level 1:colcon.colcon_core.environment:checking '/home/orin/work/Foreview_ws/install/dynamixel_controller_pkg/bin'
[2.042s] Level 1:colcon.colcon_core.environment:checking '/home/orin/work/Foreview_ws/install/dynamixel_controller_pkg/lib/pkgconfig/dynamixel_controller_pkg.pc'
[2.042s] Level 1:colcon.colcon_core.environment:checking '/home/orin/work/Foreview_ws/install/dynamixel_controller_pkg/lib/python3.8/site-packages'
[2.042s] Level 1:colcon.colcon_core.shell:create_environment_hook('dynamixel_controller_pkg', 'pythonpath')
[2.048s] INFO:colcon.colcon_core.shell:Creating environment hook '/home/orin/work/Foreview_ws/install/dynamixel_controller_pkg/share/dynamixel_controller_pkg/hook/pythonpath.ps1'
[2.049s] INFO:colcon.colcon_core.shell:Creating environment descriptor '/home/orin/work/Foreview_ws/install/dynamixel_controller_pkg/share/dynamixel_controller_pkg/hook/pythonpath.dsv'
[2.049s] INFO:colcon.colcon_core.shell:Creating environment hook '/home/orin/work/Foreview_ws/install/dynamixel_controller_pkg/share/dynamixel_controller_pkg/hook/pythonpath.sh'
[2.050s] Level 1:colcon.colcon_core.environment:checking '/home/orin/work/Foreview_ws/install/dynamixel_controller_pkg/bin'
[2.055s] INFO:colcon.colcon_core.shell:Creating package script '/home/orin/work/Foreview_ws/install/dynamixel_controller_pkg/share/dynamixel_controller_pkg/package.ps1'
[2.056s] INFO:colcon.colcon_core.shell:Creating package descriptor '/home/orin/work/Foreview_ws/install/dynamixel_controller_pkg/share/dynamixel_controller_pkg/package.dsv'
[2.057s] INFO:colcon.colcon_core.shell:Creating package script '/home/orin/work/Foreview_ws/install/dynamixel_controller_pkg/share/dynamixel_controller_pkg/package.sh'
[2.057s] INFO:colcon.colcon_core.shell:Creating package script '/home/orin/work/Foreview_ws/install/dynamixel_controller_pkg/share/dynamixel_controller_pkg/package.bash'
[2.058s] INFO:colcon.colcon_core.shell:Creating package script '/home/orin/work/Foreview_ws/install/dynamixel_controller_pkg/share/dynamixel_controller_pkg/package.zsh'
[2.058s] Level 1:colcon.colcon_core.environment:create_file_with_runtime_dependencies(/home/orin/work/Foreview_ws/install/dynamixel_controller_pkg/share/colcon-core/packages/dynamixel_controller_pkg)
[2.065s] Level 1:colcon.colcon_core.environment:create_environment_scripts_only(remote_controller_pkg)
[2.072s] Level 1:colcon.colcon_core.environment:checking '/home/orin/work/Foreview_ws/install/remote_controller_pkg' for CMake module files
[2.073s] DEBUG:colcon.colcon_core.event_handler.log_command:Invoked command in '/home/orin/work/Foreview_ws/build/remote_controller_pkg' returned '0': /usr/local/bin/cmake --install /home/orin/work/Foreview_ws/build/remote_controller_pkg
[2.074s] Level 1:colcon.colcon_core.environment:checking '/home/orin/work/Foreview_ws/install/remote_controller_pkg' for CMake config files
[2.075s] Level 1:colcon.colcon_core.shell:create_environment_hook('remote_controller_pkg', 'cmake_prefix_path')
[2.079s] INFO:colcon.colcon_core.shell:Creating environment hook '/home/orin/work/Foreview_ws/install/remote_controller_pkg/share/remote_controller_pkg/hook/cmake_prefix_path.ps1'
[2.080s] INFO:colcon.colcon_core.shell:Creating environment descriptor '/home/orin/work/Foreview_ws/install/remote_controller_pkg/share/remote_controller_pkg/hook/cmake_prefix_path.dsv'
[2.081s] INFO:colcon.colcon_core.shell:Creating environment hook '/home/orin/work/Foreview_ws/install/remote_controller_pkg/share/remote_controller_pkg/hook/cmake_prefix_path.sh'
[2.082s] Level 1:colcon.colcon_core.environment:checking '/home/orin/work/Foreview_ws/install/remote_controller_pkg/lib'
[2.082s] Level 1:colcon.colcon_core.shell:create_environment_hook('remote_controller_pkg', 'ld_library_path_lib')
[2.086s] INFO:colcon.colcon_core.shell:Creating environment hook '/home/orin/work/Foreview_ws/install/remote_controller_pkg/share/remote_controller_pkg/hook/ld_library_path_lib.ps1'
[2.087s] INFO:colcon.colcon_core.shell:Creating environment descriptor '/home/orin/work/Foreview_ws/install/remote_controller_pkg/share/remote_controller_pkg/hook/ld_library_path_lib.dsv'
[2.087s] INFO:colcon.colcon_core.shell:Creating environment hook '/home/orin/work/Foreview_ws/install/remote_controller_pkg/share/remote_controller_pkg/hook/ld_library_path_lib.sh'
[2.088s] Level 1:colcon.colcon_core.environment:checking '/home/orin/work/Foreview_ws/install/remote_controller_pkg/bin'
[2.088s] Level 1:colcon.colcon_core.environment:checking '/home/orin/work/Foreview_ws/install/remote_controller_pkg/lib/pkgconfig/remote_controller_pkg.pc'
[2.088s] Level 1:colcon.colcon_core.environment:checking '/home/orin/work/Foreview_ws/install/remote_controller_pkg/lib/python3.8/site-packages'
[2.089s] Level 1:colcon.colcon_core.shell:create_environment_hook('remote_controller_pkg', 'pythonpath')
[2.093s] INFO:colcon.colcon_core.shell:Creating environment hook '/home/orin/work/Foreview_ws/install/remote_controller_pkg/share/remote_controller_pkg/hook/pythonpath.ps1'
[2.094s] INFO:colcon.colcon_core.shell:Creating environment descriptor '/home/orin/work/Foreview_ws/install/remote_controller_pkg/share/remote_controller_pkg/hook/pythonpath.dsv'
[2.095s] INFO:colcon.colcon_core.shell:Creating environment hook '/home/orin/work/Foreview_ws/install/remote_controller_pkg/share/remote_controller_pkg/hook/pythonpath.sh'
[2.095s] Level 1:colcon.colcon_core.environment:checking '/home/orin/work/Foreview_ws/install/remote_controller_pkg/bin'
[2.100s] INFO:colcon.colcon_core.shell:Creating package script '/home/orin/work/Foreview_ws/install/remote_controller_pkg/share/remote_controller_pkg/package.ps1'
[2.101s] INFO:colcon.colcon_core.shell:Creating package descriptor '/home/orin/work/Foreview_ws/install/remote_controller_pkg/share/remote_controller_pkg/package.dsv'
[2.101s] INFO:colcon.colcon_core.shell:Creating package script '/home/orin/work/Foreview_ws/install/remote_controller_pkg/share/remote_controller_pkg/package.sh'
[2.102s] INFO:colcon.colcon_core.shell:Creating package script '/home/orin/work/Foreview_ws/install/remote_controller_pkg/share/remote_controller_pkg/package.bash'
[2.103s] INFO:colcon.colcon_core.shell:Creating package script '/home/orin/work/Foreview_ws/install/remote_controller_pkg/share/remote_controller_pkg/package.zsh'
[2.105s] Level 1:colcon.colcon_core.environment:create_file_with_runtime_dependencies(/home/orin/work/Foreview_ws/install/remote_controller_pkg/share/colcon-core/packages/remote_controller_pkg)
[2.178s] Level 1:colcon.colcon_core.environment:create_environment_scripts_only(dynamixel_controller_pkg)
[2.184s] Level 1:colcon.colcon_core.environment:checking '/home/orin/work/Foreview_ws/install/dynamixel_controller_pkg' for CMake module files
[2.185s] Level 1:colcon.colcon_core.environment:checking '/home/orin/work/Foreview_ws/install/dynamixel_controller_pkg' for CMake config files
[2.186s] Level 1:colcon.colcon_core.shell:create_environment_hook('dynamixel_controller_pkg', 'cmake_prefix_path')
[2.190s] INFO:colcon.colcon_core.shell:Creating environment hook '/home/orin/work/Foreview_ws/install/dynamixel_controller_pkg/share/dynamixel_controller_pkg/hook/cmake_prefix_path.ps1'
[2.191s] INFO:colcon.colcon_core.shell:Creating environment descriptor '/home/orin/work/Foreview_ws/install/dynamixel_controller_pkg/share/dynamixel_controller_pkg/hook/cmake_prefix_path.dsv'
[2.192s] INFO:colcon.colcon_core.shell:Creating environment hook '/home/orin/work/Foreview_ws/install/dynamixel_controller_pkg/share/dynamixel_controller_pkg/hook/cmake_prefix_path.sh'
[2.193s] Level 1:colcon.colcon_core.environment:checking '/home/orin/work/Foreview_ws/install/dynamixel_controller_pkg/lib'
[2.193s] Level 1:colcon.colcon_core.shell:create_environment_hook('dynamixel_controller_pkg', 'ld_library_path_lib')
[2.197s] INFO:colcon.colcon_core.shell:Creating environment hook '/home/orin/work/Foreview_ws/install/dynamixel_controller_pkg/share/dynamixel_controller_pkg/hook/ld_library_path_lib.ps1'
[2.198s] INFO:colcon.colcon_core.shell:Creating environment descriptor '/home/orin/work/Foreview_ws/install/dynamixel_controller_pkg/share/dynamixel_controller_pkg/hook/ld_library_path_lib.dsv'
[2.199s] INFO:colcon.colcon_core.shell:Creating environment hook '/home/orin/work/Foreview_ws/install/dynamixel_controller_pkg/share/dynamixel_controller_pkg/hook/ld_library_path_lib.sh'
[2.200s] Level 1:colcon.colcon_core.environment:checking '/home/orin/work/Foreview_ws/install/dynamixel_controller_pkg/bin'
[2.200s] Level 1:colcon.colcon_core.environment:checking '/home/orin/work/Foreview_ws/install/dynamixel_controller_pkg/lib/pkgconfig/dynamixel_controller_pkg.pc'
[2.200s] Level 1:colcon.colcon_core.environment:checking '/home/orin/work/Foreview_ws/install/dynamixel_controller_pkg/lib/python3.8/site-packages'
[2.200s] Level 1:colcon.colcon_core.shell:create_environment_hook('dynamixel_controller_pkg', 'pythonpath')
[2.205s] INFO:colcon.colcon_core.shell:Creating environment hook '/home/orin/work/Foreview_ws/install/dynamixel_controller_pkg/share/dynamixel_controller_pkg/hook/pythonpath.ps1'
[2.205s] INFO:colcon.colcon_core.shell:Creating environment descriptor '/home/orin/work/Foreview_ws/install/dynamixel_controller_pkg/share/dynamixel_controller_pkg/hook/pythonpath.dsv'
[2.206s] INFO:colcon.colcon_core.shell:Creating environment hook '/home/orin/work/Foreview_ws/install/dynamixel_controller_pkg/share/dynamixel_controller_pkg/hook/pythonpath.sh'
[2.207s] Level 1:colcon.colcon_core.environment:checking '/home/orin/work/Foreview_ws/install/dynamixel_controller_pkg/bin'
[2.211s] INFO:colcon.colcon_core.shell:Creating package script '/home/orin/work/Foreview_ws/install/dynamixel_controller_pkg/share/dynamixel_controller_pkg/package.ps1'
[2.212s] INFO:colcon.colcon_core.shell:Creating package descriptor '/home/orin/work/Foreview_ws/install/dynamixel_controller_pkg/share/dynamixel_controller_pkg/package.dsv'
[2.213s] INFO:colcon.colcon_core.shell:Creating package script '/home/orin/work/Foreview_ws/install/dynamixel_controller_pkg/share/dynamixel_controller_pkg/package.sh'
[2.213s] INFO:colcon.colcon_core.shell:Creating package script '/home/orin/work/Foreview_ws/install/dynamixel_controller_pkg/share/dynamixel_controller_pkg/package.bash'
[2.214s] INFO:colcon.colcon_core.shell:Creating package script '/home/orin/work/Foreview_ws/install/dynamixel_controller_pkg/share/dynamixel_controller_pkg/package.zsh'
[2.215s] Level 1:colcon.colcon_core.environment:create_file_with_runtime_dependencies(/home/orin/work/Foreview_ws/install/dynamixel_controller_pkg/share/colcon-core/packages/dynamixel_controller_pkg)
[2.221s] Level 1:colcon.colcon_core.environment:create_environment_scripts_only(remote_controller_pkg)
[2.226s] Level 1:colcon.colcon_core.environment:checking '/home/orin/work/Foreview_ws/install/remote_controller_pkg' for CMake module files
[2.227s] Level 1:colcon.colcon_core.environment:checking '/home/orin/work/Foreview_ws/install/remote_controller_pkg' for CMake config files
[2.228s] Level 1:colcon.colcon_core.shell:create_environment_hook('remote_controller_pkg', 'cmake_prefix_path')
[2.232s] INFO:colcon.colcon_core.shell:Creating environment hook '/home/orin/work/Foreview_ws/install/remote_controller_pkg/share/remote_controller_pkg/hook/cmake_prefix_path.ps1'
[2.233s] INFO:colcon.colcon_core.shell:Creating environment descriptor '/home/orin/work/Foreview_ws/install/remote_controller_pkg/share/remote_controller_pkg/hook/cmake_prefix_path.dsv'
[2.233s] INFO:colcon.colcon_core.shell:Creating environment hook '/home/orin/work/Foreview_ws/install/remote_controller_pkg/share/remote_controller_pkg/hook/cmake_prefix_path.sh'
[2.234s] Level 1:colcon.colcon_core.environment:checking '/home/orin/work/Foreview_ws/install/remote_controller_pkg/lib'
[2.234s] Level 1:colcon.colcon_core.shell:create_environment_hook('remote_controller_pkg', 'ld_library_path_lib')
[2.238s] INFO:colcon.colcon_core.shell:Creating environment hook '/home/orin/work/Foreview_ws/install/remote_controller_pkg/share/remote_controller_pkg/hook/ld_library_path_lib.ps1'
[2.239s] INFO:colcon.colcon_core.shell:Creating environment descriptor '/home/orin/work/Foreview_ws/install/remote_controller_pkg/share/remote_controller_pkg/hook/ld_library_path_lib.dsv'
[2.240s] INFO:colcon.colcon_core.shell:Creating environment hook '/home/orin/work/Foreview_ws/install/remote_controller_pkg/share/remote_controller_pkg/hook/ld_library_path_lib.sh'
[2.240s] Level 1:colcon.colcon_core.environment:checking '/home/orin/work/Foreview_ws/install/remote_controller_pkg/bin'
[2.241s] Level 1:colcon.colcon_core.environment:checking '/home/orin/work/Foreview_ws/install/remote_controller_pkg/lib/pkgconfig/remote_controller_pkg.pc'
[2.241s] Level 1:colcon.colcon_core.environment:checking '/home/orin/work/Foreview_ws/install/remote_controller_pkg/lib/python3.8/site-packages'
[2.241s] Level 1:colcon.colcon_core.shell:create_environment_hook('remote_controller_pkg', 'pythonpath')
[2.245s] INFO:colcon.colcon_core.shell:Creating environment hook '/home/orin/work/Foreview_ws/install/remote_controller_pkg/share/remote_controller_pkg/hook/pythonpath.ps1'
[2.246s] INFO:colcon.colcon_core.shell:Creating environment descriptor '/home/orin/work/Foreview_ws/install/remote_controller_pkg/share/remote_controller_pkg/hook/pythonpath.dsv'
[2.247s] INFO:colcon.colcon_core.shell:Creating environment hook '/home/orin/work/Foreview_ws/install/remote_controller_pkg/share/remote_controller_pkg/hook/pythonpath.sh'
[2.247s] Level 1:colcon.colcon_core.environment:checking '/home/orin/work/Foreview_ws/install/remote_controller_pkg/bin'
[2.252s] INFO:colcon.colcon_core.shell:Creating package script '/home/orin/work/Foreview_ws/install/remote_controller_pkg/share/remote_controller_pkg/package.ps1'
[2.253s] INFO:colcon.colcon_core.shell:Creating package descriptor '/home/orin/work/Foreview_ws/install/remote_controller_pkg/share/remote_controller_pkg/package.dsv'
[2.254s] INFO:colcon.colcon_core.shell:Creating package script '/home/orin/work/Foreview_ws/install/remote_controller_pkg/share/remote_controller_pkg/package.sh'
[2.255s] INFO:colcon.colcon_core.shell:Creating package script '/home/orin/work/Foreview_ws/install/remote_controller_pkg/share/remote_controller_pkg/package.bash'
[2.255s] INFO:colcon.colcon_core.shell:Creating package script '/home/orin/work/Foreview_ws/install/remote_controller_pkg/share/remote_controller_pkg/package.zsh'
[2.256s] Level 1:colcon.colcon_core.environment:create_file_with_runtime_dependencies(/home/orin/work/Foreview_ws/install/remote_controller_pkg/share/colcon-core/packages/remote_controller_pkg)
[2.256s] DEBUG:colcon.colcon_parallel_executor.executor.parallel:closing loop
[2.257s] DEBUG:colcon.colcon_parallel_executor.executor.parallel:loop closed
[2.257s] DEBUG:colcon.colcon_parallel_executor.executor.parallel:run_until_complete finished with '0'
[2.258s] DEBUG:colcon.colcon_core.event_reactor:joining thread
[2.319s] INFO:colcon.colcon_core.plugin_system:Skipping extension 'colcon_notification.desktop_notification.notify_send': Could not find 'notify-send'
[2.320s] INFO:colcon.colcon_core.plugin_system:Skipping extension 'colcon_notification.desktop_notification.terminal_notifier': Not used on non-Darwin systems
[2.320s] INFO:colcon.colcon_core.plugin_system:Skipping extension 'colcon_notification.desktop_notification.win32': Not used on non-Windows systems
[2.320s] INFO:colcon.colcon_notification.desktop_notification:Sending desktop notification using 'notify2'
[2.359s] DEBUG:colcon.colcon_core.event_reactor:joined thread
[2.364s] INFO:colcon.colcon_core.shell:Creating prefix script '/home/orin/work/Foreview_ws/install/local_setup.ps1'
[2.366s] INFO:colcon.colcon_core.shell:Creating prefix util module '/home/orin/work/Foreview_ws/install/_local_setup_util_ps1.py'
[2.368s] INFO:colcon.colcon_core.shell:Creating prefix chain script '/home/orin/work/Foreview_ws/install/setup.ps1'
[2.370s] INFO:colcon.colcon_core.shell:Creating prefix script '/home/orin/work/Foreview_ws/install/local_setup.sh'
[2.371s] INFO:colcon.colcon_core.shell:Creating prefix util module '/home/orin/work/Foreview_ws/install/_local_setup_util_sh.py'
[2.372s] INFO:colcon.colcon_core.shell:Creating prefix chain script '/home/orin/work/Foreview_ws/install/setup.sh'
[2.375s] INFO:colcon.colcon_core.shell:Creating prefix script '/home/orin/work/Foreview_ws/install/local_setup.bash'
[2.375s] INFO:colcon.colcon_core.shell:Creating prefix chain script '/home/orin/work/Foreview_ws/install/setup.bash'
[2.378s] INFO:colcon.colcon_core.shell:Creating prefix script '/home/orin/work/Foreview_ws/install/local_setup.zsh'
[2.379s] INFO:colcon.colcon_core.shell:Creating prefix chain script '/home/orin/work/Foreview_ws/install/setup.zsh'
