[0.061s] Invoking command in '/home/weng/work/Foreview_ws/build/dynamixel_controller_pkg': CMAKE_PREFIX_PATH=/opt/ros/humble /usr/bin/cmake /home/weng/work/Foreview_ws/src/dynamixel_controller_pkg -DCMAKE_INSTALL_PREFIX=/home/weng/work/Foreview_ws/install/dynamixel_controller_pkg
[0.093s] -- The C compiler identification is GNU 11.4.0
[0.127s] -- The CXX compiler identification is GNU 11.4.0
[0.131s] -- Detecting C compiler ABI info
[0.170s] -- Detecting C compiler ABI info - done
[0.174s] -- Check for working C compiler: /usr/bin/cc - skipped
[0.174s] -- Detecting C compile features
[0.174s] -- Detecting C compile features - done
[0.176s] -- Detecting CXX compiler ABI info
[0.224s] -- Detecting CXX compiler ABI info - done
[0.229s] -- Check for working CXX compiler: /usr/bin/c++ - skipped
[0.229s] -- Detecting CXX compile features
[0.229s] -- Detecting CXX compile features - done
[0.230s] -- Found ament_cmake: 1.3.6 (/opt/ros/humble/share/ament_cmake/cmake)
[0.330s] -- Found Python3: /usr/bin/python3.10 (found version "3.10.12") found components: Interpreter 
[0.381s] -- Found geometry_msgs: 4.2.3 (/opt/ros/humble/share/geometry_msgs/cmake)
[0.403s] -- Found rosidl_generator_c: 3.1.5 (/opt/ros/humble/share/rosidl_generator_c/cmake)
[0.406s] -- Found rosidl_adapter: 3.1.5 (/opt/ros/humble/share/rosidl_adapter/cmake)
[0.410s] -- Found rosidl_generator_cpp: 3.1.5 (/opt/ros/humble/share/rosidl_generator_cpp/cmake)
[0.418s] -- Using all available rosidl_typesupport_c: rosidl_typesupport_fastrtps_c;rosidl_typesupport_introspection_c
[0.430s] -- Using all available rosidl_typesupport_cpp: rosidl_typesupport_fastrtps_cpp;rosidl_typesupport_introspection_cpp
[0.499s] -- Found rosidl_default_generators: 1.2.0 (/opt/ros/humble/share/rosidl_default_generators/cmake)
[0.659s] -- Found ament_cmake_ros: 0.10.0 (/opt/ros/humble/share/ament_cmake_ros/cmake)
[0.893s] -- Using all available rosidl_typesupport_c: rosidl_typesupport_fastrtps_c;rosidl_typesupport_introspection_c
[0.984s] -- Using all available rosidl_typesupport_cpp: rosidl_typesupport_fastrtps_cpp;rosidl_typesupport_introspection_cpp
[0.998s] -- Found PythonInterp: /usr/bin/python3 (found suitable version "3.10.12", minimum required is "3.6") 
[0.999s] -- Found python_cmake_module: 0.10.0 (/opt/ros/humble/share/python_cmake_module/cmake)
[1.013s] -- Found PythonLibs: /usr/lib/x86_64-linux-gnu/libpython3.10.so (found suitable version "3.10.12", minimum required is "3.5") 
[1.013s] -- Using PYTHON_EXECUTABLE: /usr/bin/python3
[1.013s] -- Using PYTHON_INCLUDE_DIRS: /usr/include/python3.10
[1.013s] -- Using PYTHON_LIBRARIES: /usr/lib/x86_64-linux-gnu/libpython3.10.so
[1.026s] -- Found PythonExtra: .so  
[1.058s] -- Found ament_lint_auto: 0.12.9 (/opt/ros/humble/share/ament_lint_auto/cmake)
[1.070s] -- Added test 'flake8' to check Python code syntax and style conventions
[1.070s] -- Added test 'lint_cmake' to check CMake code style
[1.071s] -- Added test 'pep257' to check Python code against some of the docstring style conventions in PEP 257
[1.072s] -- Added test 'xmllint' to check XML markup files
[1.074s] -- Configuring done
[1.092s] -- Generating done
[1.093s] -- Build files have been written to: /home/weng/work/Foreview_ws/build/dynamixel_controller_pkg
[1.100s] Invoked command in '/home/weng/work/Foreview_ws/build/dynamixel_controller_pkg' returned '0': CMAKE_PREFIX_PATH=/opt/ros/humble /usr/bin/cmake /home/weng/work/Foreview_ws/src/dynamixel_controller_pkg -DCMAKE_INSTALL_PREFIX=/home/weng/work/Foreview_ws/install/dynamixel_controller_pkg
[1.101s] Invoking command in '/home/weng/work/Foreview_ws/build/dynamixel_controller_pkg': CMAKE_PREFIX_PATH=/opt/ros/humble /usr/bin/cmake --build /home/weng/work/Foreview_ws/build/dynamixel_controller_pkg -- -j16 -l16
[1.123s] [  3%] [34m[1mGenerating C code for ROS interfaces[0m
[1.129s] [  6%] [34m[1mGenerating C++ code for ROS interfaces[0m
[1.135s] [  6%] Built target ament_cmake_python_copy_dynamixel_controller_pkg
[1.276s] running egg_info
[1.276s] creating dynamixel_controller_pkg.egg-info
[1.276s] writing dynamixel_controller_pkg.egg-info/PKG-INFO
[1.277s] writing dependency_links to dynamixel_controller_pkg.egg-info/dependency_links.txt
[1.277s] writing top-level names to dynamixel_controller_pkg.egg-info/top_level.txt
[1.277s] writing manifest file 'dynamixel_controller_pkg.egg-info/SOURCES.txt'
[1.279s] reading manifest file 'dynamixel_controller_pkg.egg-info/SOURCES.txt'
[1.280s] writing manifest file 'dynamixel_controller_pkg.egg-info/SOURCES.txt'
[1.285s] [  6%] Built target dynamixel_controller_pkg__cpp
[1.290s] [  9%] [32mBuilding C object CMakeFiles/dynamixel_controller_pkg__rosidl_generator_c.dir/rosidl_generator_c/dynamixel_controller_pkg/msg/detail/motor_speeds__functions.c.o[0m
[1.292s] [ 16%] [34m[1mGenerating C++ introspection for ROS interfaces[0m
[1.292s] [ 16%] [34m[1mGenerating C++ type support for eProsima Fast-RTPS[0m
[1.293s] [ 19%] [34m[1mGenerating C++ type support dispatch for ROS interfaces[0m
[1.302s] [ 19%] Built target ament_cmake_python_build_dynamixel_controller_pkg_egg
[1.322s] [ 22%] [32m[1mLinking C shared library libdynamixel_controller_pkg__rosidl_generator_c.so[0m
[1.350s] [ 22%] Built target dynamixel_controller_pkg__rosidl_generator_c
[1.357s] [ 25%] [34m[1mGenerating C introspection for ROS interfaces[0m
[1.357s] [ 29%] [34m[1mGenerating C type support dispatch for ROS interfaces[0m
[1.358s] [ 32%] [34m[1mGenerating C type support for eProsima Fast-RTPS[0m
[1.449s] [ 35%] [32mBuilding CXX object CMakeFiles/dynamixel_controller_pkg__rosidl_typesupport_introspection_cpp.dir/rosidl_typesupport_introspection_cpp/dynamixel_controller_pkg/msg/detail/motor_speeds__type_support.cpp.o[0m
[1.511s] [ 38%] [32mBuilding CXX object CMakeFiles/dynamixel_controller_pkg__rosidl_typesupport_fastrtps_cpp.dir/rosidl_typesupport_fastrtps_cpp/dynamixel_controller_pkg/msg/detail/dds_fastrtps/motor_speeds__type_support.cpp.o[0m
[1.519s] [ 41%] [32mBuilding CXX object CMakeFiles/dynamixel_controller_pkg__rosidl_typesupport_cpp.dir/rosidl_typesupport_cpp/dynamixel_controller_pkg/msg/motor_speeds__type_support.cpp.o[0m
[1.526s] [ 45%] [32mBuilding C object CMakeFiles/dynamixel_controller_pkg__rosidl_typesupport_introspection_c.dir/rosidl_typesupport_introspection_c/dynamixel_controller_pkg/msg/detail/motor_speeds__type_support.c.o[0m
[1.550s] [ 48%] [32m[1mLinking C shared library libdynamixel_controller_pkg__rosidl_typesupport_introspection_c.so[0m
[1.551s] [ 51%] [32mBuilding CXX object CMakeFiles/dynamixel_controller_pkg__rosidl_typesupport_c.dir/rosidl_typesupport_c/dynamixel_controller_pkg/msg/motor_speeds__type_support.cpp.o[0m
[1.573s] [ 51%] Built target dynamixel_controller_pkg__rosidl_typesupport_introspection_c
[1.577s] [ 54%] [32m[1mLinking CXX shared library libdynamixel_controller_pkg__rosidl_typesupport_c.so[0m
[1.608s] [ 54%] Built target dynamixel_controller_pkg__rosidl_typesupport_c
[1.624s] [ 58%] [32mBuilding CXX object CMakeFiles/dynamixel_controller_pkg__rosidl_typesupport_fastrtps_c.dir/rosidl_typesupport_fastrtps_c/dynamixel_controller_pkg/msg/detail/motor_speeds__type_support_c.cpp.o[0m
[1.707s] [ 61%] [32m[1mLinking CXX shared library libdynamixel_controller_pkg__rosidl_typesupport_introspection_cpp.so[0m
[1.735s] [ 61%] Built target dynamixel_controller_pkg__rosidl_typesupport_introspection_cpp
[1.745s] [ 64%] [32m[1mLinking CXX shared library libdynamixel_controller_pkg__rosidl_typesupport_cpp.so[0m
[1.770s] [ 64%] Built target dynamixel_controller_pkg__rosidl_typesupport_cpp
[1.837s] [ 67%] [32m[1mLinking CXX shared library libdynamixel_controller_pkg__rosidl_typesupport_fastrtps_cpp.so[0m
[1.838s] [ 70%] [32m[1mLinking CXX shared library libdynamixel_controller_pkg__rosidl_typesupport_fastrtps_c.so[0m
[1.882s] [ 70%] Built target dynamixel_controller_pkg__rosidl_typesupport_fastrtps_cpp
[1.885s] [ 70%] Built target dynamixel_controller_pkg__rosidl_typesupport_fastrtps_c
[1.898s] [ 70%] Built target dynamixel_controller_pkg
[1.917s] [ 74%] [34m[1mGenerating Python code for ROS interfaces[0m
[2.094s] [ 74%] Built target dynamixel_controller_pkg__py
[2.106s] [ 77%] [32mBuilding C object CMakeFiles/dynamixel_controller_pkg__rosidl_generator_py.dir/rosidl_generator_py/dynamixel_controller_pkg/msg/_motor_speeds_s.c.o[0m
[2.163s] [ 80%] [32m[1mLinking C shared library rosidl_generator_py/dynamixel_controller_pkg/libdynamixel_controller_pkg__rosidl_generator_py.so[0m
[2.187s] [ 80%] Built target dynamixel_controller_pkg__rosidl_generator_py
[2.199s] [ 90%] [32mBuilding C object CMakeFiles/dynamixel_controller_pkg__rosidl_typesupport_introspection_c__pyext.dir/rosidl_generator_py/dynamixel_controller_pkg/_dynamixel_controller_pkg_s.ep.rosidl_typesupport_introspection_c.c.o[0m
[2.199s] [ 90%] [32mBuilding C object CMakeFiles/dynamixel_controller_pkg__rosidl_typesupport_c__pyext.dir/rosidl_generator_py/dynamixel_controller_pkg/_dynamixel_controller_pkg_s.ep.rosidl_typesupport_c.c.o[0m
[2.199s] [ 90%] [32mBuilding C object CMakeFiles/dynamixel_controller_pkg__rosidl_typesupport_fastrtps_c__pyext.dir/rosidl_generator_py/dynamixel_controller_pkg/_dynamixel_controller_pkg_s.ep.rosidl_typesupport_fastrtps_c.c.o[0m
[2.263s] [100%] [32m[1mLinking C shared library rosidl_generator_py/dynamixel_controller_pkg/dynamixel_controller_pkg_s__rosidl_typesupport_c.cpython-310-x86_64-linux-gnu.so[0m
[2.263s] [100%] [32m[1mLinking C shared library rosidl_generator_py/dynamixel_controller_pkg/dynamixel_controller_pkg_s__rosidl_typesupport_introspection_c.cpython-310-x86_64-linux-gnu.so[0m
[2.263s] [100%] [32m[1mLinking C shared library rosidl_generator_py/dynamixel_controller_pkg/dynamixel_controller_pkg_s__rosidl_typesupport_fastrtps_c.cpython-310-x86_64-linux-gnu.so[0m
[2.289s] [100%] Built target dynamixel_controller_pkg__rosidl_typesupport_c__pyext
[2.290s] [100%] Built target dynamixel_controller_pkg__rosidl_typesupport_introspection_c__pyext
[2.290s] [100%] Built target dynamixel_controller_pkg__rosidl_typesupport_fastrtps_c__pyext
[2.297s] Invoked command in '/home/weng/work/Foreview_ws/build/dynamixel_controller_pkg' returned '0': CMAKE_PREFIX_PATH=/opt/ros/humble /usr/bin/cmake --build /home/weng/work/Foreview_ws/build/dynamixel_controller_pkg -- -j16 -l16
[2.336s] Invoking command in '/home/weng/work/Foreview_ws/build/dynamixel_controller_pkg': CMAKE_PREFIX_PATH=/opt/ros/humble /usr/bin/cmake --install /home/weng/work/Foreview_ws/build/dynamixel_controller_pkg
[2.340s] -- Install configuration: ""
[2.340s] -- Installing: /home/weng/work/Foreview_ws/install/dynamixel_controller_pkg/share/ament_index/resource_index/rosidl_interfaces/dynamixel_controller_pkg
[2.340s] -- Installing: /home/weng/work/Foreview_ws/install/dynamixel_controller_pkg/include/dynamixel_controller_pkg/dynamixel_controller_pkg
[2.341s] -- Installing: /home/weng/work/Foreview_ws/install/dynamixel_controller_pkg/include/dynamixel_controller_pkg/dynamixel_controller_pkg/msg
[2.341s] -- Installing: /home/weng/work/Foreview_ws/install/dynamixel_controller_pkg/include/dynamixel_controller_pkg/dynamixel_controller_pkg/msg/detail
[2.341s] -- Installing: /home/weng/work/Foreview_ws/install/dynamixel_controller_pkg/include/dynamixel_controller_pkg/dynamixel_controller_pkg/msg/detail/motor_speeds__functions.h
[2.341s] -- Installing: /home/weng/work/Foreview_ws/install/dynamixel_controller_pkg/include/dynamixel_controller_pkg/dynamixel_controller_pkg/msg/detail/motor_speeds__type_support.h
[2.341s] -- Installing: /home/weng/work/Foreview_ws/install/dynamixel_controller_pkg/include/dynamixel_controller_pkg/dynamixel_controller_pkg/msg/detail/motor_speeds__functions.c
[2.341s] -- Installing: /home/weng/work/Foreview_ws/install/dynamixel_controller_pkg/include/dynamixel_controller_pkg/dynamixel_controller_pkg/msg/detail/motor_speeds__struct.h
[2.341s] -- Installing: /home/weng/work/Foreview_ws/install/dynamixel_controller_pkg/include/dynamixel_controller_pkg/dynamixel_controller_pkg/msg/rosidl_generator_c__visibility_control.h
[2.341s] -- Installing: /home/weng/work/Foreview_ws/install/dynamixel_controller_pkg/include/dynamixel_controller_pkg/dynamixel_controller_pkg/msg/motor_speeds.h
[2.341s] -- Installing: /home/weng/work/Foreview_ws/install/dynamixel_controller_pkg/share/dynamixel_controller_pkg/environment/library_path.sh
[2.341s] -- Installing: /home/weng/work/Foreview_ws/install/dynamixel_controller_pkg/share/dynamixel_controller_pkg/environment/library_path.dsv
[2.341s] -- Installing: /home/weng/work/Foreview_ws/install/dynamixel_controller_pkg/lib/libdynamixel_controller_pkg__rosidl_generator_c.so
[2.341s] -- Set runtime path of "/home/weng/work/Foreview_ws/install/dynamixel_controller_pkg/lib/libdynamixel_controller_pkg__rosidl_generator_c.so" to ""
[2.341s] -- Up-to-date: /home/weng/work/Foreview_ws/install/dynamixel_controller_pkg/include/dynamixel_controller_pkg/dynamixel_controller_pkg
[2.341s] -- Up-to-date: /home/weng/work/Foreview_ws/install/dynamixel_controller_pkg/include/dynamixel_controller_pkg/dynamixel_controller_pkg/msg
[2.341s] -- Up-to-date: /home/weng/work/Foreview_ws/install/dynamixel_controller_pkg/include/dynamixel_controller_pkg/dynamixel_controller_pkg/msg/detail
[2.341s] -- Installing: /home/weng/work/Foreview_ws/install/dynamixel_controller_pkg/include/dynamixel_controller_pkg/dynamixel_controller_pkg/msg/detail/motor_speeds__rosidl_typesupport_fastrtps_c.h
[2.341s] -- Installing: /home/weng/work/Foreview_ws/install/dynamixel_controller_pkg/include/dynamixel_controller_pkg/dynamixel_controller_pkg/msg/rosidl_typesupport_fastrtps_c__visibility_control.h
[2.342s] -- Installing: /home/weng/work/Foreview_ws/install/dynamixel_controller_pkg/lib/libdynamixel_controller_pkg__rosidl_typesupport_fastrtps_c.so
[2.342s] -- Set runtime path of "/home/weng/work/Foreview_ws/install/dynamixel_controller_pkg/lib/libdynamixel_controller_pkg__rosidl_typesupport_fastrtps_c.so" to ""
[2.342s] -- Up-to-date: /home/weng/work/Foreview_ws/install/dynamixel_controller_pkg/include/dynamixel_controller_pkg/dynamixel_controller_pkg
[2.342s] -- Up-to-date: /home/weng/work/Foreview_ws/install/dynamixel_controller_pkg/include/dynamixel_controller_pkg/dynamixel_controller_pkg/msg
[2.342s] -- Up-to-date: /home/weng/work/Foreview_ws/install/dynamixel_controller_pkg/include/dynamixel_controller_pkg/dynamixel_controller_pkg/msg/detail
[2.342s] -- Installing: /home/weng/work/Foreview_ws/install/dynamixel_controller_pkg/include/dynamixel_controller_pkg/dynamixel_controller_pkg/msg/detail/motor_speeds__struct.hpp
[2.342s] -- Installing: /home/weng/work/Foreview_ws/install/dynamixel_controller_pkg/include/dynamixel_controller_pkg/dynamixel_controller_pkg/msg/detail/motor_speeds__builder.hpp
[2.342s] -- Installing: /home/weng/work/Foreview_ws/install/dynamixel_controller_pkg/include/dynamixel_controller_pkg/dynamixel_controller_pkg/msg/detail/motor_speeds__traits.hpp
[2.342s] -- Installing: /home/weng/work/Foreview_ws/install/dynamixel_controller_pkg/include/dynamixel_controller_pkg/dynamixel_controller_pkg/msg/motor_speeds.hpp
[2.342s] -- Up-to-date: /home/weng/work/Foreview_ws/install/dynamixel_controller_pkg/include/dynamixel_controller_pkg/dynamixel_controller_pkg
[2.342s] -- Up-to-date: /home/weng/work/Foreview_ws/install/dynamixel_controller_pkg/include/dynamixel_controller_pkg/dynamixel_controller_pkg/msg
[2.342s] -- Up-to-date: /home/weng/work/Foreview_ws/install/dynamixel_controller_pkg/include/dynamixel_controller_pkg/dynamixel_controller_pkg/msg/detail
[2.342s] -- Installing: /home/weng/work/Foreview_ws/install/dynamixel_controller_pkg/include/dynamixel_controller_pkg/dynamixel_controller_pkg/msg/detail/dds_fastrtps
[2.342s] -- Installing: /home/weng/work/Foreview_ws/install/dynamixel_controller_pkg/include/dynamixel_controller_pkg/dynamixel_controller_pkg/msg/detail/motor_speeds__rosidl_typesupport_fastrtps_cpp.hpp
[2.342s] -- Installing: /home/weng/work/Foreview_ws/install/dynamixel_controller_pkg/include/dynamixel_controller_pkg/dynamixel_controller_pkg/msg/rosidl_typesupport_fastrtps_cpp__visibility_control.h
[2.342s] -- Installing: /home/weng/work/Foreview_ws/install/dynamixel_controller_pkg/lib/libdynamixel_controller_pkg__rosidl_typesupport_fastrtps_cpp.so
[2.342s] -- Set runtime path of "/home/weng/work/Foreview_ws/install/dynamixel_controller_pkg/lib/libdynamixel_controller_pkg__rosidl_typesupport_fastrtps_cpp.so" to ""
[2.342s] -- Up-to-date: /home/weng/work/Foreview_ws/install/dynamixel_controller_pkg/include/dynamixel_controller_pkg/dynamixel_controller_pkg
[2.342s] -- Up-to-date: /home/weng/work/Foreview_ws/install/dynamixel_controller_pkg/include/dynamixel_controller_pkg/dynamixel_controller_pkg/msg
[2.342s] -- Up-to-date: /home/weng/work/Foreview_ws/install/dynamixel_controller_pkg/include/dynamixel_controller_pkg/dynamixel_controller_pkg/msg/detail
[2.342s] -- Installing: /home/weng/work/Foreview_ws/install/dynamixel_controller_pkg/include/dynamixel_controller_pkg/dynamixel_controller_pkg/msg/detail/motor_speeds__rosidl_typesupport_introspection_c.h
[2.342s] -- Installing: /home/weng/work/Foreview_ws/install/dynamixel_controller_pkg/include/dynamixel_controller_pkg/dynamixel_controller_pkg/msg/detail/motor_speeds__type_support.c
[2.343s] -- Installing: /home/weng/work/Foreview_ws/install/dynamixel_controller_pkg/include/dynamixel_controller_pkg/dynamixel_controller_pkg/msg/rosidl_typesupport_introspection_c__visibility_control.h
[2.343s] -- Installing: /home/weng/work/Foreview_ws/install/dynamixel_controller_pkg/lib/libdynamixel_controller_pkg__rosidl_typesupport_introspection_c.so
[2.343s] -- Set runtime path of "/home/weng/work/Foreview_ws/install/dynamixel_controller_pkg/lib/libdynamixel_controller_pkg__rosidl_typesupport_introspection_c.so" to ""
[2.343s] -- Installing: /home/weng/work/Foreview_ws/install/dynamixel_controller_pkg/lib/libdynamixel_controller_pkg__rosidl_typesupport_c.so
[2.343s] -- Set runtime path of "/home/weng/work/Foreview_ws/install/dynamixel_controller_pkg/lib/libdynamixel_controller_pkg__rosidl_typesupport_c.so" to ""
[2.343s] -- Up-to-date: /home/weng/work/Foreview_ws/install/dynamixel_controller_pkg/include/dynamixel_controller_pkg/dynamixel_controller_pkg
[2.343s] -- Up-to-date: /home/weng/work/Foreview_ws/install/dynamixel_controller_pkg/include/dynamixel_controller_pkg/dynamixel_controller_pkg/msg
[2.343s] -- Up-to-date: /home/weng/work/Foreview_ws/install/dynamixel_controller_pkg/include/dynamixel_controller_pkg/dynamixel_controller_pkg/msg/detail
[2.343s] -- Installing: /home/weng/work/Foreview_ws/install/dynamixel_controller_pkg/include/dynamixel_controller_pkg/dynamixel_controller_pkg/msg/detail/motor_speeds__rosidl_typesupport_introspection_cpp.hpp
[2.343s] -- Installing: /home/weng/work/Foreview_ws/install/dynamixel_controller_pkg/include/dynamixel_controller_pkg/dynamixel_controller_pkg/msg/detail/motor_speeds__type_support.cpp
[2.343s] -- Installing: /home/weng/work/Foreview_ws/install/dynamixel_controller_pkg/lib/libdynamixel_controller_pkg__rosidl_typesupport_introspection_cpp.so
[2.343s] -- Set runtime path of "/home/weng/work/Foreview_ws/install/dynamixel_controller_pkg/lib/libdynamixel_controller_pkg__rosidl_typesupport_introspection_cpp.so" to ""
[2.343s] -- Installing: /home/weng/work/Foreview_ws/install/dynamixel_controller_pkg/lib/libdynamixel_controller_pkg__rosidl_typesupport_cpp.so
[2.343s] -- Set runtime path of "/home/weng/work/Foreview_ws/install/dynamixel_controller_pkg/lib/libdynamixel_controller_pkg__rosidl_typesupport_cpp.so" to ""
[2.343s] -- Installing: /home/weng/work/Foreview_ws/install/dynamixel_controller_pkg/share/dynamixel_controller_pkg/environment/pythonpath.sh
[2.343s] -- Installing: /home/weng/work/Foreview_ws/install/dynamixel_controller_pkg/share/dynamixel_controller_pkg/environment/pythonpath.dsv
[2.343s] -- Installing: /home/weng/work/Foreview_ws/install/dynamixel_controller_pkg/local/lib/python3.10/dist-packages/dynamixel_controller_pkg-0.0.0-py3.10.egg-info
[2.344s] -- Installing: /home/weng/work/Foreview_ws/install/dynamixel_controller_pkg/local/lib/python3.10/dist-packages/dynamixel_controller_pkg-0.0.0-py3.10.egg-info/top_level.txt
[2.344s] -- Installing: /home/weng/work/Foreview_ws/install/dynamixel_controller_pkg/local/lib/python3.10/dist-packages/dynamixel_controller_pkg-0.0.0-py3.10.egg-info/SOURCES.txt
[2.344s] -- Installing: /home/weng/work/Foreview_ws/install/dynamixel_controller_pkg/local/lib/python3.10/dist-packages/dynamixel_controller_pkg-0.0.0-py3.10.egg-info/dependency_links.txt
[2.344s] -- Installing: /home/weng/work/Foreview_ws/install/dynamixel_controller_pkg/local/lib/python3.10/dist-packages/dynamixel_controller_pkg-0.0.0-py3.10.egg-info/PKG-INFO
[2.344s] -- Installing: /home/weng/work/Foreview_ws/install/dynamixel_controller_pkg/local/lib/python3.10/dist-packages/dynamixel_controller_pkg
[2.344s] -- Installing: /home/weng/work/Foreview_ws/install/dynamixel_controller_pkg/local/lib/python3.10/dist-packages/dynamixel_controller_pkg/_dynamixel_controller_pkg_s.ep.rosidl_typesupport_fastrtps_c.c
[2.344s] -- Installing: /home/weng/work/Foreview_ws/install/dynamixel_controller_pkg/local/lib/python3.10/dist-packages/dynamixel_controller_pkg/_dynamixel_controller_pkg_s.ep.rosidl_typesupport_introspection_c.c
[2.344s] -- Installing: /home/weng/work/Foreview_ws/install/dynamixel_controller_pkg/local/lib/python3.10/dist-packages/dynamixel_controller_pkg/msg
[2.344s] -- Installing: /home/weng/work/Foreview_ws/install/dynamixel_controller_pkg/local/lib/python3.10/dist-packages/dynamixel_controller_pkg/msg/_motor_speeds.py
[2.344s] -- Installing: /home/weng/work/Foreview_ws/install/dynamixel_controller_pkg/local/lib/python3.10/dist-packages/dynamixel_controller_pkg/msg/_motor_speeds_s.c
[2.344s] -- Installing: /home/weng/work/Foreview_ws/install/dynamixel_controller_pkg/local/lib/python3.10/dist-packages/dynamixel_controller_pkg/msg/__init__.py
[2.344s] -- Installing: /home/weng/work/Foreview_ws/install/dynamixel_controller_pkg/local/lib/python3.10/dist-packages/dynamixel_controller_pkg/dynamixel_controller_pkg_s__rosidl_typesupport_fastrtps_c.cpython-310-x86_64-linux-gnu.so
[2.344s] -- Installing: /home/weng/work/Foreview_ws/install/dynamixel_controller_pkg/local/lib/python3.10/dist-packages/dynamixel_controller_pkg/dynamixel_controller_pkg_s__rosidl_typesupport_introspection_c.cpython-310-x86_64-linux-gnu.so
[2.344s] -- Installing: /home/weng/work/Foreview_ws/install/dynamixel_controller_pkg/local/lib/python3.10/dist-packages/dynamixel_controller_pkg/libdynamixel_controller_pkg__rosidl_generator_py.so
[2.345s] -- Installing: /home/weng/work/Foreview_ws/install/dynamixel_controller_pkg/local/lib/python3.10/dist-packages/dynamixel_controller_pkg/__init__.py
[2.345s] -- Installing: /home/weng/work/Foreview_ws/install/dynamixel_controller_pkg/local/lib/python3.10/dist-packages/dynamixel_controller_pkg/dynamixel_controller_pkg_s__rosidl_typesupport_c.cpython-310-x86_64-linux-gnu.so
[2.345s] -- Installing: /home/weng/work/Foreview_ws/install/dynamixel_controller_pkg/local/lib/python3.10/dist-packages/dynamixel_controller_pkg/_dynamixel_controller_pkg_s.ep.rosidl_typesupport_c.c
[2.364s] Listing '/home/weng/work/Foreview_ws/install/dynamixel_controller_pkg/local/lib/python3.10/dist-packages/dynamixel_controller_pkg'...
[2.364s] Compiling '/home/weng/work/Foreview_ws/install/dynamixel_controller_pkg/local/lib/python3.10/dist-packages/dynamixel_controller_pkg/__init__.py'...
[2.364s] Listing '/home/weng/work/Foreview_ws/install/dynamixel_controller_pkg/local/lib/python3.10/dist-packages/dynamixel_controller_pkg/msg'...
[2.364s] Compiling '/home/weng/work/Foreview_ws/install/dynamixel_controller_pkg/local/lib/python3.10/dist-packages/dynamixel_controller_pkg/msg/__init__.py'...
[2.364s] Compiling '/home/weng/work/Foreview_ws/install/dynamixel_controller_pkg/local/lib/python3.10/dist-packages/dynamixel_controller_pkg/msg/_motor_speeds.py'...
[2.367s] -- Installing: /home/weng/work/Foreview_ws/install/dynamixel_controller_pkg/local/lib/python3.10/dist-packages/dynamixel_controller_pkg/dynamixel_controller_pkg_s__rosidl_typesupport_fastrtps_c.cpython-310-x86_64-linux-gnu.so
[2.367s] -- Set runtime path of "/home/weng/work/Foreview_ws/install/dynamixel_controller_pkg/local/lib/python3.10/dist-packages/dynamixel_controller_pkg/dynamixel_controller_pkg_s__rosidl_typesupport_fastrtps_c.cpython-310-x86_64-linux-gnu.so" to ""
[2.367s] -- Installing: /home/weng/work/Foreview_ws/install/dynamixel_controller_pkg/local/lib/python3.10/dist-packages/dynamixel_controller_pkg/dynamixel_controller_pkg_s__rosidl_typesupport_introspection_c.cpython-310-x86_64-linux-gnu.so
[2.367s] -- Set runtime path of "/home/weng/work/Foreview_ws/install/dynamixel_controller_pkg/local/lib/python3.10/dist-packages/dynamixel_controller_pkg/dynamixel_controller_pkg_s__rosidl_typesupport_introspection_c.cpython-310-x86_64-linux-gnu.so" to ""
[2.368s] -- Installing: /home/weng/work/Foreview_ws/install/dynamixel_controller_pkg/local/lib/python3.10/dist-packages/dynamixel_controller_pkg/dynamixel_controller_pkg_s__rosidl_typesupport_c.cpython-310-x86_64-linux-gnu.so
[2.368s] -- Set runtime path of "/home/weng/work/Foreview_ws/install/dynamixel_controller_pkg/local/lib/python3.10/dist-packages/dynamixel_controller_pkg/dynamixel_controller_pkg_s__rosidl_typesupport_c.cpython-310-x86_64-linux-gnu.so" to ""
[2.368s] -- Installing: /home/weng/work/Foreview_ws/install/dynamixel_controller_pkg/lib/libdynamixel_controller_pkg__rosidl_generator_py.so
[2.368s] -- Set runtime path of "/home/weng/work/Foreview_ws/install/dynamixel_controller_pkg/lib/libdynamixel_controller_pkg__rosidl_generator_py.so" to ""
[2.368s] -- Installing: /home/weng/work/Foreview_ws/install/dynamixel_controller_pkg/share/dynamixel_controller_pkg/msg/MotorSpeeds.idl
[2.368s] -- Installing: /home/weng/work/Foreview_ws/install/dynamixel_controller_pkg/share/dynamixel_controller_pkg/msg/MotorSpeeds.msg
[2.368s] -- Installing: /home/weng/work/Foreview_ws/install/dynamixel_controller_pkg/share/ament_index/resource_index/package_run_dependencies/dynamixel_controller_pkg
[2.368s] -- Installing: /home/weng/work/Foreview_ws/install/dynamixel_controller_pkg/share/ament_index/resource_index/parent_prefix_path/dynamixel_controller_pkg
[2.368s] -- Installing: /home/weng/work/Foreview_ws/install/dynamixel_controller_pkg/share/dynamixel_controller_pkg/environment/ament_prefix_path.sh
[2.368s] -- Installing: /home/weng/work/Foreview_ws/install/dynamixel_controller_pkg/share/dynamixel_controller_pkg/environment/ament_prefix_path.dsv
[2.368s] -- Installing: /home/weng/work/Foreview_ws/install/dynamixel_controller_pkg/share/dynamixel_controller_pkg/environment/path.sh
[2.368s] -- Installing: /home/weng/work/Foreview_ws/install/dynamixel_controller_pkg/share/dynamixel_controller_pkg/environment/path.dsv
[2.368s] -- Installing: /home/weng/work/Foreview_ws/install/dynamixel_controller_pkg/share/dynamixel_controller_pkg/local_setup.bash
[2.368s] -- Installing: /home/weng/work/Foreview_ws/install/dynamixel_controller_pkg/share/dynamixel_controller_pkg/local_setup.sh
[2.368s] -- Installing: /home/weng/work/Foreview_ws/install/dynamixel_controller_pkg/share/dynamixel_controller_pkg/local_setup.zsh
[2.369s] -- Installing: /home/weng/work/Foreview_ws/install/dynamixel_controller_pkg/share/dynamixel_controller_pkg/local_setup.dsv
[2.369s] -- Installing: /home/weng/work/Foreview_ws/install/dynamixel_controller_pkg/share/dynamixel_controller_pkg/package.dsv
[2.369s] -- Installing: /home/weng/work/Foreview_ws/install/dynamixel_controller_pkg/share/ament_index/resource_index/packages/dynamixel_controller_pkg
[2.369s] -- Installing: /home/weng/work/Foreview_ws/install/dynamixel_controller_pkg/share/dynamixel_controller_pkg/cmake/export_dynamixel_controller_pkg__rosidl_generator_cExport.cmake
[2.369s] -- Installing: /home/weng/work/Foreview_ws/install/dynamixel_controller_pkg/share/dynamixel_controller_pkg/cmake/export_dynamixel_controller_pkg__rosidl_generator_cExport-noconfig.cmake
[2.369s] -- Installing: /home/weng/work/Foreview_ws/install/dynamixel_controller_pkg/share/dynamixel_controller_pkg/cmake/export_dynamixel_controller_pkg__rosidl_typesupport_fastrtps_cExport.cmake
[2.369s] -- Installing: /home/weng/work/Foreview_ws/install/dynamixel_controller_pkg/share/dynamixel_controller_pkg/cmake/export_dynamixel_controller_pkg__rosidl_typesupport_fastrtps_cExport-noconfig.cmake
[2.369s] -- Installing: /home/weng/work/Foreview_ws/install/dynamixel_controller_pkg/share/dynamixel_controller_pkg/cmake/export_dynamixel_controller_pkg__rosidl_generator_cppExport.cmake
[2.369s] -- Installing: /home/weng/work/Foreview_ws/install/dynamixel_controller_pkg/share/dynamixel_controller_pkg/cmake/export_dynamixel_controller_pkg__rosidl_typesupport_fastrtps_cppExport.cmake
[2.369s] -- Installing: /home/weng/work/Foreview_ws/install/dynamixel_controller_pkg/share/dynamixel_controller_pkg/cmake/export_dynamixel_controller_pkg__rosidl_typesupport_fastrtps_cppExport-noconfig.cmake
[2.369s] -- Installing: /home/weng/work/Foreview_ws/install/dynamixel_controller_pkg/share/dynamixel_controller_pkg/cmake/dynamixel_controller_pkg__rosidl_typesupport_introspection_cExport.cmake
[2.369s] -- Installing: /home/weng/work/Foreview_ws/install/dynamixel_controller_pkg/share/dynamixel_controller_pkg/cmake/dynamixel_controller_pkg__rosidl_typesupport_introspection_cExport-noconfig.cmake
[2.369s] -- Installing: /home/weng/work/Foreview_ws/install/dynamixel_controller_pkg/share/dynamixel_controller_pkg/cmake/dynamixel_controller_pkg__rosidl_typesupport_cExport.cmake
[2.370s] -- Installing: /home/weng/work/Foreview_ws/install/dynamixel_controller_pkg/share/dynamixel_controller_pkg/cmake/dynamixel_controller_pkg__rosidl_typesupport_cExport-noconfig.cmake
[2.370s] -- Installing: /home/weng/work/Foreview_ws/install/dynamixel_controller_pkg/share/dynamixel_controller_pkg/cmake/dynamixel_controller_pkg__rosidl_typesupport_introspection_cppExport.cmake
[2.370s] -- Installing: /home/weng/work/Foreview_ws/install/dynamixel_controller_pkg/share/dynamixel_controller_pkg/cmake/dynamixel_controller_pkg__rosidl_typesupport_introspection_cppExport-noconfig.cmake
[2.370s] -- Installing: /home/weng/work/Foreview_ws/install/dynamixel_controller_pkg/share/dynamixel_controller_pkg/cmake/dynamixel_controller_pkg__rosidl_typesupport_cppExport.cmake
[2.370s] -- Installing: /home/weng/work/Foreview_ws/install/dynamixel_controller_pkg/share/dynamixel_controller_pkg/cmake/dynamixel_controller_pkg__rosidl_typesupport_cppExport-noconfig.cmake
[2.370s] -- Installing: /home/weng/work/Foreview_ws/install/dynamixel_controller_pkg/share/dynamixel_controller_pkg/cmake/export_dynamixel_controller_pkg__rosidl_generator_pyExport.cmake
[2.370s] -- Installing: /home/weng/work/Foreview_ws/install/dynamixel_controller_pkg/share/dynamixel_controller_pkg/cmake/export_dynamixel_controller_pkg__rosidl_generator_pyExport-noconfig.cmake
[2.370s] -- Installing: /home/weng/work/Foreview_ws/install/dynamixel_controller_pkg/share/dynamixel_controller_pkg/cmake/rosidl_cmake-extras.cmake
[2.370s] -- Installing: /home/weng/work/Foreview_ws/install/dynamixel_controller_pkg/share/dynamixel_controller_pkg/cmake/ament_cmake_export_dependencies-extras.cmake
[2.370s] -- Installing: /home/weng/work/Foreview_ws/install/dynamixel_controller_pkg/share/dynamixel_controller_pkg/cmake/ament_cmake_export_include_directories-extras.cmake
[2.370s] -- Installing: /home/weng/work/Foreview_ws/install/dynamixel_controller_pkg/share/dynamixel_controller_pkg/cmake/ament_cmake_export_libraries-extras.cmake
[2.370s] -- Installing: /home/weng/work/Foreview_ws/install/dynamixel_controller_pkg/share/dynamixel_controller_pkg/cmake/ament_cmake_export_targets-extras.cmake
[2.370s] -- Installing: /home/weng/work/Foreview_ws/install/dynamixel_controller_pkg/share/dynamixel_controller_pkg/cmake/rosidl_cmake_export_typesupport_targets-extras.cmake
[2.370s] -- Installing: /home/weng/work/Foreview_ws/install/dynamixel_controller_pkg/share/dynamixel_controller_pkg/cmake/rosidl_cmake_export_typesupport_libraries-extras.cmake
[2.371s] -- Installing: /home/weng/work/Foreview_ws/install/dynamixel_controller_pkg/share/dynamixel_controller_pkg/cmake/dynamixel_controller_pkgConfig.cmake
[2.371s] -- Installing: /home/weng/work/Foreview_ws/install/dynamixel_controller_pkg/share/dynamixel_controller_pkg/cmake/dynamixel_controller_pkgConfig-version.cmake
[2.371s] -- Installing: /home/weng/work/Foreview_ws/install/dynamixel_controller_pkg/share/dynamixel_controller_pkg/package.xml
[2.373s] Invoked command in '/home/weng/work/Foreview_ws/build/dynamixel_controller_pkg' returned '0': CMAKE_PREFIX_PATH=/opt/ros/humble /usr/bin/cmake --install /home/weng/work/Foreview_ws/build/dynamixel_controller_pkg
