-- The C compiler identification is GNU 9.4.0
-- The CXX compiler identification is GNU 9.4.0
-- Detecting C compiler ABI info
-- Detecting C compiler ABI info - done
-- Check for working C compiler: /usr/bin/cc - skipped
-- Detecting C compile features
-- Detecting C compile features - done
-- Detecting CXX compiler ABI info
-- Detecting CXX compiler ABI info - done
-- Check for working CXX compiler: /usr/bin/c++ - skipped
-- Detecting CXX compile features
-- Detecting CXX compile features - done
-- Found ament_cmake: 1.3.5 (/opt/ros/humble/install/share/ament_cmake/cmake)
-- Found Python3: /usr/bin/python3.8 (found version "3.8.10") found components: Interpreter 
-- Found ament_lint_auto: 0.12.7 (/opt/ros/humble/install/share/ament_lint_auto/cmake)
-- Added test 'flake8' to check Python code syntax and style conventions
-- Added test 'lint_cmake' to check CMake code style
-- Added test 'pep257' to check Python code against some of the docstring style conventions in PEP 257
-- Added test 'xmllint' to check XML markup files
-- Configuring done (2.6s)
-- Generating done (0.0s)
-- Build files have been written to: /home/orin/work/Foreview_ws/build/data_collection_pkg
-- Install configuration: ""
-- Installing: /home/orin/work/Foreview_ws/install/data_collection_pkg/share/ament_index/resource_index/package_run_dependencies/data_collection_pkg
-- Installing: /home/orin/work/Foreview_ws/install/data_collection_pkg/share/ament_index/resource_index/parent_prefix_path/data_collection_pkg
-- Installing: /home/orin/work/Foreview_ws/install/data_collection_pkg/share/data_collection_pkg/environment/ament_prefix_path.sh
-- Installing: /home/orin/work/Foreview_ws/install/data_collection_pkg/share/data_collection_pkg/environment/ament_prefix_path.dsv
-- Installing: /home/orin/work/Foreview_ws/install/data_collection_pkg/share/data_collection_pkg/environment/path.sh
-- Installing: /home/orin/work/Foreview_ws/install/data_collection_pkg/share/data_collection_pkg/environment/path.dsv
-- Installing: /home/orin/work/Foreview_ws/install/data_collection_pkg/share/data_collection_pkg/local_setup.bash
-- Installing: /home/orin/work/Foreview_ws/install/data_collection_pkg/share/data_collection_pkg/local_setup.sh
-- Installing: /home/orin/work/Foreview_ws/install/data_collection_pkg/share/data_collection_pkg/local_setup.zsh
-- Installing: /home/orin/work/Foreview_ws/install/data_collection_pkg/share/data_collection_pkg/local_setup.dsv
-- Installing: /home/orin/work/Foreview_ws/install/data_collection_pkg/share/data_collection_pkg/package.dsv
-- Installing: /home/orin/work/Foreview_ws/install/data_collection_pkg/share/ament_index/resource_index/packages/data_collection_pkg
-- Installing: /home/orin/work/Foreview_ws/install/data_collection_pkg/share/data_collection_pkg/cmake/data_collection_pkgConfig.cmake
-- Installing: /home/orin/work/Foreview_ws/install/data_collection_pkg/share/data_collection_pkg/cmake/data_collection_pkgConfig-version.cmake
-- Installing: /home/orin/work/Foreview_ws/install/data_collection_pkg/share/data_collection_pkg/package.xml
