[0.107s] Invoking command in '/home/orin/work/Foreview_ws/build/data_collection_pkg': /usr/local/bin/cmake /home/orin/work/Foreview_ws/src/data_collection_pkg -DCMAKE_INSTALL_PREFIX=/home/orin/work/Foreview_ws/install/data_collection_pkg
[0.235s] -- The C compiler identification is GNU 9.4.0
[0.329s] -- The CXX compiler identification is GNU 9.4.0
[0.367s] -- Detecting C compiler ABI info
[0.487s] -- Detecting C compiler ABI info - done
[0.503s] -- Check for working C compiler: /usr/bin/cc - skipped
[0.503s] -- Detecting C compile features
[0.504s] -- Detecting C compile features - done
[0.528s] -- Detecting CXX compiler ABI info
[0.665s] -- Detecting CXX compiler ABI info - done
[0.682s] -- Check for working CXX compiler: /usr/bin/c++ - skipped
[0.683s] -- Detecting CXX compile features
[0.683s] -- Detecting CXX compile features - done
[0.690s] -- Found ament_cmake: 1.3.5 (/opt/ros/humble/install/share/ament_cmake/cmake)
[2.501s] -- Found Python3: /usr/bin/python3.8 (found version "3.8.10") found components: Interpreter 
[2.671s] -- Found ament_lint_auto: 0.12.7 (/opt/ros/humble/install/share/ament_lint_auto/cmake)
[2.792s] -- Added test 'flake8' to check Python code syntax and style conventions
[2.793s] -- Added test 'lint_cmake' to check CMake code style
[2.794s] -- Added test 'pep257' to check Python code against some of the docstring style conventions in PEP 257
[2.795s] -- Added test 'xmllint' to check XML markup files
[2.798s] -- Configuring done (2.6s)
[2.808s] -- Generating done (0.0s)
[2.810s] -- Build files have been written to: /home/orin/work/Foreview_ws/build/data_collection_pkg
[2.838s] Invoked command in '/home/orin/work/Foreview_ws/build/data_collection_pkg' returned '0': /usr/local/bin/cmake /home/orin/work/Foreview_ws/src/data_collection_pkg -DCMAKE_INSTALL_PREFIX=/home/orin/work/Foreview_ws/install/data_collection_pkg
[2.841s] Invoking command in '/home/orin/work/Foreview_ws/build/data_collection_pkg': /usr/local/bin/cmake --build /home/orin/work/Foreview_ws/build/data_collection_pkg -- -j12 -l12
[2.915s] Invoked command in '/home/orin/work/Foreview_ws/build/data_collection_pkg' returned '0': /usr/local/bin/cmake --build /home/orin/work/Foreview_ws/build/data_collection_pkg -- -j12 -l12
[3.041s] Invoking command in '/home/orin/work/Foreview_ws/build/data_collection_pkg': /usr/local/bin/cmake --install /home/orin/work/Foreview_ws/build/data_collection_pkg
[3.086s] -- Install configuration: ""
[3.086s] -- Installing: /home/orin/work/Foreview_ws/install/data_collection_pkg/share/ament_index/resource_index/package_run_dependencies/data_collection_pkg
[3.087s] -- Installing: /home/orin/work/Foreview_ws/install/data_collection_pkg/share/ament_index/resource_index/parent_prefix_path/data_collection_pkg
[3.087s] -- Installing: /home/orin/work/Foreview_ws/install/data_collection_pkg/share/data_collection_pkg/environment/ament_prefix_path.sh
[3.088s] -- Installing: /home/orin/work/Foreview_ws/install/data_collection_pkg/share/data_collection_pkg/environment/ament_prefix_path.dsv
[3.088s] -- Installing: /home/orin/work/Foreview_ws/install/data_collection_pkg/share/data_collection_pkg/environment/path.sh
[3.088s] -- Installing: /home/orin/work/Foreview_ws/install/data_collection_pkg/share/data_collection_pkg/environment/path.dsv
[3.089s] -- Installing: /home/orin/work/Foreview_ws/install/data_collection_pkg/share/data_collection_pkg/local_setup.bash
[3.089s] -- Installing: /home/orin/work/Foreview_ws/install/data_collection_pkg/share/data_collection_pkg/local_setup.sh
[3.089s] -- Installing: /home/orin/work/Foreview_ws/install/data_collection_pkg/share/data_collection_pkg/local_setup.zsh
[3.089s] -- Installing: /home/orin/work/Foreview_ws/install/data_collection_pkg/share/data_collection_pkg/local_setup.dsv
[3.090s] -- Installing: /home/orin/work/Foreview_ws/install/data_collection_pkg/share/data_collection_pkg/package.dsv
[3.090s] -- Installing: /home/orin/work/Foreview_ws/install/data_collection_pkg/share/ament_index/resource_index/packages/data_collection_pkg
[3.091s] -- Installing: /home/orin/work/Foreview_ws/install/data_collection_pkg/share/data_collection_pkg/cmake/data_collection_pkgConfig.cmake
[3.091s] -- Installing: /home/orin/work/Foreview_ws/install/data_collection_pkg/share/data_collection_pkg/cmake/data_collection_pkgConfig-version.cmake
[3.094s] -- Installing: /home/orin/work/Foreview_ws/install/data_collection_pkg/share/data_collection_pkg/package.xml
[3.151s] Invoked command in '/home/orin/work/Foreview_ws/build/data_collection_pkg' returned '0': /usr/local/bin/cmake --install /home/orin/work/Foreview_ws/build/data_collection_pkg
