[0.716s] DEBUG:colcon:Command line arguments: ['/usr/bin/colcon', 'build']
[0.717s] DEBUG:colcon:Parsed command line arguments: Namespace(ament_cmake_args=None, base_paths=['.'], build_base='build', catkin_cmake_args=None, catkin_skip_building_tests=False, cmake_args=None, cmake_clean_cache=False, cmake_clean_first=False, cmake_force_configure=False, cmake_target=None, cmake_target_skip_unavailable=False, continue_on_error=False, event_handlers=None, executor='parallel', ignore_user_meta=False, install_base='install', log_base=None, log_level=None, main=<bound method BuildVerb.main of <colcon_core.verb.build.BuildVerb object at 0xffff93f41b20>>, merge_install=False, metas=['./colcon.meta'], packages_above=None, packages_above_and_dependencies=None, packages_above_depth=None, packages_end=None, packages_ignore=None, packages_ignore_regex=None, packages_select=None, packages_select_build_failed=False, packages_select_by_dep=None, packages_select_regex=None, packages_select_test_failures=False, packages_skip=None, packages_skip_build_finished=False, packages_skip_by_dep=None, packages_skip_regex=None, packages_skip_test_passed=False, packages_skip_up_to=None, packages_start=None, packages_up_to=None, packages_up_to_regex=None, parallel_workers=12, paths=None, symlink_install=False, test_result_base=None, verb_extension=<colcon_core.verb.build.BuildVerb object at 0xffff93f41b20>, verb_name='build', verb_parser=<colcon_defaults.argument_parser.defaults.DefaultArgumentsDecorator object at 0xffff93ec5a60>)
[0.821s] Level 1:colcon.colcon_core.package_discovery:discover_packages(colcon_meta) check parameters
[0.822s] Level 1:colcon.colcon_core.package_discovery:discover_packages(recursive) check parameters
[0.822s] Level 1:colcon.colcon_core.package_discovery:discover_packages(ignore) check parameters
[0.822s] Level 1:colcon.colcon_core.package_discovery:discover_packages(path) check parameters
[0.822s] Level 1:colcon.colcon_core.package_discovery:discover_packages(colcon_meta) discover
[0.822s] Level 1:colcon.colcon_core.package_discovery:discover_packages(recursive) discover
[0.822s] INFO:colcon.colcon_core.package_discovery:Crawling recursively for packages in '/home/orin/work/Foreview_ws'
[0.822s] Level 1:colcon.colcon_core.package_identification:_identify(.) by extensions ['ignore', 'ignore_ament_install']
[0.823s] Level 1:colcon.colcon_core.package_identification:_identify(.) by extension 'ignore'
[0.823s] Level 1:colcon.colcon_core.package_identification:_identify(.) by extension 'ignore_ament_install'
[0.823s] Level 1:colcon.colcon_core.package_identification:_identify(.) by extensions ['colcon_pkg']
[0.823s] Level 1:colcon.colcon_core.package_identification:_identify(.) by extension 'colcon_pkg'
[0.823s] Level 1:colcon.colcon_core.package_identification:_identify(.) by extensions ['colcon_meta']
[0.823s] Level 1:colcon.colcon_core.package_identification:_identify(.) by extension 'colcon_meta'
[0.823s] Level 1:colcon.colcon_core.package_identification:_identify(.) by extensions ['ros']
[0.823s] Level 1:colcon.colcon_core.package_identification:_identify(.) by extension 'ros'
[0.849s] Level 1:colcon.colcon_core.package_identification:_identify(.) by extensions ['cmake', 'python']
[0.849s] Level 1:colcon.colcon_core.package_identification:_identify(.) by extension 'cmake'
[0.849s] Level 1:colcon.colcon_core.package_identification:_identify(.) by extension 'python'
[0.849s] Level 1:colcon.colcon_core.package_identification:_identify(.) by extensions ['python_setup_py']
[0.849s] Level 1:colcon.colcon_core.package_identification:_identify(.) by extension 'python_setup_py'
[0.850s] Level 1:colcon.colcon_core.package_identification:_identify(20231211_1354) by extensions ['ignore', 'ignore_ament_install']
[0.850s] Level 1:colcon.colcon_core.package_identification:_identify(20231211_1354) by extension 'ignore'
[0.850s] Level 1:colcon.colcon_core.package_identification:_identify(20231211_1354) by extension 'ignore_ament_install'
[0.850s] Level 1:colcon.colcon_core.package_identification:_identify(20231211_1354) by extensions ['colcon_pkg']
[0.850s] Level 1:colcon.colcon_core.package_identification:_identify(20231211_1354) by extension 'colcon_pkg'
[0.850s] Level 1:colcon.colcon_core.package_identification:_identify(20231211_1354) by extensions ['colcon_meta']
[0.850s] Level 1:colcon.colcon_core.package_identification:_identify(20231211_1354) by extension 'colcon_meta'
[0.850s] Level 1:colcon.colcon_core.package_identification:_identify(20231211_1354) by extensions ['ros']
[0.850s] Level 1:colcon.colcon_core.package_identification:_identify(20231211_1354) by extension 'ros'
[0.850s] Level 1:colcon.colcon_core.package_identification:_identify(20231211_1354) by extensions ['cmake', 'python']
[0.851s] Level 1:colcon.colcon_core.package_identification:_identify(20231211_1354) by extension 'cmake'
[0.851s] Level 1:colcon.colcon_core.package_identification:_identify(20231211_1354) by extension 'python'
[0.851s] Level 1:colcon.colcon_core.package_identification:_identify(20231211_1354) by extensions ['python_setup_py']
[0.851s] Level 1:colcon.colcon_core.package_identification:_identify(20231211_1354) by extension 'python_setup_py'
[0.851s] Level 1:colcon.colcon_core.package_identification:_identify(build) by extensions ['ignore', 'ignore_ament_install']
[0.851s] Level 1:colcon.colcon_core.package_identification:_identify(build) by extension 'ignore'
[0.851s] Level 1:colcon.colcon_core.package_identification:_identify(build) ignored
[0.851s] Level 1:colcon.colcon_core.package_identification:_identify(install) by extensions ['ignore', 'ignore_ament_install']
[0.851s] Level 1:colcon.colcon_core.package_identification:_identify(install) by extension 'ignore'
[0.852s] Level 1:colcon.colcon_core.package_identification:_identify(install) ignored
[0.852s] Level 1:colcon.colcon_core.package_identification:_identify(log) by extensions ['ignore', 'ignore_ament_install']
[0.852s] Level 1:colcon.colcon_core.package_identification:_identify(log) by extension 'ignore'
[0.852s] Level 1:colcon.colcon_core.package_identification:_identify(log) ignored
[0.852s] Level 1:colcon.colcon_core.package_identification:_identify(src) by extensions ['ignore', 'ignore_ament_install']
[0.852s] Level 1:colcon.colcon_core.package_identification:_identify(src) by extension 'ignore'
[0.852s] Level 1:colcon.colcon_core.package_identification:_identify(src) by extension 'ignore_ament_install'
[0.852s] Level 1:colcon.colcon_core.package_identification:_identify(src) by extensions ['colcon_pkg']
[0.852s] Level 1:colcon.colcon_core.package_identification:_identify(src) by extension 'colcon_pkg'
[0.852s] Level 1:colcon.colcon_core.package_identification:_identify(src) by extensions ['colcon_meta']
[0.853s] Level 1:colcon.colcon_core.package_identification:_identify(src) by extension 'colcon_meta'
[0.853s] Level 1:colcon.colcon_core.package_identification:_identify(src) by extensions ['ros']
[0.853s] Level 1:colcon.colcon_core.package_identification:_identify(src) by extension 'ros'
[0.853s] Level 1:colcon.colcon_core.package_identification:_identify(src) by extensions ['cmake', 'python']
[0.853s] Level 1:colcon.colcon_core.package_identification:_identify(src) by extension 'cmake'
[0.853s] Level 1:colcon.colcon_core.package_identification:_identify(src) by extension 'python'
[0.853s] Level 1:colcon.colcon_core.package_identification:_identify(src) by extensions ['python_setup_py']
[0.853s] Level 1:colcon.colcon_core.package_identification:_identify(src) by extension 'python_setup_py'
[0.853s] Level 1:colcon.colcon_core.package_identification:_identify(src/data_collection_pkg) by extensions ['ignore', 'ignore_ament_install']
[0.853s] Level 1:colcon.colcon_core.package_identification:_identify(src/data_collection_pkg) by extension 'ignore'
[0.853s] Level 1:colcon.colcon_core.package_identification:_identify(src/data_collection_pkg) by extension 'ignore_ament_install'
[0.853s] Level 1:colcon.colcon_core.package_identification:_identify(src/data_collection_pkg) by extensions ['colcon_pkg']
[0.854s] Level 1:colcon.colcon_core.package_identification:_identify(src/data_collection_pkg) by extension 'colcon_pkg'
[0.854s] Level 1:colcon.colcon_core.package_identification:_identify(src/data_collection_pkg) by extensions ['colcon_meta']
[0.854s] Level 1:colcon.colcon_core.package_identification:_identify(src/data_collection_pkg) by extension 'colcon_meta'
[0.854s] Level 1:colcon.colcon_core.package_identification:_identify(src/data_collection_pkg) by extensions ['ros']
[0.854s] Level 1:colcon.colcon_core.package_identification:_identify(src/data_collection_pkg) by extension 'ros'
[0.858s] DEBUG:colcon.colcon_core.package_identification:Package 'src/data_collection_pkg' with type 'ros.ament_cmake' and name 'data_collection_pkg'
[0.859s] Level 1:colcon.colcon_core.package_identification:_identify(src/dynamixel_controller_pkg) by extensions ['ignore', 'ignore_ament_install']
[0.859s] Level 1:colcon.colcon_core.package_identification:_identify(src/dynamixel_controller_pkg) by extension 'ignore'
[0.859s] Level 1:colcon.colcon_core.package_identification:_identify(src/dynamixel_controller_pkg) by extension 'ignore_ament_install'
[0.859s] Level 1:colcon.colcon_core.package_identification:_identify(src/dynamixel_controller_pkg) by extensions ['colcon_pkg']
[0.859s] Level 1:colcon.colcon_core.package_identification:_identify(src/dynamixel_controller_pkg) by extension 'colcon_pkg'
[0.859s] Level 1:colcon.colcon_core.package_identification:_identify(src/dynamixel_controller_pkg) by extensions ['colcon_meta']
[0.859s] Level 1:colcon.colcon_core.package_identification:_identify(src/dynamixel_controller_pkg) by extension 'colcon_meta'
[0.859s] Level 1:colcon.colcon_core.package_identification:_identify(src/dynamixel_controller_pkg) by extensions ['ros']
[0.860s] Level 1:colcon.colcon_core.package_identification:_identify(src/dynamixel_controller_pkg) by extension 'ros'
[0.860s] DEBUG:colcon.colcon_core.package_identification:Package 'src/dynamixel_controller_pkg' with type 'ros.ament_cmake' and name 'dynamixel_controller_pkg'
[0.861s] Level 1:colcon.colcon_core.package_identification:_identify(src/map_display_pkg) by extensions ['ignore', 'ignore_ament_install']
[0.861s] Level 1:colcon.colcon_core.package_identification:_identify(src/map_display_pkg) by extension 'ignore'
[0.861s] Level 1:colcon.colcon_core.package_identification:_identify(src/map_display_pkg) by extension 'ignore_ament_install'
[0.861s] Level 1:colcon.colcon_core.package_identification:_identify(src/map_display_pkg) by extensions ['colcon_pkg']
[0.861s] Level 1:colcon.colcon_core.package_identification:_identify(src/map_display_pkg) by extension 'colcon_pkg'
[0.861s] Level 1:colcon.colcon_core.package_identification:_identify(src/map_display_pkg) by extensions ['colcon_meta']
[0.861s] Level 1:colcon.colcon_core.package_identification:_identify(src/map_display_pkg) by extension 'colcon_meta'
[0.861s] Level 1:colcon.colcon_core.package_identification:_identify(src/map_display_pkg) by extensions ['ros']
[0.861s] Level 1:colcon.colcon_core.package_identification:_identify(src/map_display_pkg) by extension 'ros'
[0.862s] DEBUG:colcon.colcon_core.package_identification:Package 'src/map_display_pkg' with type 'ros.ament_cmake' and name 'map_display_pkg'
[0.862s] Level 1:colcon.colcon_core.package_identification:_identify(src/remote_controller_pkg) by extensions ['ignore', 'ignore_ament_install']
[0.862s] Level 1:colcon.colcon_core.package_identification:_identify(src/remote_controller_pkg) by extension 'ignore'
[0.862s] Level 1:colcon.colcon_core.package_identification:_identify(src/remote_controller_pkg) by extension 'ignore_ament_install'
[0.862s] Level 1:colcon.colcon_core.package_identification:_identify(src/remote_controller_pkg) by extensions ['colcon_pkg']
[0.862s] Level 1:colcon.colcon_core.package_identification:_identify(src/remote_controller_pkg) by extension 'colcon_pkg'
[0.862s] Level 1:colcon.colcon_core.package_identification:_identify(src/remote_controller_pkg) by extensions ['colcon_meta']
[0.862s] Level 1:colcon.colcon_core.package_identification:_identify(src/remote_controller_pkg) by extension 'colcon_meta'
[0.863s] Level 1:colcon.colcon_core.package_identification:_identify(src/remote_controller_pkg) by extensions ['ros']
[0.863s] Level 1:colcon.colcon_core.package_identification:_identify(src/remote_controller_pkg) by extension 'ros'
[0.863s] DEBUG:colcon.colcon_core.package_identification:Package 'src/remote_controller_pkg' with type 'ros.ament_cmake' and name 'remote_controller_pkg'
[0.864s] Level 1:colcon.colcon_core.package_identification:_identify(src/simulate_remote_communication_pkg) by extensions ['ignore', 'ignore_ament_install']
[0.864s] Level 1:colcon.colcon_core.package_identification:_identify(src/simulate_remote_communication_pkg) by extension 'ignore'
[0.864s] Level 1:colcon.colcon_core.package_identification:_identify(src/simulate_remote_communication_pkg) by extension 'ignore_ament_install'
[0.864s] Level 1:colcon.colcon_core.package_identification:_identify(src/simulate_remote_communication_pkg) by extensions ['colcon_pkg']
[0.864s] Level 1:colcon.colcon_core.package_identification:_identify(src/simulate_remote_communication_pkg) by extension 'colcon_pkg'
[0.864s] Level 1:colcon.colcon_core.package_identification:_identify(src/simulate_remote_communication_pkg) by extensions ['colcon_meta']
[0.864s] Level 1:colcon.colcon_core.package_identification:_identify(src/simulate_remote_communication_pkg) by extension 'colcon_meta'
[0.864s] Level 1:colcon.colcon_core.package_identification:_identify(src/simulate_remote_communication_pkg) by extensions ['ros']
[0.864s] Level 1:colcon.colcon_core.package_identification:_identify(src/simulate_remote_communication_pkg) by extension 'ros'
[0.865s] DEBUG:colcon.colcon_core.package_identification:Package 'src/simulate_remote_communication_pkg' with type 'ros.ament_cmake' and name 'simulate_remote_communication_pkg'
[0.865s] Level 1:colcon.colcon_core.package_discovery:discover_packages(recursive) using defaults
[0.865s] Level 1:colcon.colcon_core.package_discovery:discover_packages(ignore) discover
[0.865s] Level 1:colcon.colcon_core.package_discovery:discover_packages(ignore) using defaults
[0.865s] Level 1:colcon.colcon_core.package_discovery:discover_packages(path) discover
[0.865s] Level 1:colcon.colcon_core.package_discovery:discover_packages(path) using defaults
[0.920s] Level 5:colcon.colcon_core.verb:set package 'data_collection_pkg' build argument 'cmake_args' from command line to 'None'
[0.920s] Level 5:colcon.colcon_core.verb:set package 'data_collection_pkg' build argument 'cmake_target' from command line to 'None'
[0.920s] Level 5:colcon.colcon_core.verb:set package 'data_collection_pkg' build argument 'cmake_target_skip_unavailable' from command line to 'False'
[0.920s] Level 5:colcon.colcon_core.verb:set package 'data_collection_pkg' build argument 'cmake_clean_cache' from command line to 'False'
[0.920s] Level 5:colcon.colcon_core.verb:set package 'data_collection_pkg' build argument 'cmake_clean_first' from command line to 'False'
[0.920s] Level 5:colcon.colcon_core.verb:set package 'data_collection_pkg' build argument 'cmake_force_configure' from command line to 'False'
[0.920s] Level 5:colcon.colcon_core.verb:set package 'data_collection_pkg' build argument 'ament_cmake_args' from command line to 'None'
[0.920s] Level 5:colcon.colcon_core.verb:set package 'data_collection_pkg' build argument 'catkin_cmake_args' from command line to 'None'
[0.920s] Level 5:colcon.colcon_core.verb:set package 'data_collection_pkg' build argument 'catkin_skip_building_tests' from command line to 'False'
[0.920s] DEBUG:colcon.colcon_core.verb:Building package 'data_collection_pkg' with the following arguments: {'ament_cmake_args': None, 'build_base': '/home/orin/work/Foreview_ws/build/data_collection_pkg', 'catkin_cmake_args': None, 'catkin_skip_building_tests': False, 'cmake_args': None, 'cmake_clean_cache': False, 'cmake_clean_first': False, 'cmake_force_configure': False, 'cmake_target': None, 'cmake_target_skip_unavailable': False, 'install_base': '/home/orin/work/Foreview_ws/install/data_collection_pkg', 'merge_install': False, 'path': '/home/orin/work/Foreview_ws/src/data_collection_pkg', 'symlink_install': False, 'test_result_base': None}
[0.923s] Level 5:colcon.colcon_core.verb:set package 'dynamixel_controller_pkg' build argument 'cmake_args' from command line to 'None'
[0.923s] Level 5:colcon.colcon_core.verb:set package 'dynamixel_controller_pkg' build argument 'cmake_target' from command line to 'None'
[0.923s] Level 5:colcon.colcon_core.verb:set package 'dynamixel_controller_pkg' build argument 'cmake_target_skip_unavailable' from command line to 'False'
[0.923s] Level 5:colcon.colcon_core.verb:set package 'dynamixel_controller_pkg' build argument 'cmake_clean_cache' from command line to 'False'
[0.923s] Level 5:colcon.colcon_core.verb:set package 'dynamixel_controller_pkg' build argument 'cmake_clean_first' from command line to 'False'
[0.923s] Level 5:colcon.colcon_core.verb:set package 'dynamixel_controller_pkg' build argument 'cmake_force_configure' from command line to 'False'
[0.923s] Level 5:colcon.colcon_core.verb:set package 'dynamixel_controller_pkg' build argument 'ament_cmake_args' from command line to 'None'
[0.923s] Level 5:colcon.colcon_core.verb:set package 'dynamixel_controller_pkg' build argument 'catkin_cmake_args' from command line to 'None'
[0.923s] Level 5:colcon.colcon_core.verb:set package 'dynamixel_controller_pkg' build argument 'catkin_skip_building_tests' from command line to 'False'
[0.923s] DEBUG:colcon.colcon_core.verb:Building package 'dynamixel_controller_pkg' with the following arguments: {'ament_cmake_args': None, 'build_base': '/home/orin/work/Foreview_ws/build/dynamixel_controller_pkg', 'catkin_cmake_args': None, 'catkin_skip_building_tests': False, 'cmake_args': None, 'cmake_clean_cache': False, 'cmake_clean_first': False, 'cmake_force_configure': False, 'cmake_target': None, 'cmake_target_skip_unavailable': False, 'install_base': '/home/orin/work/Foreview_ws/install/dynamixel_controller_pkg', 'merge_install': False, 'path': '/home/orin/work/Foreview_ws/src/dynamixel_controller_pkg', 'symlink_install': False, 'test_result_base': None}
[0.925s] Level 5:colcon.colcon_core.verb:set package 'map_display_pkg' build argument 'cmake_args' from command line to 'None'
[0.925s] Level 5:colcon.colcon_core.verb:set package 'map_display_pkg' build argument 'cmake_target' from command line to 'None'
[0.925s] Level 5:colcon.colcon_core.verb:set package 'map_display_pkg' build argument 'cmake_target_skip_unavailable' from command line to 'False'
[0.925s] Level 5:colcon.colcon_core.verb:set package 'map_display_pkg' build argument 'cmake_clean_cache' from command line to 'False'
[0.925s] Level 5:colcon.colcon_core.verb:set package 'map_display_pkg' build argument 'cmake_clean_first' from command line to 'False'
[0.925s] Level 5:colcon.colcon_core.verb:set package 'map_display_pkg' build argument 'cmake_force_configure' from command line to 'False'
[0.925s] Level 5:colcon.colcon_core.verb:set package 'map_display_pkg' build argument 'ament_cmake_args' from command line to 'None'
[0.925s] Level 5:colcon.colcon_core.verb:set package 'map_display_pkg' build argument 'catkin_cmake_args' from command line to 'None'
[0.926s] Level 5:colcon.colcon_core.verb:set package 'map_display_pkg' build argument 'catkin_skip_building_tests' from command line to 'False'
[0.926s] DEBUG:colcon.colcon_core.verb:Building package 'map_display_pkg' with the following arguments: {'ament_cmake_args': None, 'build_base': '/home/orin/work/Foreview_ws/build/map_display_pkg', 'catkin_cmake_args': None, 'catkin_skip_building_tests': False, 'cmake_args': None, 'cmake_clean_cache': False, 'cmake_clean_first': False, 'cmake_force_configure': False, 'cmake_target': None, 'cmake_target_skip_unavailable': False, 'install_base': '/home/orin/work/Foreview_ws/install/map_display_pkg', 'merge_install': False, 'path': '/home/orin/work/Foreview_ws/src/map_display_pkg', 'symlink_install': False, 'test_result_base': None}
[0.928s] Level 5:colcon.colcon_core.verb:set package 'remote_controller_pkg' build argument 'cmake_args' from command line to 'None'
[0.928s] Level 5:colcon.colcon_core.verb:set package 'remote_controller_pkg' build argument 'cmake_target' from command line to 'None'
[0.928s] Level 5:colcon.colcon_core.verb:set package 'remote_controller_pkg' build argument 'cmake_target_skip_unavailable' from command line to 'False'
[0.928s] Level 5:colcon.colcon_core.verb:set package 'remote_controller_pkg' build argument 'cmake_clean_cache' from command line to 'False'
[0.928s] Level 5:colcon.colcon_core.verb:set package 'remote_controller_pkg' build argument 'cmake_clean_first' from command line to 'False'
[0.928s] Level 5:colcon.colcon_core.verb:set package 'remote_controller_pkg' build argument 'cmake_force_configure' from command line to 'False'
[0.928s] Level 5:colcon.colcon_core.verb:set package 'remote_controller_pkg' build argument 'ament_cmake_args' from command line to 'None'
[0.928s] Level 5:colcon.colcon_core.verb:set package 'remote_controller_pkg' build argument 'catkin_cmake_args' from command line to 'None'
[0.928s] Level 5:colcon.colcon_core.verb:set package 'remote_controller_pkg' build argument 'catkin_skip_building_tests' from command line to 'False'
[0.928s] DEBUG:colcon.colcon_core.verb:Building package 'remote_controller_pkg' with the following arguments: {'ament_cmake_args': None, 'build_base': '/home/orin/work/Foreview_ws/build/remote_controller_pkg', 'catkin_cmake_args': None, 'catkin_skip_building_tests': False, 'cmake_args': None, 'cmake_clean_cache': False, 'cmake_clean_first': False, 'cmake_force_configure': False, 'cmake_target': None, 'cmake_target_skip_unavailable': False, 'install_base': '/home/orin/work/Foreview_ws/install/remote_controller_pkg', 'merge_install': False, 'path': '/home/orin/work/Foreview_ws/src/remote_controller_pkg', 'symlink_install': False, 'test_result_base': None}
[0.930s] Level 5:colcon.colcon_core.verb:set package 'simulate_remote_communication_pkg' build argument 'cmake_args' from command line to 'None'
[0.930s] Level 5:colcon.colcon_core.verb:set package 'simulate_remote_communication_pkg' build argument 'cmake_target' from command line to 'None'
[0.930s] Level 5:colcon.colcon_core.verb:set package 'simulate_remote_communication_pkg' build argument 'cmake_target_skip_unavailable' from command line to 'False'
[0.930s] Level 5:colcon.colcon_core.verb:set package 'simulate_remote_communication_pkg' build argument 'cmake_clean_cache' from command line to 'False'
[0.930s] Level 5:colcon.colcon_core.verb:set package 'simulate_remote_communication_pkg' build argument 'cmake_clean_first' from command line to 'False'
[0.930s] Level 5:colcon.colcon_core.verb:set package 'simulate_remote_communication_pkg' build argument 'cmake_force_configure' from command line to 'False'
[0.930s] Level 5:colcon.colcon_core.verb:set package 'simulate_remote_communication_pkg' build argument 'ament_cmake_args' from command line to 'None'
[0.930s] Level 5:colcon.colcon_core.verb:set package 'simulate_remote_communication_pkg' build argument 'catkin_cmake_args' from command line to 'None'
[0.931s] Level 5:colcon.colcon_core.verb:set package 'simulate_remote_communication_pkg' build argument 'catkin_skip_building_tests' from command line to 'False'
[0.931s] DEBUG:colcon.colcon_core.verb:Building package 'simulate_remote_communication_pkg' with the following arguments: {'ament_cmake_args': None, 'build_base': '/home/orin/work/Foreview_ws/build/simulate_remote_communication_pkg', 'catkin_cmake_args': None, 'catkin_skip_building_tests': False, 'cmake_args': None, 'cmake_clean_cache': False, 'cmake_clean_first': False, 'cmake_force_configure': False, 'cmake_target': None, 'cmake_target_skip_unavailable': False, 'install_base': '/home/orin/work/Foreview_ws/install/simulate_remote_communication_pkg', 'merge_install': False, 'path': '/home/orin/work/Foreview_ws/src/simulate_remote_communication_pkg', 'symlink_install': False, 'test_result_base': None}
[0.932s] INFO:colcon.colcon_core.executor:Executing jobs using 'parallel' executor
[0.942s] DEBUG:colcon.colcon_parallel_executor.executor.parallel:run_until_complete
[0.942s] INFO:colcon.colcon_ros.task.ament_cmake.build:Building ROS package in '/home/orin/work/Foreview_ws/src/data_collection_pkg' with build type 'ament_cmake'
[0.943s] INFO:colcon.colcon_cmake.task.cmake.build:Building CMake package in '/home/orin/work/Foreview_ws/src/data_collection_pkg'
[0.955s] INFO:colcon.colcon_core.plugin_system:Skipping extension 'colcon_core.shell.bat': Not used on non-Windows systems
[0.955s] INFO:colcon.colcon_core.shell:Skip shell extension 'powershell' for command environment: Not usable outside of PowerShell
[0.955s] DEBUG:colcon.colcon_core.shell:Skip shell extension 'dsv' for command environment
[0.980s] INFO:colcon.colcon_ros.task.ament_cmake.build:Building ROS package in '/home/orin/work/Foreview_ws/src/dynamixel_controller_pkg' with build type 'ament_cmake'
[0.981s] INFO:colcon.colcon_cmake.task.cmake.build:Building CMake package in '/home/orin/work/Foreview_ws/src/dynamixel_controller_pkg'
[0.986s] INFO:colcon.colcon_core.shell:Skip shell extension 'powershell' for command environment: Not usable outside of PowerShell
[0.986s] DEBUG:colcon.colcon_core.shell:Skip shell extension 'dsv' for command environment
[1.004s] INFO:colcon.colcon_ros.task.ament_cmake.build:Building ROS package in '/home/orin/work/Foreview_ws/src/map_display_pkg' with build type 'ament_cmake'
[1.005s] INFO:colcon.colcon_cmake.task.cmake.build:Building CMake package in '/home/orin/work/Foreview_ws/src/map_display_pkg'
[1.009s] INFO:colcon.colcon_core.shell:Skip shell extension 'powershell' for command environment: Not usable outside of PowerShell
[1.010s] DEBUG:colcon.colcon_core.shell:Skip shell extension 'dsv' for command environment
[1.029s] INFO:colcon.colcon_ros.task.ament_cmake.build:Building ROS package in '/home/orin/work/Foreview_ws/src/remote_controller_pkg' with build type 'ament_cmake'
[1.029s] INFO:colcon.colcon_cmake.task.cmake.build:Building CMake package in '/home/orin/work/Foreview_ws/src/remote_controller_pkg'
[1.034s] INFO:colcon.colcon_core.shell:Skip shell extension 'powershell' for command environment: Not usable outside of PowerShell
[1.034s] DEBUG:colcon.colcon_core.shell:Skip shell extension 'dsv' for command environment
[1.054s] INFO:colcon.colcon_ros.task.ament_cmake.build:Building ROS package in '/home/orin/work/Foreview_ws/src/simulate_remote_communication_pkg' with build type 'ament_cmake'
[1.054s] INFO:colcon.colcon_cmake.task.cmake.build:Building CMake package in '/home/orin/work/Foreview_ws/src/simulate_remote_communication_pkg'
[1.059s] INFO:colcon.colcon_core.shell:Skip shell extension 'powershell' for command environment: Not usable outside of PowerShell
[1.059s] DEBUG:colcon.colcon_core.shell:Skip shell extension 'dsv' for command environment
[1.085s] DEBUG:colcon.colcon_core.event_handler.log_command:Invoking command in '/home/orin/work/Foreview_ws/build/data_collection_pkg': /usr/local/bin/cmake --build /home/orin/work/Foreview_ws/build/data_collection_pkg -- -j12 -l12
[1.097s] DEBUG:colcon.colcon_core.event_handler.log_command:Invoking command in '/home/orin/work/Foreview_ws/build/dynamixel_controller_pkg': /usr/local/bin/cmake --build /home/orin/work/Foreview_ws/build/dynamixel_controller_pkg -- -j12 -l12
[1.105s] DEBUG:colcon.colcon_core.event_handler.log_command:Invoking command in '/home/orin/work/Foreview_ws/build/map_display_pkg': /usr/local/bin/cmake --build /home/orin/work/Foreview_ws/build/map_display_pkg -- -j12 -l12
[1.110s] DEBUG:colcon.colcon_core.event_handler.log_command:Invoking command in '/home/orin/work/Foreview_ws/build/remote_controller_pkg': /usr/local/bin/cmake --build /home/orin/work/Foreview_ws/build/remote_controller_pkg -- -j12 -l12
[1.123s] DEBUG:colcon.colcon_core.event_handler.log_command:Invoking command in '/home/orin/work/Foreview_ws/build/simulate_remote_communication_pkg': /usr/local/bin/cmake --build /home/orin/work/Foreview_ws/build/simulate_remote_communication_pkg -- -j12 -l12
[1.218s] DEBUG:colcon.colcon_core.event_handler.log_command:Invoked command in '/home/orin/work/Foreview_ws/build/map_display_pkg' returned '0': /usr/local/bin/cmake --build /home/orin/work/Foreview_ws/build/map_display_pkg -- -j12 -l12
[1.225s] DEBUG:colcon.colcon_core.event_handler.log_command:Invoked command in '/home/orin/work/Foreview_ws/build/data_collection_pkg' returned '0': /usr/local/bin/cmake --build /home/orin/work/Foreview_ws/build/data_collection_pkg -- -j12 -l12
[1.237s] DEBUG:colcon.colcon_core.event_handler.log_command:Invoked command in '/home/orin/work/Foreview_ws/build/simulate_remote_communication_pkg' returned '0': /usr/local/bin/cmake --build /home/orin/work/Foreview_ws/build/simulate_remote_communication_pkg -- -j12 -l12
[1.379s] DEBUG:colcon.colcon_core.event_handler.log_command:Invoking command in '/home/orin/work/Foreview_ws/build/map_display_pkg': /usr/local/bin/cmake --install /home/orin/work/Foreview_ws/build/map_display_pkg
[1.389s] DEBUG:colcon.colcon_core.event_handler.log_command:Invoking command in '/home/orin/work/Foreview_ws/build/simulate_remote_communication_pkg': /usr/local/bin/cmake --install /home/orin/work/Foreview_ws/build/simulate_remote_communication_pkg
[1.398s] DEBUG:colcon.colcon_core.event_handler.log_command:Invoking command in '/home/orin/work/Foreview_ws/build/data_collection_pkg': /usr/local/bin/cmake --install /home/orin/work/Foreview_ws/build/data_collection_pkg
[1.440s] Level 1:colcon.colcon_core.environment:create_environment_scripts_only(map_display_pkg)
[1.442s] DEBUG:colcon.colcon_core.event_handler.log_command:Invoked command in '/home/orin/work/Foreview_ws/build/map_display_pkg' returned '0': /usr/local/bin/cmake --install /home/orin/work/Foreview_ws/build/map_display_pkg
[1.459s] Level 1:colcon.colcon_core.environment:checking '/home/orin/work/Foreview_ws/install/map_display_pkg' for CMake module files
[1.460s] Level 1:colcon.colcon_core.environment:checking '/home/orin/work/Foreview_ws/install/map_display_pkg' for CMake config files
[1.461s] Level 1:colcon.colcon_core.shell:create_environment_hook('map_display_pkg', 'cmake_prefix_path')
[1.465s] INFO:colcon.colcon_core.shell:Creating environment hook '/home/orin/work/Foreview_ws/install/map_display_pkg/share/map_display_pkg/hook/cmake_prefix_path.ps1'
[1.467s] INFO:colcon.colcon_core.shell:Creating environment descriptor '/home/orin/work/Foreview_ws/install/map_display_pkg/share/map_display_pkg/hook/cmake_prefix_path.dsv'
[1.467s] INFO:colcon.colcon_core.shell:Creating environment hook '/home/orin/work/Foreview_ws/install/map_display_pkg/share/map_display_pkg/hook/cmake_prefix_path.sh'
[1.469s] Level 1:colcon.colcon_core.environment:checking '/home/orin/work/Foreview_ws/install/map_display_pkg/bin'
[1.469s] Level 1:colcon.colcon_core.environment:checking '/home/orin/work/Foreview_ws/install/map_display_pkg/lib/pkgconfig/map_display_pkg.pc'
[1.472s] Level 1:colcon.colcon_core.environment:checking '/home/orin/work/Foreview_ws/install/map_display_pkg/lib/python3.8/site-packages'
[1.473s] Level 1:colcon.colcon_core.environment:checking '/home/orin/work/Foreview_ws/install/map_display_pkg/bin'
[1.477s] INFO:colcon.colcon_core.shell:Creating package script '/home/orin/work/Foreview_ws/install/map_display_pkg/share/map_display_pkg/package.ps1'
[1.479s] INFO:colcon.colcon_core.shell:Creating package descriptor '/home/orin/work/Foreview_ws/install/map_display_pkg/share/map_display_pkg/package.dsv'
[1.480s] INFO:colcon.colcon_core.shell:Creating package script '/home/orin/work/Foreview_ws/install/map_display_pkg/share/map_display_pkg/package.sh'
[1.481s] INFO:colcon.colcon_core.shell:Creating package script '/home/orin/work/Foreview_ws/install/map_display_pkg/share/map_display_pkg/package.bash'
[1.483s] INFO:colcon.colcon_core.shell:Creating package script '/home/orin/work/Foreview_ws/install/map_display_pkg/share/map_display_pkg/package.zsh'
[1.484s] Level 1:colcon.colcon_core.environment:create_file_with_runtime_dependencies(/home/orin/work/Foreview_ws/install/map_display_pkg/share/colcon-core/packages/map_display_pkg)
[1.492s] Level 1:colcon.colcon_core.environment:create_environment_scripts_only(simulate_remote_communication_pkg)
[1.499s] Level 1:colcon.colcon_core.environment:checking '/home/orin/work/Foreview_ws/install/simulate_remote_communication_pkg' for CMake module files
[1.500s] DEBUG:colcon.colcon_core.event_handler.log_command:Invoked command in '/home/orin/work/Foreview_ws/build/simulate_remote_communication_pkg' returned '0': /usr/local/bin/cmake --install /home/orin/work/Foreview_ws/build/simulate_remote_communication_pkg
[1.501s] Level 1:colcon.colcon_core.environment:checking '/home/orin/work/Foreview_ws/install/simulate_remote_communication_pkg' for CMake config files
[1.501s] Level 1:colcon.colcon_core.shell:create_environment_hook('simulate_remote_communication_pkg', 'cmake_prefix_path')
[1.506s] INFO:colcon.colcon_core.shell:Creating environment hook '/home/orin/work/Foreview_ws/install/simulate_remote_communication_pkg/share/simulate_remote_communication_pkg/hook/cmake_prefix_path.ps1'
[1.507s] INFO:colcon.colcon_core.shell:Creating environment descriptor '/home/orin/work/Foreview_ws/install/simulate_remote_communication_pkg/share/simulate_remote_communication_pkg/hook/cmake_prefix_path.dsv'
[1.507s] INFO:colcon.colcon_core.shell:Creating environment hook '/home/orin/work/Foreview_ws/install/simulate_remote_communication_pkg/share/simulate_remote_communication_pkg/hook/cmake_prefix_path.sh'
[1.508s] Level 1:colcon.colcon_core.environment:checking '/home/orin/work/Foreview_ws/install/simulate_remote_communication_pkg/bin'
[1.508s] Level 1:colcon.colcon_core.environment:checking '/home/orin/work/Foreview_ws/install/simulate_remote_communication_pkg/lib/pkgconfig/simulate_remote_communication_pkg.pc'
[1.509s] Level 1:colcon.colcon_core.environment:checking '/home/orin/work/Foreview_ws/install/simulate_remote_communication_pkg/lib/python3.8/site-packages'
[1.509s] Level 1:colcon.colcon_core.environment:checking '/home/orin/work/Foreview_ws/install/simulate_remote_communication_pkg/bin'
[1.513s] INFO:colcon.colcon_core.shell:Creating package script '/home/orin/work/Foreview_ws/install/simulate_remote_communication_pkg/share/simulate_remote_communication_pkg/package.ps1'
[1.514s] INFO:colcon.colcon_core.shell:Creating package descriptor '/home/orin/work/Foreview_ws/install/simulate_remote_communication_pkg/share/simulate_remote_communication_pkg/package.dsv'
[1.515s] INFO:colcon.colcon_core.shell:Creating package script '/home/orin/work/Foreview_ws/install/simulate_remote_communication_pkg/share/simulate_remote_communication_pkg/package.sh'
[1.515s] INFO:colcon.colcon_core.shell:Creating package script '/home/orin/work/Foreview_ws/install/simulate_remote_communication_pkg/share/simulate_remote_communication_pkg/package.bash'
[1.516s] INFO:colcon.colcon_core.shell:Creating package script '/home/orin/work/Foreview_ws/install/simulate_remote_communication_pkg/share/simulate_remote_communication_pkg/package.zsh'
[1.517s] Level 1:colcon.colcon_core.environment:create_file_with_runtime_dependencies(/home/orin/work/Foreview_ws/install/simulate_remote_communication_pkg/share/colcon-core/packages/simulate_remote_communication_pkg)
[1.523s] Level 1:colcon.colcon_core.environment:create_environment_scripts_only(data_collection_pkg)
[1.530s] Level 1:colcon.colcon_core.environment:checking '/home/orin/work/Foreview_ws/install/data_collection_pkg' for CMake module files
[1.531s] DEBUG:colcon.colcon_core.event_handler.log_command:Invoked command in '/home/orin/work/Foreview_ws/build/data_collection_pkg' returned '0': /usr/local/bin/cmake --install /home/orin/work/Foreview_ws/build/data_collection_pkg
[1.531s] Level 1:colcon.colcon_core.environment:checking '/home/orin/work/Foreview_ws/install/data_collection_pkg' for CMake config files
[1.532s] Level 1:colcon.colcon_core.shell:create_environment_hook('data_collection_pkg', 'cmake_prefix_path')
[1.537s] INFO:colcon.colcon_core.shell:Creating environment hook '/home/orin/work/Foreview_ws/install/data_collection_pkg/share/data_collection_pkg/hook/cmake_prefix_path.ps1'
[1.538s] INFO:colcon.colcon_core.shell:Creating environment descriptor '/home/orin/work/Foreview_ws/install/data_collection_pkg/share/data_collection_pkg/hook/cmake_prefix_path.dsv'
[1.539s] INFO:colcon.colcon_core.shell:Creating environment hook '/home/orin/work/Foreview_ws/install/data_collection_pkg/share/data_collection_pkg/hook/cmake_prefix_path.sh'
[1.540s] Level 1:colcon.colcon_core.environment:checking '/home/orin/work/Foreview_ws/install/data_collection_pkg/bin'
[1.540s] Level 1:colcon.colcon_core.environment:checking '/home/orin/work/Foreview_ws/install/data_collection_pkg/lib/pkgconfig/data_collection_pkg.pc'
[1.540s] Level 1:colcon.colcon_core.environment:checking '/home/orin/work/Foreview_ws/install/data_collection_pkg/lib/python3.8/site-packages'
[1.541s] Level 1:colcon.colcon_core.environment:checking '/home/orin/work/Foreview_ws/install/data_collection_pkg/bin'
[1.545s] INFO:colcon.colcon_core.shell:Creating package script '/home/orin/work/Foreview_ws/install/data_collection_pkg/share/data_collection_pkg/package.ps1'
[1.546s] INFO:colcon.colcon_core.shell:Creating package descriptor '/home/orin/work/Foreview_ws/install/data_collection_pkg/share/data_collection_pkg/package.dsv'
[1.547s] INFO:colcon.colcon_core.shell:Creating package script '/home/orin/work/Foreview_ws/install/data_collection_pkg/share/data_collection_pkg/package.sh'
[1.548s] INFO:colcon.colcon_core.shell:Creating package script '/home/orin/work/Foreview_ws/install/data_collection_pkg/share/data_collection_pkg/package.bash'
[1.549s] INFO:colcon.colcon_core.shell:Creating package script '/home/orin/work/Foreview_ws/install/data_collection_pkg/share/data_collection_pkg/package.zsh'
[1.549s] Level 1:colcon.colcon_core.environment:create_file_with_runtime_dependencies(/home/orin/work/Foreview_ws/install/data_collection_pkg/share/colcon-core/packages/data_collection_pkg)
[1.562s] Level 1:colcon.colcon_core.environment:create_environment_scripts_only(map_display_pkg)
[1.568s] Level 1:colcon.colcon_core.environment:checking '/home/orin/work/Foreview_ws/install/map_display_pkg' for CMake module files
[1.568s] Level 1:colcon.colcon_core.environment:checking '/home/orin/work/Foreview_ws/install/map_display_pkg' for CMake config files
[1.569s] Level 1:colcon.colcon_core.shell:create_environment_hook('map_display_pkg', 'cmake_prefix_path')
[1.573s] INFO:colcon.colcon_core.shell:Creating environment hook '/home/orin/work/Foreview_ws/install/map_display_pkg/share/map_display_pkg/hook/cmake_prefix_path.ps1'
[1.574s] INFO:colcon.colcon_core.shell:Creating environment descriptor '/home/orin/work/Foreview_ws/install/map_display_pkg/share/map_display_pkg/hook/cmake_prefix_path.dsv'
[1.575s] INFO:colcon.colcon_core.shell:Creating environment hook '/home/orin/work/Foreview_ws/install/map_display_pkg/share/map_display_pkg/hook/cmake_prefix_path.sh'
[1.576s] Level 1:colcon.colcon_core.environment:checking '/home/orin/work/Foreview_ws/install/map_display_pkg/bin'
[1.576s] Level 1:colcon.colcon_core.environment:checking '/home/orin/work/Foreview_ws/install/map_display_pkg/lib/pkgconfig/map_display_pkg.pc'
[1.576s] Level 1:colcon.colcon_core.environment:checking '/home/orin/work/Foreview_ws/install/map_display_pkg/lib/python3.8/site-packages'
[1.577s] Level 1:colcon.colcon_core.environment:checking '/home/orin/work/Foreview_ws/install/map_display_pkg/bin'
[1.581s] INFO:colcon.colcon_core.shell:Creating package script '/home/orin/work/Foreview_ws/install/map_display_pkg/share/map_display_pkg/package.ps1'
[1.582s] INFO:colcon.colcon_core.shell:Creating package descriptor '/home/orin/work/Foreview_ws/install/map_display_pkg/share/map_display_pkg/package.dsv'
[1.583s] INFO:colcon.colcon_core.shell:Creating package script '/home/orin/work/Foreview_ws/install/map_display_pkg/share/map_display_pkg/package.sh'
[1.584s] INFO:colcon.colcon_core.shell:Creating package script '/home/orin/work/Foreview_ws/install/map_display_pkg/share/map_display_pkg/package.bash'
[1.584s] INFO:colcon.colcon_core.shell:Creating package script '/home/orin/work/Foreview_ws/install/map_display_pkg/share/map_display_pkg/package.zsh'
[1.585s] Level 1:colcon.colcon_core.environment:create_file_with_runtime_dependencies(/home/orin/work/Foreview_ws/install/map_display_pkg/share/colcon-core/packages/map_display_pkg)
[1.592s] Level 1:colcon.colcon_core.environment:create_environment_scripts_only(simulate_remote_communication_pkg)
[1.597s] Level 1:colcon.colcon_core.environment:checking '/home/orin/work/Foreview_ws/install/simulate_remote_communication_pkg' for CMake module files
[1.598s] Level 1:colcon.colcon_core.environment:checking '/home/orin/work/Foreview_ws/install/simulate_remote_communication_pkg' for CMake config files
[1.599s] Level 1:colcon.colcon_core.shell:create_environment_hook('simulate_remote_communication_pkg', 'cmake_prefix_path')
[1.605s] INFO:colcon.colcon_core.shell:Creating environment hook '/home/orin/work/Foreview_ws/install/simulate_remote_communication_pkg/share/simulate_remote_communication_pkg/hook/cmake_prefix_path.ps1'
[1.606s] INFO:colcon.colcon_core.shell:Creating environment descriptor '/home/orin/work/Foreview_ws/install/simulate_remote_communication_pkg/share/simulate_remote_communication_pkg/hook/cmake_prefix_path.dsv'
[1.607s] INFO:colcon.colcon_core.shell:Creating environment hook '/home/orin/work/Foreview_ws/install/simulate_remote_communication_pkg/share/simulate_remote_communication_pkg/hook/cmake_prefix_path.sh'
[1.608s] Level 1:colcon.colcon_core.environment:checking '/home/orin/work/Foreview_ws/install/simulate_remote_communication_pkg/bin'
[1.608s] Level 1:colcon.colcon_core.environment:checking '/home/orin/work/Foreview_ws/install/simulate_remote_communication_pkg/lib/pkgconfig/simulate_remote_communication_pkg.pc'
[1.608s] Level 1:colcon.colcon_core.environment:checking '/home/orin/work/Foreview_ws/install/simulate_remote_communication_pkg/lib/python3.8/site-packages'
[1.609s] Level 1:colcon.colcon_core.environment:checking '/home/orin/work/Foreview_ws/install/simulate_remote_communication_pkg/bin'
[1.613s] INFO:colcon.colcon_core.shell:Creating package script '/home/orin/work/Foreview_ws/install/simulate_remote_communication_pkg/share/simulate_remote_communication_pkg/package.ps1'
[1.614s] INFO:colcon.colcon_core.shell:Creating package descriptor '/home/orin/work/Foreview_ws/install/simulate_remote_communication_pkg/share/simulate_remote_communication_pkg/package.dsv'
[1.615s] INFO:colcon.colcon_core.shell:Creating package script '/home/orin/work/Foreview_ws/install/simulate_remote_communication_pkg/share/simulate_remote_communication_pkg/package.sh'
[1.616s] INFO:colcon.colcon_core.shell:Creating package script '/home/orin/work/Foreview_ws/install/simulate_remote_communication_pkg/share/simulate_remote_communication_pkg/package.bash'
[1.616s] INFO:colcon.colcon_core.shell:Creating package script '/home/orin/work/Foreview_ws/install/simulate_remote_communication_pkg/share/simulate_remote_communication_pkg/package.zsh'
[1.617s] Level 1:colcon.colcon_core.environment:create_file_with_runtime_dependencies(/home/orin/work/Foreview_ws/install/simulate_remote_communication_pkg/share/colcon-core/packages/simulate_remote_communication_pkg)
[1.623s] Level 1:colcon.colcon_core.environment:create_environment_scripts_only(data_collection_pkg)
[1.629s] Level 1:colcon.colcon_core.environment:checking '/home/orin/work/Foreview_ws/install/data_collection_pkg' for CMake module files
[1.631s] Level 1:colcon.colcon_core.environment:checking '/home/orin/work/Foreview_ws/install/data_collection_pkg' for CMake config files
[1.632s] Level 1:colcon.colcon_core.shell:create_environment_hook('data_collection_pkg', 'cmake_prefix_path')
[1.637s] INFO:colcon.colcon_core.shell:Creating environment hook '/home/orin/work/Foreview_ws/install/data_collection_pkg/share/data_collection_pkg/hook/cmake_prefix_path.ps1'
[1.638s] INFO:colcon.colcon_core.shell:Creating environment descriptor '/home/orin/work/Foreview_ws/install/data_collection_pkg/share/data_collection_pkg/hook/cmake_prefix_path.dsv'
[1.638s] INFO:colcon.colcon_core.shell:Creating environment hook '/home/orin/work/Foreview_ws/install/data_collection_pkg/share/data_collection_pkg/hook/cmake_prefix_path.sh'
[1.639s] Level 1:colcon.colcon_core.environment:checking '/home/orin/work/Foreview_ws/install/data_collection_pkg/bin'
[1.639s] Level 1:colcon.colcon_core.environment:checking '/home/orin/work/Foreview_ws/install/data_collection_pkg/lib/pkgconfig/data_collection_pkg.pc'
[1.639s] Level 1:colcon.colcon_core.environment:checking '/home/orin/work/Foreview_ws/install/data_collection_pkg/lib/python3.8/site-packages'
[1.640s] Level 1:colcon.colcon_core.environment:checking '/home/orin/work/Foreview_ws/install/data_collection_pkg/bin'
[1.644s] INFO:colcon.colcon_core.shell:Creating package script '/home/orin/work/Foreview_ws/install/data_collection_pkg/share/data_collection_pkg/package.ps1'
[1.645s] INFO:colcon.colcon_core.shell:Creating package descriptor '/home/orin/work/Foreview_ws/install/data_collection_pkg/share/data_collection_pkg/package.dsv'
[1.646s] INFO:colcon.colcon_core.shell:Creating package script '/home/orin/work/Foreview_ws/install/data_collection_pkg/share/data_collection_pkg/package.sh'
[1.646s] INFO:colcon.colcon_core.shell:Creating package script '/home/orin/work/Foreview_ws/install/data_collection_pkg/share/data_collection_pkg/package.bash'
[1.647s] INFO:colcon.colcon_core.shell:Creating package script '/home/orin/work/Foreview_ws/install/data_collection_pkg/share/data_collection_pkg/package.zsh'
[1.648s] Level 1:colcon.colcon_core.environment:create_file_with_runtime_dependencies(/home/orin/work/Foreview_ws/install/data_collection_pkg/share/colcon-core/packages/data_collection_pkg)
[1.784s] DEBUG:colcon.colcon_core.event_handler.log_command:Invoked command in '/home/orin/work/Foreview_ws/build/remote_controller_pkg' returned '0': /usr/local/bin/cmake --build /home/orin/work/Foreview_ws/build/remote_controller_pkg -- -j12 -l12
[1.791s] DEBUG:colcon.colcon_core.event_handler.log_command:Invoked command in '/home/orin/work/Foreview_ws/build/dynamixel_controller_pkg' returned '0': /usr/local/bin/cmake --build /home/orin/work/Foreview_ws/build/dynamixel_controller_pkg -- -j12 -l12
[1.905s] DEBUG:colcon.colcon_core.event_handler.log_command:Invoking command in '/home/orin/work/Foreview_ws/build/remote_controller_pkg': /usr/local/bin/cmake --install /home/orin/work/Foreview_ws/build/remote_controller_pkg
[1.913s] DEBUG:colcon.colcon_core.event_handler.log_command:Invoking command in '/home/orin/work/Foreview_ws/build/dynamixel_controller_pkg': /usr/local/bin/cmake --install /home/orin/work/Foreview_ws/build/dynamixel_controller_pkg
[2.025s] Level 1:colcon.colcon_core.environment:create_environment_scripts_only(remote_controller_pkg)
[2.036s] Level 1:colcon.colcon_core.environment:checking '/home/orin/work/Foreview_ws/install/remote_controller_pkg' for CMake module files
[2.037s] DEBUG:colcon.colcon_core.event_handler.log_command:Invoked command in '/home/orin/work/Foreview_ws/build/remote_controller_pkg' returned '0': /usr/local/bin/cmake --install /home/orin/work/Foreview_ws/build/remote_controller_pkg
[2.038s] Level 1:colcon.colcon_core.environment:checking '/home/orin/work/Foreview_ws/install/remote_controller_pkg' for CMake config files
[2.040s] Level 1:colcon.colcon_core.shell:create_environment_hook('remote_controller_pkg', 'cmake_prefix_path')
[2.048s] INFO:colcon.colcon_core.shell:Creating environment hook '/home/orin/work/Foreview_ws/install/remote_controller_pkg/share/remote_controller_pkg/hook/cmake_prefix_path.ps1'
[2.050s] INFO:colcon.colcon_core.shell:Creating environment descriptor '/home/orin/work/Foreview_ws/install/remote_controller_pkg/share/remote_controller_pkg/hook/cmake_prefix_path.dsv'
[2.051s] INFO:colcon.colcon_core.shell:Creating environment hook '/home/orin/work/Foreview_ws/install/remote_controller_pkg/share/remote_controller_pkg/hook/cmake_prefix_path.sh'
[2.053s] Level 1:colcon.colcon_core.environment:checking '/home/orin/work/Foreview_ws/install/remote_controller_pkg/lib'
[2.054s] Level 1:colcon.colcon_core.shell:create_environment_hook('remote_controller_pkg', 'ld_library_path_lib')
[2.061s] INFO:colcon.colcon_core.shell:Creating environment hook '/home/orin/work/Foreview_ws/install/remote_controller_pkg/share/remote_controller_pkg/hook/ld_library_path_lib.ps1'
[2.062s] INFO:colcon.colcon_core.shell:Creating environment descriptor '/home/orin/work/Foreview_ws/install/remote_controller_pkg/share/remote_controller_pkg/hook/ld_library_path_lib.dsv'
[2.063s] INFO:colcon.colcon_core.shell:Creating environment hook '/home/orin/work/Foreview_ws/install/remote_controller_pkg/share/remote_controller_pkg/hook/ld_library_path_lib.sh'
[2.064s] Level 1:colcon.colcon_core.environment:checking '/home/orin/work/Foreview_ws/install/remote_controller_pkg/bin'
[2.064s] Level 1:colcon.colcon_core.environment:checking '/home/orin/work/Foreview_ws/install/remote_controller_pkg/lib/pkgconfig/remote_controller_pkg.pc'
[2.064s] Level 1:colcon.colcon_core.environment:checking '/home/orin/work/Foreview_ws/install/remote_controller_pkg/lib/python3.8/site-packages'
[2.064s] Level 1:colcon.colcon_core.shell:create_environment_hook('remote_controller_pkg', 'pythonpath')
[2.070s] INFO:colcon.colcon_core.shell:Creating environment hook '/home/orin/work/Foreview_ws/install/remote_controller_pkg/share/remote_controller_pkg/hook/pythonpath.ps1'
[2.071s] INFO:colcon.colcon_core.shell:Creating environment descriptor '/home/orin/work/Foreview_ws/install/remote_controller_pkg/share/remote_controller_pkg/hook/pythonpath.dsv'
[2.071s] INFO:colcon.colcon_core.shell:Creating environment hook '/home/orin/work/Foreview_ws/install/remote_controller_pkg/share/remote_controller_pkg/hook/pythonpath.sh'
[2.072s] Level 1:colcon.colcon_core.environment:checking '/home/orin/work/Foreview_ws/install/remote_controller_pkg/bin'
[2.077s] INFO:colcon.colcon_core.shell:Creating package script '/home/orin/work/Foreview_ws/install/remote_controller_pkg/share/remote_controller_pkg/package.ps1'
[2.078s] INFO:colcon.colcon_core.shell:Creating package descriptor '/home/orin/work/Foreview_ws/install/remote_controller_pkg/share/remote_controller_pkg/package.dsv'
[2.079s] INFO:colcon.colcon_core.shell:Creating package script '/home/orin/work/Foreview_ws/install/remote_controller_pkg/share/remote_controller_pkg/package.sh'
[2.080s] INFO:colcon.colcon_core.shell:Creating package script '/home/orin/work/Foreview_ws/install/remote_controller_pkg/share/remote_controller_pkg/package.bash'
[2.080s] INFO:colcon.colcon_core.shell:Creating package script '/home/orin/work/Foreview_ws/install/remote_controller_pkg/share/remote_controller_pkg/package.zsh'
[2.081s] Level 1:colcon.colcon_core.environment:create_file_with_runtime_dependencies(/home/orin/work/Foreview_ws/install/remote_controller_pkg/share/colcon-core/packages/remote_controller_pkg)
[2.087s] Level 1:colcon.colcon_core.environment:create_environment_scripts_only(dynamixel_controller_pkg)
[2.094s] Level 1:colcon.colcon_core.environment:checking '/home/orin/work/Foreview_ws/install/dynamixel_controller_pkg' for CMake module files
[2.095s] DEBUG:colcon.colcon_core.event_handler.log_command:Invoked command in '/home/orin/work/Foreview_ws/build/dynamixel_controller_pkg' returned '0': /usr/local/bin/cmake --install /home/orin/work/Foreview_ws/build/dynamixel_controller_pkg
[2.096s] Level 1:colcon.colcon_core.environment:checking '/home/orin/work/Foreview_ws/install/dynamixel_controller_pkg' for CMake config files
[2.097s] Level 1:colcon.colcon_core.shell:create_environment_hook('dynamixel_controller_pkg', 'cmake_prefix_path')
[2.101s] INFO:colcon.colcon_core.shell:Creating environment hook '/home/orin/work/Foreview_ws/install/dynamixel_controller_pkg/share/dynamixel_controller_pkg/hook/cmake_prefix_path.ps1'
[2.102s] INFO:colcon.colcon_core.shell:Creating environment descriptor '/home/orin/work/Foreview_ws/install/dynamixel_controller_pkg/share/dynamixel_controller_pkg/hook/cmake_prefix_path.dsv'
[2.102s] INFO:colcon.colcon_core.shell:Creating environment hook '/home/orin/work/Foreview_ws/install/dynamixel_controller_pkg/share/dynamixel_controller_pkg/hook/cmake_prefix_path.sh'
[2.103s] Level 1:colcon.colcon_core.environment:checking '/home/orin/work/Foreview_ws/install/dynamixel_controller_pkg/lib'
[2.104s] Level 1:colcon.colcon_core.shell:create_environment_hook('dynamixel_controller_pkg', 'ld_library_path_lib')
[2.108s] INFO:colcon.colcon_core.shell:Creating environment hook '/home/orin/work/Foreview_ws/install/dynamixel_controller_pkg/share/dynamixel_controller_pkg/hook/ld_library_path_lib.ps1'
[2.108s] INFO:colcon.colcon_core.shell:Creating environment descriptor '/home/orin/work/Foreview_ws/install/dynamixel_controller_pkg/share/dynamixel_controller_pkg/hook/ld_library_path_lib.dsv'
[2.109s] INFO:colcon.colcon_core.shell:Creating environment hook '/home/orin/work/Foreview_ws/install/dynamixel_controller_pkg/share/dynamixel_controller_pkg/hook/ld_library_path_lib.sh'
[2.110s] Level 1:colcon.colcon_core.environment:checking '/home/orin/work/Foreview_ws/install/dynamixel_controller_pkg/bin'
[2.110s] Level 1:colcon.colcon_core.environment:checking '/home/orin/work/Foreview_ws/install/dynamixel_controller_pkg/lib/pkgconfig/dynamixel_controller_pkg.pc'
[2.110s] Level 1:colcon.colcon_core.environment:checking '/home/orin/work/Foreview_ws/install/dynamixel_controller_pkg/lib/python3.8/site-packages'
[2.110s] Level 1:colcon.colcon_core.shell:create_environment_hook('dynamixel_controller_pkg', 'pythonpath')
[2.114s] INFO:colcon.colcon_core.shell:Creating environment hook '/home/orin/work/Foreview_ws/install/dynamixel_controller_pkg/share/dynamixel_controller_pkg/hook/pythonpath.ps1'
[2.115s] INFO:colcon.colcon_core.shell:Creating environment descriptor '/home/orin/work/Foreview_ws/install/dynamixel_controller_pkg/share/dynamixel_controller_pkg/hook/pythonpath.dsv'
[2.116s] INFO:colcon.colcon_core.shell:Creating environment hook '/home/orin/work/Foreview_ws/install/dynamixel_controller_pkg/share/dynamixel_controller_pkg/hook/pythonpath.sh'
[2.116s] Level 1:colcon.colcon_core.environment:checking '/home/orin/work/Foreview_ws/install/dynamixel_controller_pkg/bin'
[2.121s] INFO:colcon.colcon_core.shell:Creating package script '/home/orin/work/Foreview_ws/install/dynamixel_controller_pkg/share/dynamixel_controller_pkg/package.ps1'
[2.122s] INFO:colcon.colcon_core.shell:Creating package descriptor '/home/orin/work/Foreview_ws/install/dynamixel_controller_pkg/share/dynamixel_controller_pkg/package.dsv'
[2.122s] INFO:colcon.colcon_core.shell:Creating package script '/home/orin/work/Foreview_ws/install/dynamixel_controller_pkg/share/dynamixel_controller_pkg/package.sh'
[2.123s] INFO:colcon.colcon_core.shell:Creating package script '/home/orin/work/Foreview_ws/install/dynamixel_controller_pkg/share/dynamixel_controller_pkg/package.bash'
[2.124s] INFO:colcon.colcon_core.shell:Creating package script '/home/orin/work/Foreview_ws/install/dynamixel_controller_pkg/share/dynamixel_controller_pkg/package.zsh'
[2.124s] Level 1:colcon.colcon_core.environment:create_file_with_runtime_dependencies(/home/orin/work/Foreview_ws/install/dynamixel_controller_pkg/share/colcon-core/packages/dynamixel_controller_pkg)
[2.190s] Level 1:colcon.colcon_core.environment:create_environment_scripts_only(remote_controller_pkg)
[2.196s] Level 1:colcon.colcon_core.environment:checking '/home/orin/work/Foreview_ws/install/remote_controller_pkg' for CMake module files
[2.197s] Level 1:colcon.colcon_core.environment:checking '/home/orin/work/Foreview_ws/install/remote_controller_pkg' for CMake config files
[2.198s] Level 1:colcon.colcon_core.shell:create_environment_hook('remote_controller_pkg', 'cmake_prefix_path')
[2.202s] INFO:colcon.colcon_core.shell:Creating environment hook '/home/orin/work/Foreview_ws/install/remote_controller_pkg/share/remote_controller_pkg/hook/cmake_prefix_path.ps1'
[2.203s] INFO:colcon.colcon_core.shell:Creating environment descriptor '/home/orin/work/Foreview_ws/install/remote_controller_pkg/share/remote_controller_pkg/hook/cmake_prefix_path.dsv'
[2.204s] INFO:colcon.colcon_core.shell:Creating environment hook '/home/orin/work/Foreview_ws/install/remote_controller_pkg/share/remote_controller_pkg/hook/cmake_prefix_path.sh'
[2.205s] Level 1:colcon.colcon_core.environment:checking '/home/orin/work/Foreview_ws/install/remote_controller_pkg/lib'
[2.205s] Level 1:colcon.colcon_core.shell:create_environment_hook('remote_controller_pkg', 'ld_library_path_lib')
[2.209s] INFO:colcon.colcon_core.shell:Creating environment hook '/home/orin/work/Foreview_ws/install/remote_controller_pkg/share/remote_controller_pkg/hook/ld_library_path_lib.ps1'
[2.209s] INFO:colcon.colcon_core.shell:Creating environment descriptor '/home/orin/work/Foreview_ws/install/remote_controller_pkg/share/remote_controller_pkg/hook/ld_library_path_lib.dsv'
[2.210s] INFO:colcon.colcon_core.shell:Creating environment hook '/home/orin/work/Foreview_ws/install/remote_controller_pkg/share/remote_controller_pkg/hook/ld_library_path_lib.sh'
[2.210s] Level 1:colcon.colcon_core.environment:checking '/home/orin/work/Foreview_ws/install/remote_controller_pkg/bin'
[2.210s] Level 1:colcon.colcon_core.environment:checking '/home/orin/work/Foreview_ws/install/remote_controller_pkg/lib/pkgconfig/remote_controller_pkg.pc'
[2.211s] Level 1:colcon.colcon_core.environment:checking '/home/orin/work/Foreview_ws/install/remote_controller_pkg/lib/python3.8/site-packages'
[2.211s] Level 1:colcon.colcon_core.shell:create_environment_hook('remote_controller_pkg', 'pythonpath')
[2.215s] INFO:colcon.colcon_core.shell:Creating environment hook '/home/orin/work/Foreview_ws/install/remote_controller_pkg/share/remote_controller_pkg/hook/pythonpath.ps1'
[2.216s] INFO:colcon.colcon_core.shell:Creating environment descriptor '/home/orin/work/Foreview_ws/install/remote_controller_pkg/share/remote_controller_pkg/hook/pythonpath.dsv'
[2.216s] INFO:colcon.colcon_core.shell:Creating environment hook '/home/orin/work/Foreview_ws/install/remote_controller_pkg/share/remote_controller_pkg/hook/pythonpath.sh'
[2.217s] Level 1:colcon.colcon_core.environment:checking '/home/orin/work/Foreview_ws/install/remote_controller_pkg/bin'
[2.221s] INFO:colcon.colcon_core.shell:Creating package script '/home/orin/work/Foreview_ws/install/remote_controller_pkg/share/remote_controller_pkg/package.ps1'
[2.222s] INFO:colcon.colcon_core.shell:Creating package descriptor '/home/orin/work/Foreview_ws/install/remote_controller_pkg/share/remote_controller_pkg/package.dsv'
[2.223s] INFO:colcon.colcon_core.shell:Creating package script '/home/orin/work/Foreview_ws/install/remote_controller_pkg/share/remote_controller_pkg/package.sh'
[2.223s] INFO:colcon.colcon_core.shell:Creating package script '/home/orin/work/Foreview_ws/install/remote_controller_pkg/share/remote_controller_pkg/package.bash'
[2.224s] INFO:colcon.colcon_core.shell:Creating package script '/home/orin/work/Foreview_ws/install/remote_controller_pkg/share/remote_controller_pkg/package.zsh'
[2.225s] Level 1:colcon.colcon_core.environment:create_file_with_runtime_dependencies(/home/orin/work/Foreview_ws/install/remote_controller_pkg/share/colcon-core/packages/remote_controller_pkg)
[2.235s] Level 1:colcon.colcon_core.environment:create_environment_scripts_only(dynamixel_controller_pkg)
[2.241s] Level 1:colcon.colcon_core.environment:checking '/home/orin/work/Foreview_ws/install/dynamixel_controller_pkg' for CMake module files
[2.242s] Level 1:colcon.colcon_core.environment:checking '/home/orin/work/Foreview_ws/install/dynamixel_controller_pkg' for CMake config files
[2.242s] Level 1:colcon.colcon_core.shell:create_environment_hook('dynamixel_controller_pkg', 'cmake_prefix_path')
[2.246s] INFO:colcon.colcon_core.shell:Creating environment hook '/home/orin/work/Foreview_ws/install/dynamixel_controller_pkg/share/dynamixel_controller_pkg/hook/cmake_prefix_path.ps1'
[2.247s] INFO:colcon.colcon_core.shell:Creating environment descriptor '/home/orin/work/Foreview_ws/install/dynamixel_controller_pkg/share/dynamixel_controller_pkg/hook/cmake_prefix_path.dsv'
[2.247s] INFO:colcon.colcon_core.shell:Creating environment hook '/home/orin/work/Foreview_ws/install/dynamixel_controller_pkg/share/dynamixel_controller_pkg/hook/cmake_prefix_path.sh'
[2.248s] Level 1:colcon.colcon_core.environment:checking '/home/orin/work/Foreview_ws/install/dynamixel_controller_pkg/lib'
[2.248s] Level 1:colcon.colcon_core.shell:create_environment_hook('dynamixel_controller_pkg', 'ld_library_path_lib')
[2.252s] INFO:colcon.colcon_core.shell:Creating environment hook '/home/orin/work/Foreview_ws/install/dynamixel_controller_pkg/share/dynamixel_controller_pkg/hook/ld_library_path_lib.ps1'
[2.253s] INFO:colcon.colcon_core.shell:Creating environment descriptor '/home/orin/work/Foreview_ws/install/dynamixel_controller_pkg/share/dynamixel_controller_pkg/hook/ld_library_path_lib.dsv'
[2.254s] INFO:colcon.colcon_core.shell:Creating environment hook '/home/orin/work/Foreview_ws/install/dynamixel_controller_pkg/share/dynamixel_controller_pkg/hook/ld_library_path_lib.sh'
[2.255s] Level 1:colcon.colcon_core.environment:checking '/home/orin/work/Foreview_ws/install/dynamixel_controller_pkg/bin'
[2.255s] Level 1:colcon.colcon_core.environment:checking '/home/orin/work/Foreview_ws/install/dynamixel_controller_pkg/lib/pkgconfig/dynamixel_controller_pkg.pc'
[2.255s] Level 1:colcon.colcon_core.environment:checking '/home/orin/work/Foreview_ws/install/dynamixel_controller_pkg/lib/python3.8/site-packages'
[2.255s] Level 1:colcon.colcon_core.shell:create_environment_hook('dynamixel_controller_pkg', 'pythonpath')
[2.259s] INFO:colcon.colcon_core.shell:Creating environment hook '/home/orin/work/Foreview_ws/install/dynamixel_controller_pkg/share/dynamixel_controller_pkg/hook/pythonpath.ps1'
[2.260s] INFO:colcon.colcon_core.shell:Creating environment descriptor '/home/orin/work/Foreview_ws/install/dynamixel_controller_pkg/share/dynamixel_controller_pkg/hook/pythonpath.dsv'
[2.260s] INFO:colcon.colcon_core.shell:Creating environment hook '/home/orin/work/Foreview_ws/install/dynamixel_controller_pkg/share/dynamixel_controller_pkg/hook/pythonpath.sh'
[2.261s] Level 1:colcon.colcon_core.environment:checking '/home/orin/work/Foreview_ws/install/dynamixel_controller_pkg/bin'
[2.266s] INFO:colcon.colcon_core.shell:Creating package script '/home/orin/work/Foreview_ws/install/dynamixel_controller_pkg/share/dynamixel_controller_pkg/package.ps1'
[2.267s] INFO:colcon.colcon_core.shell:Creating package descriptor '/home/orin/work/Foreview_ws/install/dynamixel_controller_pkg/share/dynamixel_controller_pkg/package.dsv'
[2.268s] INFO:colcon.colcon_core.shell:Creating package script '/home/orin/work/Foreview_ws/install/dynamixel_controller_pkg/share/dynamixel_controller_pkg/package.sh'
[2.269s] INFO:colcon.colcon_core.shell:Creating package script '/home/orin/work/Foreview_ws/install/dynamixel_controller_pkg/share/dynamixel_controller_pkg/package.bash'
[2.269s] INFO:colcon.colcon_core.shell:Creating package script '/home/orin/work/Foreview_ws/install/dynamixel_controller_pkg/share/dynamixel_controller_pkg/package.zsh'
[2.270s] Level 1:colcon.colcon_core.environment:create_file_with_runtime_dependencies(/home/orin/work/Foreview_ws/install/dynamixel_controller_pkg/share/colcon-core/packages/dynamixel_controller_pkg)
[2.270s] DEBUG:colcon.colcon_parallel_executor.executor.parallel:closing loop
[2.271s] DEBUG:colcon.colcon_parallel_executor.executor.parallel:loop closed
[2.271s] DEBUG:colcon.colcon_parallel_executor.executor.parallel:run_until_complete finished with '0'
[2.271s] DEBUG:colcon.colcon_core.event_reactor:joining thread
[2.293s] INFO:colcon.colcon_core.plugin_system:Skipping extension 'colcon_notification.desktop_notification.notify_send': Could not find 'notify-send'
[2.293s] INFO:colcon.colcon_core.plugin_system:Skipping extension 'colcon_notification.desktop_notification.terminal_notifier': Not used on non-Darwin systems
[2.293s] INFO:colcon.colcon_core.plugin_system:Skipping extension 'colcon_notification.desktop_notification.win32': Not used on non-Windows systems
[2.294s] INFO:colcon.colcon_notification.desktop_notification:Sending desktop notification using 'notify2'
[2.324s] DEBUG:colcon.colcon_core.event_reactor:joined thread
[2.329s] INFO:colcon.colcon_core.shell:Creating prefix script '/home/orin/work/Foreview_ws/install/local_setup.ps1'
[2.331s] INFO:colcon.colcon_core.shell:Creating prefix util module '/home/orin/work/Foreview_ws/install/_local_setup_util_ps1.py'
[2.333s] INFO:colcon.colcon_core.shell:Creating prefix chain script '/home/orin/work/Foreview_ws/install/setup.ps1'
[2.336s] INFO:colcon.colcon_core.shell:Creating prefix script '/home/orin/work/Foreview_ws/install/local_setup.sh'
[2.337s] INFO:colcon.colcon_core.shell:Creating prefix util module '/home/orin/work/Foreview_ws/install/_local_setup_util_sh.py'
[2.338s] INFO:colcon.colcon_core.shell:Creating prefix chain script '/home/orin/work/Foreview_ws/install/setup.sh'
[2.340s] INFO:colcon.colcon_core.shell:Creating prefix script '/home/orin/work/Foreview_ws/install/local_setup.bash'
[2.341s] INFO:colcon.colcon_core.shell:Creating prefix chain script '/home/orin/work/Foreview_ws/install/setup.bash'
[2.344s] INFO:colcon.colcon_core.shell:Creating prefix script '/home/orin/work/Foreview_ws/install/local_setup.zsh'
[2.345s] INFO:colcon.colcon_core.shell:Creating prefix chain script '/home/orin/work/Foreview_ws/install/setup.zsh'
