[0.134s] Invoking command in '/home/orin/work/Foreview_ws/build/data_collection_pkg': /usr/local/bin/cmake --build /home/orin/work/Foreview_ws/build/data_collection_pkg -- -j12 -l12
[0.212s] -- Found ament_cmake: 1.3.5 (/opt/ros/humble/install/share/ament_cmake/cmake)
[0.778s] -- Found ament_lint_auto: 0.12.7 (/opt/ros/humble/install/share/ament_lint_auto/cmake)
[0.893s] -- Added test 'flake8' to check Python code syntax and style conventions
[0.894s] -- Added test 'lint_cmake' to check CMake code style
[0.895s] -- Added test 'pep257' to check Python code against some of the docstring style conventions in PEP 257
[0.897s] -- Added test 'xmllint' to check XML markup files
[0.898s] -- Configuring done (0.7s)
[0.909s] -- Generating done (0.0s)
[0.911s] -- Build files have been written to: /home/orin/work/Foreview_ws/build/data_collection_pkg
[0.942s] Invoked command in '/home/orin/work/Foreview_ws/build/data_collection_pkg' returned '0': /usr/local/bin/cmake --build /home/orin/work/Foreview_ws/build/data_collection_pkg -- -j12 -l12
[1.073s] Invoking command in '/home/orin/work/Foreview_ws/build/data_collection_pkg': /usr/local/bin/cmake --install /home/orin/work/Foreview_ws/build/data_collection_pkg
[1.116s] -- Install configuration: ""
[1.116s] -- Up-to-date: /home/orin/work/Foreview_ws/install/data_collection_pkg/share/ament_index/resource_index/package_run_dependencies/data_collection_pkg
[1.116s] -- Up-to-date: /home/orin/work/Foreview_ws/install/data_collection_pkg/share/ament_index/resource_index/parent_prefix_path/data_collection_pkg
[1.117s] -- Installing: /home/orin/work/Foreview_ws/install/data_collection_pkg/share/data_collection_pkg/environment/ament_prefix_path.sh
[1.117s] -- Installing: /home/orin/work/Foreview_ws/install/data_collection_pkg/share/data_collection_pkg/environment/ament_prefix_path.dsv
[1.117s] -- Installing: /home/orin/work/Foreview_ws/install/data_collection_pkg/share/data_collection_pkg/environment/path.sh
[1.118s] -- Installing: /home/orin/work/Foreview_ws/install/data_collection_pkg/share/data_collection_pkg/environment/path.dsv
[1.118s] -- Up-to-date: /home/orin/work/Foreview_ws/install/data_collection_pkg/share/data_collection_pkg/local_setup.bash
[1.118s] -- Up-to-date: /home/orin/work/Foreview_ws/install/data_collection_pkg/share/data_collection_pkg/local_setup.sh
[1.118s] -- Up-to-date: /home/orin/work/Foreview_ws/install/data_collection_pkg/share/data_collection_pkg/local_setup.zsh
[1.118s] -- Installing: /home/orin/work/Foreview_ws/install/data_collection_pkg/share/data_collection_pkg/local_setup.dsv
[1.118s] -- Installing: /home/orin/work/Foreview_ws/install/data_collection_pkg/share/data_collection_pkg/package.dsv
[1.119s] -- Up-to-date: /home/orin/work/Foreview_ws/install/data_collection_pkg/share/ament_index/resource_index/packages/data_collection_pkg
[1.119s] -- Up-to-date: /home/orin/work/Foreview_ws/install/data_collection_pkg/share/data_collection_pkg/cmake/data_collection_pkgConfig.cmake
[1.119s] -- Up-to-date: /home/orin/work/Foreview_ws/install/data_collection_pkg/share/data_collection_pkg/cmake/data_collection_pkgConfig-version.cmake
[1.119s] -- Up-to-date: /home/orin/work/Foreview_ws/install/data_collection_pkg/share/data_collection_pkg/package.xml
[1.176s] Invoked command in '/home/orin/work/Foreview_ws/build/data_collection_pkg' returned '0': /usr/local/bin/cmake --install /home/orin/work/Foreview_ws/build/data_collection_pkg
